[2026-01-09T14:41:39.919+0000] {local_task_job_runner.py:120} INFO - ::group::Pre task execution logs
[2026-01-09T14:41:39.944+0000] {taskinstance.py:2076} INFO - Dependencies all met for dep_context=non-requeueable deps ti=<TaskInstance: minio_to_snowflake.download_minio scheduled__2026-01-09T14:40:00+00:00 [queued]>
[2026-01-09T14:41:39.952+0000] {taskinstance.py:2076} INFO - Dependencies all met for dep_context=requeueable deps ti=<TaskInstance: minio_to_snowflake.download_minio scheduled__2026-01-09T14:40:00+00:00 [queued]>
[2026-01-09T14:41:39.953+0000] {taskinstance.py:2306} INFO - Starting attempt 1 of 2
[2026-01-09T14:41:39.963+0000] {taskinstance.py:2330} INFO - Executing <Task(PythonOperator): download_minio> on 2026-01-09 14:40:00+00:00
[2026-01-09T14:41:39.972+0000] {standard_task_runner.py:90} INFO - Running: ['***', 'tasks', 'run', 'minio_to_snowflake', 'download_minio', 'scheduled__2026-01-09T14:40:00+00:00', '--job-id', '1147', '--raw', '--subdir', 'DAGS_FOLDER/minio_to_snowflake.py', '--cfg-path', '/tmp/tmp54ta51o0']
[2026-01-09T14:41:39.975+0000] {logging_mixin.py:188} WARNING - /home/***/.local/lib/python3.12/site-packages/***/task/task_runner/standard_task_runner.py:62 DeprecationWarning: This process (pid=912331) is multi-threaded, use of fork() may lead to deadlocks in the child.
[2026-01-09T14:41:39.975+0000] {standard_task_runner.py:91} INFO - Job 1147: Subtask download_minio
[2026-01-09T14:41:39.976+0000] {standard_task_runner.py:64} INFO - Started process 912353 to run task
[2026-01-09T14:41:40.033+0000] {task_command.py:426} INFO - Running <TaskInstance: minio_to_snowflake.download_minio scheduled__2026-01-09T14:40:00+00:00 [running]> on host ac09941d8f45
[2026-01-09T14:41:40.127+0000] {taskinstance.py:2648} INFO - Exporting env vars: AIRFLOW_CTX_DAG_OWNER='***' AIRFLOW_CTX_DAG_ID='minio_to_snowflake' AIRFLOW_CTX_TASK_ID='download_minio' AIRFLOW_CTX_EXECUTION_DATE='2026-01-09T14:40:00+00:00' AIRFLOW_CTX_TRY_NUMBER='1' AIRFLOW_CTX_DAG_RUN_ID='scheduled__2026-01-09T14:40:00+00:00'
[2026-01-09T14:41:40.131+0000] {taskinstance.py:430} INFO - ::endgroup::
[2026-01-09T14:41:40.412+0000] {logging_mixin.py:188} INFO - Downloaded AAPL/1767843763.json -> /tmp/minio_downloads/1767843763.json
[2026-01-09T14:41:40.418+0000] {logging_mixin.py:188} INFO - Downloaded AAPL/1767843772.json -> /tmp/minio_downloads/1767843772.json
[2026-01-09T14:41:40.423+0000] {logging_mixin.py:188} INFO - Downloaded AAPL/1767843781.json -> /tmp/minio_downloads/1767843781.json
[2026-01-09T14:41:40.428+0000] {logging_mixin.py:188} INFO - Downloaded AAPL/1767843790.json -> /tmp/minio_downloads/1767843790.json
[2026-01-09T14:41:40.433+0000] {logging_mixin.py:188} INFO - Downloaded AAPL/1767843799.json -> /tmp/minio_downloads/1767843799.json
[2026-01-09T14:41:40.438+0000] {logging_mixin.py:188} INFO - Downloaded AAPL/1767843809.json -> /tmp/minio_downloads/1767843809.json
[2026-01-09T14:41:40.443+0000] {logging_mixin.py:188} INFO - Downloaded AAPL/1767843818.json -> /tmp/minio_downloads/1767843818.json
[2026-01-09T14:41:40.448+0000] {logging_mixin.py:188} INFO - Downloaded AAPL/1767843827.json -> /tmp/minio_downloads/1767843827.json
[2026-01-09T14:41:40.453+0000] {logging_mixin.py:188} INFO - Downloaded AAPL/1767843836.json -> /tmp/minio_downloads/1767843836.json
[2026-01-09T14:41:40.459+0000] {logging_mixin.py:188} INFO - Downloaded AAPL/1767843845.json -> /tmp/minio_downloads/1767843845.json
[2026-01-09T14:41:40.489+0000] {logging_mixin.py:188} INFO - Downloaded AAPL/1767843854.json -> /tmp/minio_downloads/1767843854.json
[2026-01-09T14:41:40.514+0000] {logging_mixin.py:188} INFO - Downloaded AAPL/1767843864.json -> /tmp/minio_downloads/1767843864.json
[2026-01-09T14:41:40.535+0000] {logging_mixin.py:188} INFO - Downloaded AAPL/1767843873.json -> /tmp/minio_downloads/1767843873.json
[2026-01-09T14:41:40.543+0000] {logging_mixin.py:188} INFO - Downloaded AAPL/1767843882.json -> /tmp/minio_downloads/1767843882.json
[2026-01-09T14:41:40.551+0000] {logging_mixin.py:188} INFO - Downloaded AAPL/1767843891.json -> /tmp/minio_downloads/1767843891.json
[2026-01-09T14:41:40.558+0000] {logging_mixin.py:188} INFO - Downloaded AAPL/1767843900.json -> /tmp/minio_downloads/1767843900.json
[2026-01-09T14:41:40.565+0000] {logging_mixin.py:188} INFO - Downloaded AAPL/1767843910.json -> /tmp/minio_downloads/1767843910.json
[2026-01-09T14:41:40.573+0000] {logging_mixin.py:188} INFO - Downloaded AAPL/1767843919.json -> /tmp/minio_downloads/1767843919.json
[2026-01-09T14:41:40.581+0000] {logging_mixin.py:188} INFO - Downloaded AAPL/1767843928.json -> /tmp/minio_downloads/1767843928.json
[2026-01-09T14:41:40.588+0000] {logging_mixin.py:188} INFO - Downloaded AAPL/1767843938.json -> /tmp/minio_downloads/1767843938.json
[2026-01-09T14:41:40.593+0000] {logging_mixin.py:188} INFO - Downloaded AAPL/1767843947.json -> /tmp/minio_downloads/1767843947.json
[2026-01-09T14:41:40.599+0000] {logging_mixin.py:188} INFO - Downloaded AAPL/1767843956.json -> /tmp/minio_downloads/1767843956.json
[2026-01-09T14:41:40.605+0000] {logging_mixin.py:188} INFO - Downloaded AAPL/1767843965.json -> /tmp/minio_downloads/1767843965.json
[2026-01-09T14:41:40.611+0000] {logging_mixin.py:188} INFO - Downloaded AAPL/1767843974.json -> /tmp/minio_downloads/1767843974.json
[2026-01-09T14:41:40.617+0000] {logging_mixin.py:188} INFO - Downloaded AAPL/1767843983.json -> /tmp/minio_downloads/1767843983.json
[2026-01-09T14:41:40.622+0000] {logging_mixin.py:188} INFO - Downloaded AAPL/1767843992.json -> /tmp/minio_downloads/1767843992.json
[2026-01-09T14:41:40.628+0000] {logging_mixin.py:188} INFO - Downloaded AAPL/1767844001.json -> /tmp/minio_downloads/1767844001.json
[2026-01-09T14:41:40.633+0000] {logging_mixin.py:188} INFO - Downloaded AAPL/1767844010.json -> /tmp/minio_downloads/1767844010.json
[2026-01-09T14:41:40.638+0000] {logging_mixin.py:188} INFO - Downloaded AAPL/1767844019.json -> /tmp/minio_downloads/1767844019.json
[2026-01-09T14:41:40.644+0000] {logging_mixin.py:188} INFO - Downloaded AAPL/1767844028.json -> /tmp/minio_downloads/1767844028.json
[2026-01-09T14:41:40.649+0000] {logging_mixin.py:188} INFO - Downloaded AAPL/1767844037.json -> /tmp/minio_downloads/1767844037.json
[2026-01-09T14:41:40.654+0000] {logging_mixin.py:188} INFO - Downloaded AAPL/1767844046.json -> /tmp/minio_downloads/1767844046.json
[2026-01-09T14:41:40.659+0000] {logging_mixin.py:188} INFO - Downloaded AAPL/1767844055.json -> /tmp/minio_downloads/1767844055.json
[2026-01-09T14:41:40.664+0000] {logging_mixin.py:188} INFO - Downloaded AAPL/1767844064.json -> /tmp/minio_downloads/1767844064.json
[2026-01-09T14:41:40.669+0000] {logging_mixin.py:188} INFO - Downloaded AAPL/1767844073.json -> /tmp/minio_downloads/1767844073.json
[2026-01-09T14:41:40.675+0000] {logging_mixin.py:188} INFO - Downloaded AAPL/1767844083.json -> /tmp/minio_downloads/1767844083.json
[2026-01-09T14:41:40.681+0000] {logging_mixin.py:188} INFO - Downloaded AAPL/1767844093.json -> /tmp/minio_downloads/1767844093.json
[2026-01-09T14:41:40.686+0000] {logging_mixin.py:188} INFO - Downloaded AAPL/1767844101.json -> /tmp/minio_downloads/1767844101.json
[2026-01-09T14:41:40.692+0000] {logging_mixin.py:188} INFO - Downloaded AAPL/1767844111.json -> /tmp/minio_downloads/1767844111.json
[2026-01-09T14:41:40.700+0000] {logging_mixin.py:188} INFO - Downloaded AAPL/1767844120.json -> /tmp/minio_downloads/1767844120.json
[2026-01-09T14:41:40.706+0000] {logging_mixin.py:188} INFO - Downloaded AAPL/1767844129.json -> /tmp/minio_downloads/1767844129.json
[2026-01-09T14:41:40.713+0000] {logging_mixin.py:188} INFO - Downloaded AAPL/1767844138.json -> /tmp/minio_downloads/1767844138.json
[2026-01-09T14:41:40.721+0000] {logging_mixin.py:188} INFO - Downloaded AAPL/1767844147.json -> /tmp/minio_downloads/1767844147.json
[2026-01-09T14:41:40.731+0000] {logging_mixin.py:188} INFO - Downloaded AAPL/1767844156.json -> /tmp/minio_downloads/1767844156.json
[2026-01-09T14:41:40.743+0000] {logging_mixin.py:188} INFO - Downloaded AAPL/1767844165.json -> /tmp/minio_downloads/1767844165.json
[2026-01-09T14:41:40.768+0000] {logging_mixin.py:188} INFO - Downloaded AAPL/1767844174.json -> /tmp/minio_downloads/1767844174.json
[2026-01-09T14:41:40.787+0000] {logging_mixin.py:188} INFO - Downloaded AAPL/1767844183.json -> /tmp/minio_downloads/1767844183.json
[2026-01-09T14:41:40.799+0000] {logging_mixin.py:188} INFO - Downloaded AAPL/1767844192.json -> /tmp/minio_downloads/1767844192.json
[2026-01-09T14:41:40.811+0000] {logging_mixin.py:188} INFO - Downloaded AAPL/1767844201.json -> /tmp/minio_downloads/1767844201.json
[2026-01-09T14:41:40.818+0000] {logging_mixin.py:188} INFO - Downloaded AAPL/1767844210.json -> /tmp/minio_downloads/1767844210.json
[2026-01-09T14:41:40.828+0000] {logging_mixin.py:188} INFO - Downloaded AAPL/1767844219.json -> /tmp/minio_downloads/1767844219.json
[2026-01-09T14:41:40.841+0000] {logging_mixin.py:188} INFO - Downloaded AAPL/1767844228.json -> /tmp/minio_downloads/1767844228.json
[2026-01-09T14:41:40.858+0000] {logging_mixin.py:188} INFO - Downloaded AAPL/1767844237.json -> /tmp/minio_downloads/1767844237.json
[2026-01-09T14:41:40.866+0000] {logging_mixin.py:188} INFO - Downloaded AAPL/1767844246.json -> /tmp/minio_downloads/1767844246.json
[2026-01-09T14:41:40.872+0000] {logging_mixin.py:188} INFO - Downloaded AAPL/1767844256.json -> /tmp/minio_downloads/1767844256.json
[2026-01-09T14:41:40.893+0000] {logging_mixin.py:188} INFO - Downloaded AAPL/1767844265.json -> /tmp/minio_downloads/1767844265.json
[2026-01-09T14:41:40.903+0000] {logging_mixin.py:188} INFO - Downloaded AAPL/1767844274.json -> /tmp/minio_downloads/1767844274.json
[2026-01-09T14:41:40.921+0000] {logging_mixin.py:188} INFO - Downloaded AAPL/1767844283.json -> /tmp/minio_downloads/1767844283.json
[2026-01-09T14:41:40.934+0000] {logging_mixin.py:188} INFO - Downloaded AAPL/1767844292.json -> /tmp/minio_downloads/1767844292.json
[2026-01-09T14:41:40.949+0000] {logging_mixin.py:188} INFO - Downloaded AAPL/1767844301.json -> /tmp/minio_downloads/1767844301.json
[2026-01-09T14:41:40.969+0000] {logging_mixin.py:188} INFO - Downloaded AAPL/1767844310.json -> /tmp/minio_downloads/1767844310.json
[2026-01-09T14:41:40.986+0000] {logging_mixin.py:188} INFO - Downloaded AAPL/1767844319.json -> /tmp/minio_downloads/1767844319.json
[2026-01-09T14:41:40.997+0000] {logging_mixin.py:188} INFO - Downloaded AAPL/1767844329.json -> /tmp/minio_downloads/1767844329.json
[2026-01-09T14:41:41.015+0000] {logging_mixin.py:188} INFO - Downloaded AAPL/1767844339.json -> /tmp/minio_downloads/1767844339.json
[2026-01-09T14:41:41.023+0000] {logging_mixin.py:188} INFO - Downloaded AAPL/1767844348.json -> /tmp/minio_downloads/1767844348.json
[2026-01-09T14:41:41.034+0000] {logging_mixin.py:188} INFO - Downloaded AAPL/1767844357.json -> /tmp/minio_downloads/1767844357.json
[2026-01-09T14:41:41.046+0000] {logging_mixin.py:188} INFO - Downloaded AAPL/1767844366.json -> /tmp/minio_downloads/1767844366.json
[2026-01-09T14:41:41.056+0000] {logging_mixin.py:188} INFO - Downloaded AAPL/1767844375.json -> /tmp/minio_downloads/1767844375.json
[2026-01-09T14:41:41.066+0000] {logging_mixin.py:188} INFO - Downloaded AAPL/1767844384.json -> /tmp/minio_downloads/1767844384.json
[2026-01-09T14:41:41.076+0000] {logging_mixin.py:188} INFO - Downloaded AAPL/1767844393.json -> /tmp/minio_downloads/1767844393.json
[2026-01-09T14:41:41.085+0000] {logging_mixin.py:188} INFO - Downloaded AAPL/1767844402.json -> /tmp/minio_downloads/1767844402.json
[2026-01-09T14:41:41.094+0000] {logging_mixin.py:188} INFO - Downloaded AAPL/1767844411.json -> /tmp/minio_downloads/1767844411.json
[2026-01-09T14:41:41.104+0000] {logging_mixin.py:188} INFO - Downloaded AAPL/1767844420.json -> /tmp/minio_downloads/1767844420.json
[2026-01-09T14:41:41.113+0000] {logging_mixin.py:188} INFO - Downloaded AAPL/1767844429.json -> /tmp/minio_downloads/1767844429.json
[2026-01-09T14:41:41.122+0000] {logging_mixin.py:188} INFO - Downloaded AAPL/1767844438.json -> /tmp/minio_downloads/1767844438.json
[2026-01-09T14:41:41.131+0000] {logging_mixin.py:188} INFO - Downloaded AAPL/1767844447.json -> /tmp/minio_downloads/1767844447.json
[2026-01-09T14:41:41.138+0000] {logging_mixin.py:188} INFO - Downloaded AAPL/1767844456.json -> /tmp/minio_downloads/1767844456.json
[2026-01-09T14:41:41.153+0000] {logging_mixin.py:188} INFO - Downloaded AAPL/1767844465.json -> /tmp/minio_downloads/1767844465.json
[2026-01-09T14:41:41.160+0000] {logging_mixin.py:188} INFO - Downloaded AAPL/1767844474.json -> /tmp/minio_downloads/1767844474.json
[2026-01-09T14:41:41.167+0000] {logging_mixin.py:188} INFO - Downloaded AAPL/1767844483.json -> /tmp/minio_downloads/1767844483.json
[2026-01-09T14:41:41.173+0000] {logging_mixin.py:188} INFO - Downloaded AAPL/1767844492.json -> /tmp/minio_downloads/1767844492.json
[2026-01-09T14:41:41.184+0000] {logging_mixin.py:188} INFO - Downloaded AAPL/1767844501.json -> /tmp/minio_downloads/1767844501.json
[2026-01-09T14:41:41.192+0000] {logging_mixin.py:188} INFO - Downloaded AAPL/1767913110.json -> /tmp/minio_downloads/1767913110.json
[2026-01-09T14:41:41.211+0000] {logging_mixin.py:188} INFO - Downloaded AAPL/1767913119.json -> /tmp/minio_downloads/1767913119.json
[2026-01-09T14:41:41.226+0000] {logging_mixin.py:188} INFO - Downloaded AAPL/1767913128.json -> /tmp/minio_downloads/1767913128.json
[2026-01-09T14:41:41.235+0000] {logging_mixin.py:188} INFO - Downloaded AAPL/1767913137.json -> /tmp/minio_downloads/1767913137.json
[2026-01-09T14:41:41.242+0000] {logging_mixin.py:188} INFO - Downloaded AAPL/1767913146.json -> /tmp/minio_downloads/1767913146.json
[2026-01-09T14:41:41.255+0000] {logging_mixin.py:188} INFO - Downloaded AAPL/1767913155.json -> /tmp/minio_downloads/1767913155.json
[2026-01-09T14:41:41.262+0000] {logging_mixin.py:188} INFO - Downloaded AAPL/1767913166.json -> /tmp/minio_downloads/1767913166.json
[2026-01-09T14:41:41.276+0000] {logging_mixin.py:188} INFO - Downloaded AAPL/1767913176.json -> /tmp/minio_downloads/1767913176.json
[2026-01-09T14:41:41.301+0000] {logging_mixin.py:188} INFO - Downloaded AAPL/1767913188.json -> /tmp/minio_downloads/1767913188.json
[2026-01-09T14:41:41.309+0000] {logging_mixin.py:188} INFO - Downloaded AAPL/1767913200.json -> /tmp/minio_downloads/1767913200.json
[2026-01-09T14:41:41.320+0000] {logging_mixin.py:188} INFO - Downloaded AAPL/1767913210.json -> /tmp/minio_downloads/1767913210.json
[2026-01-09T14:41:41.335+0000] {logging_mixin.py:188} INFO - Downloaded AAPL/1767913219.json -> /tmp/minio_downloads/1767913219.json
[2026-01-09T14:41:41.347+0000] {logging_mixin.py:188} INFO - Downloaded AAPL/1767913229.json -> /tmp/minio_downloads/1767913229.json
[2026-01-09T14:41:41.357+0000] {logging_mixin.py:188} INFO - Downloaded AAPL/1767913238.json -> /tmp/minio_downloads/1767913238.json
[2026-01-09T14:41:41.368+0000] {logging_mixin.py:188} INFO - Downloaded AAPL/1767913248.json -> /tmp/minio_downloads/1767913248.json
[2026-01-09T14:41:41.375+0000] {logging_mixin.py:188} INFO - Downloaded AAPL/1767913259.json -> /tmp/minio_downloads/1767913259.json
[2026-01-09T14:41:41.382+0000] {logging_mixin.py:188} INFO - Downloaded AAPL/1767913270.json -> /tmp/minio_downloads/1767913270.json
[2026-01-09T14:41:41.388+0000] {logging_mixin.py:188} INFO - Downloaded AAPL/1767913280.json -> /tmp/minio_downloads/1767913280.json
[2026-01-09T14:41:41.395+0000] {logging_mixin.py:188} INFO - Downloaded AAPL/1767913292.json -> /tmp/minio_downloads/1767913292.json
[2026-01-09T14:41:41.401+0000] {logging_mixin.py:188} INFO - Downloaded AAPL/1767913302.json -> /tmp/minio_downloads/1767913302.json
[2026-01-09T14:41:41.408+0000] {logging_mixin.py:188} INFO - Downloaded AAPL/1767913311.json -> /tmp/minio_downloads/1767913311.json
[2026-01-09T14:41:41.414+0000] {logging_mixin.py:188} INFO - Downloaded AAPL/1767913320.json -> /tmp/minio_downloads/1767913320.json
[2026-01-09T14:41:41.421+0000] {logging_mixin.py:188} INFO - Downloaded AAPL/1767913329.json -> /tmp/minio_downloads/1767913329.json
[2026-01-09T14:41:41.428+0000] {logging_mixin.py:188} INFO - Downloaded AAPL/1767913338.json -> /tmp/minio_downloads/1767913338.json
[2026-01-09T14:41:41.434+0000] {logging_mixin.py:188} INFO - Downloaded AAPL/1767913349.json -> /tmp/minio_downloads/1767913349.json
[2026-01-09T14:41:41.442+0000] {logging_mixin.py:188} INFO - Downloaded AAPL/1767913360.json -> /tmp/minio_downloads/1767913360.json
[2026-01-09T14:41:41.454+0000] {logging_mixin.py:188} INFO - Downloaded AMZN/1767843764.json -> /tmp/minio_downloads/1767843764.json
[2026-01-09T14:41:41.465+0000] {logging_mixin.py:188} INFO - Downloaded AMZN/1767843774.json -> /tmp/minio_downloads/1767843774.json
[2026-01-09T14:41:41.472+0000] {logging_mixin.py:188} INFO - Downloaded AMZN/1767843783.json -> /tmp/minio_downloads/1767843783.json
[2026-01-09T14:41:41.490+0000] {logging_mixin.py:188} INFO - Downloaded AMZN/1767843792.json -> /tmp/minio_downloads/1767843792.json
[2026-01-09T14:41:41.499+0000] {logging_mixin.py:188} INFO - Downloaded AMZN/1767843801.json -> /tmp/minio_downloads/1767843801.json
[2026-01-09T14:41:41.506+0000] {logging_mixin.py:188} INFO - Downloaded AMZN/1767843810.json -> /tmp/minio_downloads/1767843810.json
[2026-01-09T14:41:41.517+0000] {logging_mixin.py:188} INFO - Downloaded AMZN/1767843820.json -> /tmp/minio_downloads/1767843820.json
[2026-01-09T14:41:41.524+0000] {logging_mixin.py:188} INFO - Downloaded AMZN/1767843829.json -> /tmp/minio_downloads/1767843829.json
[2026-01-09T14:41:41.530+0000] {logging_mixin.py:188} INFO - Downloaded AMZN/1767843838.json -> /tmp/minio_downloads/1767843838.json
[2026-01-09T14:41:41.543+0000] {logging_mixin.py:188} INFO - Downloaded AMZN/1767843847.json -> /tmp/minio_downloads/1767843847.json
[2026-01-09T14:41:41.562+0000] {logging_mixin.py:188} INFO - Downloaded AMZN/1767843856.json -> /tmp/minio_downloads/1767843856.json
[2026-01-09T14:41:41.569+0000] {logging_mixin.py:188} INFO - Downloaded AMZN/1767843865.json -> /tmp/minio_downloads/1767843865.json
[2026-01-09T14:41:41.582+0000] {logging_mixin.py:188} INFO - Downloaded AMZN/1767843875.json -> /tmp/minio_downloads/1767843875.json
[2026-01-09T14:41:41.606+0000] {logging_mixin.py:188} INFO - Downloaded AMZN/1767843884.json -> /tmp/minio_downloads/1767843884.json
[2026-01-09T14:41:41.624+0000] {logging_mixin.py:188} INFO - Downloaded AMZN/1767843893.json -> /tmp/minio_downloads/1767843893.json
[2026-01-09T14:41:41.635+0000] {logging_mixin.py:188} INFO - Downloaded AMZN/1767843902.json -> /tmp/minio_downloads/1767843902.json
[2026-01-09T14:41:41.652+0000] {logging_mixin.py:188} INFO - Downloaded AMZN/1767843911.json -> /tmp/minio_downloads/1767843911.json
[2026-01-09T14:41:41.682+0000] {logging_mixin.py:188} INFO - Downloaded AMZN/1767843921.json -> /tmp/minio_downloads/1767843921.json
[2026-01-09T14:41:41.695+0000] {logging_mixin.py:188} INFO - Downloaded AMZN/1767843930.json -> /tmp/minio_downloads/1767843930.json
[2026-01-09T14:41:41.709+0000] {logging_mixin.py:188} INFO - Downloaded AMZN/1767843939.json -> /tmp/minio_downloads/1767843939.json
[2026-01-09T14:41:41.716+0000] {logging_mixin.py:188} INFO - Downloaded AMZN/1767843948.json -> /tmp/minio_downloads/1767843948.json
[2026-01-09T14:41:41.723+0000] {logging_mixin.py:188} INFO - Downloaded AMZN/1767843958.json -> /tmp/minio_downloads/1767843958.json
[2026-01-09T14:41:41.729+0000] {logging_mixin.py:188} INFO - Downloaded AMZN/1767843967.json -> /tmp/minio_downloads/1767843967.json
[2026-01-09T14:41:41.735+0000] {logging_mixin.py:188} INFO - Downloaded AMZN/1767843976.json -> /tmp/minio_downloads/1767843976.json
[2026-01-09T14:41:41.741+0000] {logging_mixin.py:188} INFO - Downloaded AMZN/1767843984.json -> /tmp/minio_downloads/1767843984.json
[2026-01-09T14:41:41.746+0000] {logging_mixin.py:188} INFO - Downloaded AMZN/1767843993.json -> /tmp/minio_downloads/1767843993.json
[2026-01-09T14:41:41.751+0000] {logging_mixin.py:188} INFO - Downloaded AMZN/1767844003.json -> /tmp/minio_downloads/1767844003.json
[2026-01-09T14:41:41.757+0000] {logging_mixin.py:188} INFO - Downloaded AMZN/1767844012.json -> /tmp/minio_downloads/1767844012.json
[2026-01-09T14:41:41.774+0000] {logging_mixin.py:188} INFO - Downloaded AMZN/1767844021.json -> /tmp/minio_downloads/1767844021.json
[2026-01-09T14:41:41.796+0000] {logging_mixin.py:188} INFO - Downloaded AMZN/1767844030.json -> /tmp/minio_downloads/1767844030.json
[2026-01-09T14:41:41.810+0000] {logging_mixin.py:188} INFO - Downloaded AMZN/1767844039.json -> /tmp/minio_downloads/1767844039.json
[2026-01-09T14:41:41.819+0000] {logging_mixin.py:188} INFO - Downloaded AMZN/1767844048.json -> /tmp/minio_downloads/1767844048.json
[2026-01-09T14:41:41.827+0000] {logging_mixin.py:188} INFO - Downloaded AMZN/1767844057.json -> /tmp/minio_downloads/1767844057.json
[2026-01-09T14:41:41.834+0000] {logging_mixin.py:188} INFO - Downloaded AMZN/1767844066.json -> /tmp/minio_downloads/1767844066.json
[2026-01-09T14:41:41.841+0000] {logging_mixin.py:188} INFO - Downloaded AMZN/1767844075.json -> /tmp/minio_downloads/1767844075.json
[2026-01-09T14:41:41.846+0000] {logging_mixin.py:188} INFO - Downloaded AMZN/1767844085.json -> /tmp/minio_downloads/1767844085.json
[2026-01-09T14:41:41.851+0000] {logging_mixin.py:188} INFO - Downloaded AMZN/1767844094.json -> /tmp/minio_downloads/1767844094.json
[2026-01-09T14:41:41.856+0000] {logging_mixin.py:188} INFO - Downloaded AMZN/1767844103.json -> /tmp/minio_downloads/1767844103.json
[2026-01-09T14:41:41.862+0000] {logging_mixin.py:188} INFO - Downloaded AMZN/1767844112.json -> /tmp/minio_downloads/1767844112.json
[2026-01-09T14:41:41.869+0000] {logging_mixin.py:188} INFO - Downloaded AMZN/1767844121.json -> /tmp/minio_downloads/1767844121.json
[2026-01-09T14:41:41.876+0000] {logging_mixin.py:188} INFO - Downloaded AMZN/1767844130.json -> /tmp/minio_downloads/1767844130.json
[2026-01-09T14:41:41.881+0000] {logging_mixin.py:188} INFO - Downloaded AMZN/1767844139.json -> /tmp/minio_downloads/1767844139.json
[2026-01-09T14:41:41.886+0000] {logging_mixin.py:188} INFO - Downloaded AMZN/1767844148.json -> /tmp/minio_downloads/1767844148.json
[2026-01-09T14:41:41.891+0000] {logging_mixin.py:188} INFO - Downloaded AMZN/1767844157.json -> /tmp/minio_downloads/1767844157.json
[2026-01-09T14:41:41.897+0000] {logging_mixin.py:188} INFO - Downloaded AMZN/1767844166.json -> /tmp/minio_downloads/1767844166.json
[2026-01-09T14:41:41.905+0000] {logging_mixin.py:188} INFO - Downloaded AMZN/1767844175.json -> /tmp/minio_downloads/1767844175.json
[2026-01-09T14:41:41.916+0000] {logging_mixin.py:188} INFO - Downloaded AMZN/1767844184.json -> /tmp/minio_downloads/1767844184.json
[2026-01-09T14:41:41.924+0000] {logging_mixin.py:188} INFO - Downloaded AMZN/1767844194.json -> /tmp/minio_downloads/1767844194.json
[2026-01-09T14:41:41.941+0000] {logging_mixin.py:188} INFO - Downloaded AMZN/1767844203.json -> /tmp/minio_downloads/1767844203.json
[2026-01-09T14:41:41.959+0000] {logging_mixin.py:188} INFO - Downloaded AMZN/1767844212.json -> /tmp/minio_downloads/1767844212.json
[2026-01-09T14:41:41.979+0000] {logging_mixin.py:188} INFO - Downloaded AMZN/1767844221.json -> /tmp/minio_downloads/1767844221.json
[2026-01-09T14:41:41.988+0000] {logging_mixin.py:188} INFO - Downloaded AMZN/1767844230.json -> /tmp/minio_downloads/1767844230.json
[2026-01-09T14:41:41.998+0000] {logging_mixin.py:188} INFO - Downloaded AMZN/1767844239.json -> /tmp/minio_downloads/1767844239.json
[2026-01-09T14:41:42.018+0000] {logging_mixin.py:188} INFO - Downloaded AMZN/1767844248.json -> /tmp/minio_downloads/1767844248.json
[2026-01-09T14:41:42.030+0000] {logging_mixin.py:188} INFO - Downloaded AMZN/1767844257.json -> /tmp/minio_downloads/1767844257.json
[2026-01-09T14:41:42.039+0000] {logging_mixin.py:188} INFO - Downloaded AMZN/1767844266.json -> /tmp/minio_downloads/1767844266.json
[2026-01-09T14:41:42.048+0000] {logging_mixin.py:188} INFO - Downloaded AMZN/1767844275.json -> /tmp/minio_downloads/1767844275.json
[2026-01-09T14:41:42.059+0000] {logging_mixin.py:188} INFO - Downloaded AMZN/1767844284.json -> /tmp/minio_downloads/1767844284.json
[2026-01-09T14:41:42.067+0000] {logging_mixin.py:188} INFO - Downloaded AMZN/1767844293.json -> /tmp/minio_downloads/1767844293.json
[2026-01-09T14:41:42.074+0000] {logging_mixin.py:188} INFO - Downloaded AMZN/1767844303.json -> /tmp/minio_downloads/1767844303.json
[2026-01-09T14:41:42.080+0000] {logging_mixin.py:188} INFO - Downloaded AMZN/1767844312.json -> /tmp/minio_downloads/1767844312.json
[2026-01-09T14:41:42.085+0000] {logging_mixin.py:188} INFO - Downloaded AMZN/1767844322.json -> /tmp/minio_downloads/1767844322.json
[2026-01-09T14:41:42.108+0000] {logging_mixin.py:188} INFO - Downloaded AMZN/1767844331.json -> /tmp/minio_downloads/1767844331.json
[2026-01-09T14:41:42.120+0000] {logging_mixin.py:188} INFO - Downloaded AMZN/1767844341.json -> /tmp/minio_downloads/1767844341.json
[2026-01-09T14:41:42.138+0000] {logging_mixin.py:188} INFO - Downloaded AMZN/1767844350.json -> /tmp/minio_downloads/1767844350.json
[2026-01-09T14:41:42.156+0000] {logging_mixin.py:188} INFO - Downloaded AMZN/1767844359.json -> /tmp/minio_downloads/1767844359.json
[2026-01-09T14:41:42.172+0000] {logging_mixin.py:188} INFO - Downloaded AMZN/1767844368.json -> /tmp/minio_downloads/1767844368.json
[2026-01-09T14:41:42.183+0000] {logging_mixin.py:188} INFO - Downloaded AMZN/1767844377.json -> /tmp/minio_downloads/1767844377.json
[2026-01-09T14:41:42.192+0000] {logging_mixin.py:188} INFO - Downloaded AMZN/1767844386.json -> /tmp/minio_downloads/1767844386.json
[2026-01-09T14:41:42.199+0000] {logging_mixin.py:188} INFO - Downloaded AMZN/1767844395.json -> /tmp/minio_downloads/1767844395.json
[2026-01-09T14:41:42.206+0000] {logging_mixin.py:188} INFO - Downloaded AMZN/1767844404.json -> /tmp/minio_downloads/1767844404.json
[2026-01-09T14:41:42.213+0000] {logging_mixin.py:188} INFO - Downloaded AMZN/1767844413.json -> /tmp/minio_downloads/1767844413.json
[2026-01-09T14:41:42.221+0000] {logging_mixin.py:188} INFO - Downloaded AMZN/1767844422.json -> /tmp/minio_downloads/1767844422.json
[2026-01-09T14:41:42.228+0000] {logging_mixin.py:188} INFO - Downloaded AMZN/1767844431.json -> /tmp/minio_downloads/1767844431.json
[2026-01-09T14:41:42.236+0000] {logging_mixin.py:188} INFO - Downloaded AMZN/1767844440.json -> /tmp/minio_downloads/1767844440.json
[2026-01-09T14:41:42.243+0000] {logging_mixin.py:188} INFO - Downloaded AMZN/1767844449.json -> /tmp/minio_downloads/1767844449.json
[2026-01-09T14:41:42.250+0000] {logging_mixin.py:188} INFO - Downloaded AMZN/1767844458.json -> /tmp/minio_downloads/1767844458.json
[2026-01-09T14:41:42.256+0000] {logging_mixin.py:188} INFO - Downloaded AMZN/1767844467.json -> /tmp/minio_downloads/1767844467.json
[2026-01-09T14:41:42.263+0000] {logging_mixin.py:188} INFO - Downloaded AMZN/1767844476.json -> /tmp/minio_downloads/1767844476.json
[2026-01-09T14:41:42.269+0000] {logging_mixin.py:188} INFO - Downloaded AMZN/1767844485.json -> /tmp/minio_downloads/1767844485.json
[2026-01-09T14:41:42.275+0000] {logging_mixin.py:188} INFO - Downloaded AMZN/1767844494.json -> /tmp/minio_downloads/1767844494.json
[2026-01-09T14:41:42.281+0000] {logging_mixin.py:188} INFO - Downloaded AMZN/1767913112.json -> /tmp/minio_downloads/1767913112.json
[2026-01-09T14:41:42.287+0000] {logging_mixin.py:188} INFO - Downloaded AMZN/1767913121.json -> /tmp/minio_downloads/1767913121.json
[2026-01-09T14:41:42.293+0000] {logging_mixin.py:188} INFO - Downloaded AMZN/1767913129.json -> /tmp/minio_downloads/1767913129.json
[2026-01-09T14:41:42.299+0000] {logging_mixin.py:188} INFO - Downloaded AMZN/1767913138.json -> /tmp/minio_downloads/1767913138.json
[2026-01-09T14:41:42.305+0000] {logging_mixin.py:188} INFO - Downloaded AMZN/1767913147.json -> /tmp/minio_downloads/1767913147.json
[2026-01-09T14:41:42.311+0000] {logging_mixin.py:188} INFO - Downloaded AMZN/1767913158.json -> /tmp/minio_downloads/1767913158.json
[2026-01-09T14:41:42.318+0000] {logging_mixin.py:188} INFO - Downloaded AMZN/1767913168.json -> /tmp/minio_downloads/1767913168.json
[2026-01-09T14:41:42.324+0000] {logging_mixin.py:188} INFO - Downloaded AMZN/1767913180.json -> /tmp/minio_downloads/1767913180.json
[2026-01-09T14:41:42.331+0000] {logging_mixin.py:188} INFO - Downloaded AMZN/1767913191.json -> /tmp/minio_downloads/1767913191.json
[2026-01-09T14:41:42.338+0000] {logging_mixin.py:188} INFO - Downloaded AMZN/1767913203.json -> /tmp/minio_downloads/1767913203.json
[2026-01-09T14:41:42.345+0000] {logging_mixin.py:188} INFO - Downloaded AMZN/1767913212.json -> /tmp/minio_downloads/1767913212.json
[2026-01-09T14:41:42.352+0000] {logging_mixin.py:188} INFO - Downloaded AMZN/1767913221.json -> /tmp/minio_downloads/1767913221.json
[2026-01-09T14:41:42.359+0000] {logging_mixin.py:188} INFO - Downloaded AMZN/1767913231.json -> /tmp/minio_downloads/1767913231.json
[2026-01-09T14:41:42.365+0000] {logging_mixin.py:188} INFO - Downloaded AMZN/1767913241.json -> /tmp/minio_downloads/1767913241.json
[2026-01-09T14:41:42.371+0000] {logging_mixin.py:188} INFO - Downloaded AMZN/1767913251.json -> /tmp/minio_downloads/1767913251.json
[2026-01-09T14:41:42.379+0000] {logging_mixin.py:188} INFO - Downloaded AMZN/1767913262.json -> /tmp/minio_downloads/1767913262.json
[2026-01-09T14:41:42.386+0000] {logging_mixin.py:188} INFO - Downloaded AMZN/1767913272.json -> /tmp/minio_downloads/1767913272.json
[2026-01-09T14:41:42.392+0000] {logging_mixin.py:188} INFO - Downloaded AMZN/1767913284.json -> /tmp/minio_downloads/1767913284.json
[2026-01-09T14:41:42.399+0000] {logging_mixin.py:188} INFO - Downloaded AMZN/1767913294.json -> /tmp/minio_downloads/1767913294.json
[2026-01-09T14:41:42.405+0000] {logging_mixin.py:188} INFO - Downloaded AMZN/1767913303.json -> /tmp/minio_downloads/1767913303.json
[2026-01-09T14:41:42.412+0000] {logging_mixin.py:188} INFO - Downloaded AMZN/1767913312.json -> /tmp/minio_downloads/1767913312.json
[2026-01-09T14:41:42.418+0000] {logging_mixin.py:188} INFO - Downloaded AMZN/1767913321.json -> /tmp/minio_downloads/1767913321.json
[2026-01-09T14:41:42.426+0000] {logging_mixin.py:188} INFO - Downloaded AMZN/1767913330.json -> /tmp/minio_downloads/1767913330.json
[2026-01-09T14:41:42.433+0000] {logging_mixin.py:188} INFO - Downloaded AMZN/1767913342.json -> /tmp/minio_downloads/1767913342.json
[2026-01-09T14:41:42.439+0000] {logging_mixin.py:188} INFO - Downloaded AMZN/1767913352.json -> /tmp/minio_downloads/1767913352.json
[2026-01-09T14:41:42.444+0000] {logging_mixin.py:188} INFO - Downloaded AMZN/1767913364.json -> /tmp/minio_downloads/1767913364.json
[2026-01-09T14:41:42.450+0000] {logging_mixin.py:188} INFO - Downloaded GOOGL/1767843764.json -> /tmp/minio_downloads/1767843764.json
[2026-01-09T14:41:42.456+0000] {logging_mixin.py:188} INFO - Downloaded GOOGL/1767843773.json -> /tmp/minio_downloads/1767843773.json
[2026-01-09T14:41:42.461+0000] {logging_mixin.py:188} INFO - Downloaded GOOGL/1767843782.json -> /tmp/minio_downloads/1767843782.json
[2026-01-09T14:41:42.467+0000] {logging_mixin.py:188} INFO - Downloaded GOOGL/1767843791.json -> /tmp/minio_downloads/1767843791.json
[2026-01-09T14:41:42.472+0000] {logging_mixin.py:188} INFO - Downloaded GOOGL/1767843801.json -> /tmp/minio_downloads/1767843801.json
[2026-01-09T14:41:42.477+0000] {logging_mixin.py:188} INFO - Downloaded GOOGL/1767843810.json -> /tmp/minio_downloads/1767843810.json
[2026-01-09T14:41:42.482+0000] {logging_mixin.py:188} INFO - Downloaded GOOGL/1767843819.json -> /tmp/minio_downloads/1767843819.json
[2026-01-09T14:41:42.487+0000] {logging_mixin.py:188} INFO - Downloaded GOOGL/1767843828.json -> /tmp/minio_downloads/1767843828.json
[2026-01-09T14:41:42.493+0000] {logging_mixin.py:188} INFO - Downloaded GOOGL/1767843837.json -> /tmp/minio_downloads/1767843837.json
[2026-01-09T14:41:42.499+0000] {logging_mixin.py:188} INFO - Downloaded GOOGL/1767843847.json -> /tmp/minio_downloads/1767843847.json
[2026-01-09T14:41:42.505+0000] {logging_mixin.py:188} INFO - Downloaded GOOGL/1767843856.json -> /tmp/minio_downloads/1767843856.json
[2026-01-09T14:41:42.511+0000] {logging_mixin.py:188} INFO - Downloaded GOOGL/1767843865.json -> /tmp/minio_downloads/1767843865.json
[2026-01-09T14:41:42.516+0000] {logging_mixin.py:188} INFO - Downloaded GOOGL/1767843874.json -> /tmp/minio_downloads/1767843874.json
[2026-01-09T14:41:42.522+0000] {logging_mixin.py:188} INFO - Downloaded GOOGL/1767843883.json -> /tmp/minio_downloads/1767843883.json
[2026-01-09T14:41:42.528+0000] {logging_mixin.py:188} INFO - Downloaded GOOGL/1767843892.json -> /tmp/minio_downloads/1767843892.json
[2026-01-09T14:41:42.533+0000] {logging_mixin.py:188} INFO - Downloaded GOOGL/1767843902.json -> /tmp/minio_downloads/1767843902.json
[2026-01-09T14:41:42.561+0000] {logging_mixin.py:188} INFO - Downloaded GOOGL/1767843911.json -> /tmp/minio_downloads/1767843911.json
[2026-01-09T14:41:42.575+0000] {logging_mixin.py:188} INFO - Downloaded GOOGL/1767843920.json -> /tmp/minio_downloads/1767843920.json
[2026-01-09T14:41:42.586+0000] {logging_mixin.py:188} INFO - Downloaded GOOGL/1767843930.json -> /tmp/minio_downloads/1767843930.json
[2026-01-09T14:41:42.595+0000] {logging_mixin.py:188} INFO - Downloaded GOOGL/1767843939.json -> /tmp/minio_downloads/1767843939.json
[2026-01-09T14:41:42.603+0000] {logging_mixin.py:188} INFO - Downloaded GOOGL/1767843948.json -> /tmp/minio_downloads/1767843948.json
[2026-01-09T14:41:42.610+0000] {logging_mixin.py:188} INFO - Downloaded GOOGL/1767843957.json -> /tmp/minio_downloads/1767843957.json
[2026-01-09T14:41:42.616+0000] {logging_mixin.py:188} INFO - Downloaded GOOGL/1767843966.json -> /tmp/minio_downloads/1767843966.json
[2026-01-09T14:41:42.624+0000] {logging_mixin.py:188} INFO - Downloaded GOOGL/1767843975.json -> /tmp/minio_downloads/1767843975.json
[2026-01-09T14:41:42.631+0000] {logging_mixin.py:188} INFO - Downloaded GOOGL/1767843984.json -> /tmp/minio_downloads/1767843984.json
[2026-01-09T14:41:42.638+0000] {logging_mixin.py:188} INFO - Downloaded GOOGL/1767843993.json -> /tmp/minio_downloads/1767843993.json
[2026-01-09T14:41:42.645+0000] {logging_mixin.py:188} INFO - Downloaded GOOGL/1767844002.json -> /tmp/minio_downloads/1767844002.json
[2026-01-09T14:41:42.652+0000] {logging_mixin.py:188} INFO - Downloaded GOOGL/1767844011.json -> /tmp/minio_downloads/1767844011.json
[2026-01-09T14:41:42.658+0000] {logging_mixin.py:188} INFO - Downloaded GOOGL/1767844020.json -> /tmp/minio_downloads/1767844020.json
[2026-01-09T14:41:42.664+0000] {logging_mixin.py:188} INFO - Downloaded GOOGL/1767844029.json -> /tmp/minio_downloads/1767844029.json
[2026-01-09T14:41:42.670+0000] {logging_mixin.py:188} INFO - Downloaded GOOGL/1767844038.json -> /tmp/minio_downloads/1767844038.json
[2026-01-09T14:41:42.675+0000] {logging_mixin.py:188} INFO - Downloaded GOOGL/1767844048.json -> /tmp/minio_downloads/1767844048.json
[2026-01-09T14:41:42.681+0000] {logging_mixin.py:188} INFO - Downloaded GOOGL/1767844057.json -> /tmp/minio_downloads/1767844057.json
[2026-01-09T14:41:42.686+0000] {logging_mixin.py:188} INFO - Downloaded GOOGL/1767844065.json -> /tmp/minio_downloads/1767844065.json
[2026-01-09T14:41:42.693+0000] {logging_mixin.py:188} INFO - Downloaded GOOGL/1767844075.json -> /tmp/minio_downloads/1767844075.json
[2026-01-09T14:41:42.699+0000] {logging_mixin.py:188} INFO - Downloaded GOOGL/1767844085.json -> /tmp/minio_downloads/1767844085.json
[2026-01-09T14:41:42.709+0000] {logging_mixin.py:188} INFO - Downloaded GOOGL/1767844094.json -> /tmp/minio_downloads/1767844094.json
[2026-01-09T14:41:42.716+0000] {logging_mixin.py:188} INFO - Downloaded GOOGL/1767844103.json -> /tmp/minio_downloads/1767844103.json
[2026-01-09T14:41:42.723+0000] {logging_mixin.py:188} INFO - Downloaded GOOGL/1767844112.json -> /tmp/minio_downloads/1767844112.json
[2026-01-09T14:41:42.730+0000] {logging_mixin.py:188} INFO - Downloaded GOOGL/1767844121.json -> /tmp/minio_downloads/1767844121.json
[2026-01-09T14:41:42.736+0000] {logging_mixin.py:188} INFO - Downloaded GOOGL/1767844130.json -> /tmp/minio_downloads/1767844130.json
[2026-01-09T14:41:42.742+0000] {logging_mixin.py:188} INFO - Downloaded GOOGL/1767844139.json -> /tmp/minio_downloads/1767844139.json
[2026-01-09T14:41:42.761+0000] {logging_mixin.py:188} INFO - Downloaded GOOGL/1767844148.json -> /tmp/minio_downloads/1767844148.json
[2026-01-09T14:41:42.780+0000] {logging_mixin.py:188} INFO - Downloaded GOOGL/1767844157.json -> /tmp/minio_downloads/1767844157.json
[2026-01-09T14:41:42.787+0000] {logging_mixin.py:188} INFO - Downloaded GOOGL/1767844166.json -> /tmp/minio_downloads/1767844166.json
[2026-01-09T14:41:42.795+0000] {logging_mixin.py:188} INFO - Downloaded GOOGL/1767844175.json -> /tmp/minio_downloads/1767844175.json
[2026-01-09T14:41:42.804+0000] {logging_mixin.py:188} INFO - Downloaded GOOGL/1767844184.json -> /tmp/minio_downloads/1767844184.json
[2026-01-09T14:41:42.819+0000] {logging_mixin.py:188} INFO - Downloaded GOOGL/1767844193.json -> /tmp/minio_downloads/1767844193.json
[2026-01-09T14:41:42.837+0000] {logging_mixin.py:188} INFO - Downloaded GOOGL/1767844202.json -> /tmp/minio_downloads/1767844202.json
[2026-01-09T14:41:42.845+0000] {logging_mixin.py:188} INFO - Downloaded GOOGL/1767844211.json -> /tmp/minio_downloads/1767844211.json
[2026-01-09T14:41:42.852+0000] {logging_mixin.py:188} INFO - Downloaded GOOGL/1767844220.json -> /tmp/minio_downloads/1767844220.json
[2026-01-09T14:41:42.870+0000] {logging_mixin.py:188} INFO - Downloaded GOOGL/1767844229.json -> /tmp/minio_downloads/1767844229.json
[2026-01-09T14:41:42.875+0000] {logging_mixin.py:188} INFO - Downloaded GOOGL/1767844239.json -> /tmp/minio_downloads/1767844239.json
[2026-01-09T14:41:42.880+0000] {logging_mixin.py:188} INFO - Downloaded GOOGL/1767844248.json -> /tmp/minio_downloads/1767844248.json
[2026-01-09T14:41:42.885+0000] {logging_mixin.py:188} INFO - Downloaded GOOGL/1767844257.json -> /tmp/minio_downloads/1767844257.json
[2026-01-09T14:41:42.890+0000] {logging_mixin.py:188} INFO - Downloaded GOOGL/1767844266.json -> /tmp/minio_downloads/1767844266.json
[2026-01-09T14:41:42.914+0000] {logging_mixin.py:188} INFO - Downloaded GOOGL/1767844275.json -> /tmp/minio_downloads/1767844275.json
[2026-01-09T14:41:42.926+0000] {logging_mixin.py:188} INFO - Downloaded GOOGL/1767844284.json -> /tmp/minio_downloads/1767844284.json
[2026-01-09T14:41:42.936+0000] {logging_mixin.py:188} INFO - Downloaded GOOGL/1767844293.json -> /tmp/minio_downloads/1767844293.json
[2026-01-09T14:41:42.947+0000] {logging_mixin.py:188} INFO - Downloaded GOOGL/1767844302.json -> /tmp/minio_downloads/1767844302.json
[2026-01-09T14:41:42.967+0000] {logging_mixin.py:188} INFO - Downloaded GOOGL/1767844311.json -> /tmp/minio_downloads/1767844311.json
[2026-01-09T14:41:42.984+0000] {logging_mixin.py:188} INFO - Downloaded GOOGL/1767844321.json -> /tmp/minio_downloads/1767844321.json
[2026-01-09T14:41:42.999+0000] {logging_mixin.py:188} INFO - Downloaded GOOGL/1767844331.json -> /tmp/minio_downloads/1767844331.json
[2026-01-09T14:41:43.011+0000] {logging_mixin.py:188} INFO - Downloaded GOOGL/1767844340.json -> /tmp/minio_downloads/1767844340.json
[2026-01-09T14:41:43.021+0000] {logging_mixin.py:188} INFO - Downloaded GOOGL/1767844350.json -> /tmp/minio_downloads/1767844350.json
[2026-01-09T14:41:43.033+0000] {logging_mixin.py:188} INFO - Downloaded GOOGL/1767844359.json -> /tmp/minio_downloads/1767844359.json
[2026-01-09T14:41:43.046+0000] {logging_mixin.py:188} INFO - Downloaded GOOGL/1767844368.json -> /tmp/minio_downloads/1767844368.json
[2026-01-09T14:41:43.056+0000] {logging_mixin.py:188} INFO - Downloaded GOOGL/1767844377.json -> /tmp/minio_downloads/1767844377.json
[2026-01-09T14:41:43.067+0000] {logging_mixin.py:188} INFO - Downloaded GOOGL/1767844386.json -> /tmp/minio_downloads/1767844386.json
[2026-01-09T14:41:43.074+0000] {logging_mixin.py:188} INFO - Downloaded GOOGL/1767844394.json -> /tmp/minio_downloads/1767844394.json
[2026-01-09T14:41:43.080+0000] {logging_mixin.py:188} INFO - Downloaded GOOGL/1767844403.json -> /tmp/minio_downloads/1767844403.json
[2026-01-09T14:41:43.086+0000] {logging_mixin.py:188} INFO - Downloaded GOOGL/1767844412.json -> /tmp/minio_downloads/1767844412.json
[2026-01-09T14:41:43.092+0000] {logging_mixin.py:188} INFO - Downloaded GOOGL/1767844421.json -> /tmp/minio_downloads/1767844421.json
[2026-01-09T14:41:43.098+0000] {logging_mixin.py:188} INFO - Downloaded GOOGL/1767844430.json -> /tmp/minio_downloads/1767844430.json
[2026-01-09T14:41:43.105+0000] {logging_mixin.py:188} INFO - Downloaded GOOGL/1767844439.json -> /tmp/minio_downloads/1767844439.json
[2026-01-09T14:41:43.111+0000] {logging_mixin.py:188} INFO - Downloaded GOOGL/1767844448.json -> /tmp/minio_downloads/1767844448.json
[2026-01-09T14:41:43.118+0000] {logging_mixin.py:188} INFO - Downloaded GOOGL/1767844457.json -> /tmp/minio_downloads/1767844457.json
[2026-01-09T14:41:43.124+0000] {logging_mixin.py:188} INFO - Downloaded GOOGL/1767844466.json -> /tmp/minio_downloads/1767844466.json
[2026-01-09T14:41:43.130+0000] {logging_mixin.py:188} INFO - Downloaded GOOGL/1767844475.json -> /tmp/minio_downloads/1767844475.json
[2026-01-09T14:41:43.136+0000] {logging_mixin.py:188} INFO - Downloaded GOOGL/1767844484.json -> /tmp/minio_downloads/1767844484.json
[2026-01-09T14:41:43.143+0000] {logging_mixin.py:188} INFO - Downloaded GOOGL/1767844493.json -> /tmp/minio_downloads/1767844493.json
[2026-01-09T14:41:43.150+0000] {logging_mixin.py:188} INFO - Downloaded GOOGL/1767844502.json -> /tmp/minio_downloads/1767844502.json
[2026-01-09T14:41:43.156+0000] {logging_mixin.py:188} INFO - Downloaded GOOGL/1767913112.json -> /tmp/minio_downloads/1767913112.json
[2026-01-09T14:41:43.163+0000] {logging_mixin.py:188} INFO - Downloaded GOOGL/1767913120.json -> /tmp/minio_downloads/1767913120.json
[2026-01-09T14:41:43.187+0000] {logging_mixin.py:188} INFO - Downloaded GOOGL/1767913129.json -> /tmp/minio_downloads/1767913129.json
[2026-01-09T14:41:43.198+0000] {logging_mixin.py:188} INFO - Downloaded GOOGL/1767913138.json -> /tmp/minio_downloads/1767913138.json
[2026-01-09T14:41:43.203+0000] {logging_mixin.py:188} INFO - Downloaded GOOGL/1767913147.json -> /tmp/minio_downloads/1767913147.json
[2026-01-09T14:41:43.210+0000] {logging_mixin.py:188} INFO - Downloaded GOOGL/1767913157.json -> /tmp/minio_downloads/1767913157.json
[2026-01-09T14:41:43.217+0000] {logging_mixin.py:188} INFO - Downloaded GOOGL/1767913168.json -> /tmp/minio_downloads/1767913168.json
[2026-01-09T14:41:43.224+0000] {logging_mixin.py:188} INFO - Downloaded GOOGL/1767913179.json -> /tmp/minio_downloads/1767913179.json
[2026-01-09T14:41:43.231+0000] {logging_mixin.py:188} INFO - Downloaded GOOGL/1767913191.json -> /tmp/minio_downloads/1767913191.json
[2026-01-09T14:41:43.237+0000] {logging_mixin.py:188} INFO - Downloaded GOOGL/1767913202.json -> /tmp/minio_downloads/1767913202.json
[2026-01-09T14:41:43.246+0000] {logging_mixin.py:188} INFO - Downloaded GOOGL/1767913211.json -> /tmp/minio_downloads/1767913211.json
[2026-01-09T14:41:43.254+0000] {logging_mixin.py:188} INFO - Downloaded GOOGL/1767913221.json -> /tmp/minio_downloads/1767913221.json
[2026-01-09T14:41:43.262+0000] {logging_mixin.py:188} INFO - Downloaded GOOGL/1767913231.json -> /tmp/minio_downloads/1767913231.json
[2026-01-09T14:41:43.272+0000] {logging_mixin.py:188} INFO - Downloaded GOOGL/1767913240.json -> /tmp/minio_downloads/1767913240.json
[2026-01-09T14:41:43.283+0000] {logging_mixin.py:188} INFO - Downloaded GOOGL/1767913250.json -> /tmp/minio_downloads/1767913250.json
[2026-01-09T14:41:43.288+0000] {logging_mixin.py:188} INFO - Downloaded GOOGL/1767913261.json -> /tmp/minio_downloads/1767913261.json
[2026-01-09T14:41:43.294+0000] {logging_mixin.py:188} INFO - Downloaded GOOGL/1767913272.json -> /tmp/minio_downloads/1767913272.json
[2026-01-09T14:41:43.299+0000] {logging_mixin.py:188} INFO - Downloaded GOOGL/1767913283.json -> /tmp/minio_downloads/1767913283.json
[2026-01-09T14:41:43.304+0000] {logging_mixin.py:188} INFO - Downloaded GOOGL/1767913294.json -> /tmp/minio_downloads/1767913294.json
[2026-01-09T14:41:43.310+0000] {logging_mixin.py:188} INFO - Downloaded GOOGL/1767913303.json -> /tmp/minio_downloads/1767913303.json
[2026-01-09T14:41:43.316+0000] {logging_mixin.py:188} INFO - Downloaded GOOGL/1767913312.json -> /tmp/minio_downloads/1767913312.json
[2026-01-09T14:41:43.322+0000] {logging_mixin.py:188} INFO - Downloaded GOOGL/1767913321.json -> /tmp/minio_downloads/1767913321.json
[2026-01-09T14:41:43.329+0000] {logging_mixin.py:188} INFO - Downloaded GOOGL/1767913330.json -> /tmp/minio_downloads/1767913330.json
[2026-01-09T14:41:43.335+0000] {logging_mixin.py:188} INFO - Downloaded GOOGL/1767913341.json -> /tmp/minio_downloads/1767913341.json
[2026-01-09T14:41:43.341+0000] {logging_mixin.py:188} INFO - Downloaded GOOGL/1767913352.json -> /tmp/minio_downloads/1767913352.json
[2026-01-09T14:41:43.348+0000] {logging_mixin.py:188} INFO - Downloaded GOOGL/1767913363.json -> /tmp/minio_downloads/1767913363.json
[2026-01-09T14:41:43.356+0000] {logging_mixin.py:188} INFO - Downloaded MSFT/1767843763.json -> /tmp/minio_downloads/1767843763.json
[2026-01-09T14:41:43.364+0000] {logging_mixin.py:188} INFO - Downloaded MSFT/1767843772.json -> /tmp/minio_downloads/1767843772.json
[2026-01-09T14:41:43.372+0000] {logging_mixin.py:188} INFO - Downloaded MSFT/1767843782.json -> /tmp/minio_downloads/1767843782.json
[2026-01-09T14:41:43.380+0000] {logging_mixin.py:188} INFO - Downloaded MSFT/1767843791.json -> /tmp/minio_downloads/1767843791.json
[2026-01-09T14:41:43.388+0000] {logging_mixin.py:188} INFO - Downloaded MSFT/1767843800.json -> /tmp/minio_downloads/1767843800.json
[2026-01-09T14:41:43.398+0000] {logging_mixin.py:188} INFO - Downloaded MSFT/1767843809.json -> /tmp/minio_downloads/1767843809.json
[2026-01-09T14:41:43.407+0000] {logging_mixin.py:188} INFO - Downloaded MSFT/1767843818.json -> /tmp/minio_downloads/1767843818.json
[2026-01-09T14:41:43.415+0000] {logging_mixin.py:188} INFO - Downloaded MSFT/1767843827.json -> /tmp/minio_downloads/1767843827.json
[2026-01-09T14:41:43.420+0000] {logging_mixin.py:188} INFO - Downloaded MSFT/1767843837.json -> /tmp/minio_downloads/1767843837.json
[2026-01-09T14:41:43.439+0000] {logging_mixin.py:188} INFO - Downloaded MSFT/1767843846.json -> /tmp/minio_downloads/1767843846.json
[2026-01-09T14:41:43.449+0000] {logging_mixin.py:188} INFO - Downloaded MSFT/1767843855.json -> /tmp/minio_downloads/1767843855.json
[2026-01-09T14:41:43.456+0000] {logging_mixin.py:188} INFO - Downloaded MSFT/1767843864.json -> /tmp/minio_downloads/1767843864.json
[2026-01-09T14:41:43.470+0000] {logging_mixin.py:188} INFO - Downloaded MSFT/1767843873.json -> /tmp/minio_downloads/1767843873.json
[2026-01-09T14:41:43.477+0000] {logging_mixin.py:188} INFO - Downloaded MSFT/1767843883.json -> /tmp/minio_downloads/1767843883.json
[2026-01-09T14:41:43.484+0000] {logging_mixin.py:188} INFO - Downloaded MSFT/1767843892.json -> /tmp/minio_downloads/1767843892.json
[2026-01-09T14:41:43.491+0000] {logging_mixin.py:188} INFO - Downloaded MSFT/1767843901.json -> /tmp/minio_downloads/1767843901.json
[2026-01-09T14:41:43.499+0000] {logging_mixin.py:188} INFO - Downloaded MSFT/1767843910.json -> /tmp/minio_downloads/1767843910.json
[2026-01-09T14:41:43.507+0000] {logging_mixin.py:188} INFO - Downloaded MSFT/1767843919.json -> /tmp/minio_downloads/1767843919.json
[2026-01-09T14:41:43.513+0000] {logging_mixin.py:188} INFO - Downloaded MSFT/1767843929.json -> /tmp/minio_downloads/1767843929.json
[2026-01-09T14:41:43.520+0000] {logging_mixin.py:188} INFO - Downloaded MSFT/1767843938.json -> /tmp/minio_downloads/1767843938.json
[2026-01-09T14:41:43.527+0000] {logging_mixin.py:188} INFO - Downloaded MSFT/1767843947.json -> /tmp/minio_downloads/1767843947.json
[2026-01-09T14:41:43.548+0000] {logging_mixin.py:188} INFO - Downloaded MSFT/1767843956.json -> /tmp/minio_downloads/1767843956.json
[2026-01-09T14:41:43.563+0000] {logging_mixin.py:188} INFO - Downloaded MSFT/1767843965.json -> /tmp/minio_downloads/1767843965.json
[2026-01-09T14:41:43.574+0000] {logging_mixin.py:188} INFO - Downloaded MSFT/1767843974.json -> /tmp/minio_downloads/1767843974.json
[2026-01-09T14:41:43.587+0000] {logging_mixin.py:188} INFO - Downloaded MSFT/1767843983.json -> /tmp/minio_downloads/1767843983.json
[2026-01-09T14:41:43.596+0000] {logging_mixin.py:188} INFO - Downloaded MSFT/1767843992.json -> /tmp/minio_downloads/1767843992.json
[2026-01-09T14:41:43.608+0000] {logging_mixin.py:188} INFO - Downloaded MSFT/1767844001.json -> /tmp/minio_downloads/1767844001.json
[2026-01-09T14:41:43.618+0000] {logging_mixin.py:188} INFO - Downloaded MSFT/1767844010.json -> /tmp/minio_downloads/1767844010.json
[2026-01-09T14:41:43.626+0000] {logging_mixin.py:188} INFO - Downloaded MSFT/1767844019.json -> /tmp/minio_downloads/1767844019.json
[2026-01-09T14:41:43.633+0000] {logging_mixin.py:188} INFO - Downloaded MSFT/1767844028.json -> /tmp/minio_downloads/1767844028.json
[2026-01-09T14:41:43.639+0000] {logging_mixin.py:188} INFO - Downloaded MSFT/1767844038.json -> /tmp/minio_downloads/1767844038.json
[2026-01-09T14:41:43.647+0000] {logging_mixin.py:188} INFO - Downloaded MSFT/1767844047.json -> /tmp/minio_downloads/1767844047.json
[2026-01-09T14:41:43.654+0000] {logging_mixin.py:188} INFO - Downloaded MSFT/1767844056.json -> /tmp/minio_downloads/1767844056.json
[2026-01-09T14:41:43.660+0000] {logging_mixin.py:188} INFO - Downloaded MSFT/1767844065.json -> /tmp/minio_downloads/1767844065.json
[2026-01-09T14:41:43.666+0000] {logging_mixin.py:188} INFO - Downloaded MSFT/1767844074.json -> /tmp/minio_downloads/1767844074.json
[2026-01-09T14:41:43.672+0000] {logging_mixin.py:188} INFO - Downloaded MSFT/1767844084.json -> /tmp/minio_downloads/1767844084.json
[2026-01-09T14:41:43.678+0000] {logging_mixin.py:188} INFO - Downloaded MSFT/1767844093.json -> /tmp/minio_downloads/1767844093.json
[2026-01-09T14:41:43.683+0000] {logging_mixin.py:188} INFO - Downloaded MSFT/1767844102.json -> /tmp/minio_downloads/1767844102.json
[2026-01-09T14:41:43.694+0000] {logging_mixin.py:188} INFO - Downloaded MSFT/1767844111.json -> /tmp/minio_downloads/1767844111.json
[2026-01-09T14:41:43.699+0000] {logging_mixin.py:188} INFO - Downloaded MSFT/1767844120.json -> /tmp/minio_downloads/1767844120.json
[2026-01-09T14:41:43.704+0000] {logging_mixin.py:188} INFO - Downloaded MSFT/1767844129.json -> /tmp/minio_downloads/1767844129.json
[2026-01-09T14:41:43.709+0000] {logging_mixin.py:188} INFO - Downloaded MSFT/1767844138.json -> /tmp/minio_downloads/1767844138.json
[2026-01-09T14:41:43.716+0000] {logging_mixin.py:188} INFO - Downloaded MSFT/1767844147.json -> /tmp/minio_downloads/1767844147.json
[2026-01-09T14:41:43.722+0000] {logging_mixin.py:188} INFO - Downloaded MSFT/1767844156.json -> /tmp/minio_downloads/1767844156.json
[2026-01-09T14:41:43.743+0000] {logging_mixin.py:188} INFO - Downloaded MSFT/1767844165.json -> /tmp/minio_downloads/1767844165.json
[2026-01-09T14:41:43.754+0000] {logging_mixin.py:188} INFO - Downloaded MSFT/1767844174.json -> /tmp/minio_downloads/1767844174.json
[2026-01-09T14:41:43.779+0000] {logging_mixin.py:188} INFO - Downloaded MSFT/1767844183.json -> /tmp/minio_downloads/1767844183.json
[2026-01-09T14:41:43.790+0000] {logging_mixin.py:188} INFO - Downloaded MSFT/1767844192.json -> /tmp/minio_downloads/1767844192.json
[2026-01-09T14:41:43.800+0000] {logging_mixin.py:188} INFO - Downloaded MSFT/1767844202.json -> /tmp/minio_downloads/1767844202.json
[2026-01-09T14:41:43.812+0000] {logging_mixin.py:188} INFO - Downloaded MSFT/1767844211.json -> /tmp/minio_downloads/1767844211.json
[2026-01-09T14:41:43.821+0000] {logging_mixin.py:188} INFO - Downloaded MSFT/1767844220.json -> /tmp/minio_downloads/1767844220.json
[2026-01-09T14:41:43.828+0000] {logging_mixin.py:188} INFO - Downloaded MSFT/1767844229.json -> /tmp/minio_downloads/1767844229.json
[2026-01-09T14:41:43.855+0000] {logging_mixin.py:188} INFO - Downloaded MSFT/1767844238.json -> /tmp/minio_downloads/1767844238.json
[2026-01-09T14:41:43.864+0000] {logging_mixin.py:188} INFO - Downloaded MSFT/1767844247.json -> /tmp/minio_downloads/1767844247.json
[2026-01-09T14:41:43.870+0000] {logging_mixin.py:188} INFO - Downloaded MSFT/1767844256.json -> /tmp/minio_downloads/1767844256.json
[2026-01-09T14:41:43.876+0000] {logging_mixin.py:188} INFO - Downloaded MSFT/1767844265.json -> /tmp/minio_downloads/1767844265.json
[2026-01-09T14:41:43.882+0000] {logging_mixin.py:188} INFO - Downloaded MSFT/1767844274.json -> /tmp/minio_downloads/1767844274.json
[2026-01-09T14:41:43.888+0000] {logging_mixin.py:188} INFO - Downloaded MSFT/1767844283.json -> /tmp/minio_downloads/1767844283.json
[2026-01-09T14:41:43.913+0000] {logging_mixin.py:188} INFO - Downloaded MSFT/1767844292.json -> /tmp/minio_downloads/1767844292.json
[2026-01-09T14:41:43.923+0000] {logging_mixin.py:188} INFO - Downloaded MSFT/1767844301.json -> /tmp/minio_downloads/1767844301.json
[2026-01-09T14:41:43.937+0000] {logging_mixin.py:188} INFO - Downloaded MSFT/1767844310.json -> /tmp/minio_downloads/1767844310.json
[2026-01-09T14:41:43.950+0000] {logging_mixin.py:188} INFO - Downloaded MSFT/1767844320.json -> /tmp/minio_downloads/1767844320.json
[2026-01-09T14:41:43.961+0000] {logging_mixin.py:188} INFO - Downloaded MSFT/1767844330.json -> /tmp/minio_downloads/1767844330.json
[2026-01-09T14:41:43.973+0000] {logging_mixin.py:188} INFO - Downloaded MSFT/1767844339.json -> /tmp/minio_downloads/1767844339.json
[2026-01-09T14:41:43.986+0000] {logging_mixin.py:188} INFO - Downloaded MSFT/1767844349.json -> /tmp/minio_downloads/1767844349.json
[2026-01-09T14:41:43.993+0000] {logging_mixin.py:188} INFO - Downloaded MSFT/1767844358.json -> /tmp/minio_downloads/1767844358.json
[2026-01-09T14:41:44.003+0000] {logging_mixin.py:188} INFO - Downloaded MSFT/1767844367.json -> /tmp/minio_downloads/1767844367.json
[2026-01-09T14:41:44.011+0000] {logging_mixin.py:188} INFO - Downloaded MSFT/1767844376.json -> /tmp/minio_downloads/1767844376.json
[2026-01-09T14:41:44.019+0000] {logging_mixin.py:188} INFO - Downloaded MSFT/1767844385.json -> /tmp/minio_downloads/1767844385.json
[2026-01-09T14:41:44.027+0000] {logging_mixin.py:188} INFO - Downloaded MSFT/1767844394.json -> /tmp/minio_downloads/1767844394.json
[2026-01-09T14:41:44.033+0000] {logging_mixin.py:188} INFO - Downloaded MSFT/1767844403.json -> /tmp/minio_downloads/1767844403.json
[2026-01-09T14:41:44.041+0000] {logging_mixin.py:188} INFO - Downloaded MSFT/1767844412.json -> /tmp/minio_downloads/1767844412.json
[2026-01-09T14:41:44.050+0000] {logging_mixin.py:188} INFO - Downloaded MSFT/1767844421.json -> /tmp/minio_downloads/1767844421.json
[2026-01-09T14:41:44.062+0000] {logging_mixin.py:188} INFO - Downloaded MSFT/1767844430.json -> /tmp/minio_downloads/1767844430.json
[2026-01-09T14:41:44.080+0000] {logging_mixin.py:188} INFO - Downloaded MSFT/1767844439.json -> /tmp/minio_downloads/1767844439.json
[2026-01-09T14:41:44.086+0000] {logging_mixin.py:188} INFO - Downloaded MSFT/1767844448.json -> /tmp/minio_downloads/1767844448.json
[2026-01-09T14:41:44.093+0000] {logging_mixin.py:188} INFO - Downloaded MSFT/1767844457.json -> /tmp/minio_downloads/1767844457.json
[2026-01-09T14:41:44.100+0000] {logging_mixin.py:188} INFO - Downloaded MSFT/1767844466.json -> /tmp/minio_downloads/1767844466.json
[2026-01-09T14:41:44.105+0000] {logging_mixin.py:188} INFO - Downloaded MSFT/1767844475.json -> /tmp/minio_downloads/1767844475.json
[2026-01-09T14:41:44.112+0000] {logging_mixin.py:188} INFO - Downloaded MSFT/1767844483.json -> /tmp/minio_downloads/1767844483.json
[2026-01-09T14:41:44.120+0000] {logging_mixin.py:188} INFO - Downloaded MSFT/1767844492.json -> /tmp/minio_downloads/1767844492.json
[2026-01-09T14:41:44.136+0000] {logging_mixin.py:188} INFO - Downloaded MSFT/1767844501.json -> /tmp/minio_downloads/1767844501.json
[2026-01-09T14:41:44.145+0000] {logging_mixin.py:188} INFO - Downloaded MSFT/1767913111.json -> /tmp/minio_downloads/1767913111.json
[2026-01-09T14:41:44.156+0000] {logging_mixin.py:188} INFO - Downloaded MSFT/1767913120.json -> /tmp/minio_downloads/1767913120.json
[2026-01-09T14:41:44.166+0000] {logging_mixin.py:188} INFO - Downloaded MSFT/1767913128.json -> /tmp/minio_downloads/1767913128.json
[2026-01-09T14:41:44.179+0000] {logging_mixin.py:188} INFO - Downloaded MSFT/1767913137.json -> /tmp/minio_downloads/1767913137.json
[2026-01-09T14:41:44.204+0000] {logging_mixin.py:188} INFO - Downloaded MSFT/1767913146.json -> /tmp/minio_downloads/1767913146.json
[2026-01-09T14:41:44.220+0000] {logging_mixin.py:188} INFO - Downloaded MSFT/1767913156.json -> /tmp/minio_downloads/1767913156.json
[2026-01-09T14:41:44.235+0000] {logging_mixin.py:188} INFO - Downloaded MSFT/1767913166.json -> /tmp/minio_downloads/1767913166.json
[2026-01-09T14:41:44.243+0000] {logging_mixin.py:188} INFO - Downloaded MSFT/1767913177.json -> /tmp/minio_downloads/1767913177.json
[2026-01-09T14:41:44.250+0000] {logging_mixin.py:188} INFO - Downloaded MSFT/1767913189.json -> /tmp/minio_downloads/1767913189.json
[2026-01-09T14:41:44.256+0000] {logging_mixin.py:188} INFO - Downloaded MSFT/1767913200.json -> /tmp/minio_downloads/1767913200.json
[2026-01-09T14:41:44.261+0000] {logging_mixin.py:188} INFO - Downloaded MSFT/1767913211.json -> /tmp/minio_downloads/1767913211.json
[2026-01-09T14:41:44.266+0000] {logging_mixin.py:188} INFO - Downloaded MSFT/1767913219.json -> /tmp/minio_downloads/1767913219.json
[2026-01-09T14:41:44.272+0000] {logging_mixin.py:188} INFO - Downloaded MSFT/1767913230.json -> /tmp/minio_downloads/1767913230.json
[2026-01-09T14:41:44.277+0000] {logging_mixin.py:188} INFO - Downloaded MSFT/1767913239.json -> /tmp/minio_downloads/1767913239.json
[2026-01-09T14:41:44.283+0000] {logging_mixin.py:188} INFO - Downloaded MSFT/1767913249.json -> /tmp/minio_downloads/1767913249.json
[2026-01-09T14:41:44.296+0000] {logging_mixin.py:188} INFO - Downloaded MSFT/1767913260.json -> /tmp/minio_downloads/1767913260.json
[2026-01-09T14:41:44.304+0000] {logging_mixin.py:188} INFO - Downloaded MSFT/1767913270.json -> /tmp/minio_downloads/1767913270.json
[2026-01-09T14:41:44.310+0000] {logging_mixin.py:188} INFO - Downloaded MSFT/1767913281.json -> /tmp/minio_downloads/1767913281.json
[2026-01-09T14:41:44.316+0000] {logging_mixin.py:188} INFO - Downloaded MSFT/1767913292.json -> /tmp/minio_downloads/1767913292.json
[2026-01-09T14:41:44.322+0000] {logging_mixin.py:188} INFO - Downloaded MSFT/1767913302.json -> /tmp/minio_downloads/1767913302.json
[2026-01-09T14:41:44.328+0000] {logging_mixin.py:188} INFO - Downloaded MSFT/1767913311.json -> /tmp/minio_downloads/1767913311.json
[2026-01-09T14:41:44.335+0000] {logging_mixin.py:188} INFO - Downloaded MSFT/1767913320.json -> /tmp/minio_downloads/1767913320.json
[2026-01-09T14:41:44.341+0000] {logging_mixin.py:188} INFO - Downloaded MSFT/1767913329.json -> /tmp/minio_downloads/1767913329.json
[2026-01-09T14:41:44.348+0000] {logging_mixin.py:188} INFO - Downloaded MSFT/1767913339.json -> /tmp/minio_downloads/1767913339.json
[2026-01-09T14:41:44.355+0000] {logging_mixin.py:188} INFO - Downloaded MSFT/1767913350.json -> /tmp/minio_downloads/1767913350.json
[2026-01-09T14:41:44.361+0000] {logging_mixin.py:188} INFO - Downloaded MSFT/1767913361.json -> /tmp/minio_downloads/1767913361.json
[2026-01-09T14:41:44.368+0000] {logging_mixin.py:188} INFO - Downloaded TSLA/1767843764.json -> /tmp/minio_downloads/1767843764.json
[2026-01-09T14:41:44.374+0000] {logging_mixin.py:188} INFO - Downloaded TSLA/1767843773.json -> /tmp/minio_downloads/1767843773.json
[2026-01-09T14:41:44.380+0000] {logging_mixin.py:188} INFO - Downloaded TSLA/1767843782.json -> /tmp/minio_downloads/1767843782.json
[2026-01-09T14:41:44.387+0000] {logging_mixin.py:188} INFO - Downloaded TSLA/1767843791.json -> /tmp/minio_downloads/1767843791.json
[2026-01-09T14:41:44.394+0000] {logging_mixin.py:188} INFO - Downloaded TSLA/1767843800.json -> /tmp/minio_downloads/1767843800.json
[2026-01-09T14:41:44.401+0000] {logging_mixin.py:188} INFO - Downloaded TSLA/1767843810.json -> /tmp/minio_downloads/1767843810.json
[2026-01-09T14:41:44.409+0000] {logging_mixin.py:188} INFO - Downloaded TSLA/1767843819.json -> /tmp/minio_downloads/1767843819.json
[2026-01-09T14:41:44.415+0000] {logging_mixin.py:188} INFO - Downloaded TSLA/1767843828.json -> /tmp/minio_downloads/1767843828.json
[2026-01-09T14:41:44.421+0000] {logging_mixin.py:188} INFO - Downloaded TSLA/1767843837.json -> /tmp/minio_downloads/1767843837.json
[2026-01-09T14:41:44.427+0000] {logging_mixin.py:188} INFO - Downloaded TSLA/1767843846.json -> /tmp/minio_downloads/1767843846.json
[2026-01-09T14:41:44.433+0000] {logging_mixin.py:188} INFO - Downloaded TSLA/1767843855.json -> /tmp/minio_downloads/1767843855.json
[2026-01-09T14:41:44.441+0000] {logging_mixin.py:188} INFO - Downloaded TSLA/1767843865.json -> /tmp/minio_downloads/1767843865.json
[2026-01-09T14:41:44.447+0000] {logging_mixin.py:188} INFO - Downloaded TSLA/1767843874.json -> /tmp/minio_downloads/1767843874.json
[2026-01-09T14:41:44.452+0000] {logging_mixin.py:188} INFO - Downloaded TSLA/1767843883.json -> /tmp/minio_downloads/1767843883.json
[2026-01-09T14:41:44.457+0000] {logging_mixin.py:188} INFO - Downloaded TSLA/1767843892.json -> /tmp/minio_downloads/1767843892.json
[2026-01-09T14:41:44.463+0000] {logging_mixin.py:188} INFO - Downloaded TSLA/1767843901.json -> /tmp/minio_downloads/1767843901.json
[2026-01-09T14:41:44.470+0000] {logging_mixin.py:188} INFO - Downloaded TSLA/1767843910.json -> /tmp/minio_downloads/1767843910.json
[2026-01-09T14:41:44.475+0000] {logging_mixin.py:188} INFO - Downloaded TSLA/1767843920.json -> /tmp/minio_downloads/1767843920.json
[2026-01-09T14:41:44.481+0000] {logging_mixin.py:188} INFO - Downloaded TSLA/1767843929.json -> /tmp/minio_downloads/1767843929.json
[2026-01-09T14:41:44.487+0000] {logging_mixin.py:188} INFO - Downloaded TSLA/1767843939.json -> /tmp/minio_downloads/1767843939.json
[2026-01-09T14:41:44.494+0000] {logging_mixin.py:188} INFO - Downloaded TSLA/1767843948.json -> /tmp/minio_downloads/1767843948.json
[2026-01-09T14:41:44.500+0000] {logging_mixin.py:188} INFO - Downloaded TSLA/1767843957.json -> /tmp/minio_downloads/1767843957.json
[2026-01-09T14:41:44.507+0000] {logging_mixin.py:188} INFO - Downloaded TSLA/1767843966.json -> /tmp/minio_downloads/1767843966.json
[2026-01-09T14:41:44.516+0000] {logging_mixin.py:188} INFO - Downloaded TSLA/1767843975.json -> /tmp/minio_downloads/1767843975.json
[2026-01-09T14:41:44.524+0000] {logging_mixin.py:188} INFO - Downloaded TSLA/1767843984.json -> /tmp/minio_downloads/1767843984.json
[2026-01-09T14:41:44.531+0000] {logging_mixin.py:188} INFO - Downloaded TSLA/1767843993.json -> /tmp/minio_downloads/1767843993.json
[2026-01-09T14:41:44.538+0000] {logging_mixin.py:188} INFO - Downloaded TSLA/1767844002.json -> /tmp/minio_downloads/1767844002.json
[2026-01-09T14:41:44.544+0000] {logging_mixin.py:188} INFO - Downloaded TSLA/1767844011.json -> /tmp/minio_downloads/1767844011.json
[2026-01-09T14:41:44.551+0000] {logging_mixin.py:188} INFO - Downloaded TSLA/1767844020.json -> /tmp/minio_downloads/1767844020.json
[2026-01-09T14:41:44.558+0000] {logging_mixin.py:188} INFO - Downloaded TSLA/1767844029.json -> /tmp/minio_downloads/1767844029.json
[2026-01-09T14:41:44.565+0000] {logging_mixin.py:188} INFO - Downloaded TSLA/1767844038.json -> /tmp/minio_downloads/1767844038.json
[2026-01-09T14:41:44.571+0000] {logging_mixin.py:188} INFO - Downloaded TSLA/1767844047.json -> /tmp/minio_downloads/1767844047.json
[2026-01-09T14:41:44.577+0000] {logging_mixin.py:188} INFO - Downloaded TSLA/1767844056.json -> /tmp/minio_downloads/1767844056.json
[2026-01-09T14:41:44.583+0000] {logging_mixin.py:188} INFO - Downloaded TSLA/1767844065.json -> /tmp/minio_downloads/1767844065.json
[2026-01-09T14:41:44.590+0000] {logging_mixin.py:188} INFO - Downloaded TSLA/1767844074.json -> /tmp/minio_downloads/1767844074.json
[2026-01-09T14:41:44.595+0000] {logging_mixin.py:188} INFO - Downloaded TSLA/1767844084.json -> /tmp/minio_downloads/1767844084.json
[2026-01-09T14:41:44.601+0000] {logging_mixin.py:188} INFO - Downloaded TSLA/1767844093.json -> /tmp/minio_downloads/1767844093.json
[2026-01-09T14:41:44.607+0000] {logging_mixin.py:188} INFO - Downloaded TSLA/1767844102.json -> /tmp/minio_downloads/1767844102.json
[2026-01-09T14:41:44.612+0000] {logging_mixin.py:188} INFO - Downloaded TSLA/1767844112.json -> /tmp/minio_downloads/1767844112.json
[2026-01-09T14:41:44.618+0000] {logging_mixin.py:188} INFO - Downloaded TSLA/1767844121.json -> /tmp/minio_downloads/1767844121.json
[2026-01-09T14:41:44.624+0000] {logging_mixin.py:188} INFO - Downloaded TSLA/1767844130.json -> /tmp/minio_downloads/1767844130.json
[2026-01-09T14:41:44.630+0000] {logging_mixin.py:188} INFO - Downloaded TSLA/1767844138.json -> /tmp/minio_downloads/1767844138.json
[2026-01-09T14:41:44.635+0000] {logging_mixin.py:188} INFO - Downloaded TSLA/1767844147.json -> /tmp/minio_downloads/1767844147.json
[2026-01-09T14:41:44.640+0000] {logging_mixin.py:188} INFO - Downloaded TSLA/1767844157.json -> /tmp/minio_downloads/1767844157.json
[2026-01-09T14:41:44.647+0000] {logging_mixin.py:188} INFO - Downloaded TSLA/1767844165.json -> /tmp/minio_downloads/1767844165.json
[2026-01-09T14:41:44.653+0000] {logging_mixin.py:188} INFO - Downloaded TSLA/1767844175.json -> /tmp/minio_downloads/1767844175.json
[2026-01-09T14:41:44.660+0000] {logging_mixin.py:188} INFO - Downloaded TSLA/1767844184.json -> /tmp/minio_downloads/1767844184.json
[2026-01-09T14:41:44.665+0000] {logging_mixin.py:188} INFO - Downloaded TSLA/1767844193.json -> /tmp/minio_downloads/1767844193.json
[2026-01-09T14:41:44.673+0000] {logging_mixin.py:188} INFO - Downloaded TSLA/1767844202.json -> /tmp/minio_downloads/1767844202.json
[2026-01-09T14:41:44.679+0000] {logging_mixin.py:188} INFO - Downloaded TSLA/1767844211.json -> /tmp/minio_downloads/1767844211.json
[2026-01-09T14:41:44.687+0000] {logging_mixin.py:188} INFO - Downloaded TSLA/1767844220.json -> /tmp/minio_downloads/1767844220.json
[2026-01-09T14:41:44.694+0000] {logging_mixin.py:188} INFO - Downloaded TSLA/1767844229.json -> /tmp/minio_downloads/1767844229.json
[2026-01-09T14:41:44.703+0000] {logging_mixin.py:188} INFO - Downloaded TSLA/1767844238.json -> /tmp/minio_downloads/1767844238.json
[2026-01-09T14:41:44.709+0000] {logging_mixin.py:188} INFO - Downloaded TSLA/1767844247.json -> /tmp/minio_downloads/1767844247.json
[2026-01-09T14:41:44.716+0000] {logging_mixin.py:188} INFO - Downloaded TSLA/1767844256.json -> /tmp/minio_downloads/1767844256.json
[2026-01-09T14:41:44.723+0000] {logging_mixin.py:188} INFO - Downloaded TSLA/1767844265.json -> /tmp/minio_downloads/1767844265.json
[2026-01-09T14:41:44.729+0000] {logging_mixin.py:188} INFO - Downloaded TSLA/1767844274.json -> /tmp/minio_downloads/1767844274.json
[2026-01-09T14:41:44.737+0000] {logging_mixin.py:188} INFO - Downloaded TSLA/1767844284.json -> /tmp/minio_downloads/1767844284.json
[2026-01-09T14:41:44.744+0000] {logging_mixin.py:188} INFO - Downloaded TSLA/1767844293.json -> /tmp/minio_downloads/1767844293.json
[2026-01-09T14:41:44.751+0000] {logging_mixin.py:188} INFO - Downloaded TSLA/1767844302.json -> /tmp/minio_downloads/1767844302.json
[2026-01-09T14:41:44.759+0000] {logging_mixin.py:188} INFO - Downloaded TSLA/1767844311.json -> /tmp/minio_downloads/1767844311.json
[2026-01-09T14:41:44.766+0000] {logging_mixin.py:188} INFO - Downloaded TSLA/1767844320.json -> /tmp/minio_downloads/1767844320.json
[2026-01-09T14:41:44.773+0000] {logging_mixin.py:188} INFO - Downloaded TSLA/1767844330.json -> /tmp/minio_downloads/1767844330.json
[2026-01-09T14:41:44.780+0000] {logging_mixin.py:188} INFO - Downloaded TSLA/1767844340.json -> /tmp/minio_downloads/1767844340.json
[2026-01-09T14:41:44.787+0000] {logging_mixin.py:188} INFO - Downloaded TSLA/1767844349.json -> /tmp/minio_downloads/1767844349.json
[2026-01-09T14:41:44.793+0000] {logging_mixin.py:188} INFO - Downloaded TSLA/1767844358.json -> /tmp/minio_downloads/1767844358.json
[2026-01-09T14:41:44.799+0000] {logging_mixin.py:188} INFO - Downloaded TSLA/1767844367.json -> /tmp/minio_downloads/1767844367.json
[2026-01-09T14:41:44.804+0000] {logging_mixin.py:188} INFO - Downloaded TSLA/1767844376.json -> /tmp/minio_downloads/1767844376.json
[2026-01-09T14:41:44.813+0000] {logging_mixin.py:188} INFO - Downloaded TSLA/1767844385.json -> /tmp/minio_downloads/1767844385.json
[2026-01-09T14:41:44.819+0000] {logging_mixin.py:188} INFO - Downloaded TSLA/1767844394.json -> /tmp/minio_downloads/1767844394.json
[2026-01-09T14:41:44.826+0000] {logging_mixin.py:188} INFO - Downloaded TSLA/1767844403.json -> /tmp/minio_downloads/1767844403.json
[2026-01-09T14:41:44.832+0000] {logging_mixin.py:188} INFO - Downloaded TSLA/1767844412.json -> /tmp/minio_downloads/1767844412.json
[2026-01-09T14:41:44.838+0000] {logging_mixin.py:188} INFO - Downloaded TSLA/1767844421.json -> /tmp/minio_downloads/1767844421.json
[2026-01-09T14:41:44.843+0000] {logging_mixin.py:188} INFO - Downloaded TSLA/1767844430.json -> /tmp/minio_downloads/1767844430.json
[2026-01-09T14:41:44.850+0000] {logging_mixin.py:188} INFO - Downloaded TSLA/1767844439.json -> /tmp/minio_downloads/1767844439.json
[2026-01-09T14:41:44.856+0000] {logging_mixin.py:188} INFO - Downloaded TSLA/1767844448.json -> /tmp/minio_downloads/1767844448.json
[2026-01-09T14:41:44.863+0000] {logging_mixin.py:188} INFO - Downloaded TSLA/1767844457.json -> /tmp/minio_downloads/1767844457.json
[2026-01-09T14:41:44.869+0000] {logging_mixin.py:188} INFO - Downloaded TSLA/1767844466.json -> /tmp/minio_downloads/1767844466.json
[2026-01-09T14:41:44.876+0000] {logging_mixin.py:188} INFO - Downloaded TSLA/1767844475.json -> /tmp/minio_downloads/1767844475.json
[2026-01-09T14:41:44.885+0000] {logging_mixin.py:188} INFO - Downloaded TSLA/1767844484.json -> /tmp/minio_downloads/1767844484.json
[2026-01-09T14:41:44.893+0000] {logging_mixin.py:188} INFO - Downloaded TSLA/1767844493.json -> /tmp/minio_downloads/1767844493.json
[2026-01-09T14:41:44.904+0000] {logging_mixin.py:188} INFO - Downloaded TSLA/1767844502.json -> /tmp/minio_downloads/1767844502.json
[2026-01-09T14:41:44.912+0000] {logging_mixin.py:188} INFO - Downloaded TSLA/1767913111.json -> /tmp/minio_downloads/1767913111.json
[2026-01-09T14:41:44.922+0000] {logging_mixin.py:188} INFO - Downloaded TSLA/1767913120.json -> /tmp/minio_downloads/1767913120.json
[2026-01-09T14:41:44.929+0000] {logging_mixin.py:188} INFO - Downloaded TSLA/1767913129.json -> /tmp/minio_downloads/1767913129.json
[2026-01-09T14:41:44.935+0000] {logging_mixin.py:188} INFO - Downloaded TSLA/1767913138.json -> /tmp/minio_downloads/1767913138.json
[2026-01-09T14:41:44.942+0000] {logging_mixin.py:188} INFO - Downloaded TSLA/1767913146.json -> /tmp/minio_downloads/1767913146.json
[2026-01-09T14:41:44.954+0000] {logging_mixin.py:188} INFO - Downloaded TSLA/1767913156.json -> /tmp/minio_downloads/1767913156.json
[2026-01-09T14:41:44.965+0000] {logging_mixin.py:188} INFO - Downloaded TSLA/1767913167.json -> /tmp/minio_downloads/1767913167.json
[2026-01-09T14:41:44.978+0000] {logging_mixin.py:188} INFO - Downloaded TSLA/1767913178.json -> /tmp/minio_downloads/1767913178.json
[2026-01-09T14:41:44.985+0000] {logging_mixin.py:188} INFO - Downloaded TSLA/1767913190.json -> /tmp/minio_downloads/1767913190.json
[2026-01-09T14:41:44.991+0000] {logging_mixin.py:188} INFO - Downloaded TSLA/1767913201.json -> /tmp/minio_downloads/1767913201.json
[2026-01-09T14:41:44.996+0000] {logging_mixin.py:188} INFO - Downloaded TSLA/1767913211.json -> /tmp/minio_downloads/1767913211.json
[2026-01-09T14:41:45.001+0000] {logging_mixin.py:188} INFO - Downloaded TSLA/1767913220.json -> /tmp/minio_downloads/1767913220.json
[2026-01-09T14:41:45.006+0000] {logging_mixin.py:188} INFO - Downloaded TSLA/1767913230.json -> /tmp/minio_downloads/1767913230.json
[2026-01-09T14:41:45.011+0000] {logging_mixin.py:188} INFO - Downloaded TSLA/1767913239.json -> /tmp/minio_downloads/1767913239.json
[2026-01-09T14:41:45.017+0000] {logging_mixin.py:188} INFO - Downloaded TSLA/1767913250.json -> /tmp/minio_downloads/1767913250.json
[2026-01-09T14:41:45.022+0000] {logging_mixin.py:188} INFO - Downloaded TSLA/1767913260.json -> /tmp/minio_downloads/1767913260.json
[2026-01-09T14:41:45.027+0000] {logging_mixin.py:188} INFO - Downloaded TSLA/1767913271.json -> /tmp/minio_downloads/1767913271.json
[2026-01-09T14:41:45.033+0000] {logging_mixin.py:188} INFO - Downloaded TSLA/1767913282.json -> /tmp/minio_downloads/1767913282.json
[2026-01-09T14:41:45.038+0000] {logging_mixin.py:188} INFO - Downloaded TSLA/1767913294.json -> /tmp/minio_downloads/1767913294.json
[2026-01-09T14:41:45.044+0000] {logging_mixin.py:188} INFO - Downloaded TSLA/1767913303.json -> /tmp/minio_downloads/1767913303.json
[2026-01-09T14:41:45.049+0000] {logging_mixin.py:188} INFO - Downloaded TSLA/1767913312.json -> /tmp/minio_downloads/1767913312.json
[2026-01-09T14:41:45.054+0000] {logging_mixin.py:188} INFO - Downloaded TSLA/1767913321.json -> /tmp/minio_downloads/1767913321.json
[2026-01-09T14:41:45.060+0000] {logging_mixin.py:188} INFO - Downloaded TSLA/1767913330.json -> /tmp/minio_downloads/1767913330.json
[2026-01-09T14:41:45.065+0000] {logging_mixin.py:188} INFO - Downloaded TSLA/1767913340.json -> /tmp/minio_downloads/1767913340.json
[2026-01-09T14:41:45.072+0000] {logging_mixin.py:188} INFO - Downloaded TSLA/1767913351.json -> /tmp/minio_downloads/1767913351.json
[2026-01-09T14:41:45.077+0000] {logging_mixin.py:188} INFO - Downloaded TSLA/1767913362.json -> /tmp/minio_downloads/1767913362.json
[2026-01-09T14:41:45.078+0000] {python.py:237} INFO - Done. Returned value was: ['/tmp/minio_downloads/1767843763.json', '/tmp/minio_downloads/1767843772.json', '/tmp/minio_downloads/1767843781.json', '/tmp/minio_downloads/1767843790.json', '/tmp/minio_downloads/1767843799.json', '/tmp/minio_downloads/1767843809.json', '/tmp/minio_downloads/1767843818.json', '/tmp/minio_downloads/1767843827.json', '/tmp/minio_downloads/1767843836.json', '/tmp/minio_downloads/1767843845.json', '/tmp/minio_downloads/1767843854.json', '/tmp/minio_downloads/1767843864.json', '/tmp/minio_downloads/1767843873.json', '/tmp/minio_downloads/1767843882.json', '/tmp/minio_downloads/1767843891.json', '/tmp/minio_downloads/1767843900.json', '/tmp/minio_downloads/1767843910.json', '/tmp/minio_downloads/1767843919.json', '/tmp/minio_downloads/1767843928.json', '/tmp/minio_downloads/1767843938.json', '/tmp/minio_downloads/1767843947.json', '/tmp/minio_downloads/1767843956.json', '/tmp/minio_downloads/1767843965.json', '/tmp/minio_downloads/1767843974.json', '/tmp/minio_downloads/1767843983.json', '/tmp/minio_downloads/1767843992.json', '/tmp/minio_downloads/1767844001.json', '/tmp/minio_downloads/1767844010.json', '/tmp/minio_downloads/1767844019.json', '/tmp/minio_downloads/1767844028.json', '/tmp/minio_downloads/1767844037.json', '/tmp/minio_downloads/1767844046.json', '/tmp/minio_downloads/1767844055.json', '/tmp/minio_downloads/1767844064.json', '/tmp/minio_downloads/1767844073.json', '/tmp/minio_downloads/1767844083.json', '/tmp/minio_downloads/1767844093.json', '/tmp/minio_downloads/1767844101.json', '/tmp/minio_downloads/1767844111.json', '/tmp/minio_downloads/1767844120.json', '/tmp/minio_downloads/1767844129.json', '/tmp/minio_downloads/1767844138.json', '/tmp/minio_downloads/1767844147.json', '/tmp/minio_downloads/1767844156.json', '/tmp/minio_downloads/1767844165.json', '/tmp/minio_downloads/1767844174.json', '/tmp/minio_downloads/1767844183.json', '/tmp/minio_downloads/1767844192.json', '/tmp/minio_downloads/1767844201.json', '/tmp/minio_downloads/1767844210.json', '/tmp/minio_downloads/1767844219.json', '/tmp/minio_downloads/1767844228.json', '/tmp/minio_downloads/1767844237.json', '/tmp/minio_downloads/1767844246.json', '/tmp/minio_downloads/1767844256.json', '/tmp/minio_downloads/1767844265.json', '/tmp/minio_downloads/1767844274.json', '/tmp/minio_downloads/1767844283.json', '/tmp/minio_downloads/1767844292.json', '/tmp/minio_downloads/1767844301.json', '/tmp/minio_downloads/1767844310.json', '/tmp/minio_downloads/1767844319.json', '/tmp/minio_downloads/1767844329.json', '/tmp/minio_downloads/1767844339.json', '/tmp/minio_downloads/1767844348.json', '/tmp/minio_downloads/1767844357.json', '/tmp/minio_downloads/1767844366.json', '/tmp/minio_downloads/1767844375.json', '/tmp/minio_downloads/1767844384.json', '/tmp/minio_downloads/1767844393.json', '/tmp/minio_downloads/1767844402.json', '/tmp/minio_downloads/1767844411.json', '/tmp/minio_downloads/1767844420.json', '/tmp/minio_downloads/1767844429.json', '/tmp/minio_downloads/1767844438.json', '/tmp/minio_downloads/1767844447.json', '/tmp/minio_downloads/1767844456.json', '/tmp/minio_downloads/1767844465.json', '/tmp/minio_downloads/1767844474.json', '/tmp/minio_downloads/1767844483.json', '/tmp/minio_downloads/1767844492.json', '/tmp/minio_downloads/1767844501.json', '/tmp/minio_downloads/1767913110.json', '/tmp/minio_downloads/1767913119.json', '/tmp/minio_downloads/1767913128.json', '/tmp/minio_downloads/1767913137.json', '/tmp/minio_downloads/1767913146.json', '/tmp/minio_downloads/1767913155.json', '/tmp/minio_downloads/1767913166.json', '/tmp/minio_downloads/1767913176.json', '/tmp/minio_downloads/1767913188.json', '/tmp/minio_downloads/1767913200.json', '/tmp/minio_downloads/1767913210.json', '/tmp/minio_downloads/1767913219.json', '/tmp/minio_downloads/1767913229.json', '/tmp/minio_downloads/1767913238.json', '/tmp/minio_downloads/1767913248.json', '/tmp/minio_downloads/1767913259.json', '/tmp/minio_downloads/1767913270.json', '/tmp/minio_downloads/1767913280.json', '/tmp/minio_downloads/1767913292.json', '/tmp/minio_downloads/1767913302.json', '/tmp/minio_downloads/1767913311.json', '/tmp/minio_downloads/1767913320.json', '/tmp/minio_downloads/1767913329.json', '/tmp/minio_downloads/1767913338.json', '/tmp/minio_downloads/1767913349.json', '/tmp/minio_downloads/1767913360.json', '/tmp/minio_downloads/1767843764.json', '/tmp/minio_downloads/1767843774.json', '/tmp/minio_downloads/1767843783.json', '/tmp/minio_downloads/1767843792.json', '/tmp/minio_downloads/1767843801.json', '/tmp/minio_downloads/1767843810.json', '/tmp/minio_downloads/1767843820.json', '/tmp/minio_downloads/1767843829.json', '/tmp/minio_downloads/1767843838.json', '/tmp/minio_downloads/1767843847.json', '/tmp/minio_downloads/1767843856.json', '/tmp/minio_downloads/1767843865.json', '/tmp/minio_downloads/1767843875.json', '/tmp/minio_downloads/1767843884.json', '/tmp/minio_downloads/1767843893.json', '/tmp/minio_downloads/1767843902.json', '/tmp/minio_downloads/1767843911.json', '/tmp/minio_downloads/1767843921.json', '/tmp/minio_downloads/1767843930.json', '/tmp/minio_downloads/1767843939.json', '/tmp/minio_downloads/1767843948.json', '/tmp/minio_downloads/1767843958.json', '/tmp/minio_downloads/1767843967.json', '/tmp/minio_downloads/1767843976.json', '/tmp/minio_downloads/1767843984.json', '/tmp/minio_downloads/1767843993.json', '/tmp/minio_downloads/1767844003.json', '/tmp/minio_downloads/1767844012.json', '/tmp/minio_downloads/1767844021.json', '/tmp/minio_downloads/1767844030.json', '/tmp/minio_downloads/1767844039.json', '/tmp/minio_downloads/1767844048.json', '/tmp/minio_downloads/1767844057.json', '/tmp/minio_downloads/1767844066.json', '/tmp/minio_downloads/1767844075.json', '/tmp/minio_downloads/1767844085.json', '/tmp/minio_downloads/1767844094.json', '/tmp/minio_downloads/1767844103.json', '/tmp/minio_downloads/1767844112.json', '/tmp/minio_downloads/1767844121.json', '/tmp/minio_downloads/1767844130.json', '/tmp/minio_downloads/1767844139.json', '/tmp/minio_downloads/1767844148.json', '/tmp/minio_downloads/1767844157.json', '/tmp/minio_downloads/1767844166.json', '/tmp/minio_downloads/1767844175.json', '/tmp/minio_downloads/1767844184.json', '/tmp/minio_downloads/1767844194.json', '/tmp/minio_downloads/1767844203.json', '/tmp/minio_downloads/1767844212.json', '/tmp/minio_downloads/1767844221.json', '/tmp/minio_downloads/1767844230.json', '/tmp/minio_downloads/1767844239.json', '/tmp/minio_downloads/1767844248.json', '/tmp/minio_downloads/1767844257.json', '/tmp/minio_downloads/1767844266.json', '/tmp/minio_downloads/1767844275.json', '/tmp/minio_downloads/1767844284.json', '/tmp/minio_downloads/1767844293.json', '/tmp/minio_downloads/1767844303.json', '/tmp/minio_downloads/1767844312.json', '/tmp/minio_downloads/1767844322.json', '/tmp/minio_downloads/1767844331.json', '/tmp/minio_downloads/1767844341.json', '/tmp/minio_downloads/1767844350.json', '/tmp/minio_downloads/1767844359.json', '/tmp/minio_downloads/1767844368.json', '/tmp/minio_downloads/1767844377.json', '/tmp/minio_downloads/1767844386.json', '/tmp/minio_downloads/1767844395.json', '/tmp/minio_downloads/1767844404.json', '/tmp/minio_downloads/1767844413.json', '/tmp/minio_downloads/1767844422.json', '/tmp/minio_downloads/1767844431.json', '/tmp/minio_downloads/1767844440.json', '/tmp/minio_downloads/1767844449.json', '/tmp/minio_downloads/1767844458.json', '/tmp/minio_downloads/1767844467.json', '/tmp/minio_downloads/1767844476.json', '/tmp/minio_downloads/1767844485.json', '/tmp/minio_downloads/1767844494.json', '/tmp/minio_downloads/1767913112.json', '/tmp/minio_downloads/1767913121.json', '/tmp/minio_downloads/1767913129.json', '/tmp/minio_downloads/1767913138.json', '/tmp/minio_downloads/1767913147.json', '/tmp/minio_downloads/1767913158.json', '/tmp/minio_downloads/1767913168.json', '/tmp/minio_downloads/1767913180.json', '/tmp/minio_downloads/1767913191.json', '/tmp/minio_downloads/1767913203.json', '/tmp/minio_downloads/1767913212.json', '/tmp/minio_downloads/1767913221.json', '/tmp/minio_downloads/1767913231.json', '/tmp/minio_downloads/1767913241.json', '/tmp/minio_downloads/1767913251.json', '/tmp/minio_downloads/1767913262.json', '/tmp/minio_downloads/1767913272.json', '/tmp/minio_downloads/1767913284.json', '/tmp/minio_downloads/1767913294.json', '/tmp/minio_downloads/1767913303.json', '/tmp/minio_downloads/1767913312.json', '/tmp/minio_downloads/1767913321.json', '/tmp/minio_downloads/1767913330.json', '/tmp/minio_downloads/1767913342.json', '/tmp/minio_downloads/1767913352.json', '/tmp/minio_downloads/1767913364.json', '/tmp/minio_downloads/1767843764.json', '/tmp/minio_downloads/1767843773.json', '/tmp/minio_downloads/1767843782.json', '/tmp/minio_downloads/1767843791.json', '/tmp/minio_downloads/1767843801.json', '/tmp/minio_downloads/1767843810.json', '/tmp/minio_downloads/1767843819.json', '/tmp/minio_downloads/1767843828.json', '/tmp/minio_downloads/1767843837.json', '/tmp/minio_downloads/1767843847.json', '/tmp/minio_downloads/1767843856.json', '/tmp/minio_downloads/1767843865.json', '/tmp/minio_downloads/1767843874.json', '/tmp/minio_downloads/1767843883.json', '/tmp/minio_downloads/1767843892.json', '/tmp/minio_downloads/1767843902.json', '/tmp/minio_downloads/1767843911.json', '/tmp/minio_downloads/1767843920.json', '/tmp/minio_downloads/1767843930.json', '/tmp/minio_downloads/1767843939.json', '/tmp/minio_downloads/1767843948.json', '/tmp/minio_downloads/1767843957.json', '/tmp/minio_downloads/1767843966.json', '/tmp/minio_downloads/1767843975.json', '/tmp/minio_downloads/1767843984.json', '/tmp/minio_downloads/1767843993.json', '/tmp/minio_downloads/1767844002.json', '/tmp/minio_downloads/1767844011.json', '/tmp/minio_downloads/1767844020.json', '/tmp/minio_downloads/1767844029.json', '/tmp/minio_downloads/1767844038.json', '/tmp/minio_downloads/1767844048.json', '/tmp/minio_downloads/1767844057.json', '/tmp/minio_downloads/1767844065.json', '/tmp/minio_downloads/1767844075.json', '/tmp/minio_downloads/1767844085.json', '/tmp/minio_downloads/1767844094.json', '/tmp/minio_downloads/1767844103.json', '/tmp/minio_downloads/1767844112.json', '/tmp/minio_downloads/1767844121.json', '/tmp/minio_downloads/1767844130.json', '/tmp/minio_downloads/1767844139.json', '/tmp/minio_downloads/1767844148.json', '/tmp/minio_downloads/1767844157.json', '/tmp/minio_downloads/1767844166.json', '/tmp/minio_downloads/1767844175.json', '/tmp/minio_downloads/1767844184.json', '/tmp/minio_downloads/1767844193.json', '/tmp/minio_downloads/1767844202.json', '/tmp/minio_downloads/1767844211.json', '/tmp/minio_downloads/1767844220.json', '/tmp/minio_downloads/1767844229.json', '/tmp/minio_downloads/1767844239.json', '/tmp/minio_downloads/1767844248.json', '/tmp/minio_downloads/1767844257.json', '/tmp/minio_downloads/1767844266.json', '/tmp/minio_downloads/1767844275.json', '/tmp/minio_downloads/1767844284.json', '/tmp/minio_downloads/1767844293.json', '/tmp/minio_downloads/1767844302.json', '/tmp/minio_downloads/1767844311.json', '/tmp/minio_downloads/1767844321.json', '/tmp/minio_downloads/1767844331.json', '/tmp/minio_downloads/1767844340.json', '/tmp/minio_downloads/1767844350.json', '/tmp/minio_downloads/1767844359.json', '/tmp/minio_downloads/1767844368.json', '/tmp/minio_downloads/1767844377.json', '/tmp/minio_downloads/1767844386.json', '/tmp/minio_downloads/1767844394.json', '/tmp/minio_downloads/1767844403.json', '/tmp/minio_downloads/1767844412.json', '/tmp/minio_downloads/1767844421.json', '/tmp/minio_downloads/1767844430.json', '/tmp/minio_downloads/1767844439.json', '/tmp/minio_downloads/1767844448.json', '/tmp/minio_downloads/1767844457.json', '/tmp/minio_downloads/1767844466.json', '/tmp/minio_downloads/1767844475.json', '/tmp/minio_downloads/1767844484.json', '/tmp/minio_downloads/1767844493.json', '/tmp/minio_downloads/1767844502.json', '/tmp/minio_downloads/1767913112.json', '/tmp/minio_downloads/1767913120.json', '/tmp/minio_downloads/1767913129.json', '/tmp/minio_downloads/1767913138.json', '/tmp/minio_downloads/1767913147.json', '/tmp/minio_downloads/1767913157.json', '/tmp/minio_downloads/1767913168.json', '/tmp/minio_downloads/1767913179.json', '/tmp/minio_downloads/1767913191.json', '/tmp/minio_downloads/1767913202.json', '/tmp/minio_downloads/1767913211.json', '/tmp/minio_downloads/1767913221.json', '/tmp/minio_downloads/1767913231.json', '/tmp/minio_downloads/1767913240.json', '/tmp/minio_downloads/1767913250.json', '/tmp/minio_downloads/1767913261.json', '/tmp/minio_downloads/1767913272.json', '/tmp/minio_downloads/1767913283.json', '/tmp/minio_downloads/1767913294.json', '/tmp/minio_downloads/1767913303.json', '/tmp/minio_downloads/1767913312.json', '/tmp/minio_downloads/1767913321.json', '/tmp/minio_downloads/1767913330.json', '/tmp/minio_downloads/1767913341.json', '/tmp/minio_downloads/1767913352.json', '/tmp/minio_downloads/1767913363.json', '/tmp/minio_downloads/1767843763.json', '/tmp/minio_downloads/1767843772.json', '/tmp/minio_downloads/1767843782.json', '/tmp/minio_downloads/1767843791.json', '/tmp/minio_downloads/1767843800.json', '/tmp/minio_downloads/1767843809.json', '/tmp/minio_downloads/1767843818.json', '/tmp/minio_downloads/1767843827.json', '/tmp/minio_downloads/1767843837.json', '/tmp/minio_downloads/1767843846.json', '/tmp/minio_downloads/1767843855.json', '/tmp/minio_downloads/1767843864.json', '/tmp/minio_downloads/1767843873.json', '/tmp/minio_downloads/1767843883.json', '/tmp/minio_downloads/1767843892.json', '/tmp/minio_downloads/1767843901.json', '/tmp/minio_downloads/1767843910.json', '/tmp/minio_downloads/1767843919.json', '/tmp/minio_downloads/1767843929.json', '/tmp/minio_downloads/1767843938.json', '/tmp/minio_downloads/1767843947.json', '/tmp/minio_downloads/1767843956.json', '/tmp/minio_downloads/1767843965.json', '/tmp/minio_downloads/1767843974.json', '/tmp/minio_downloads/1767843983.json', '/tmp/minio_downloads/1767843992.json', '/tmp/minio_downloads/1767844001.json', '/tmp/minio_downloads/1767844010.json', '/tmp/minio_downloads/1767844019.json', '/tmp/minio_downloads/1767844028.json', '/tmp/minio_downloads/1767844038.json', '/tmp/minio_downloads/1767844047.json', '/tmp/minio_downloads/1767844056.json', '/tmp/minio_downloads/1767844065.json', '/tmp/minio_downloads/1767844074.json', '/tmp/minio_downloads/1767844084.json', '/tmp/minio_downloads/1767844093.json', '/tmp/minio_downloads/1767844102.json', '/tmp/minio_downloads/1767844111.json', '/tmp/minio_downloads/1767844120.json', '/tmp/minio_downloads/1767844129.json', '/tmp/minio_downloads/1767844138.json', '/tmp/minio_downloads/1767844147.json', '/tmp/minio_downloads/1767844156.json', '/tmp/minio_downloads/1767844165.json', '/tmp/minio_downloads/1767844174.json', '/tmp/minio_downloads/1767844183.json', '/tmp/minio_downloads/1767844192.json', '/tmp/minio_downloads/1767844202.json', '/tmp/minio_downloads/1767844211.json', '/tmp/minio_downloads/1767844220.json', '/tmp/minio_downloads/1767844229.json', '/tmp/minio_downloads/1767844238.json', '/tmp/minio_downloads/1767844247.json', '/tmp/minio_downloads/1767844256.json', '/tmp/minio_downloads/1767844265.json', '/tmp/minio_downloads/1767844274.json', '/tmp/minio_downloads/1767844283.json', '/tmp/minio_downloads/1767844292.json', '/tmp/minio_downloads/1767844301.json', '/tmp/minio_downloads/1767844310.json', '/tmp/minio_downloads/1767844320.json', '/tmp/minio_downloads/1767844330.json', '/tmp/minio_downloads/1767844339.json', '/tmp/minio_downloads/1767844349.json', '/tmp/minio_downloads/1767844358.json', '/tmp/minio_downloads/1767844367.json', '/tmp/minio_downloads/1767844376.json', '/tmp/minio_downloads/1767844385.json', '/tmp/minio_downloads/1767844394.json', '/tmp/minio_downloads/1767844403.json', '/tmp/minio_downloads/1767844412.json', '/tmp/minio_downloads/1767844421.json', '/tmp/minio_downloads/1767844430.json', '/tmp/minio_downloads/1767844439.json', '/tmp/minio_downloads/1767844448.json', '/tmp/minio_downloads/1767844457.json', '/tmp/minio_downloads/1767844466.json', '/tmp/minio_downloads/1767844475.json', '/tmp/minio_downloads/1767844483.json', '/tmp/minio_downloads/1767844492.json', '/tmp/minio_downloads/1767844501.json', '/tmp/minio_downloads/1767913111.json', '/tmp/minio_downloads/1767913120.json', '/tmp/minio_downloads/1767913128.json', '/tmp/minio_downloads/1767913137.json', '/tmp/minio_downloads/1767913146.json', '/tmp/minio_downloads/1767913156.json', '/tmp/minio_downloads/1767913166.json', '/tmp/minio_downloads/1767913177.json', '/tmp/minio_downloads/1767913189.json', '/tmp/minio_downloads/1767913200.json', '/tmp/minio_downloads/1767913211.json', '/tmp/minio_downloads/1767913219.json', '/tmp/minio_downloads/1767913230.json', '/tmp/minio_downloads/1767913239.json', '/tmp/minio_downloads/1767913249.json', '/tmp/minio_downloads/1767913260.json', '/tmp/minio_downloads/1767913270.json', '/tmp/minio_downloads/1767913281.json', '/tmp/minio_downloads/1767913292.json', '/tmp/minio_downloads/1767913302.json', '/tmp/minio_downloads/1767913311.json', '/tmp/minio_downloads/1767913320.json', '/tmp/minio_downloads/1767913329.json', '/tmp/minio_downloads/1767913339.json', '/tmp/minio_downloads/1767913350.json', '/tmp/minio_downloads/1767913361.json', '/tmp/minio_downloads/1767843764.json', '/tmp/minio_downloads/1767843773.json', '/tmp/minio_downloads/1767843782.json', '/tmp/minio_downloads/1767843791.json', '/tmp/minio_downloads/1767843800.json', '/tmp/minio_downloads/1767843810.json', '/tmp/minio_downloads/1767843819.json', '/tmp/minio_downloads/1767843828.json', '/tmp/minio_downloads/1767843837.json', '/tmp/minio_downloads/1767843846.json', '/tmp/minio_downloads/1767843855.json', '/tmp/minio_downloads/1767843865.json', '/tmp/minio_downloads/1767843874.json', '/tmp/minio_downloads/1767843883.json', '/tmp/minio_downloads/1767843892.json', '/tmp/minio_downloads/1767843901.json', '/tmp/minio_downloads/1767843910.json', '/tmp/minio_downloads/1767843920.json', '/tmp/minio_downloads/1767843929.json', '/tmp/minio_downloads/1767843939.json', '/tmp/minio_downloads/1767843948.json', '/tmp/minio_downloads/1767843957.json', '/tmp/minio_downloads/1767843966.json', '/tmp/minio_downloads/1767843975.json', '/tmp/minio_downloads/1767843984.json', '/tmp/minio_downloads/1767843993.json', '/tmp/minio_downloads/1767844002.json', '/tmp/minio_downloads/1767844011.json', '/tmp/minio_downloads/1767844020.json', '/tmp/minio_downloads/1767844029.json', '/tmp/minio_downloads/1767844038.json', '/tmp/minio_downloads/1767844047.json', '/tmp/minio_downloads/1767844056.json', '/tmp/minio_downloads/1767844065.json', '/tmp/minio_downloads/1767844074.json', '/tmp/minio_downloads/1767844084.json', '/tmp/minio_downloads/1767844093.json', '/tmp/minio_downloads/1767844102.json', '/tmp/minio_downloads/1767844112.json', '/tmp/minio_downloads/1767844121.json', '/tmp/minio_downloads/1767844130.json', '/tmp/minio_downloads/1767844138.json', '/tmp/minio_downloads/1767844147.json', '/tmp/minio_downloads/1767844157.json', '/tmp/minio_downloads/1767844165.json', '/tmp/minio_downloads/1767844175.json', '/tmp/minio_downloads/1767844184.json', '/tmp/minio_downloads/1767844193.json', '/tmp/minio_downloads/1767844202.json', '/tmp/minio_downloads/1767844211.json', '/tmp/minio_downloads/1767844220.json', '/tmp/minio_downloads/1767844229.json', '/tmp/minio_downloads/1767844238.json', '/tmp/minio_downloads/1767844247.json', '/tmp/minio_downloads/1767844256.json', '/tmp/minio_downloads/1767844265.json', '/tmp/minio_downloads/1767844274.json', '/tmp/minio_downloads/1767844284.json', '/tmp/minio_downloads/1767844293.json', '/tmp/minio_downloads/1767844302.json', '/tmp/minio_downloads/1767844311.json', '/tmp/minio_downloads/1767844320.json', '/tmp/minio_downloads/1767844330.json', '/tmp/minio_downloads/1767844340.json', '/tmp/minio_downloads/1767844349.json', '/tmp/minio_downloads/1767844358.json', '/tmp/minio_downloads/1767844367.json', '/tmp/minio_downloads/1767844376.json', '/tmp/minio_downloads/1767844385.json', '/tmp/minio_downloads/1767844394.json', '/tmp/minio_downloads/1767844403.json', '/tmp/minio_downloads/1767844412.json', '/tmp/minio_downloads/1767844421.json', '/tmp/minio_downloads/1767844430.json', '/tmp/minio_downloads/1767844439.json', '/tmp/minio_downloads/1767844448.json', '/tmp/minio_downloads/1767844457.json', '/tmp/minio_downloads/1767844466.json', '/tmp/minio_downloads/1767844475.json', '/tmp/minio_downloads/1767844484.json', '/tmp/minio_downloads/1767844493.json', '/tmp/minio_downloads/1767844502.json', '/tmp/minio_downloads/1767913111.json', '/tmp/minio_downloads/1767913120.json', '/tmp/minio_downloads/1767913129.json', '/tmp/minio_downloads/1767913138.json', '/tmp/minio_downloads/1767913146.json', '/tmp/minio_downloads/1767913156.json', '/tmp/minio_downloads/1767913167.json', '/tmp/minio_downloads/1767913178.json', '/tmp/minio_downloads/1767913190.json', '/tmp/minio_downloads/1767913201.json', '/tmp/minio_downloads/1767913211.json', '/tmp/minio_downloads/1767913220.json', '/tmp/minio_downloads/1767913230.json', '/tmp/minio_downloads/1767913239.json', '/tmp/minio_downloads/1767913250.json', '/tmp/minio_downloads/1767913260.json', '/tmp/minio_downloads/1767913271.json', '/tmp/minio_downloads/1767913282.json', '/tmp/minio_downloads/1767913294.json', '/tmp/minio_downloads/1767913303.json', '/tmp/minio_downloads/1767913312.json', '/tmp/minio_downloads/1767913321.json', '/tmp/minio_downloads/1767913330.json', '/tmp/minio_downloads/1767913340.json', '/tmp/minio_downloads/1767913351.json', '/tmp/minio_downloads/1767913362.json']
[2026-01-09T14:41:45.079+0000] {taskinstance.py:441} INFO - ::group::Post task execution logs
[2026-01-09T14:41:45.102+0000] {taskinstance.py:1206} INFO - Marking task as SUCCESS. dag_id=minio_to_snowflake, task_id=download_minio, run_id=scheduled__2026-01-09T14:40:00+00:00, execution_date=20260109T144000, start_date=20260109T144139, end_date=20260109T144145
[2026-01-09T14:41:45.134+0000] {local_task_job_runner.py:243} INFO - Task exited with return code 0
[2026-01-09T14:41:45.168+0000] {taskinstance.py:3503} INFO - 1 downstream tasks scheduled from follow-on schedule check
[2026-01-09T14:41:45.175+0000] {local_task_job_runner.py:222} INFO - ::endgroup::
