[2026-01-09T07:33:53.572+0000] {local_task_job_runner.py:120} INFO - ::group::Pre task execution logs
[2026-01-09T07:33:53.595+0000] {taskinstance.py:2076} INFO - Dependencies all met for dep_context=non-requeueable deps ti=<TaskInstance: minio_to_snowflake.download_minio scheduled__2026-01-09T07:32:00+00:00 [queued]>
[2026-01-09T07:33:53.603+0000] {taskinstance.py:2076} INFO - Dependencies all met for dep_context=requeueable deps ti=<TaskInstance: minio_to_snowflake.download_minio scheduled__2026-01-09T07:32:00+00:00 [queued]>
[2026-01-09T07:33:53.604+0000] {taskinstance.py:2306} INFO - Starting attempt 1 of 2
[2026-01-09T07:33:53.615+0000] {taskinstance.py:2330} INFO - Executing <Task(PythonOperator): download_minio> on 2026-01-09 07:32:00+00:00
[2026-01-09T07:33:53.623+0000] {standard_task_runner.py:90} INFO - Running: ['***', 'tasks', 'run', 'minio_to_snowflake', 'download_minio', 'scheduled__2026-01-09T07:32:00+00:00', '--job-id', '703', '--raw', '--subdir', 'DAGS_FOLDER/minio_to_snowflake.py', '--cfg-path', '/tmp/tmp3tmjg062']
[2026-01-09T07:33:53.625+0000] {logging_mixin.py:188} WARNING - /home/***/.local/lib/python3.12/site-packages/***/task/task_runner/standard_task_runner.py:62 DeprecationWarning: This process (pid=540670) is multi-threaded, use of fork() may lead to deadlocks in the child.
[2026-01-09T07:33:53.626+0000] {standard_task_runner.py:91} INFO - Job 703: Subtask download_minio
[2026-01-09T07:33:53.626+0000] {standard_task_runner.py:64} INFO - Started process 540692 to run task
[2026-01-09T07:33:53.712+0000] {task_command.py:426} INFO - Running <TaskInstance: minio_to_snowflake.download_minio scheduled__2026-01-09T07:32:00+00:00 [running]> on host ac09941d8f45
[2026-01-09T07:33:53.798+0000] {taskinstance.py:2648} INFO - Exporting env vars: AIRFLOW_CTX_DAG_OWNER='***' AIRFLOW_CTX_DAG_ID='minio_to_snowflake' AIRFLOW_CTX_TASK_ID='download_minio' AIRFLOW_CTX_EXECUTION_DATE='2026-01-09T07:32:00+00:00' AIRFLOW_CTX_TRY_NUMBER='1' AIRFLOW_CTX_DAG_RUN_ID='scheduled__2026-01-09T07:32:00+00:00'
[2026-01-09T07:33:53.800+0000] {taskinstance.py:430} INFO - ::endgroup::
[2026-01-09T07:33:54.072+0000] {logging_mixin.py:188} INFO - Downloaded AAPL/1767843763.json -> /tmp/minio_downloads/1767843763.json
[2026-01-09T07:33:54.077+0000] {logging_mixin.py:188} INFO - Downloaded AAPL/1767843772.json -> /tmp/minio_downloads/1767843772.json
[2026-01-09T07:33:54.082+0000] {logging_mixin.py:188} INFO - Downloaded AAPL/1767843781.json -> /tmp/minio_downloads/1767843781.json
[2026-01-09T07:33:54.087+0000] {logging_mixin.py:188} INFO - Downloaded AAPL/1767843790.json -> /tmp/minio_downloads/1767843790.json
[2026-01-09T07:33:54.092+0000] {logging_mixin.py:188} INFO - Downloaded AAPL/1767843799.json -> /tmp/minio_downloads/1767843799.json
[2026-01-09T07:33:54.097+0000] {logging_mixin.py:188} INFO - Downloaded AAPL/1767843809.json -> /tmp/minio_downloads/1767843809.json
[2026-01-09T07:33:54.103+0000] {logging_mixin.py:188} INFO - Downloaded AAPL/1767843818.json -> /tmp/minio_downloads/1767843818.json
[2026-01-09T07:33:54.126+0000] {logging_mixin.py:188} INFO - Downloaded AAPL/1767843827.json -> /tmp/minio_downloads/1767843827.json
[2026-01-09T07:33:54.137+0000] {logging_mixin.py:188} INFO - Downloaded AAPL/1767843836.json -> /tmp/minio_downloads/1767843836.json
[2026-01-09T07:33:54.164+0000] {logging_mixin.py:188} INFO - Downloaded AAPL/1767843845.json -> /tmp/minio_downloads/1767843845.json
[2026-01-09T07:33:54.176+0000] {logging_mixin.py:188} INFO - Downloaded AAPL/1767843854.json -> /tmp/minio_downloads/1767843854.json
[2026-01-09T07:33:54.188+0000] {logging_mixin.py:188} INFO - Downloaded AAPL/1767843864.json -> /tmp/minio_downloads/1767843864.json
[2026-01-09T07:33:54.197+0000] {logging_mixin.py:188} INFO - Downloaded AAPL/1767843873.json -> /tmp/minio_downloads/1767843873.json
[2026-01-09T07:33:54.204+0000] {logging_mixin.py:188} INFO - Downloaded AAPL/1767843882.json -> /tmp/minio_downloads/1767843882.json
[2026-01-09T07:33:54.210+0000] {logging_mixin.py:188} INFO - Downloaded AAPL/1767843891.json -> /tmp/minio_downloads/1767843891.json
[2026-01-09T07:33:54.216+0000] {logging_mixin.py:188} INFO - Downloaded AAPL/1767843900.json -> /tmp/minio_downloads/1767843900.json
[2026-01-09T07:33:54.222+0000] {logging_mixin.py:188} INFO - Downloaded AAPL/1767843910.json -> /tmp/minio_downloads/1767843910.json
[2026-01-09T07:33:54.227+0000] {logging_mixin.py:188} INFO - Downloaded AAPL/1767843919.json -> /tmp/minio_downloads/1767843919.json
[2026-01-09T07:33:54.232+0000] {logging_mixin.py:188} INFO - Downloaded AAPL/1767843928.json -> /tmp/minio_downloads/1767843928.json
[2026-01-09T07:33:54.238+0000] {logging_mixin.py:188} INFO - Downloaded AAPL/1767843938.json -> /tmp/minio_downloads/1767843938.json
[2026-01-09T07:33:54.243+0000] {logging_mixin.py:188} INFO - Downloaded AAPL/1767843947.json -> /tmp/minio_downloads/1767843947.json
[2026-01-09T07:33:54.248+0000] {logging_mixin.py:188} INFO - Downloaded AAPL/1767843956.json -> /tmp/minio_downloads/1767843956.json
[2026-01-09T07:33:54.253+0000] {logging_mixin.py:188} INFO - Downloaded AAPL/1767843965.json -> /tmp/minio_downloads/1767843965.json
[2026-01-09T07:33:54.258+0000] {logging_mixin.py:188} INFO - Downloaded AAPL/1767843974.json -> /tmp/minio_downloads/1767843974.json
[2026-01-09T07:33:54.263+0000] {logging_mixin.py:188} INFO - Downloaded AAPL/1767843983.json -> /tmp/minio_downloads/1767843983.json
[2026-01-09T07:33:54.269+0000] {logging_mixin.py:188} INFO - Downloaded AAPL/1767843992.json -> /tmp/minio_downloads/1767843992.json
[2026-01-09T07:33:54.274+0000] {logging_mixin.py:188} INFO - Downloaded AAPL/1767844001.json -> /tmp/minio_downloads/1767844001.json
[2026-01-09T07:33:54.279+0000] {logging_mixin.py:188} INFO - Downloaded AAPL/1767844010.json -> /tmp/minio_downloads/1767844010.json
[2026-01-09T07:33:54.287+0000] {logging_mixin.py:188} INFO - Downloaded AAPL/1767844019.json -> /tmp/minio_downloads/1767844019.json
[2026-01-09T07:33:54.294+0000] {logging_mixin.py:188} INFO - Downloaded AAPL/1767844028.json -> /tmp/minio_downloads/1767844028.json
[2026-01-09T07:33:54.303+0000] {logging_mixin.py:188} INFO - Downloaded AAPL/1767844037.json -> /tmp/minio_downloads/1767844037.json
[2026-01-09T07:33:54.311+0000] {logging_mixin.py:188} INFO - Downloaded AAPL/1767844046.json -> /tmp/minio_downloads/1767844046.json
[2026-01-09T07:33:54.318+0000] {logging_mixin.py:188} INFO - Downloaded AAPL/1767844055.json -> /tmp/minio_downloads/1767844055.json
[2026-01-09T07:33:54.325+0000] {logging_mixin.py:188} INFO - Downloaded AAPL/1767844064.json -> /tmp/minio_downloads/1767844064.json
[2026-01-09T07:33:54.333+0000] {logging_mixin.py:188} INFO - Downloaded AAPL/1767844073.json -> /tmp/minio_downloads/1767844073.json
[2026-01-09T07:33:54.355+0000] {logging_mixin.py:188} INFO - Downloaded AAPL/1767844083.json -> /tmp/minio_downloads/1767844083.json
[2026-01-09T07:33:54.368+0000] {logging_mixin.py:188} INFO - Downloaded AAPL/1767844093.json -> /tmp/minio_downloads/1767844093.json
[2026-01-09T07:33:54.384+0000] {logging_mixin.py:188} INFO - Downloaded AAPL/1767844101.json -> /tmp/minio_downloads/1767844101.json
[2026-01-09T07:33:54.390+0000] {logging_mixin.py:188} INFO - Downloaded AAPL/1767844111.json -> /tmp/minio_downloads/1767844111.json
[2026-01-09T07:33:54.397+0000] {logging_mixin.py:188} INFO - Downloaded AAPL/1767844120.json -> /tmp/minio_downloads/1767844120.json
[2026-01-09T07:33:54.402+0000] {logging_mixin.py:188} INFO - Downloaded AAPL/1767844129.json -> /tmp/minio_downloads/1767844129.json
[2026-01-09T07:33:54.410+0000] {logging_mixin.py:188} INFO - Downloaded AAPL/1767844138.json -> /tmp/minio_downloads/1767844138.json
[2026-01-09T07:33:54.416+0000] {logging_mixin.py:188} INFO - Downloaded AAPL/1767844147.json -> /tmp/minio_downloads/1767844147.json
[2026-01-09T07:33:54.422+0000] {logging_mixin.py:188} INFO - Downloaded AAPL/1767844156.json -> /tmp/minio_downloads/1767844156.json
[2026-01-09T07:33:54.427+0000] {logging_mixin.py:188} INFO - Downloaded AAPL/1767844165.json -> /tmp/minio_downloads/1767844165.json
[2026-01-09T07:33:54.441+0000] {logging_mixin.py:188} INFO - Downloaded AAPL/1767844174.json -> /tmp/minio_downloads/1767844174.json
[2026-01-09T07:33:54.448+0000] {logging_mixin.py:188} INFO - Downloaded AAPL/1767844183.json -> /tmp/minio_downloads/1767844183.json
[2026-01-09T07:33:54.453+0000] {logging_mixin.py:188} INFO - Downloaded AAPL/1767844192.json -> /tmp/minio_downloads/1767844192.json
[2026-01-09T07:33:54.459+0000] {logging_mixin.py:188} INFO - Downloaded AAPL/1767844201.json -> /tmp/minio_downloads/1767844201.json
[2026-01-09T07:33:54.467+0000] {logging_mixin.py:188} INFO - Downloaded AAPL/1767844210.json -> /tmp/minio_downloads/1767844210.json
[2026-01-09T07:33:54.476+0000] {logging_mixin.py:188} INFO - Downloaded AAPL/1767844219.json -> /tmp/minio_downloads/1767844219.json
[2026-01-09T07:33:54.484+0000] {logging_mixin.py:188} INFO - Downloaded AAPL/1767844228.json -> /tmp/minio_downloads/1767844228.json
[2026-01-09T07:33:54.494+0000] {logging_mixin.py:188} INFO - Downloaded AAPL/1767844237.json -> /tmp/minio_downloads/1767844237.json
[2026-01-09T07:33:54.508+0000] {logging_mixin.py:188} INFO - Downloaded AAPL/1767844246.json -> /tmp/minio_downloads/1767844246.json
[2026-01-09T07:33:54.523+0000] {logging_mixin.py:188} INFO - Downloaded AAPL/1767844256.json -> /tmp/minio_downloads/1767844256.json
[2026-01-09T07:33:54.538+0000] {logging_mixin.py:188} INFO - Downloaded AAPL/1767844265.json -> /tmp/minio_downloads/1767844265.json
[2026-01-09T07:33:54.547+0000] {logging_mixin.py:188} INFO - Downloaded AAPL/1767844274.json -> /tmp/minio_downloads/1767844274.json
[2026-01-09T07:33:54.554+0000] {logging_mixin.py:188} INFO - Downloaded AAPL/1767844283.json -> /tmp/minio_downloads/1767844283.json
[2026-01-09T07:33:54.573+0000] {logging_mixin.py:188} INFO - Downloaded AAPL/1767844292.json -> /tmp/minio_downloads/1767844292.json
[2026-01-09T07:33:54.581+0000] {logging_mixin.py:188} INFO - Downloaded AAPL/1767844301.json -> /tmp/minio_downloads/1767844301.json
[2026-01-09T07:33:54.591+0000] {logging_mixin.py:188} INFO - Downloaded AAPL/1767844310.json -> /tmp/minio_downloads/1767844310.json
[2026-01-09T07:33:54.596+0000] {logging_mixin.py:188} INFO - Downloaded AAPL/1767844319.json -> /tmp/minio_downloads/1767844319.json
[2026-01-09T07:33:54.604+0000] {logging_mixin.py:188} INFO - Downloaded AAPL/1767844329.json -> /tmp/minio_downloads/1767844329.json
[2026-01-09T07:33:54.623+0000] {logging_mixin.py:188} INFO - Downloaded AAPL/1767844339.json -> /tmp/minio_downloads/1767844339.json
[2026-01-09T07:33:54.630+0000] {logging_mixin.py:188} INFO - Downloaded AAPL/1767844348.json -> /tmp/minio_downloads/1767844348.json
[2026-01-09T07:33:54.636+0000] {logging_mixin.py:188} INFO - Downloaded AAPL/1767844357.json -> /tmp/minio_downloads/1767844357.json
[2026-01-09T07:33:54.643+0000] {logging_mixin.py:188} INFO - Downloaded AAPL/1767844366.json -> /tmp/minio_downloads/1767844366.json
[2026-01-09T07:33:54.660+0000] {logging_mixin.py:188} INFO - Downloaded AAPL/1767844375.json -> /tmp/minio_downloads/1767844375.json
[2026-01-09T07:33:54.672+0000] {logging_mixin.py:188} INFO - Downloaded AAPL/1767844384.json -> /tmp/minio_downloads/1767844384.json
[2026-01-09T07:33:54.692+0000] {logging_mixin.py:188} INFO - Downloaded AAPL/1767844393.json -> /tmp/minio_downloads/1767844393.json
[2026-01-09T07:33:54.709+0000] {logging_mixin.py:188} INFO - Downloaded AAPL/1767844402.json -> /tmp/minio_downloads/1767844402.json
[2026-01-09T07:33:54.716+0000] {logging_mixin.py:188} INFO - Downloaded AAPL/1767844411.json -> /tmp/minio_downloads/1767844411.json
[2026-01-09T07:33:54.723+0000] {logging_mixin.py:188} INFO - Downloaded AAPL/1767844420.json -> /tmp/minio_downloads/1767844420.json
[2026-01-09T07:33:54.736+0000] {logging_mixin.py:188} INFO - Downloaded AAPL/1767844429.json -> /tmp/minio_downloads/1767844429.json
[2026-01-09T07:33:54.744+0000] {logging_mixin.py:188} INFO - Downloaded AAPL/1767844438.json -> /tmp/minio_downloads/1767844438.json
[2026-01-09T07:33:54.753+0000] {logging_mixin.py:188} INFO - Downloaded AAPL/1767844447.json -> /tmp/minio_downloads/1767844447.json
[2026-01-09T07:33:54.767+0000] {logging_mixin.py:188} INFO - Downloaded AAPL/1767844456.json -> /tmp/minio_downloads/1767844456.json
[2026-01-09T07:33:54.776+0000] {logging_mixin.py:188} INFO - Downloaded AAPL/1767844465.json -> /tmp/minio_downloads/1767844465.json
[2026-01-09T07:33:54.783+0000] {logging_mixin.py:188} INFO - Downloaded AAPL/1767844474.json -> /tmp/minio_downloads/1767844474.json
[2026-01-09T07:33:54.790+0000] {logging_mixin.py:188} INFO - Downloaded AAPL/1767844483.json -> /tmp/minio_downloads/1767844483.json
[2026-01-09T07:33:54.797+0000] {logging_mixin.py:188} INFO - Downloaded AAPL/1767844492.json -> /tmp/minio_downloads/1767844492.json
[2026-01-09T07:33:54.803+0000] {logging_mixin.py:188} INFO - Downloaded AAPL/1767844501.json -> /tmp/minio_downloads/1767844501.json
[2026-01-09T07:33:54.822+0000] {logging_mixin.py:188} INFO - Downloaded AAPL/1767913110.json -> /tmp/minio_downloads/1767913110.json
[2026-01-09T07:33:54.834+0000] {logging_mixin.py:188} INFO - Downloaded AAPL/1767913119.json -> /tmp/minio_downloads/1767913119.json
[2026-01-09T07:33:54.840+0000] {logging_mixin.py:188} INFO - Downloaded AAPL/1767913128.json -> /tmp/minio_downloads/1767913128.json
[2026-01-09T07:33:54.855+0000] {logging_mixin.py:188} INFO - Downloaded AAPL/1767913137.json -> /tmp/minio_downloads/1767913137.json
[2026-01-09T07:33:54.866+0000] {logging_mixin.py:188} INFO - Downloaded AAPL/1767913146.json -> /tmp/minio_downloads/1767913146.json
[2026-01-09T07:33:54.873+0000] {logging_mixin.py:188} INFO - Downloaded AAPL/1767913155.json -> /tmp/minio_downloads/1767913155.json
[2026-01-09T07:33:54.880+0000] {logging_mixin.py:188} INFO - Downloaded AAPL/1767913166.json -> /tmp/minio_downloads/1767913166.json
[2026-01-09T07:33:54.886+0000] {logging_mixin.py:188} INFO - Downloaded AAPL/1767913176.json -> /tmp/minio_downloads/1767913176.json
[2026-01-09T07:33:54.893+0000] {logging_mixin.py:188} INFO - Downloaded AAPL/1767913188.json -> /tmp/minio_downloads/1767913188.json
[2026-01-09T07:33:54.905+0000] {logging_mixin.py:188} INFO - Downloaded AAPL/1767913200.json -> /tmp/minio_downloads/1767913200.json
[2026-01-09T07:33:54.912+0000] {logging_mixin.py:188} INFO - Downloaded AAPL/1767913210.json -> /tmp/minio_downloads/1767913210.json
[2026-01-09T07:33:54.919+0000] {logging_mixin.py:188} INFO - Downloaded AAPL/1767913219.json -> /tmp/minio_downloads/1767913219.json
[2026-01-09T07:33:54.929+0000] {logging_mixin.py:188} INFO - Downloaded AAPL/1767913229.json -> /tmp/minio_downloads/1767913229.json
[2026-01-09T07:33:54.935+0000] {logging_mixin.py:188} INFO - Downloaded AAPL/1767913238.json -> /tmp/minio_downloads/1767913238.json
[2026-01-09T07:33:54.943+0000] {logging_mixin.py:188} INFO - Downloaded AAPL/1767913248.json -> /tmp/minio_downloads/1767913248.json
[2026-01-09T07:33:54.949+0000] {logging_mixin.py:188} INFO - Downloaded AAPL/1767913259.json -> /tmp/minio_downloads/1767913259.json
[2026-01-09T07:33:54.954+0000] {logging_mixin.py:188} INFO - Downloaded AAPL/1767913270.json -> /tmp/minio_downloads/1767913270.json
[2026-01-09T07:33:54.959+0000] {logging_mixin.py:188} INFO - Downloaded AAPL/1767913280.json -> /tmp/minio_downloads/1767913280.json
[2026-01-09T07:33:54.965+0000] {logging_mixin.py:188} INFO - Downloaded AAPL/1767913292.json -> /tmp/minio_downloads/1767913292.json
[2026-01-09T07:33:54.972+0000] {logging_mixin.py:188} INFO - Downloaded AAPL/1767913302.json -> /tmp/minio_downloads/1767913302.json
[2026-01-09T07:33:54.980+0000] {logging_mixin.py:188} INFO - Downloaded AAPL/1767913311.json -> /tmp/minio_downloads/1767913311.json
[2026-01-09T07:33:54.985+0000] {logging_mixin.py:188} INFO - Downloaded AAPL/1767913320.json -> /tmp/minio_downloads/1767913320.json
[2026-01-09T07:33:54.992+0000] {logging_mixin.py:188} INFO - Downloaded AAPL/1767913329.json -> /tmp/minio_downloads/1767913329.json
[2026-01-09T07:33:54.996+0000] {logging_mixin.py:188} INFO - Downloaded AAPL/1767913338.json -> /tmp/minio_downloads/1767913338.json
[2026-01-09T07:33:55.001+0000] {logging_mixin.py:188} INFO - Downloaded AAPL/1767913349.json -> /tmp/minio_downloads/1767913349.json
[2026-01-09T07:33:55.007+0000] {logging_mixin.py:188} INFO - Downloaded AAPL/1767913360.json -> /tmp/minio_downloads/1767913360.json
[2026-01-09T07:33:55.013+0000] {logging_mixin.py:188} INFO - Downloaded AMZN/1767843764.json -> /tmp/minio_downloads/1767843764.json
[2026-01-09T07:33:55.027+0000] {logging_mixin.py:188} INFO - Downloaded AMZN/1767843774.json -> /tmp/minio_downloads/1767843774.json
[2026-01-09T07:33:55.035+0000] {logging_mixin.py:188} INFO - Downloaded AMZN/1767843783.json -> /tmp/minio_downloads/1767843783.json
[2026-01-09T07:33:55.047+0000] {logging_mixin.py:188} INFO - Downloaded AMZN/1767843792.json -> /tmp/minio_downloads/1767843792.json
[2026-01-09T07:33:55.057+0000] {logging_mixin.py:188} INFO - Downloaded AMZN/1767843801.json -> /tmp/minio_downloads/1767843801.json
[2026-01-09T07:33:55.067+0000] {logging_mixin.py:188} INFO - Downloaded AMZN/1767843810.json -> /tmp/minio_downloads/1767843810.json
[2026-01-09T07:33:55.077+0000] {logging_mixin.py:188} INFO - Downloaded AMZN/1767843820.json -> /tmp/minio_downloads/1767843820.json
[2026-01-09T07:33:55.087+0000] {logging_mixin.py:188} INFO - Downloaded AMZN/1767843829.json -> /tmp/minio_downloads/1767843829.json
[2026-01-09T07:33:55.098+0000] {logging_mixin.py:188} INFO - Downloaded AMZN/1767843838.json -> /tmp/minio_downloads/1767843838.json
[2026-01-09T07:33:55.111+0000] {logging_mixin.py:188} INFO - Downloaded AMZN/1767843847.json -> /tmp/minio_downloads/1767843847.json
[2026-01-09T07:33:55.123+0000] {logging_mixin.py:188} INFO - Downloaded AMZN/1767843856.json -> /tmp/minio_downloads/1767843856.json
[2026-01-09T07:33:55.135+0000] {logging_mixin.py:188} INFO - Downloaded AMZN/1767843865.json -> /tmp/minio_downloads/1767843865.json
[2026-01-09T07:33:55.146+0000] {logging_mixin.py:188} INFO - Downloaded AMZN/1767843875.json -> /tmp/minio_downloads/1767843875.json
[2026-01-09T07:33:55.163+0000] {logging_mixin.py:188} INFO - Downloaded AMZN/1767843884.json -> /tmp/minio_downloads/1767843884.json
[2026-01-09T07:33:55.176+0000] {logging_mixin.py:188} INFO - Downloaded AMZN/1767843893.json -> /tmp/minio_downloads/1767843893.json
[2026-01-09T07:33:55.189+0000] {logging_mixin.py:188} INFO - Downloaded AMZN/1767843902.json -> /tmp/minio_downloads/1767843902.json
[2026-01-09T07:33:55.203+0000] {logging_mixin.py:188} INFO - Downloaded AMZN/1767843911.json -> /tmp/minio_downloads/1767843911.json
[2026-01-09T07:33:55.214+0000] {logging_mixin.py:188} INFO - Downloaded AMZN/1767843921.json -> /tmp/minio_downloads/1767843921.json
[2026-01-09T07:33:55.224+0000] {logging_mixin.py:188} INFO - Downloaded AMZN/1767843930.json -> /tmp/minio_downloads/1767843930.json
[2026-01-09T07:33:55.232+0000] {logging_mixin.py:188} INFO - Downloaded AMZN/1767843939.json -> /tmp/minio_downloads/1767843939.json
[2026-01-09T07:33:55.240+0000] {logging_mixin.py:188} INFO - Downloaded AMZN/1767843948.json -> /tmp/minio_downloads/1767843948.json
[2026-01-09T07:33:55.249+0000] {logging_mixin.py:188} INFO - Downloaded AMZN/1767843958.json -> /tmp/minio_downloads/1767843958.json
[2026-01-09T07:33:55.275+0000] {logging_mixin.py:188} INFO - Downloaded AMZN/1767843967.json -> /tmp/minio_downloads/1767843967.json
[2026-01-09T07:33:55.291+0000] {logging_mixin.py:188} INFO - Downloaded AMZN/1767843976.json -> /tmp/minio_downloads/1767843976.json
[2026-01-09T07:33:55.304+0000] {logging_mixin.py:188} INFO - Downloaded AMZN/1767843984.json -> /tmp/minio_downloads/1767843984.json
[2026-01-09T07:33:55.315+0000] {logging_mixin.py:188} INFO - Downloaded AMZN/1767843993.json -> /tmp/minio_downloads/1767843993.json
[2026-01-09T07:33:55.335+0000] {logging_mixin.py:188} INFO - Downloaded AMZN/1767844003.json -> /tmp/minio_downloads/1767844003.json
[2026-01-09T07:33:55.346+0000] {logging_mixin.py:188} INFO - Downloaded AMZN/1767844012.json -> /tmp/minio_downloads/1767844012.json
[2026-01-09T07:33:55.355+0000] {logging_mixin.py:188} INFO - Downloaded AMZN/1767844021.json -> /tmp/minio_downloads/1767844021.json
[2026-01-09T07:33:55.385+0000] {logging_mixin.py:188} INFO - Downloaded AMZN/1767844030.json -> /tmp/minio_downloads/1767844030.json
[2026-01-09T07:33:55.395+0000] {logging_mixin.py:188} INFO - Downloaded AMZN/1767844039.json -> /tmp/minio_downloads/1767844039.json
[2026-01-09T07:33:55.400+0000] {logging_mixin.py:188} INFO - Downloaded AMZN/1767844048.json -> /tmp/minio_downloads/1767844048.json
[2026-01-09T07:33:55.421+0000] {logging_mixin.py:188} INFO - Downloaded AMZN/1767844057.json -> /tmp/minio_downloads/1767844057.json
[2026-01-09T07:33:55.433+0000] {logging_mixin.py:188} INFO - Downloaded AMZN/1767844066.json -> /tmp/minio_downloads/1767844066.json
[2026-01-09T07:33:55.446+0000] {logging_mixin.py:188} INFO - Downloaded AMZN/1767844075.json -> /tmp/minio_downloads/1767844075.json
[2026-01-09T07:33:55.458+0000] {logging_mixin.py:188} INFO - Downloaded AMZN/1767844085.json -> /tmp/minio_downloads/1767844085.json
[2026-01-09T07:33:55.468+0000] {logging_mixin.py:188} INFO - Downloaded AMZN/1767844094.json -> /tmp/minio_downloads/1767844094.json
[2026-01-09T07:33:55.478+0000] {logging_mixin.py:188} INFO - Downloaded AMZN/1767844103.json -> /tmp/minio_downloads/1767844103.json
[2026-01-09T07:33:55.485+0000] {logging_mixin.py:188} INFO - Downloaded AMZN/1767844112.json -> /tmp/minio_downloads/1767844112.json
[2026-01-09T07:33:55.496+0000] {logging_mixin.py:188} INFO - Downloaded AMZN/1767844121.json -> /tmp/minio_downloads/1767844121.json
[2026-01-09T07:33:55.505+0000] {logging_mixin.py:188} INFO - Downloaded AMZN/1767844130.json -> /tmp/minio_downloads/1767844130.json
[2026-01-09T07:33:55.522+0000] {logging_mixin.py:188} INFO - Downloaded AMZN/1767844139.json -> /tmp/minio_downloads/1767844139.json
[2026-01-09T07:33:55.531+0000] {logging_mixin.py:188} INFO - Downloaded AMZN/1767844148.json -> /tmp/minio_downloads/1767844148.json
[2026-01-09T07:33:55.540+0000] {logging_mixin.py:188} INFO - Downloaded AMZN/1767844157.json -> /tmp/minio_downloads/1767844157.json
[2026-01-09T07:33:55.553+0000] {logging_mixin.py:188} INFO - Downloaded AMZN/1767844166.json -> /tmp/minio_downloads/1767844166.json
[2026-01-09T07:33:55.560+0000] {logging_mixin.py:188} INFO - Downloaded AMZN/1767844175.json -> /tmp/minio_downloads/1767844175.json
[2026-01-09T07:33:55.567+0000] {logging_mixin.py:188} INFO - Downloaded AMZN/1767844184.json -> /tmp/minio_downloads/1767844184.json
[2026-01-09T07:33:55.574+0000] {logging_mixin.py:188} INFO - Downloaded AMZN/1767844194.json -> /tmp/minio_downloads/1767844194.json
[2026-01-09T07:33:55.580+0000] {logging_mixin.py:188} INFO - Downloaded AMZN/1767844203.json -> /tmp/minio_downloads/1767844203.json
[2026-01-09T07:33:55.588+0000] {logging_mixin.py:188} INFO - Downloaded AMZN/1767844212.json -> /tmp/minio_downloads/1767844212.json
[2026-01-09T07:33:55.595+0000] {logging_mixin.py:188} INFO - Downloaded AMZN/1767844221.json -> /tmp/minio_downloads/1767844221.json
[2026-01-09T07:33:55.604+0000] {logging_mixin.py:188} INFO - Downloaded AMZN/1767844230.json -> /tmp/minio_downloads/1767844230.json
[2026-01-09T07:33:55.611+0000] {logging_mixin.py:188} INFO - Downloaded AMZN/1767844239.json -> /tmp/minio_downloads/1767844239.json
[2026-01-09T07:33:55.617+0000] {logging_mixin.py:188} INFO - Downloaded AMZN/1767844248.json -> /tmp/minio_downloads/1767844248.json
[2026-01-09T07:33:55.624+0000] {logging_mixin.py:188} INFO - Downloaded AMZN/1767844257.json -> /tmp/minio_downloads/1767844257.json
[2026-01-09T07:33:55.631+0000] {logging_mixin.py:188} INFO - Downloaded AMZN/1767844266.json -> /tmp/minio_downloads/1767844266.json
[2026-01-09T07:33:55.637+0000] {logging_mixin.py:188} INFO - Downloaded AMZN/1767844275.json -> /tmp/minio_downloads/1767844275.json
[2026-01-09T07:33:55.643+0000] {logging_mixin.py:188} INFO - Downloaded AMZN/1767844284.json -> /tmp/minio_downloads/1767844284.json
[2026-01-09T07:33:55.650+0000] {logging_mixin.py:188} INFO - Downloaded AMZN/1767844293.json -> /tmp/minio_downloads/1767844293.json
[2026-01-09T07:33:55.658+0000] {logging_mixin.py:188} INFO - Downloaded AMZN/1767844303.json -> /tmp/minio_downloads/1767844303.json
[2026-01-09T07:33:55.665+0000] {logging_mixin.py:188} INFO - Downloaded AMZN/1767844312.json -> /tmp/minio_downloads/1767844312.json
[2026-01-09T07:33:55.671+0000] {logging_mixin.py:188} INFO - Downloaded AMZN/1767844322.json -> /tmp/minio_downloads/1767844322.json
[2026-01-09T07:33:55.679+0000] {logging_mixin.py:188} INFO - Downloaded AMZN/1767844331.json -> /tmp/minio_downloads/1767844331.json
[2026-01-09T07:33:55.686+0000] {logging_mixin.py:188} INFO - Downloaded AMZN/1767844341.json -> /tmp/minio_downloads/1767844341.json
[2026-01-09T07:33:55.691+0000] {logging_mixin.py:188} INFO - Downloaded AMZN/1767844350.json -> /tmp/minio_downloads/1767844350.json
[2026-01-09T07:33:55.699+0000] {logging_mixin.py:188} INFO - Downloaded AMZN/1767844359.json -> /tmp/minio_downloads/1767844359.json
[2026-01-09T07:33:55.705+0000] {logging_mixin.py:188} INFO - Downloaded AMZN/1767844368.json -> /tmp/minio_downloads/1767844368.json
[2026-01-09T07:33:55.713+0000] {logging_mixin.py:188} INFO - Downloaded AMZN/1767844377.json -> /tmp/minio_downloads/1767844377.json
[2026-01-09T07:33:55.722+0000] {logging_mixin.py:188} INFO - Downloaded AMZN/1767844386.json -> /tmp/minio_downloads/1767844386.json
[2026-01-09T07:33:55.728+0000] {logging_mixin.py:188} INFO - Downloaded AMZN/1767844395.json -> /tmp/minio_downloads/1767844395.json
[2026-01-09T07:33:55.734+0000] {logging_mixin.py:188} INFO - Downloaded AMZN/1767844404.json -> /tmp/minio_downloads/1767844404.json
[2026-01-09T07:33:55.741+0000] {logging_mixin.py:188} INFO - Downloaded AMZN/1767844413.json -> /tmp/minio_downloads/1767844413.json
[2026-01-09T07:33:55.748+0000] {logging_mixin.py:188} INFO - Downloaded AMZN/1767844422.json -> /tmp/minio_downloads/1767844422.json
[2026-01-09T07:33:55.760+0000] {logging_mixin.py:188} INFO - Downloaded AMZN/1767844431.json -> /tmp/minio_downloads/1767844431.json
[2026-01-09T07:33:55.769+0000] {logging_mixin.py:188} INFO - Downloaded AMZN/1767844440.json -> /tmp/minio_downloads/1767844440.json
[2026-01-09T07:33:55.779+0000] {logging_mixin.py:188} INFO - Downloaded AMZN/1767844449.json -> /tmp/minio_downloads/1767844449.json
[2026-01-09T07:33:55.789+0000] {logging_mixin.py:188} INFO - Downloaded AMZN/1767844458.json -> /tmp/minio_downloads/1767844458.json
[2026-01-09T07:33:55.798+0000] {logging_mixin.py:188} INFO - Downloaded AMZN/1767844467.json -> /tmp/minio_downloads/1767844467.json
[2026-01-09T07:33:55.806+0000] {logging_mixin.py:188} INFO - Downloaded AMZN/1767844476.json -> /tmp/minio_downloads/1767844476.json
[2026-01-09T07:33:55.815+0000] {logging_mixin.py:188} INFO - Downloaded AMZN/1767844485.json -> /tmp/minio_downloads/1767844485.json
[2026-01-09T07:33:55.824+0000] {logging_mixin.py:188} INFO - Downloaded AMZN/1767844494.json -> /tmp/minio_downloads/1767844494.json
[2026-01-09T07:33:55.831+0000] {logging_mixin.py:188} INFO - Downloaded AMZN/1767913112.json -> /tmp/minio_downloads/1767913112.json
[2026-01-09T07:33:55.839+0000] {logging_mixin.py:188} INFO - Downloaded AMZN/1767913121.json -> /tmp/minio_downloads/1767913121.json
[2026-01-09T07:33:55.847+0000] {logging_mixin.py:188} INFO - Downloaded AMZN/1767913129.json -> /tmp/minio_downloads/1767913129.json
[2026-01-09T07:33:55.855+0000] {logging_mixin.py:188} INFO - Downloaded AMZN/1767913138.json -> /tmp/minio_downloads/1767913138.json
[2026-01-09T07:33:55.863+0000] {logging_mixin.py:188} INFO - Downloaded AMZN/1767913147.json -> /tmp/minio_downloads/1767913147.json
[2026-01-09T07:33:55.871+0000] {logging_mixin.py:188} INFO - Downloaded AMZN/1767913158.json -> /tmp/minio_downloads/1767913158.json
[2026-01-09T07:33:55.877+0000] {logging_mixin.py:188} INFO - Downloaded AMZN/1767913168.json -> /tmp/minio_downloads/1767913168.json
[2026-01-09T07:33:55.884+0000] {logging_mixin.py:188} INFO - Downloaded AMZN/1767913180.json -> /tmp/minio_downloads/1767913180.json
[2026-01-09T07:33:55.890+0000] {logging_mixin.py:188} INFO - Downloaded AMZN/1767913191.json -> /tmp/minio_downloads/1767913191.json
[2026-01-09T07:33:55.897+0000] {logging_mixin.py:188} INFO - Downloaded AMZN/1767913203.json -> /tmp/minio_downloads/1767913203.json
[2026-01-09T07:33:55.904+0000] {logging_mixin.py:188} INFO - Downloaded AMZN/1767913212.json -> /tmp/minio_downloads/1767913212.json
[2026-01-09T07:33:55.913+0000] {logging_mixin.py:188} INFO - Downloaded AMZN/1767913221.json -> /tmp/minio_downloads/1767913221.json
[2026-01-09T07:33:55.924+0000] {logging_mixin.py:188} INFO - Downloaded AMZN/1767913231.json -> /tmp/minio_downloads/1767913231.json
[2026-01-09T07:33:55.933+0000] {logging_mixin.py:188} INFO - Downloaded AMZN/1767913241.json -> /tmp/minio_downloads/1767913241.json
[2026-01-09T07:33:55.942+0000] {logging_mixin.py:188} INFO - Downloaded AMZN/1767913251.json -> /tmp/minio_downloads/1767913251.json
[2026-01-09T07:33:55.950+0000] {logging_mixin.py:188} INFO - Downloaded AMZN/1767913262.json -> /tmp/minio_downloads/1767913262.json
[2026-01-09T07:33:55.957+0000] {logging_mixin.py:188} INFO - Downloaded AMZN/1767913272.json -> /tmp/minio_downloads/1767913272.json
[2026-01-09T07:33:55.964+0000] {logging_mixin.py:188} INFO - Downloaded AMZN/1767913284.json -> /tmp/minio_downloads/1767913284.json
[2026-01-09T07:33:55.971+0000] {logging_mixin.py:188} INFO - Downloaded AMZN/1767913294.json -> /tmp/minio_downloads/1767913294.json
[2026-01-09T07:33:55.978+0000] {logging_mixin.py:188} INFO - Downloaded AMZN/1767913303.json -> /tmp/minio_downloads/1767913303.json
[2026-01-09T07:33:55.985+0000] {logging_mixin.py:188} INFO - Downloaded AMZN/1767913312.json -> /tmp/minio_downloads/1767913312.json
[2026-01-09T07:33:55.992+0000] {logging_mixin.py:188} INFO - Downloaded AMZN/1767913321.json -> /tmp/minio_downloads/1767913321.json
[2026-01-09T07:33:55.999+0000] {logging_mixin.py:188} INFO - Downloaded AMZN/1767913330.json -> /tmp/minio_downloads/1767913330.json
[2026-01-09T07:33:56.005+0000] {logging_mixin.py:188} INFO - Downloaded AMZN/1767913342.json -> /tmp/minio_downloads/1767913342.json
[2026-01-09T07:33:56.011+0000] {logging_mixin.py:188} INFO - Downloaded AMZN/1767913352.json -> /tmp/minio_downloads/1767913352.json
[2026-01-09T07:33:56.018+0000] {logging_mixin.py:188} INFO - Downloaded AMZN/1767913364.json -> /tmp/minio_downloads/1767913364.json
[2026-01-09T07:33:56.027+0000] {logging_mixin.py:188} INFO - Downloaded GOOGL/1767843764.json -> /tmp/minio_downloads/1767843764.json
[2026-01-09T07:33:56.034+0000] {logging_mixin.py:188} INFO - Downloaded GOOGL/1767843773.json -> /tmp/minio_downloads/1767843773.json
[2026-01-09T07:33:56.043+0000] {logging_mixin.py:188} INFO - Downloaded GOOGL/1767843782.json -> /tmp/minio_downloads/1767843782.json
[2026-01-09T07:33:56.050+0000] {logging_mixin.py:188} INFO - Downloaded GOOGL/1767843791.json -> /tmp/minio_downloads/1767843791.json
[2026-01-09T07:33:56.056+0000] {logging_mixin.py:188} INFO - Downloaded GOOGL/1767843801.json -> /tmp/minio_downloads/1767843801.json
[2026-01-09T07:33:56.063+0000] {logging_mixin.py:188} INFO - Downloaded GOOGL/1767843810.json -> /tmp/minio_downloads/1767843810.json
[2026-01-09T07:33:56.070+0000] {logging_mixin.py:188} INFO - Downloaded GOOGL/1767843819.json -> /tmp/minio_downloads/1767843819.json
[2026-01-09T07:33:56.076+0000] {logging_mixin.py:188} INFO - Downloaded GOOGL/1767843828.json -> /tmp/minio_downloads/1767843828.json
[2026-01-09T07:33:56.082+0000] {logging_mixin.py:188} INFO - Downloaded GOOGL/1767843837.json -> /tmp/minio_downloads/1767843837.json
[2026-01-09T07:33:56.090+0000] {logging_mixin.py:188} INFO - Downloaded GOOGL/1767843847.json -> /tmp/minio_downloads/1767843847.json
[2026-01-09T07:33:56.098+0000] {logging_mixin.py:188} INFO - Downloaded GOOGL/1767843856.json -> /tmp/minio_downloads/1767843856.json
[2026-01-09T07:33:56.105+0000] {logging_mixin.py:188} INFO - Downloaded GOOGL/1767843865.json -> /tmp/minio_downloads/1767843865.json
[2026-01-09T07:33:56.113+0000] {logging_mixin.py:188} INFO - Downloaded GOOGL/1767843874.json -> /tmp/minio_downloads/1767843874.json
[2026-01-09T07:33:56.122+0000] {logging_mixin.py:188} INFO - Downloaded GOOGL/1767843883.json -> /tmp/minio_downloads/1767843883.json
[2026-01-09T07:33:56.129+0000] {logging_mixin.py:188} INFO - Downloaded GOOGL/1767843892.json -> /tmp/minio_downloads/1767843892.json
[2026-01-09T07:33:56.137+0000] {logging_mixin.py:188} INFO - Downloaded GOOGL/1767843902.json -> /tmp/minio_downloads/1767843902.json
[2026-01-09T07:33:56.144+0000] {logging_mixin.py:188} INFO - Downloaded GOOGL/1767843911.json -> /tmp/minio_downloads/1767843911.json
[2026-01-09T07:33:56.151+0000] {logging_mixin.py:188} INFO - Downloaded GOOGL/1767843920.json -> /tmp/minio_downloads/1767843920.json
[2026-01-09T07:33:56.158+0000] {logging_mixin.py:188} INFO - Downloaded GOOGL/1767843930.json -> /tmp/minio_downloads/1767843930.json
[2026-01-09T07:33:56.165+0000] {logging_mixin.py:188} INFO - Downloaded GOOGL/1767843939.json -> /tmp/minio_downloads/1767843939.json
[2026-01-09T07:33:56.172+0000] {logging_mixin.py:188} INFO - Downloaded GOOGL/1767843948.json -> /tmp/minio_downloads/1767843948.json
[2026-01-09T07:33:56.179+0000] {logging_mixin.py:188} INFO - Downloaded GOOGL/1767843957.json -> /tmp/minio_downloads/1767843957.json
[2026-01-09T07:33:56.185+0000] {logging_mixin.py:188} INFO - Downloaded GOOGL/1767843966.json -> /tmp/minio_downloads/1767843966.json
[2026-01-09T07:33:56.191+0000] {logging_mixin.py:188} INFO - Downloaded GOOGL/1767843975.json -> /tmp/minio_downloads/1767843975.json
[2026-01-09T07:33:56.196+0000] {logging_mixin.py:188} INFO - Downloaded GOOGL/1767843984.json -> /tmp/minio_downloads/1767843984.json
[2026-01-09T07:33:56.202+0000] {logging_mixin.py:188} INFO - Downloaded GOOGL/1767843993.json -> /tmp/minio_downloads/1767843993.json
[2026-01-09T07:33:56.207+0000] {logging_mixin.py:188} INFO - Downloaded GOOGL/1767844002.json -> /tmp/minio_downloads/1767844002.json
[2026-01-09T07:33:56.212+0000] {logging_mixin.py:188} INFO - Downloaded GOOGL/1767844011.json -> /tmp/minio_downloads/1767844011.json
[2026-01-09T07:33:56.218+0000] {logging_mixin.py:188} INFO - Downloaded GOOGL/1767844020.json -> /tmp/minio_downloads/1767844020.json
[2026-01-09T07:33:56.224+0000] {logging_mixin.py:188} INFO - Downloaded GOOGL/1767844029.json -> /tmp/minio_downloads/1767844029.json
[2026-01-09T07:33:56.230+0000] {logging_mixin.py:188} INFO - Downloaded GOOGL/1767844038.json -> /tmp/minio_downloads/1767844038.json
[2026-01-09T07:33:56.235+0000] {logging_mixin.py:188} INFO - Downloaded GOOGL/1767844048.json -> /tmp/minio_downloads/1767844048.json
[2026-01-09T07:33:56.241+0000] {logging_mixin.py:188} INFO - Downloaded GOOGL/1767844057.json -> /tmp/minio_downloads/1767844057.json
[2026-01-09T07:33:56.247+0000] {logging_mixin.py:188} INFO - Downloaded GOOGL/1767844065.json -> /tmp/minio_downloads/1767844065.json
[2026-01-09T07:33:56.253+0000] {logging_mixin.py:188} INFO - Downloaded GOOGL/1767844075.json -> /tmp/minio_downloads/1767844075.json
[2026-01-09T07:33:56.259+0000] {logging_mixin.py:188} INFO - Downloaded GOOGL/1767844085.json -> /tmp/minio_downloads/1767844085.json
[2026-01-09T07:33:56.266+0000] {logging_mixin.py:188} INFO - Downloaded GOOGL/1767844094.json -> /tmp/minio_downloads/1767844094.json
[2026-01-09T07:33:56.275+0000] {logging_mixin.py:188} INFO - Downloaded GOOGL/1767844103.json -> /tmp/minio_downloads/1767844103.json
[2026-01-09T07:33:56.283+0000] {logging_mixin.py:188} INFO - Downloaded GOOGL/1767844112.json -> /tmp/minio_downloads/1767844112.json
[2026-01-09T07:33:56.291+0000] {logging_mixin.py:188} INFO - Downloaded GOOGL/1767844121.json -> /tmp/minio_downloads/1767844121.json
[2026-01-09T07:33:56.298+0000] {logging_mixin.py:188} INFO - Downloaded GOOGL/1767844130.json -> /tmp/minio_downloads/1767844130.json
[2026-01-09T07:33:56.305+0000] {logging_mixin.py:188} INFO - Downloaded GOOGL/1767844139.json -> /tmp/minio_downloads/1767844139.json
[2026-01-09T07:33:56.312+0000] {logging_mixin.py:188} INFO - Downloaded GOOGL/1767844148.json -> /tmp/minio_downloads/1767844148.json
[2026-01-09T07:33:56.318+0000] {logging_mixin.py:188} INFO - Downloaded GOOGL/1767844157.json -> /tmp/minio_downloads/1767844157.json
[2026-01-09T07:33:56.325+0000] {logging_mixin.py:188} INFO - Downloaded GOOGL/1767844166.json -> /tmp/minio_downloads/1767844166.json
[2026-01-09T07:33:56.332+0000] {logging_mixin.py:188} INFO - Downloaded GOOGL/1767844175.json -> /tmp/minio_downloads/1767844175.json
[2026-01-09T07:33:56.343+0000] {logging_mixin.py:188} INFO - Downloaded GOOGL/1767844184.json -> /tmp/minio_downloads/1767844184.json
[2026-01-09T07:33:56.351+0000] {logging_mixin.py:188} INFO - Downloaded GOOGL/1767844193.json -> /tmp/minio_downloads/1767844193.json
[2026-01-09T07:33:56.363+0000] {logging_mixin.py:188} INFO - Downloaded GOOGL/1767844202.json -> /tmp/minio_downloads/1767844202.json
[2026-01-09T07:33:56.369+0000] {logging_mixin.py:188} INFO - Downloaded GOOGL/1767844211.json -> /tmp/minio_downloads/1767844211.json
[2026-01-09T07:33:56.375+0000] {logging_mixin.py:188} INFO - Downloaded GOOGL/1767844220.json -> /tmp/minio_downloads/1767844220.json
[2026-01-09T07:33:56.381+0000] {logging_mixin.py:188} INFO - Downloaded GOOGL/1767844229.json -> /tmp/minio_downloads/1767844229.json
[2026-01-09T07:33:56.388+0000] {logging_mixin.py:188} INFO - Downloaded GOOGL/1767844239.json -> /tmp/minio_downloads/1767844239.json
[2026-01-09T07:33:56.393+0000] {logging_mixin.py:188} INFO - Downloaded GOOGL/1767844248.json -> /tmp/minio_downloads/1767844248.json
[2026-01-09T07:33:56.399+0000] {logging_mixin.py:188} INFO - Downloaded GOOGL/1767844257.json -> /tmp/minio_downloads/1767844257.json
[2026-01-09T07:33:56.404+0000] {logging_mixin.py:188} INFO - Downloaded GOOGL/1767844266.json -> /tmp/minio_downloads/1767844266.json
[2026-01-09T07:33:56.409+0000] {logging_mixin.py:188} INFO - Downloaded GOOGL/1767844275.json -> /tmp/minio_downloads/1767844275.json
[2026-01-09T07:33:56.415+0000] {logging_mixin.py:188} INFO - Downloaded GOOGL/1767844284.json -> /tmp/minio_downloads/1767844284.json
[2026-01-09T07:33:56.420+0000] {logging_mixin.py:188} INFO - Downloaded GOOGL/1767844293.json -> /tmp/minio_downloads/1767844293.json
[2026-01-09T07:33:56.425+0000] {logging_mixin.py:188} INFO - Downloaded GOOGL/1767844302.json -> /tmp/minio_downloads/1767844302.json
[2026-01-09T07:33:56.431+0000] {logging_mixin.py:188} INFO - Downloaded GOOGL/1767844311.json -> /tmp/minio_downloads/1767844311.json
[2026-01-09T07:33:56.436+0000] {logging_mixin.py:188} INFO - Downloaded GOOGL/1767844321.json -> /tmp/minio_downloads/1767844321.json
[2026-01-09T07:33:56.443+0000] {logging_mixin.py:188} INFO - Downloaded GOOGL/1767844331.json -> /tmp/minio_downloads/1767844331.json
[2026-01-09T07:33:56.449+0000] {logging_mixin.py:188} INFO - Downloaded GOOGL/1767844340.json -> /tmp/minio_downloads/1767844340.json
[2026-01-09T07:33:56.456+0000] {logging_mixin.py:188} INFO - Downloaded GOOGL/1767844350.json -> /tmp/minio_downloads/1767844350.json
[2026-01-09T07:33:56.463+0000] {logging_mixin.py:188} INFO - Downloaded GOOGL/1767844359.json -> /tmp/minio_downloads/1767844359.json
[2026-01-09T07:33:56.469+0000] {logging_mixin.py:188} INFO - Downloaded GOOGL/1767844368.json -> /tmp/minio_downloads/1767844368.json
[2026-01-09T07:33:56.476+0000] {logging_mixin.py:188} INFO - Downloaded GOOGL/1767844377.json -> /tmp/minio_downloads/1767844377.json
[2026-01-09T07:33:56.482+0000] {logging_mixin.py:188} INFO - Downloaded GOOGL/1767844386.json -> /tmp/minio_downloads/1767844386.json
[2026-01-09T07:33:56.489+0000] {logging_mixin.py:188} INFO - Downloaded GOOGL/1767844394.json -> /tmp/minio_downloads/1767844394.json
[2026-01-09T07:33:56.496+0000] {logging_mixin.py:188} INFO - Downloaded GOOGL/1767844403.json -> /tmp/minio_downloads/1767844403.json
[2026-01-09T07:33:56.503+0000] {logging_mixin.py:188} INFO - Downloaded GOOGL/1767844412.json -> /tmp/minio_downloads/1767844412.json
[2026-01-09T07:33:56.509+0000] {logging_mixin.py:188} INFO - Downloaded GOOGL/1767844421.json -> /tmp/minio_downloads/1767844421.json
[2026-01-09T07:33:56.516+0000] {logging_mixin.py:188} INFO - Downloaded GOOGL/1767844430.json -> /tmp/minio_downloads/1767844430.json
[2026-01-09T07:33:56.524+0000] {logging_mixin.py:188} INFO - Downloaded GOOGL/1767844439.json -> /tmp/minio_downloads/1767844439.json
[2026-01-09T07:33:56.530+0000] {logging_mixin.py:188} INFO - Downloaded GOOGL/1767844448.json -> /tmp/minio_downloads/1767844448.json
[2026-01-09T07:33:56.536+0000] {logging_mixin.py:188} INFO - Downloaded GOOGL/1767844457.json -> /tmp/minio_downloads/1767844457.json
[2026-01-09T07:33:56.543+0000] {logging_mixin.py:188} INFO - Downloaded GOOGL/1767844466.json -> /tmp/minio_downloads/1767844466.json
[2026-01-09T07:33:56.550+0000] {logging_mixin.py:188} INFO - Downloaded GOOGL/1767844475.json -> /tmp/minio_downloads/1767844475.json
[2026-01-09T07:33:56.555+0000] {logging_mixin.py:188} INFO - Downloaded GOOGL/1767844484.json -> /tmp/minio_downloads/1767844484.json
[2026-01-09T07:33:56.561+0000] {logging_mixin.py:188} INFO - Downloaded GOOGL/1767844493.json -> /tmp/minio_downloads/1767844493.json
[2026-01-09T07:33:56.566+0000] {logging_mixin.py:188} INFO - Downloaded GOOGL/1767844502.json -> /tmp/minio_downloads/1767844502.json
[2026-01-09T07:33:56.571+0000] {logging_mixin.py:188} INFO - Downloaded GOOGL/1767913112.json -> /tmp/minio_downloads/1767913112.json
[2026-01-09T07:33:56.576+0000] {logging_mixin.py:188} INFO - Downloaded GOOGL/1767913120.json -> /tmp/minio_downloads/1767913120.json
[2026-01-09T07:33:56.585+0000] {logging_mixin.py:188} INFO - Downloaded GOOGL/1767913129.json -> /tmp/minio_downloads/1767913129.json
[2026-01-09T07:33:56.595+0000] {logging_mixin.py:188} INFO - Downloaded GOOGL/1767913138.json -> /tmp/minio_downloads/1767913138.json
[2026-01-09T07:33:56.602+0000] {logging_mixin.py:188} INFO - Downloaded GOOGL/1767913147.json -> /tmp/minio_downloads/1767913147.json
[2026-01-09T07:33:56.613+0000] {logging_mixin.py:188} INFO - Downloaded GOOGL/1767913157.json -> /tmp/minio_downloads/1767913157.json
[2026-01-09T07:33:56.625+0000] {logging_mixin.py:188} INFO - Downloaded GOOGL/1767913168.json -> /tmp/minio_downloads/1767913168.json
[2026-01-09T07:33:56.635+0000] {logging_mixin.py:188} INFO - Downloaded GOOGL/1767913179.json -> /tmp/minio_downloads/1767913179.json
[2026-01-09T07:33:56.645+0000] {logging_mixin.py:188} INFO - Downloaded GOOGL/1767913191.json -> /tmp/minio_downloads/1767913191.json
[2026-01-09T07:33:56.653+0000] {logging_mixin.py:188} INFO - Downloaded GOOGL/1767913202.json -> /tmp/minio_downloads/1767913202.json
[2026-01-09T07:33:56.664+0000] {logging_mixin.py:188} INFO - Downloaded GOOGL/1767913211.json -> /tmp/minio_downloads/1767913211.json
[2026-01-09T07:33:56.671+0000] {logging_mixin.py:188} INFO - Downloaded GOOGL/1767913221.json -> /tmp/minio_downloads/1767913221.json
[2026-01-09T07:33:56.677+0000] {logging_mixin.py:188} INFO - Downloaded GOOGL/1767913231.json -> /tmp/minio_downloads/1767913231.json
[2026-01-09T07:33:56.685+0000] {logging_mixin.py:188} INFO - Downloaded GOOGL/1767913240.json -> /tmp/minio_downloads/1767913240.json
[2026-01-09T07:33:56.694+0000] {logging_mixin.py:188} INFO - Downloaded GOOGL/1767913250.json -> /tmp/minio_downloads/1767913250.json
[2026-01-09T07:33:56.703+0000] {logging_mixin.py:188} INFO - Downloaded GOOGL/1767913261.json -> /tmp/minio_downloads/1767913261.json
[2026-01-09T07:33:56.714+0000] {logging_mixin.py:188} INFO - Downloaded GOOGL/1767913272.json -> /tmp/minio_downloads/1767913272.json
[2026-01-09T07:33:56.726+0000] {logging_mixin.py:188} INFO - Downloaded GOOGL/1767913283.json -> /tmp/minio_downloads/1767913283.json
[2026-01-09T07:33:56.735+0000] {logging_mixin.py:188} INFO - Downloaded GOOGL/1767913294.json -> /tmp/minio_downloads/1767913294.json
[2026-01-09T07:33:56.742+0000] {logging_mixin.py:188} INFO - Downloaded GOOGL/1767913303.json -> /tmp/minio_downloads/1767913303.json
[2026-01-09T07:33:56.748+0000] {logging_mixin.py:188} INFO - Downloaded GOOGL/1767913312.json -> /tmp/minio_downloads/1767913312.json
[2026-01-09T07:33:56.755+0000] {logging_mixin.py:188} INFO - Downloaded GOOGL/1767913321.json -> /tmp/minio_downloads/1767913321.json
[2026-01-09T07:33:56.764+0000] {logging_mixin.py:188} INFO - Downloaded GOOGL/1767913330.json -> /tmp/minio_downloads/1767913330.json
[2026-01-09T07:33:56.770+0000] {logging_mixin.py:188} INFO - Downloaded GOOGL/1767913341.json -> /tmp/minio_downloads/1767913341.json
[2026-01-09T07:33:56.775+0000] {logging_mixin.py:188} INFO - Downloaded GOOGL/1767913352.json -> /tmp/minio_downloads/1767913352.json
[2026-01-09T07:33:56.780+0000] {logging_mixin.py:188} INFO - Downloaded GOOGL/1767913363.json -> /tmp/minio_downloads/1767913363.json
[2026-01-09T07:33:56.786+0000] {logging_mixin.py:188} INFO - Downloaded MSFT/1767843763.json -> /tmp/minio_downloads/1767843763.json
[2026-01-09T07:33:56.791+0000] {logging_mixin.py:188} INFO - Downloaded MSFT/1767843772.json -> /tmp/minio_downloads/1767843772.json
[2026-01-09T07:33:56.796+0000] {logging_mixin.py:188} INFO - Downloaded MSFT/1767843782.json -> /tmp/minio_downloads/1767843782.json
[2026-01-09T07:33:56.803+0000] {logging_mixin.py:188} INFO - Downloaded MSFT/1767843791.json -> /tmp/minio_downloads/1767843791.json
[2026-01-09T07:33:56.808+0000] {logging_mixin.py:188} INFO - Downloaded MSFT/1767843800.json -> /tmp/minio_downloads/1767843800.json
[2026-01-09T07:33:56.814+0000] {logging_mixin.py:188} INFO - Downloaded MSFT/1767843809.json -> /tmp/minio_downloads/1767843809.json
[2026-01-09T07:33:56.820+0000] {logging_mixin.py:188} INFO - Downloaded MSFT/1767843818.json -> /tmp/minio_downloads/1767843818.json
[2026-01-09T07:33:56.831+0000] {logging_mixin.py:188} INFO - Downloaded MSFT/1767843827.json -> /tmp/minio_downloads/1767843827.json
[2026-01-09T07:33:56.843+0000] {logging_mixin.py:188} INFO - Downloaded MSFT/1767843837.json -> /tmp/minio_downloads/1767843837.json
[2026-01-09T07:33:56.854+0000] {logging_mixin.py:188} INFO - Downloaded MSFT/1767843846.json -> /tmp/minio_downloads/1767843846.json
[2026-01-09T07:33:56.865+0000] {logging_mixin.py:188} INFO - Downloaded MSFT/1767843855.json -> /tmp/minio_downloads/1767843855.json
[2026-01-09T07:33:56.874+0000] {logging_mixin.py:188} INFO - Downloaded MSFT/1767843864.json -> /tmp/minio_downloads/1767843864.json
[2026-01-09T07:33:56.886+0000] {logging_mixin.py:188} INFO - Downloaded MSFT/1767843873.json -> /tmp/minio_downloads/1767843873.json
[2026-01-09T07:33:56.893+0000] {logging_mixin.py:188} INFO - Downloaded MSFT/1767843883.json -> /tmp/minio_downloads/1767843883.json
[2026-01-09T07:33:56.899+0000] {logging_mixin.py:188} INFO - Downloaded MSFT/1767843892.json -> /tmp/minio_downloads/1767843892.json
[2026-01-09T07:33:56.910+0000] {logging_mixin.py:188} INFO - Downloaded MSFT/1767843901.json -> /tmp/minio_downloads/1767843901.json
[2026-01-09T07:33:56.928+0000] {logging_mixin.py:188} INFO - Downloaded MSFT/1767843910.json -> /tmp/minio_downloads/1767843910.json
[2026-01-09T07:33:56.935+0000] {logging_mixin.py:188} INFO - Downloaded MSFT/1767843919.json -> /tmp/minio_downloads/1767843919.json
[2026-01-09T07:33:56.940+0000] {logging_mixin.py:188} INFO - Downloaded MSFT/1767843929.json -> /tmp/minio_downloads/1767843929.json
[2026-01-09T07:33:56.945+0000] {logging_mixin.py:188} INFO - Downloaded MSFT/1767843938.json -> /tmp/minio_downloads/1767843938.json
[2026-01-09T07:33:56.956+0000] {logging_mixin.py:188} INFO - Downloaded MSFT/1767843947.json -> /tmp/minio_downloads/1767843947.json
[2026-01-09T07:33:56.962+0000] {logging_mixin.py:188} INFO - Downloaded MSFT/1767843956.json -> /tmp/minio_downloads/1767843956.json
[2026-01-09T07:33:56.975+0000] {logging_mixin.py:188} INFO - Downloaded MSFT/1767843965.json -> /tmp/minio_downloads/1767843965.json
[2026-01-09T07:33:56.982+0000] {logging_mixin.py:188} INFO - Downloaded MSFT/1767843974.json -> /tmp/minio_downloads/1767843974.json
[2026-01-09T07:33:56.989+0000] {logging_mixin.py:188} INFO - Downloaded MSFT/1767843983.json -> /tmp/minio_downloads/1767843983.json
[2026-01-09T07:33:56.999+0000] {logging_mixin.py:188} INFO - Downloaded MSFT/1767843992.json -> /tmp/minio_downloads/1767843992.json
[2026-01-09T07:33:57.005+0000] {logging_mixin.py:188} INFO - Downloaded MSFT/1767844001.json -> /tmp/minio_downloads/1767844001.json
[2026-01-09T07:33:57.011+0000] {logging_mixin.py:188} INFO - Downloaded MSFT/1767844010.json -> /tmp/minio_downloads/1767844010.json
[2026-01-09T07:33:57.017+0000] {logging_mixin.py:188} INFO - Downloaded MSFT/1767844019.json -> /tmp/minio_downloads/1767844019.json
[2026-01-09T07:33:57.024+0000] {logging_mixin.py:188} INFO - Downloaded MSFT/1767844028.json -> /tmp/minio_downloads/1767844028.json
[2026-01-09T07:33:57.031+0000] {logging_mixin.py:188} INFO - Downloaded MSFT/1767844038.json -> /tmp/minio_downloads/1767844038.json
[2026-01-09T07:33:57.037+0000] {logging_mixin.py:188} INFO - Downloaded MSFT/1767844047.json -> /tmp/minio_downloads/1767844047.json
[2026-01-09T07:33:57.044+0000] {logging_mixin.py:188} INFO - Downloaded MSFT/1767844056.json -> /tmp/minio_downloads/1767844056.json
[2026-01-09T07:33:57.050+0000] {logging_mixin.py:188} INFO - Downloaded MSFT/1767844065.json -> /tmp/minio_downloads/1767844065.json
[2026-01-09T07:33:57.057+0000] {logging_mixin.py:188} INFO - Downloaded MSFT/1767844074.json -> /tmp/minio_downloads/1767844074.json
[2026-01-09T07:33:57.063+0000] {logging_mixin.py:188} INFO - Downloaded MSFT/1767844084.json -> /tmp/minio_downloads/1767844084.json
[2026-01-09T07:33:57.069+0000] {logging_mixin.py:188} INFO - Downloaded MSFT/1767844093.json -> /tmp/minio_downloads/1767844093.json
[2026-01-09T07:33:57.075+0000] {logging_mixin.py:188} INFO - Downloaded MSFT/1767844102.json -> /tmp/minio_downloads/1767844102.json
[2026-01-09T07:33:57.082+0000] {logging_mixin.py:188} INFO - Downloaded MSFT/1767844111.json -> /tmp/minio_downloads/1767844111.json
[2026-01-09T07:33:57.088+0000] {logging_mixin.py:188} INFO - Downloaded MSFT/1767844120.json -> /tmp/minio_downloads/1767844120.json
[2026-01-09T07:33:57.095+0000] {logging_mixin.py:188} INFO - Downloaded MSFT/1767844129.json -> /tmp/minio_downloads/1767844129.json
[2026-01-09T07:33:57.103+0000] {logging_mixin.py:188} INFO - Downloaded MSFT/1767844138.json -> /tmp/minio_downloads/1767844138.json
[2026-01-09T07:33:57.110+0000] {logging_mixin.py:188} INFO - Downloaded MSFT/1767844147.json -> /tmp/minio_downloads/1767844147.json
[2026-01-09T07:33:57.124+0000] {logging_mixin.py:188} INFO - Downloaded MSFT/1767844156.json -> /tmp/minio_downloads/1767844156.json
[2026-01-09T07:33:57.133+0000] {logging_mixin.py:188} INFO - Downloaded MSFT/1767844165.json -> /tmp/minio_downloads/1767844165.json
[2026-01-09T07:33:57.143+0000] {logging_mixin.py:188} INFO - Downloaded MSFT/1767844174.json -> /tmp/minio_downloads/1767844174.json
[2026-01-09T07:33:57.148+0000] {logging_mixin.py:188} INFO - Downloaded MSFT/1767844183.json -> /tmp/minio_downloads/1767844183.json
[2026-01-09T07:33:57.160+0000] {logging_mixin.py:188} INFO - Downloaded MSFT/1767844192.json -> /tmp/minio_downloads/1767844192.json
[2026-01-09T07:33:57.171+0000] {logging_mixin.py:188} INFO - Downloaded MSFT/1767844202.json -> /tmp/minio_downloads/1767844202.json
[2026-01-09T07:33:57.179+0000] {logging_mixin.py:188} INFO - Downloaded MSFT/1767844211.json -> /tmp/minio_downloads/1767844211.json
[2026-01-09T07:33:57.188+0000] {logging_mixin.py:188} INFO - Downloaded MSFT/1767844220.json -> /tmp/minio_downloads/1767844220.json
[2026-01-09T07:33:57.196+0000] {logging_mixin.py:188} INFO - Downloaded MSFT/1767844229.json -> /tmp/minio_downloads/1767844229.json
[2026-01-09T07:33:57.205+0000] {logging_mixin.py:188} INFO - Downloaded MSFT/1767844238.json -> /tmp/minio_downloads/1767844238.json
[2026-01-09T07:33:57.214+0000] {logging_mixin.py:188} INFO - Downloaded MSFT/1767844247.json -> /tmp/minio_downloads/1767844247.json
[2026-01-09T07:33:57.221+0000] {logging_mixin.py:188} INFO - Downloaded MSFT/1767844256.json -> /tmp/minio_downloads/1767844256.json
[2026-01-09T07:33:57.228+0000] {logging_mixin.py:188} INFO - Downloaded MSFT/1767844265.json -> /tmp/minio_downloads/1767844265.json
[2026-01-09T07:33:57.235+0000] {logging_mixin.py:188} INFO - Downloaded MSFT/1767844274.json -> /tmp/minio_downloads/1767844274.json
[2026-01-09T07:33:57.241+0000] {logging_mixin.py:188} INFO - Downloaded MSFT/1767844283.json -> /tmp/minio_downloads/1767844283.json
[2026-01-09T07:33:57.248+0000] {logging_mixin.py:188} INFO - Downloaded MSFT/1767844292.json -> /tmp/minio_downloads/1767844292.json
[2026-01-09T07:33:57.254+0000] {logging_mixin.py:188} INFO - Downloaded MSFT/1767844301.json -> /tmp/minio_downloads/1767844301.json
[2026-01-09T07:33:57.261+0000] {logging_mixin.py:188} INFO - Downloaded MSFT/1767844310.json -> /tmp/minio_downloads/1767844310.json
[2026-01-09T07:33:57.268+0000] {logging_mixin.py:188} INFO - Downloaded MSFT/1767844320.json -> /tmp/minio_downloads/1767844320.json
[2026-01-09T07:33:57.275+0000] {logging_mixin.py:188} INFO - Downloaded MSFT/1767844330.json -> /tmp/minio_downloads/1767844330.json
[2026-01-09T07:33:57.281+0000] {logging_mixin.py:188} INFO - Downloaded MSFT/1767844339.json -> /tmp/minio_downloads/1767844339.json
[2026-01-09T07:33:57.289+0000] {logging_mixin.py:188} INFO - Downloaded MSFT/1767844349.json -> /tmp/minio_downloads/1767844349.json
[2026-01-09T07:33:57.294+0000] {logging_mixin.py:188} INFO - Downloaded MSFT/1767844358.json -> /tmp/minio_downloads/1767844358.json
[2026-01-09T07:33:57.311+0000] {logging_mixin.py:188} INFO - Downloaded MSFT/1767844367.json -> /tmp/minio_downloads/1767844367.json
[2026-01-09T07:33:57.322+0000] {logging_mixin.py:188} INFO - Downloaded MSFT/1767844376.json -> /tmp/minio_downloads/1767844376.json
[2026-01-09T07:33:57.343+0000] {logging_mixin.py:188} INFO - Downloaded MSFT/1767844385.json -> /tmp/minio_downloads/1767844385.json
[2026-01-09T07:33:57.355+0000] {logging_mixin.py:188} INFO - Downloaded MSFT/1767844394.json -> /tmp/minio_downloads/1767844394.json
[2026-01-09T07:33:57.367+0000] {logging_mixin.py:188} INFO - Downloaded MSFT/1767844403.json -> /tmp/minio_downloads/1767844403.json
[2026-01-09T07:33:57.373+0000] {logging_mixin.py:188} INFO - Downloaded MSFT/1767844412.json -> /tmp/minio_downloads/1767844412.json
[2026-01-09T07:33:57.383+0000] {logging_mixin.py:188} INFO - Downloaded MSFT/1767844421.json -> /tmp/minio_downloads/1767844421.json
[2026-01-09T07:33:57.391+0000] {logging_mixin.py:188} INFO - Downloaded MSFT/1767844430.json -> /tmp/minio_downloads/1767844430.json
[2026-01-09T07:33:57.398+0000] {logging_mixin.py:188} INFO - Downloaded MSFT/1767844439.json -> /tmp/minio_downloads/1767844439.json
[2026-01-09T07:33:57.404+0000] {logging_mixin.py:188} INFO - Downloaded MSFT/1767844448.json -> /tmp/minio_downloads/1767844448.json
[2026-01-09T07:33:57.411+0000] {logging_mixin.py:188} INFO - Downloaded MSFT/1767844457.json -> /tmp/minio_downloads/1767844457.json
[2026-01-09T07:33:57.418+0000] {logging_mixin.py:188} INFO - Downloaded MSFT/1767844466.json -> /tmp/minio_downloads/1767844466.json
[2026-01-09T07:33:57.424+0000] {logging_mixin.py:188} INFO - Downloaded MSFT/1767844475.json -> /tmp/minio_downloads/1767844475.json
[2026-01-09T07:33:57.430+0000] {logging_mixin.py:188} INFO - Downloaded MSFT/1767844483.json -> /tmp/minio_downloads/1767844483.json
[2026-01-09T07:33:57.437+0000] {logging_mixin.py:188} INFO - Downloaded MSFT/1767844492.json -> /tmp/minio_downloads/1767844492.json
[2026-01-09T07:33:57.443+0000] {logging_mixin.py:188} INFO - Downloaded MSFT/1767844501.json -> /tmp/minio_downloads/1767844501.json
[2026-01-09T07:33:57.450+0000] {logging_mixin.py:188} INFO - Downloaded MSFT/1767913111.json -> /tmp/minio_downloads/1767913111.json
[2026-01-09T07:33:57.457+0000] {logging_mixin.py:188} INFO - Downloaded MSFT/1767913120.json -> /tmp/minio_downloads/1767913120.json
[2026-01-09T07:33:57.463+0000] {logging_mixin.py:188} INFO - Downloaded MSFT/1767913128.json -> /tmp/minio_downloads/1767913128.json
[2026-01-09T07:33:57.470+0000] {logging_mixin.py:188} INFO - Downloaded MSFT/1767913137.json -> /tmp/minio_downloads/1767913137.json
[2026-01-09T07:33:57.475+0000] {logging_mixin.py:188} INFO - Downloaded MSFT/1767913146.json -> /tmp/minio_downloads/1767913146.json
[2026-01-09T07:33:57.480+0000] {logging_mixin.py:188} INFO - Downloaded MSFT/1767913156.json -> /tmp/minio_downloads/1767913156.json
[2026-01-09T07:33:57.486+0000] {logging_mixin.py:188} INFO - Downloaded MSFT/1767913166.json -> /tmp/minio_downloads/1767913166.json
[2026-01-09T07:33:57.491+0000] {logging_mixin.py:188} INFO - Downloaded MSFT/1767913177.json -> /tmp/minio_downloads/1767913177.json
[2026-01-09T07:33:57.496+0000] {logging_mixin.py:188} INFO - Downloaded MSFT/1767913189.json -> /tmp/minio_downloads/1767913189.json
[2026-01-09T07:33:57.502+0000] {logging_mixin.py:188} INFO - Downloaded MSFT/1767913200.json -> /tmp/minio_downloads/1767913200.json
[2026-01-09T07:33:57.508+0000] {logging_mixin.py:188} INFO - Downloaded MSFT/1767913211.json -> /tmp/minio_downloads/1767913211.json
[2026-01-09T07:33:57.515+0000] {logging_mixin.py:188} INFO - Downloaded MSFT/1767913219.json -> /tmp/minio_downloads/1767913219.json
[2026-01-09T07:33:57.523+0000] {logging_mixin.py:188} INFO - Downloaded MSFT/1767913230.json -> /tmp/minio_downloads/1767913230.json
[2026-01-09T07:33:57.531+0000] {logging_mixin.py:188} INFO - Downloaded MSFT/1767913239.json -> /tmp/minio_downloads/1767913239.json
[2026-01-09T07:33:57.542+0000] {logging_mixin.py:188} INFO - Downloaded MSFT/1767913249.json -> /tmp/minio_downloads/1767913249.json
[2026-01-09T07:33:57.550+0000] {logging_mixin.py:188} INFO - Downloaded MSFT/1767913260.json -> /tmp/minio_downloads/1767913260.json
[2026-01-09T07:33:57.557+0000] {logging_mixin.py:188} INFO - Downloaded MSFT/1767913270.json -> /tmp/minio_downloads/1767913270.json
[2026-01-09T07:33:57.565+0000] {logging_mixin.py:188} INFO - Downloaded MSFT/1767913281.json -> /tmp/minio_downloads/1767913281.json
[2026-01-09T07:33:57.571+0000] {logging_mixin.py:188} INFO - Downloaded MSFT/1767913292.json -> /tmp/minio_downloads/1767913292.json
[2026-01-09T07:33:57.577+0000] {logging_mixin.py:188} INFO - Downloaded MSFT/1767913302.json -> /tmp/minio_downloads/1767913302.json
[2026-01-09T07:33:57.584+0000] {logging_mixin.py:188} INFO - Downloaded MSFT/1767913311.json -> /tmp/minio_downloads/1767913311.json
[2026-01-09T07:33:57.596+0000] {logging_mixin.py:188} INFO - Downloaded MSFT/1767913320.json -> /tmp/minio_downloads/1767913320.json
[2026-01-09T07:33:57.604+0000] {logging_mixin.py:188} INFO - Downloaded MSFT/1767913329.json -> /tmp/minio_downloads/1767913329.json
[2026-01-09T07:33:57.611+0000] {logging_mixin.py:188} INFO - Downloaded MSFT/1767913339.json -> /tmp/minio_downloads/1767913339.json
[2026-01-09T07:33:57.618+0000] {logging_mixin.py:188} INFO - Downloaded MSFT/1767913350.json -> /tmp/minio_downloads/1767913350.json
[2026-01-09T07:33:57.625+0000] {logging_mixin.py:188} INFO - Downloaded MSFT/1767913361.json -> /tmp/minio_downloads/1767913361.json
[2026-01-09T07:33:57.632+0000] {logging_mixin.py:188} INFO - Downloaded TSLA/1767843764.json -> /tmp/minio_downloads/1767843764.json
[2026-01-09T07:33:57.638+0000] {logging_mixin.py:188} INFO - Downloaded TSLA/1767843773.json -> /tmp/minio_downloads/1767843773.json
[2026-01-09T07:33:57.645+0000] {logging_mixin.py:188} INFO - Downloaded TSLA/1767843782.json -> /tmp/minio_downloads/1767843782.json
[2026-01-09T07:33:57.652+0000] {logging_mixin.py:188} INFO - Downloaded TSLA/1767843791.json -> /tmp/minio_downloads/1767843791.json
[2026-01-09T07:33:57.659+0000] {logging_mixin.py:188} INFO - Downloaded TSLA/1767843800.json -> /tmp/minio_downloads/1767843800.json
[2026-01-09T07:33:57.665+0000] {logging_mixin.py:188} INFO - Downloaded TSLA/1767843810.json -> /tmp/minio_downloads/1767843810.json
[2026-01-09T07:33:57.671+0000] {logging_mixin.py:188} INFO - Downloaded TSLA/1767843819.json -> /tmp/minio_downloads/1767843819.json
[2026-01-09T07:33:57.676+0000] {logging_mixin.py:188} INFO - Downloaded TSLA/1767843828.json -> /tmp/minio_downloads/1767843828.json
[2026-01-09T07:33:57.682+0000] {logging_mixin.py:188} INFO - Downloaded TSLA/1767843837.json -> /tmp/minio_downloads/1767843837.json
[2026-01-09T07:33:57.688+0000] {logging_mixin.py:188} INFO - Downloaded TSLA/1767843846.json -> /tmp/minio_downloads/1767843846.json
[2026-01-09T07:33:57.693+0000] {logging_mixin.py:188} INFO - Downloaded TSLA/1767843855.json -> /tmp/minio_downloads/1767843855.json
[2026-01-09T07:33:57.700+0000] {logging_mixin.py:188} INFO - Downloaded TSLA/1767843865.json -> /tmp/minio_downloads/1767843865.json
[2026-01-09T07:33:57.708+0000] {logging_mixin.py:188} INFO - Downloaded TSLA/1767843874.json -> /tmp/minio_downloads/1767843874.json
[2026-01-09T07:33:57.715+0000] {logging_mixin.py:188} INFO - Downloaded TSLA/1767843883.json -> /tmp/minio_downloads/1767843883.json
[2026-01-09T07:33:57.721+0000] {logging_mixin.py:188} INFO - Downloaded TSLA/1767843892.json -> /tmp/minio_downloads/1767843892.json
[2026-01-09T07:33:57.727+0000] {logging_mixin.py:188} INFO - Downloaded TSLA/1767843901.json -> /tmp/minio_downloads/1767843901.json
[2026-01-09T07:33:57.735+0000] {logging_mixin.py:188} INFO - Downloaded TSLA/1767843910.json -> /tmp/minio_downloads/1767843910.json
[2026-01-09T07:33:57.741+0000] {logging_mixin.py:188} INFO - Downloaded TSLA/1767843920.json -> /tmp/minio_downloads/1767843920.json
[2026-01-09T07:33:57.747+0000] {logging_mixin.py:188} INFO - Downloaded TSLA/1767843929.json -> /tmp/minio_downloads/1767843929.json
[2026-01-09T07:33:57.754+0000] {logging_mixin.py:188} INFO - Downloaded TSLA/1767843939.json -> /tmp/minio_downloads/1767843939.json
[2026-01-09T07:33:57.760+0000] {logging_mixin.py:188} INFO - Downloaded TSLA/1767843948.json -> /tmp/minio_downloads/1767843948.json
[2026-01-09T07:33:57.767+0000] {logging_mixin.py:188} INFO - Downloaded TSLA/1767843957.json -> /tmp/minio_downloads/1767843957.json
[2026-01-09T07:33:57.775+0000] {logging_mixin.py:188} INFO - Downloaded TSLA/1767843966.json -> /tmp/minio_downloads/1767843966.json
[2026-01-09T07:33:57.782+0000] {logging_mixin.py:188} INFO - Downloaded TSLA/1767843975.json -> /tmp/minio_downloads/1767843975.json
[2026-01-09T07:33:57.789+0000] {logging_mixin.py:188} INFO - Downloaded TSLA/1767843984.json -> /tmp/minio_downloads/1767843984.json
[2026-01-09T07:33:57.796+0000] {logging_mixin.py:188} INFO - Downloaded TSLA/1767843993.json -> /tmp/minio_downloads/1767843993.json
[2026-01-09T07:33:57.804+0000] {logging_mixin.py:188} INFO - Downloaded TSLA/1767844002.json -> /tmp/minio_downloads/1767844002.json
[2026-01-09T07:33:57.813+0000] {logging_mixin.py:188} INFO - Downloaded TSLA/1767844011.json -> /tmp/minio_downloads/1767844011.json
[2026-01-09T07:33:57.823+0000] {logging_mixin.py:188} INFO - Downloaded TSLA/1767844020.json -> /tmp/minio_downloads/1767844020.json
[2026-01-09T07:33:57.829+0000] {logging_mixin.py:188} INFO - Downloaded TSLA/1767844029.json -> /tmp/minio_downloads/1767844029.json
[2026-01-09T07:33:57.834+0000] {logging_mixin.py:188} INFO - Downloaded TSLA/1767844038.json -> /tmp/minio_downloads/1767844038.json
[2026-01-09T07:33:57.845+0000] {logging_mixin.py:188} INFO - Downloaded TSLA/1767844047.json -> /tmp/minio_downloads/1767844047.json
[2026-01-09T07:33:57.854+0000] {logging_mixin.py:188} INFO - Downloaded TSLA/1767844056.json -> /tmp/minio_downloads/1767844056.json
[2026-01-09T07:33:57.859+0000] {logging_mixin.py:188} INFO - Downloaded TSLA/1767844065.json -> /tmp/minio_downloads/1767844065.json
[2026-01-09T07:33:57.865+0000] {logging_mixin.py:188} INFO - Downloaded TSLA/1767844074.json -> /tmp/minio_downloads/1767844074.json
[2026-01-09T07:33:57.872+0000] {logging_mixin.py:188} INFO - Downloaded TSLA/1767844084.json -> /tmp/minio_downloads/1767844084.json
[2026-01-09T07:33:57.884+0000] {logging_mixin.py:188} INFO - Downloaded TSLA/1767844093.json -> /tmp/minio_downloads/1767844093.json
[2026-01-09T07:33:57.893+0000] {logging_mixin.py:188} INFO - Downloaded TSLA/1767844102.json -> /tmp/minio_downloads/1767844102.json
[2026-01-09T07:33:57.900+0000] {logging_mixin.py:188} INFO - Downloaded TSLA/1767844112.json -> /tmp/minio_downloads/1767844112.json
[2026-01-09T07:33:57.906+0000] {logging_mixin.py:188} INFO - Downloaded TSLA/1767844121.json -> /tmp/minio_downloads/1767844121.json
[2026-01-09T07:33:57.912+0000] {logging_mixin.py:188} INFO - Downloaded TSLA/1767844130.json -> /tmp/minio_downloads/1767844130.json
[2026-01-09T07:33:57.918+0000] {logging_mixin.py:188} INFO - Downloaded TSLA/1767844138.json -> /tmp/minio_downloads/1767844138.json
[2026-01-09T07:33:57.924+0000] {logging_mixin.py:188} INFO - Downloaded TSLA/1767844147.json -> /tmp/minio_downloads/1767844147.json
[2026-01-09T07:33:57.930+0000] {logging_mixin.py:188} INFO - Downloaded TSLA/1767844157.json -> /tmp/minio_downloads/1767844157.json
[2026-01-09T07:33:57.936+0000] {logging_mixin.py:188} INFO - Downloaded TSLA/1767844165.json -> /tmp/minio_downloads/1767844165.json
[2026-01-09T07:33:57.943+0000] {logging_mixin.py:188} INFO - Downloaded TSLA/1767844175.json -> /tmp/minio_downloads/1767844175.json
[2026-01-09T07:33:57.949+0000] {logging_mixin.py:188} INFO - Downloaded TSLA/1767844184.json -> /tmp/minio_downloads/1767844184.json
[2026-01-09T07:33:57.955+0000] {logging_mixin.py:188} INFO - Downloaded TSLA/1767844193.json -> /tmp/minio_downloads/1767844193.json
[2026-01-09T07:33:57.962+0000] {logging_mixin.py:188} INFO - Downloaded TSLA/1767844202.json -> /tmp/minio_downloads/1767844202.json
[2026-01-09T07:33:57.968+0000] {logging_mixin.py:188} INFO - Downloaded TSLA/1767844211.json -> /tmp/minio_downloads/1767844211.json
[2026-01-09T07:33:57.975+0000] {logging_mixin.py:188} INFO - Downloaded TSLA/1767844220.json -> /tmp/minio_downloads/1767844220.json
[2026-01-09T07:33:57.988+0000] {logging_mixin.py:188} INFO - Downloaded TSLA/1767844229.json -> /tmp/minio_downloads/1767844229.json
[2026-01-09T07:33:58.000+0000] {logging_mixin.py:188} INFO - Downloaded TSLA/1767844238.json -> /tmp/minio_downloads/1767844238.json
[2026-01-09T07:33:58.006+0000] {logging_mixin.py:188} INFO - Downloaded TSLA/1767844247.json -> /tmp/minio_downloads/1767844247.json
[2026-01-09T07:33:58.014+0000] {logging_mixin.py:188} INFO - Downloaded TSLA/1767844256.json -> /tmp/minio_downloads/1767844256.json
[2026-01-09T07:33:58.022+0000] {logging_mixin.py:188} INFO - Downloaded TSLA/1767844265.json -> /tmp/minio_downloads/1767844265.json
[2026-01-09T07:33:58.027+0000] {logging_mixin.py:188} INFO - Downloaded TSLA/1767844274.json -> /tmp/minio_downloads/1767844274.json
[2026-01-09T07:33:58.032+0000] {logging_mixin.py:188} INFO - Downloaded TSLA/1767844284.json -> /tmp/minio_downloads/1767844284.json
[2026-01-09T07:33:58.038+0000] {logging_mixin.py:188} INFO - Downloaded TSLA/1767844293.json -> /tmp/minio_downloads/1767844293.json
[2026-01-09T07:33:58.043+0000] {logging_mixin.py:188} INFO - Downloaded TSLA/1767844302.json -> /tmp/minio_downloads/1767844302.json
[2026-01-09T07:33:58.049+0000] {logging_mixin.py:188} INFO - Downloaded TSLA/1767844311.json -> /tmp/minio_downloads/1767844311.json
[2026-01-09T07:33:58.055+0000] {logging_mixin.py:188} INFO - Downloaded TSLA/1767844320.json -> /tmp/minio_downloads/1767844320.json
[2026-01-09T07:33:58.061+0000] {logging_mixin.py:188} INFO - Downloaded TSLA/1767844330.json -> /tmp/minio_downloads/1767844330.json
[2026-01-09T07:33:58.066+0000] {logging_mixin.py:188} INFO - Downloaded TSLA/1767844340.json -> /tmp/minio_downloads/1767844340.json
[2026-01-09T07:33:58.071+0000] {logging_mixin.py:188} INFO - Downloaded TSLA/1767844349.json -> /tmp/minio_downloads/1767844349.json
[2026-01-09T07:33:58.076+0000] {logging_mixin.py:188} INFO - Downloaded TSLA/1767844358.json -> /tmp/minio_downloads/1767844358.json
[2026-01-09T07:33:58.081+0000] {logging_mixin.py:188} INFO - Downloaded TSLA/1767844367.json -> /tmp/minio_downloads/1767844367.json
[2026-01-09T07:33:58.087+0000] {logging_mixin.py:188} INFO - Downloaded TSLA/1767844376.json -> /tmp/minio_downloads/1767844376.json
[2026-01-09T07:33:58.092+0000] {logging_mixin.py:188} INFO - Downloaded TSLA/1767844385.json -> /tmp/minio_downloads/1767844385.json
[2026-01-09T07:33:58.097+0000] {logging_mixin.py:188} INFO - Downloaded TSLA/1767844394.json -> /tmp/minio_downloads/1767844394.json
[2026-01-09T07:33:58.103+0000] {logging_mixin.py:188} INFO - Downloaded TSLA/1767844403.json -> /tmp/minio_downloads/1767844403.json
[2026-01-09T07:33:58.109+0000] {logging_mixin.py:188} INFO - Downloaded TSLA/1767844412.json -> /tmp/minio_downloads/1767844412.json
[2026-01-09T07:33:58.115+0000] {logging_mixin.py:188} INFO - Downloaded TSLA/1767844421.json -> /tmp/minio_downloads/1767844421.json
[2026-01-09T07:33:58.123+0000] {logging_mixin.py:188} INFO - Downloaded TSLA/1767844430.json -> /tmp/minio_downloads/1767844430.json
[2026-01-09T07:33:58.130+0000] {logging_mixin.py:188} INFO - Downloaded TSLA/1767844439.json -> /tmp/minio_downloads/1767844439.json
[2026-01-09T07:33:58.139+0000] {logging_mixin.py:188} INFO - Downloaded TSLA/1767844448.json -> /tmp/minio_downloads/1767844448.json
[2026-01-09T07:33:58.146+0000] {logging_mixin.py:188} INFO - Downloaded TSLA/1767844457.json -> /tmp/minio_downloads/1767844457.json
[2026-01-09T07:33:58.157+0000] {logging_mixin.py:188} INFO - Downloaded TSLA/1767844466.json -> /tmp/minio_downloads/1767844466.json
[2026-01-09T07:33:58.165+0000] {logging_mixin.py:188} INFO - Downloaded TSLA/1767844475.json -> /tmp/minio_downloads/1767844475.json
[2026-01-09T07:33:58.177+0000] {logging_mixin.py:188} INFO - Downloaded TSLA/1767844484.json -> /tmp/minio_downloads/1767844484.json
[2026-01-09T07:33:58.186+0000] {logging_mixin.py:188} INFO - Downloaded TSLA/1767844493.json -> /tmp/minio_downloads/1767844493.json
[2026-01-09T07:33:58.195+0000] {logging_mixin.py:188} INFO - Downloaded TSLA/1767844502.json -> /tmp/minio_downloads/1767844502.json
[2026-01-09T07:33:58.206+0000] {logging_mixin.py:188} INFO - Downloaded TSLA/1767913111.json -> /tmp/minio_downloads/1767913111.json
[2026-01-09T07:33:58.217+0000] {logging_mixin.py:188} INFO - Downloaded TSLA/1767913120.json -> /tmp/minio_downloads/1767913120.json
[2026-01-09T07:33:58.226+0000] {logging_mixin.py:188} INFO - Downloaded TSLA/1767913129.json -> /tmp/minio_downloads/1767913129.json
[2026-01-09T07:33:58.235+0000] {logging_mixin.py:188} INFO - Downloaded TSLA/1767913138.json -> /tmp/minio_downloads/1767913138.json
[2026-01-09T07:33:58.245+0000] {logging_mixin.py:188} INFO - Downloaded TSLA/1767913146.json -> /tmp/minio_downloads/1767913146.json
[2026-01-09T07:33:58.258+0000] {logging_mixin.py:188} INFO - Downloaded TSLA/1767913156.json -> /tmp/minio_downloads/1767913156.json
[2026-01-09T07:33:58.268+0000] {logging_mixin.py:188} INFO - Downloaded TSLA/1767913167.json -> /tmp/minio_downloads/1767913167.json
[2026-01-09T07:33:58.277+0000] {logging_mixin.py:188} INFO - Downloaded TSLA/1767913178.json -> /tmp/minio_downloads/1767913178.json
[2026-01-09T07:33:58.287+0000] {logging_mixin.py:188} INFO - Downloaded TSLA/1767913190.json -> /tmp/minio_downloads/1767913190.json
[2026-01-09T07:33:58.294+0000] {logging_mixin.py:188} INFO - Downloaded TSLA/1767913201.json -> /tmp/minio_downloads/1767913201.json
[2026-01-09T07:33:58.305+0000] {logging_mixin.py:188} INFO - Downloaded TSLA/1767913211.json -> /tmp/minio_downloads/1767913211.json
[2026-01-09T07:33:58.314+0000] {logging_mixin.py:188} INFO - Downloaded TSLA/1767913220.json -> /tmp/minio_downloads/1767913220.json
[2026-01-09T07:33:58.324+0000] {logging_mixin.py:188} INFO - Downloaded TSLA/1767913230.json -> /tmp/minio_downloads/1767913230.json
[2026-01-09T07:33:58.342+0000] {logging_mixin.py:188} INFO - Downloaded TSLA/1767913239.json -> /tmp/minio_downloads/1767913239.json
[2026-01-09T07:33:58.363+0000] {logging_mixin.py:188} INFO - Downloaded TSLA/1767913250.json -> /tmp/minio_downloads/1767913250.json
[2026-01-09T07:33:58.382+0000] {logging_mixin.py:188} INFO - Downloaded TSLA/1767913260.json -> /tmp/minio_downloads/1767913260.json
[2026-01-09T07:33:58.404+0000] {logging_mixin.py:188} INFO - Downloaded TSLA/1767913271.json -> /tmp/minio_downloads/1767913271.json
[2026-01-09T07:33:58.428+0000] {logging_mixin.py:188} INFO - Downloaded TSLA/1767913282.json -> /tmp/minio_downloads/1767913282.json
[2026-01-09T07:33:58.443+0000] {logging_mixin.py:188} INFO - Downloaded TSLA/1767913294.json -> /tmp/minio_downloads/1767913294.json
[2026-01-09T07:33:58.461+0000] {logging_mixin.py:188} INFO - Downloaded TSLA/1767913303.json -> /tmp/minio_downloads/1767913303.json
[2026-01-09T07:33:58.476+0000] {logging_mixin.py:188} INFO - Downloaded TSLA/1767913312.json -> /tmp/minio_downloads/1767913312.json
[2026-01-09T07:33:58.489+0000] {logging_mixin.py:188} INFO - Downloaded TSLA/1767913321.json -> /tmp/minio_downloads/1767913321.json
[2026-01-09T07:33:58.498+0000] {logging_mixin.py:188} INFO - Downloaded TSLA/1767913330.json -> /tmp/minio_downloads/1767913330.json
[2026-01-09T07:33:58.509+0000] {logging_mixin.py:188} INFO - Downloaded TSLA/1767913340.json -> /tmp/minio_downloads/1767913340.json
[2026-01-09T07:33:58.517+0000] {logging_mixin.py:188} INFO - Downloaded TSLA/1767913351.json -> /tmp/minio_downloads/1767913351.json
[2026-01-09T07:33:58.526+0000] {logging_mixin.py:188} INFO - Downloaded TSLA/1767913362.json -> /tmp/minio_downloads/1767913362.json
[2026-01-09T07:33:58.528+0000] {python.py:237} INFO - Done. Returned value was: ['/tmp/minio_downloads/1767843763.json', '/tmp/minio_downloads/1767843772.json', '/tmp/minio_downloads/1767843781.json', '/tmp/minio_downloads/1767843790.json', '/tmp/minio_downloads/1767843799.json', '/tmp/minio_downloads/1767843809.json', '/tmp/minio_downloads/1767843818.json', '/tmp/minio_downloads/1767843827.json', '/tmp/minio_downloads/1767843836.json', '/tmp/minio_downloads/1767843845.json', '/tmp/minio_downloads/1767843854.json', '/tmp/minio_downloads/1767843864.json', '/tmp/minio_downloads/1767843873.json', '/tmp/minio_downloads/1767843882.json', '/tmp/minio_downloads/1767843891.json', '/tmp/minio_downloads/1767843900.json', '/tmp/minio_downloads/1767843910.json', '/tmp/minio_downloads/1767843919.json', '/tmp/minio_downloads/1767843928.json', '/tmp/minio_downloads/1767843938.json', '/tmp/minio_downloads/1767843947.json', '/tmp/minio_downloads/1767843956.json', '/tmp/minio_downloads/1767843965.json', '/tmp/minio_downloads/1767843974.json', '/tmp/minio_downloads/1767843983.json', '/tmp/minio_downloads/1767843992.json', '/tmp/minio_downloads/1767844001.json', '/tmp/minio_downloads/1767844010.json', '/tmp/minio_downloads/1767844019.json', '/tmp/minio_downloads/1767844028.json', '/tmp/minio_downloads/1767844037.json', '/tmp/minio_downloads/1767844046.json', '/tmp/minio_downloads/1767844055.json', '/tmp/minio_downloads/1767844064.json', '/tmp/minio_downloads/1767844073.json', '/tmp/minio_downloads/1767844083.json', '/tmp/minio_downloads/1767844093.json', '/tmp/minio_downloads/1767844101.json', '/tmp/minio_downloads/1767844111.json', '/tmp/minio_downloads/1767844120.json', '/tmp/minio_downloads/1767844129.json', '/tmp/minio_downloads/1767844138.json', '/tmp/minio_downloads/1767844147.json', '/tmp/minio_downloads/1767844156.json', '/tmp/minio_downloads/1767844165.json', '/tmp/minio_downloads/1767844174.json', '/tmp/minio_downloads/1767844183.json', '/tmp/minio_downloads/1767844192.json', '/tmp/minio_downloads/1767844201.json', '/tmp/minio_downloads/1767844210.json', '/tmp/minio_downloads/1767844219.json', '/tmp/minio_downloads/1767844228.json', '/tmp/minio_downloads/1767844237.json', '/tmp/minio_downloads/1767844246.json', '/tmp/minio_downloads/1767844256.json', '/tmp/minio_downloads/1767844265.json', '/tmp/minio_downloads/1767844274.json', '/tmp/minio_downloads/1767844283.json', '/tmp/minio_downloads/1767844292.json', '/tmp/minio_downloads/1767844301.json', '/tmp/minio_downloads/1767844310.json', '/tmp/minio_downloads/1767844319.json', '/tmp/minio_downloads/1767844329.json', '/tmp/minio_downloads/1767844339.json', '/tmp/minio_downloads/1767844348.json', '/tmp/minio_downloads/1767844357.json', '/tmp/minio_downloads/1767844366.json', '/tmp/minio_downloads/1767844375.json', '/tmp/minio_downloads/1767844384.json', '/tmp/minio_downloads/1767844393.json', '/tmp/minio_downloads/1767844402.json', '/tmp/minio_downloads/1767844411.json', '/tmp/minio_downloads/1767844420.json', '/tmp/minio_downloads/1767844429.json', '/tmp/minio_downloads/1767844438.json', '/tmp/minio_downloads/1767844447.json', '/tmp/minio_downloads/1767844456.json', '/tmp/minio_downloads/1767844465.json', '/tmp/minio_downloads/1767844474.json', '/tmp/minio_downloads/1767844483.json', '/tmp/minio_downloads/1767844492.json', '/tmp/minio_downloads/1767844501.json', '/tmp/minio_downloads/1767913110.json', '/tmp/minio_downloads/1767913119.json', '/tmp/minio_downloads/1767913128.json', '/tmp/minio_downloads/1767913137.json', '/tmp/minio_downloads/1767913146.json', '/tmp/minio_downloads/1767913155.json', '/tmp/minio_downloads/1767913166.json', '/tmp/minio_downloads/1767913176.json', '/tmp/minio_downloads/1767913188.json', '/tmp/minio_downloads/1767913200.json', '/tmp/minio_downloads/1767913210.json', '/tmp/minio_downloads/1767913219.json', '/tmp/minio_downloads/1767913229.json', '/tmp/minio_downloads/1767913238.json', '/tmp/minio_downloads/1767913248.json', '/tmp/minio_downloads/1767913259.json', '/tmp/minio_downloads/1767913270.json', '/tmp/minio_downloads/1767913280.json', '/tmp/minio_downloads/1767913292.json', '/tmp/minio_downloads/1767913302.json', '/tmp/minio_downloads/1767913311.json', '/tmp/minio_downloads/1767913320.json', '/tmp/minio_downloads/1767913329.json', '/tmp/minio_downloads/1767913338.json', '/tmp/minio_downloads/1767913349.json', '/tmp/minio_downloads/1767913360.json', '/tmp/minio_downloads/1767843764.json', '/tmp/minio_downloads/1767843774.json', '/tmp/minio_downloads/1767843783.json', '/tmp/minio_downloads/1767843792.json', '/tmp/minio_downloads/1767843801.json', '/tmp/minio_downloads/1767843810.json', '/tmp/minio_downloads/1767843820.json', '/tmp/minio_downloads/1767843829.json', '/tmp/minio_downloads/1767843838.json', '/tmp/minio_downloads/1767843847.json', '/tmp/minio_downloads/1767843856.json', '/tmp/minio_downloads/1767843865.json', '/tmp/minio_downloads/1767843875.json', '/tmp/minio_downloads/1767843884.json', '/tmp/minio_downloads/1767843893.json', '/tmp/minio_downloads/1767843902.json', '/tmp/minio_downloads/1767843911.json', '/tmp/minio_downloads/1767843921.json', '/tmp/minio_downloads/1767843930.json', '/tmp/minio_downloads/1767843939.json', '/tmp/minio_downloads/1767843948.json', '/tmp/minio_downloads/1767843958.json', '/tmp/minio_downloads/1767843967.json', '/tmp/minio_downloads/1767843976.json', '/tmp/minio_downloads/1767843984.json', '/tmp/minio_downloads/1767843993.json', '/tmp/minio_downloads/1767844003.json', '/tmp/minio_downloads/1767844012.json', '/tmp/minio_downloads/1767844021.json', '/tmp/minio_downloads/1767844030.json', '/tmp/minio_downloads/1767844039.json', '/tmp/minio_downloads/1767844048.json', '/tmp/minio_downloads/1767844057.json', '/tmp/minio_downloads/1767844066.json', '/tmp/minio_downloads/1767844075.json', '/tmp/minio_downloads/1767844085.json', '/tmp/minio_downloads/1767844094.json', '/tmp/minio_downloads/1767844103.json', '/tmp/minio_downloads/1767844112.json', '/tmp/minio_downloads/1767844121.json', '/tmp/minio_downloads/1767844130.json', '/tmp/minio_downloads/1767844139.json', '/tmp/minio_downloads/1767844148.json', '/tmp/minio_downloads/1767844157.json', '/tmp/minio_downloads/1767844166.json', '/tmp/minio_downloads/1767844175.json', '/tmp/minio_downloads/1767844184.json', '/tmp/minio_downloads/1767844194.json', '/tmp/minio_downloads/1767844203.json', '/tmp/minio_downloads/1767844212.json', '/tmp/minio_downloads/1767844221.json', '/tmp/minio_downloads/1767844230.json', '/tmp/minio_downloads/1767844239.json', '/tmp/minio_downloads/1767844248.json', '/tmp/minio_downloads/1767844257.json', '/tmp/minio_downloads/1767844266.json', '/tmp/minio_downloads/1767844275.json', '/tmp/minio_downloads/1767844284.json', '/tmp/minio_downloads/1767844293.json', '/tmp/minio_downloads/1767844303.json', '/tmp/minio_downloads/1767844312.json', '/tmp/minio_downloads/1767844322.json', '/tmp/minio_downloads/1767844331.json', '/tmp/minio_downloads/1767844341.json', '/tmp/minio_downloads/1767844350.json', '/tmp/minio_downloads/1767844359.json', '/tmp/minio_downloads/1767844368.json', '/tmp/minio_downloads/1767844377.json', '/tmp/minio_downloads/1767844386.json', '/tmp/minio_downloads/1767844395.json', '/tmp/minio_downloads/1767844404.json', '/tmp/minio_downloads/1767844413.json', '/tmp/minio_downloads/1767844422.json', '/tmp/minio_downloads/1767844431.json', '/tmp/minio_downloads/1767844440.json', '/tmp/minio_downloads/1767844449.json', '/tmp/minio_downloads/1767844458.json', '/tmp/minio_downloads/1767844467.json', '/tmp/minio_downloads/1767844476.json', '/tmp/minio_downloads/1767844485.json', '/tmp/minio_downloads/1767844494.json', '/tmp/minio_downloads/1767913112.json', '/tmp/minio_downloads/1767913121.json', '/tmp/minio_downloads/1767913129.json', '/tmp/minio_downloads/1767913138.json', '/tmp/minio_downloads/1767913147.json', '/tmp/minio_downloads/1767913158.json', '/tmp/minio_downloads/1767913168.json', '/tmp/minio_downloads/1767913180.json', '/tmp/minio_downloads/1767913191.json', '/tmp/minio_downloads/1767913203.json', '/tmp/minio_downloads/1767913212.json', '/tmp/minio_downloads/1767913221.json', '/tmp/minio_downloads/1767913231.json', '/tmp/minio_downloads/1767913241.json', '/tmp/minio_downloads/1767913251.json', '/tmp/minio_downloads/1767913262.json', '/tmp/minio_downloads/1767913272.json', '/tmp/minio_downloads/1767913284.json', '/tmp/minio_downloads/1767913294.json', '/tmp/minio_downloads/1767913303.json', '/tmp/minio_downloads/1767913312.json', '/tmp/minio_downloads/1767913321.json', '/tmp/minio_downloads/1767913330.json', '/tmp/minio_downloads/1767913342.json', '/tmp/minio_downloads/1767913352.json', '/tmp/minio_downloads/1767913364.json', '/tmp/minio_downloads/1767843764.json', '/tmp/minio_downloads/1767843773.json', '/tmp/minio_downloads/1767843782.json', '/tmp/minio_downloads/1767843791.json', '/tmp/minio_downloads/1767843801.json', '/tmp/minio_downloads/1767843810.json', '/tmp/minio_downloads/1767843819.json', '/tmp/minio_downloads/1767843828.json', '/tmp/minio_downloads/1767843837.json', '/tmp/minio_downloads/1767843847.json', '/tmp/minio_downloads/1767843856.json', '/tmp/minio_downloads/1767843865.json', '/tmp/minio_downloads/1767843874.json', '/tmp/minio_downloads/1767843883.json', '/tmp/minio_downloads/1767843892.json', '/tmp/minio_downloads/1767843902.json', '/tmp/minio_downloads/1767843911.json', '/tmp/minio_downloads/1767843920.json', '/tmp/minio_downloads/1767843930.json', '/tmp/minio_downloads/1767843939.json', '/tmp/minio_downloads/1767843948.json', '/tmp/minio_downloads/1767843957.json', '/tmp/minio_downloads/1767843966.json', '/tmp/minio_downloads/1767843975.json', '/tmp/minio_downloads/1767843984.json', '/tmp/minio_downloads/1767843993.json', '/tmp/minio_downloads/1767844002.json', '/tmp/minio_downloads/1767844011.json', '/tmp/minio_downloads/1767844020.json', '/tmp/minio_downloads/1767844029.json', '/tmp/minio_downloads/1767844038.json', '/tmp/minio_downloads/1767844048.json', '/tmp/minio_downloads/1767844057.json', '/tmp/minio_downloads/1767844065.json', '/tmp/minio_downloads/1767844075.json', '/tmp/minio_downloads/1767844085.json', '/tmp/minio_downloads/1767844094.json', '/tmp/minio_downloads/1767844103.json', '/tmp/minio_downloads/1767844112.json', '/tmp/minio_downloads/1767844121.json', '/tmp/minio_downloads/1767844130.json', '/tmp/minio_downloads/1767844139.json', '/tmp/minio_downloads/1767844148.json', '/tmp/minio_downloads/1767844157.json', '/tmp/minio_downloads/1767844166.json', '/tmp/minio_downloads/1767844175.json', '/tmp/minio_downloads/1767844184.json', '/tmp/minio_downloads/1767844193.json', '/tmp/minio_downloads/1767844202.json', '/tmp/minio_downloads/1767844211.json', '/tmp/minio_downloads/1767844220.json', '/tmp/minio_downloads/1767844229.json', '/tmp/minio_downloads/1767844239.json', '/tmp/minio_downloads/1767844248.json', '/tmp/minio_downloads/1767844257.json', '/tmp/minio_downloads/1767844266.json', '/tmp/minio_downloads/1767844275.json', '/tmp/minio_downloads/1767844284.json', '/tmp/minio_downloads/1767844293.json', '/tmp/minio_downloads/1767844302.json', '/tmp/minio_downloads/1767844311.json', '/tmp/minio_downloads/1767844321.json', '/tmp/minio_downloads/1767844331.json', '/tmp/minio_downloads/1767844340.json', '/tmp/minio_downloads/1767844350.json', '/tmp/minio_downloads/1767844359.json', '/tmp/minio_downloads/1767844368.json', '/tmp/minio_downloads/1767844377.json', '/tmp/minio_downloads/1767844386.json', '/tmp/minio_downloads/1767844394.json', '/tmp/minio_downloads/1767844403.json', '/tmp/minio_downloads/1767844412.json', '/tmp/minio_downloads/1767844421.json', '/tmp/minio_downloads/1767844430.json', '/tmp/minio_downloads/1767844439.json', '/tmp/minio_downloads/1767844448.json', '/tmp/minio_downloads/1767844457.json', '/tmp/minio_downloads/1767844466.json', '/tmp/minio_downloads/1767844475.json', '/tmp/minio_downloads/1767844484.json', '/tmp/minio_downloads/1767844493.json', '/tmp/minio_downloads/1767844502.json', '/tmp/minio_downloads/1767913112.json', '/tmp/minio_downloads/1767913120.json', '/tmp/minio_downloads/1767913129.json', '/tmp/minio_downloads/1767913138.json', '/tmp/minio_downloads/1767913147.json', '/tmp/minio_downloads/1767913157.json', '/tmp/minio_downloads/1767913168.json', '/tmp/minio_downloads/1767913179.json', '/tmp/minio_downloads/1767913191.json', '/tmp/minio_downloads/1767913202.json', '/tmp/minio_downloads/1767913211.json', '/tmp/minio_downloads/1767913221.json', '/tmp/minio_downloads/1767913231.json', '/tmp/minio_downloads/1767913240.json', '/tmp/minio_downloads/1767913250.json', '/tmp/minio_downloads/1767913261.json', '/tmp/minio_downloads/1767913272.json', '/tmp/minio_downloads/1767913283.json', '/tmp/minio_downloads/1767913294.json', '/tmp/minio_downloads/1767913303.json', '/tmp/minio_downloads/1767913312.json', '/tmp/minio_downloads/1767913321.json', '/tmp/minio_downloads/1767913330.json', '/tmp/minio_downloads/1767913341.json', '/tmp/minio_downloads/1767913352.json', '/tmp/minio_downloads/1767913363.json', '/tmp/minio_downloads/1767843763.json', '/tmp/minio_downloads/1767843772.json', '/tmp/minio_downloads/1767843782.json', '/tmp/minio_downloads/1767843791.json', '/tmp/minio_downloads/1767843800.json', '/tmp/minio_downloads/1767843809.json', '/tmp/minio_downloads/1767843818.json', '/tmp/minio_downloads/1767843827.json', '/tmp/minio_downloads/1767843837.json', '/tmp/minio_downloads/1767843846.json', '/tmp/minio_downloads/1767843855.json', '/tmp/minio_downloads/1767843864.json', '/tmp/minio_downloads/1767843873.json', '/tmp/minio_downloads/1767843883.json', '/tmp/minio_downloads/1767843892.json', '/tmp/minio_downloads/1767843901.json', '/tmp/minio_downloads/1767843910.json', '/tmp/minio_downloads/1767843919.json', '/tmp/minio_downloads/1767843929.json', '/tmp/minio_downloads/1767843938.json', '/tmp/minio_downloads/1767843947.json', '/tmp/minio_downloads/1767843956.json', '/tmp/minio_downloads/1767843965.json', '/tmp/minio_downloads/1767843974.json', '/tmp/minio_downloads/1767843983.json', '/tmp/minio_downloads/1767843992.json', '/tmp/minio_downloads/1767844001.json', '/tmp/minio_downloads/1767844010.json', '/tmp/minio_downloads/1767844019.json', '/tmp/minio_downloads/1767844028.json', '/tmp/minio_downloads/1767844038.json', '/tmp/minio_downloads/1767844047.json', '/tmp/minio_downloads/1767844056.json', '/tmp/minio_downloads/1767844065.json', '/tmp/minio_downloads/1767844074.json', '/tmp/minio_downloads/1767844084.json', '/tmp/minio_downloads/1767844093.json', '/tmp/minio_downloads/1767844102.json', '/tmp/minio_downloads/1767844111.json', '/tmp/minio_downloads/1767844120.json', '/tmp/minio_downloads/1767844129.json', '/tmp/minio_downloads/1767844138.json', '/tmp/minio_downloads/1767844147.json', '/tmp/minio_downloads/1767844156.json', '/tmp/minio_downloads/1767844165.json', '/tmp/minio_downloads/1767844174.json', '/tmp/minio_downloads/1767844183.json', '/tmp/minio_downloads/1767844192.json', '/tmp/minio_downloads/1767844202.json', '/tmp/minio_downloads/1767844211.json', '/tmp/minio_downloads/1767844220.json', '/tmp/minio_downloads/1767844229.json', '/tmp/minio_downloads/1767844238.json', '/tmp/minio_downloads/1767844247.json', '/tmp/minio_downloads/1767844256.json', '/tmp/minio_downloads/1767844265.json', '/tmp/minio_downloads/1767844274.json', '/tmp/minio_downloads/1767844283.json', '/tmp/minio_downloads/1767844292.json', '/tmp/minio_downloads/1767844301.json', '/tmp/minio_downloads/1767844310.json', '/tmp/minio_downloads/1767844320.json', '/tmp/minio_downloads/1767844330.json', '/tmp/minio_downloads/1767844339.json', '/tmp/minio_downloads/1767844349.json', '/tmp/minio_downloads/1767844358.json', '/tmp/minio_downloads/1767844367.json', '/tmp/minio_downloads/1767844376.json', '/tmp/minio_downloads/1767844385.json', '/tmp/minio_downloads/1767844394.json', '/tmp/minio_downloads/1767844403.json', '/tmp/minio_downloads/1767844412.json', '/tmp/minio_downloads/1767844421.json', '/tmp/minio_downloads/1767844430.json', '/tmp/minio_downloads/1767844439.json', '/tmp/minio_downloads/1767844448.json', '/tmp/minio_downloads/1767844457.json', '/tmp/minio_downloads/1767844466.json', '/tmp/minio_downloads/1767844475.json', '/tmp/minio_downloads/1767844483.json', '/tmp/minio_downloads/1767844492.json', '/tmp/minio_downloads/1767844501.json', '/tmp/minio_downloads/1767913111.json', '/tmp/minio_downloads/1767913120.json', '/tmp/minio_downloads/1767913128.json', '/tmp/minio_downloads/1767913137.json', '/tmp/minio_downloads/1767913146.json', '/tmp/minio_downloads/1767913156.json', '/tmp/minio_downloads/1767913166.json', '/tmp/minio_downloads/1767913177.json', '/tmp/minio_downloads/1767913189.json', '/tmp/minio_downloads/1767913200.json', '/tmp/minio_downloads/1767913211.json', '/tmp/minio_downloads/1767913219.json', '/tmp/minio_downloads/1767913230.json', '/tmp/minio_downloads/1767913239.json', '/tmp/minio_downloads/1767913249.json', '/tmp/minio_downloads/1767913260.json', '/tmp/minio_downloads/1767913270.json', '/tmp/minio_downloads/1767913281.json', '/tmp/minio_downloads/1767913292.json', '/tmp/minio_downloads/1767913302.json', '/tmp/minio_downloads/1767913311.json', '/tmp/minio_downloads/1767913320.json', '/tmp/minio_downloads/1767913329.json', '/tmp/minio_downloads/1767913339.json', '/tmp/minio_downloads/1767913350.json', '/tmp/minio_downloads/1767913361.json', '/tmp/minio_downloads/1767843764.json', '/tmp/minio_downloads/1767843773.json', '/tmp/minio_downloads/1767843782.json', '/tmp/minio_downloads/1767843791.json', '/tmp/minio_downloads/1767843800.json', '/tmp/minio_downloads/1767843810.json', '/tmp/minio_downloads/1767843819.json', '/tmp/minio_downloads/1767843828.json', '/tmp/minio_downloads/1767843837.json', '/tmp/minio_downloads/1767843846.json', '/tmp/minio_downloads/1767843855.json', '/tmp/minio_downloads/1767843865.json', '/tmp/minio_downloads/1767843874.json', '/tmp/minio_downloads/1767843883.json', '/tmp/minio_downloads/1767843892.json', '/tmp/minio_downloads/1767843901.json', '/tmp/minio_downloads/1767843910.json', '/tmp/minio_downloads/1767843920.json', '/tmp/minio_downloads/1767843929.json', '/tmp/minio_downloads/1767843939.json', '/tmp/minio_downloads/1767843948.json', '/tmp/minio_downloads/1767843957.json', '/tmp/minio_downloads/1767843966.json', '/tmp/minio_downloads/1767843975.json', '/tmp/minio_downloads/1767843984.json', '/tmp/minio_downloads/1767843993.json', '/tmp/minio_downloads/1767844002.json', '/tmp/minio_downloads/1767844011.json', '/tmp/minio_downloads/1767844020.json', '/tmp/minio_downloads/1767844029.json', '/tmp/minio_downloads/1767844038.json', '/tmp/minio_downloads/1767844047.json', '/tmp/minio_downloads/1767844056.json', '/tmp/minio_downloads/1767844065.json', '/tmp/minio_downloads/1767844074.json', '/tmp/minio_downloads/1767844084.json', '/tmp/minio_downloads/1767844093.json', '/tmp/minio_downloads/1767844102.json', '/tmp/minio_downloads/1767844112.json', '/tmp/minio_downloads/1767844121.json', '/tmp/minio_downloads/1767844130.json', '/tmp/minio_downloads/1767844138.json', '/tmp/minio_downloads/1767844147.json', '/tmp/minio_downloads/1767844157.json', '/tmp/minio_downloads/1767844165.json', '/tmp/minio_downloads/1767844175.json', '/tmp/minio_downloads/1767844184.json', '/tmp/minio_downloads/1767844193.json', '/tmp/minio_downloads/1767844202.json', '/tmp/minio_downloads/1767844211.json', '/tmp/minio_downloads/1767844220.json', '/tmp/minio_downloads/1767844229.json', '/tmp/minio_downloads/1767844238.json', '/tmp/minio_downloads/1767844247.json', '/tmp/minio_downloads/1767844256.json', '/tmp/minio_downloads/1767844265.json', '/tmp/minio_downloads/1767844274.json', '/tmp/minio_downloads/1767844284.json', '/tmp/minio_downloads/1767844293.json', '/tmp/minio_downloads/1767844302.json', '/tmp/minio_downloads/1767844311.json', '/tmp/minio_downloads/1767844320.json', '/tmp/minio_downloads/1767844330.json', '/tmp/minio_downloads/1767844340.json', '/tmp/minio_downloads/1767844349.json', '/tmp/minio_downloads/1767844358.json', '/tmp/minio_downloads/1767844367.json', '/tmp/minio_downloads/1767844376.json', '/tmp/minio_downloads/1767844385.json', '/tmp/minio_downloads/1767844394.json', '/tmp/minio_downloads/1767844403.json', '/tmp/minio_downloads/1767844412.json', '/tmp/minio_downloads/1767844421.json', '/tmp/minio_downloads/1767844430.json', '/tmp/minio_downloads/1767844439.json', '/tmp/minio_downloads/1767844448.json', '/tmp/minio_downloads/1767844457.json', '/tmp/minio_downloads/1767844466.json', '/tmp/minio_downloads/1767844475.json', '/tmp/minio_downloads/1767844484.json', '/tmp/minio_downloads/1767844493.json', '/tmp/minio_downloads/1767844502.json', '/tmp/minio_downloads/1767913111.json', '/tmp/minio_downloads/1767913120.json', '/tmp/minio_downloads/1767913129.json', '/tmp/minio_downloads/1767913138.json', '/tmp/minio_downloads/1767913146.json', '/tmp/minio_downloads/1767913156.json', '/tmp/minio_downloads/1767913167.json', '/tmp/minio_downloads/1767913178.json', '/tmp/minio_downloads/1767913190.json', '/tmp/minio_downloads/1767913201.json', '/tmp/minio_downloads/1767913211.json', '/tmp/minio_downloads/1767913220.json', '/tmp/minio_downloads/1767913230.json', '/tmp/minio_downloads/1767913239.json', '/tmp/minio_downloads/1767913250.json', '/tmp/minio_downloads/1767913260.json', '/tmp/minio_downloads/1767913271.json', '/tmp/minio_downloads/1767913282.json', '/tmp/minio_downloads/1767913294.json', '/tmp/minio_downloads/1767913303.json', '/tmp/minio_downloads/1767913312.json', '/tmp/minio_downloads/1767913321.json', '/tmp/minio_downloads/1767913330.json', '/tmp/minio_downloads/1767913340.json', '/tmp/minio_downloads/1767913351.json', '/tmp/minio_downloads/1767913362.json']
[2026-01-09T07:33:58.534+0000] {taskinstance.py:441} INFO - ::group::Post task execution logs
[2026-01-09T07:33:58.564+0000] {taskinstance.py:1206} INFO - Marking task as SUCCESS. dag_id=minio_to_snowflake, task_id=download_minio, run_id=scheduled__2026-01-09T07:32:00+00:00, execution_date=20260109T073200, start_date=20260109T073353, end_date=20260109T073358
[2026-01-09T07:33:58.620+0000] {local_task_job_runner.py:243} INFO - Task exited with return code 0
[2026-01-09T07:33:58.638+0000] {taskinstance.py:3503} INFO - 1 downstream tasks scheduled from follow-on schedule check
[2026-01-09T07:33:58.651+0000] {local_task_job_runner.py:222} INFO - ::endgroup::
