[2026-01-09T06:19:20.082+0000] {local_task_job_runner.py:120} INFO - ::group::Pre task execution logs
[2026-01-09T06:19:20.106+0000] {taskinstance.py:2076} INFO - Dependencies all met for dep_context=non-requeueable deps ti=<TaskInstance: minio_to_snowflake.download_minio scheduled__2026-01-09T06:17:00+00:00 [queued]>
[2026-01-09T06:19:20.114+0000] {taskinstance.py:2076} INFO - Dependencies all met for dep_context=requeueable deps ti=<TaskInstance: minio_to_snowflake.download_minio scheduled__2026-01-09T06:17:00+00:00 [queued]>
[2026-01-09T06:19:20.115+0000] {taskinstance.py:2306} INFO - Starting attempt 1 of 2
[2026-01-09T06:19:20.123+0000] {taskinstance.py:2330} INFO - Executing <Task(PythonOperator): download_minio> on 2026-01-09 06:17:00+00:00
[2026-01-09T06:19:20.131+0000] {standard_task_runner.py:90} INFO - Running: ['***', 'tasks', 'run', 'minio_to_snowflake', 'download_minio', 'scheduled__2026-01-09T06:17:00+00:00', '--job-id', '619', '--raw', '--subdir', 'DAGS_FOLDER/minio_to_snowflake.py', '--cfg-path', '/tmp/tmpmvcbxuno']
[2026-01-09T06:19:20.134+0000] {standard_task_runner.py:91} INFO - Job 619: Subtask download_minio
[2026-01-09T06:19:20.134+0000] {logging_mixin.py:188} WARNING - /home/***/.local/lib/python3.12/site-packages/***/task/task_runner/standard_task_runner.py:62 DeprecationWarning: This process (pid=470395) is multi-threaded, use of fork() may lead to deadlocks in the child.
[2026-01-09T06:19:20.135+0000] {standard_task_runner.py:64} INFO - Started process 470417 to run task
[2026-01-09T06:19:20.194+0000] {task_command.py:426} INFO - Running <TaskInstance: minio_to_snowflake.download_minio scheduled__2026-01-09T06:17:00+00:00 [running]> on host ac09941d8f45
[2026-01-09T06:19:20.276+0000] {taskinstance.py:2648} INFO - Exporting env vars: AIRFLOW_CTX_DAG_OWNER='***' AIRFLOW_CTX_DAG_ID='minio_to_snowflake' AIRFLOW_CTX_TASK_ID='download_minio' AIRFLOW_CTX_EXECUTION_DATE='2026-01-09T06:17:00+00:00' AIRFLOW_CTX_TRY_NUMBER='1' AIRFLOW_CTX_DAG_RUN_ID='scheduled__2026-01-09T06:17:00+00:00'
[2026-01-09T06:19:20.277+0000] {taskinstance.py:430} INFO - ::endgroup::
[2026-01-09T06:19:20.582+0000] {logging_mixin.py:188} INFO - Downloaded AAPL/1767843763.json -> /tmp/minio_downloads/1767843763.json
[2026-01-09T06:19:20.589+0000] {logging_mixin.py:188} INFO - Downloaded AAPL/1767843772.json -> /tmp/minio_downloads/1767843772.json
[2026-01-09T06:19:20.598+0000] {logging_mixin.py:188} INFO - Downloaded AAPL/1767843781.json -> /tmp/minio_downloads/1767843781.json
[2026-01-09T06:19:20.609+0000] {logging_mixin.py:188} INFO - Downloaded AAPL/1767843790.json -> /tmp/minio_downloads/1767843790.json
[2026-01-09T06:19:20.616+0000] {logging_mixin.py:188} INFO - Downloaded AAPL/1767843799.json -> /tmp/minio_downloads/1767843799.json
[2026-01-09T06:19:20.624+0000] {logging_mixin.py:188} INFO - Downloaded AAPL/1767843809.json -> /tmp/minio_downloads/1767843809.json
[2026-01-09T06:19:20.642+0000] {logging_mixin.py:188} INFO - Downloaded AAPL/1767843818.json -> /tmp/minio_downloads/1767843818.json
[2026-01-09T06:19:20.650+0000] {logging_mixin.py:188} INFO - Downloaded AAPL/1767843827.json -> /tmp/minio_downloads/1767843827.json
[2026-01-09T06:19:20.657+0000] {logging_mixin.py:188} INFO - Downloaded AAPL/1767843836.json -> /tmp/minio_downloads/1767843836.json
[2026-01-09T06:19:20.666+0000] {logging_mixin.py:188} INFO - Downloaded AAPL/1767843845.json -> /tmp/minio_downloads/1767843845.json
[2026-01-09T06:19:20.680+0000] {logging_mixin.py:188} INFO - Downloaded AAPL/1767843854.json -> /tmp/minio_downloads/1767843854.json
[2026-01-09T06:19:20.687+0000] {logging_mixin.py:188} INFO - Downloaded AAPL/1767843864.json -> /tmp/minio_downloads/1767843864.json
[2026-01-09T06:19:20.693+0000] {logging_mixin.py:188} INFO - Downloaded AAPL/1767843873.json -> /tmp/minio_downloads/1767843873.json
[2026-01-09T06:19:20.703+0000] {logging_mixin.py:188} INFO - Downloaded AAPL/1767843882.json -> /tmp/minio_downloads/1767843882.json
[2026-01-09T06:19:20.711+0000] {logging_mixin.py:188} INFO - Downloaded AAPL/1767843891.json -> /tmp/minio_downloads/1767843891.json
[2026-01-09T06:19:20.721+0000] {logging_mixin.py:188} INFO - Downloaded AAPL/1767843900.json -> /tmp/minio_downloads/1767843900.json
[2026-01-09T06:19:20.729+0000] {logging_mixin.py:188} INFO - Downloaded AAPL/1767843910.json -> /tmp/minio_downloads/1767843910.json
[2026-01-09T06:19:20.741+0000] {logging_mixin.py:188} INFO - Downloaded AAPL/1767843919.json -> /tmp/minio_downloads/1767843919.json
[2026-01-09T06:19:20.747+0000] {logging_mixin.py:188} INFO - Downloaded AAPL/1767843928.json -> /tmp/minio_downloads/1767843928.json
[2026-01-09T06:19:20.755+0000] {logging_mixin.py:188} INFO - Downloaded AAPL/1767843938.json -> /tmp/minio_downloads/1767843938.json
[2026-01-09T06:19:20.762+0000] {logging_mixin.py:188} INFO - Downloaded AAPL/1767843947.json -> /tmp/minio_downloads/1767843947.json
[2026-01-09T06:19:20.768+0000] {logging_mixin.py:188} INFO - Downloaded AAPL/1767843956.json -> /tmp/minio_downloads/1767843956.json
[2026-01-09T06:19:20.774+0000] {logging_mixin.py:188} INFO - Downloaded AAPL/1767843965.json -> /tmp/minio_downloads/1767843965.json
[2026-01-09T06:19:20.780+0000] {logging_mixin.py:188} INFO - Downloaded AAPL/1767843974.json -> /tmp/minio_downloads/1767843974.json
[2026-01-09T06:19:20.786+0000] {logging_mixin.py:188} INFO - Downloaded AAPL/1767843983.json -> /tmp/minio_downloads/1767843983.json
[2026-01-09T06:19:20.800+0000] {logging_mixin.py:188} INFO - Downloaded AAPL/1767843992.json -> /tmp/minio_downloads/1767843992.json
[2026-01-09T06:19:20.813+0000] {logging_mixin.py:188} INFO - Downloaded AAPL/1767844001.json -> /tmp/minio_downloads/1767844001.json
[2026-01-09T06:19:20.826+0000] {logging_mixin.py:188} INFO - Downloaded AAPL/1767844010.json -> /tmp/minio_downloads/1767844010.json
[2026-01-09T06:19:20.835+0000] {logging_mixin.py:188} INFO - Downloaded AAPL/1767844019.json -> /tmp/minio_downloads/1767844019.json
[2026-01-09T06:19:20.846+0000] {logging_mixin.py:188} INFO - Downloaded AAPL/1767844028.json -> /tmp/minio_downloads/1767844028.json
[2026-01-09T06:19:20.857+0000] {logging_mixin.py:188} INFO - Downloaded AAPL/1767844037.json -> /tmp/minio_downloads/1767844037.json
[2026-01-09T06:19:20.870+0000] {logging_mixin.py:188} INFO - Downloaded AAPL/1767844046.json -> /tmp/minio_downloads/1767844046.json
[2026-01-09T06:19:20.880+0000] {logging_mixin.py:188} INFO - Downloaded AAPL/1767844055.json -> /tmp/minio_downloads/1767844055.json
[2026-01-09T06:19:20.892+0000] {logging_mixin.py:188} INFO - Downloaded AAPL/1767844064.json -> /tmp/minio_downloads/1767844064.json
[2026-01-09T06:19:20.901+0000] {logging_mixin.py:188} INFO - Downloaded AAPL/1767844073.json -> /tmp/minio_downloads/1767844073.json
[2026-01-09T06:19:20.911+0000] {logging_mixin.py:188} INFO - Downloaded AAPL/1767844083.json -> /tmp/minio_downloads/1767844083.json
[2026-01-09T06:19:20.922+0000] {logging_mixin.py:188} INFO - Downloaded AAPL/1767844093.json -> /tmp/minio_downloads/1767844093.json
[2026-01-09T06:19:20.931+0000] {logging_mixin.py:188} INFO - Downloaded AAPL/1767844101.json -> /tmp/minio_downloads/1767844101.json
[2026-01-09T06:19:20.938+0000] {logging_mixin.py:188} INFO - Downloaded AAPL/1767844111.json -> /tmp/minio_downloads/1767844111.json
[2026-01-09T06:19:20.948+0000] {logging_mixin.py:188} INFO - Downloaded AAPL/1767844120.json -> /tmp/minio_downloads/1767844120.json
[2026-01-09T06:19:20.956+0000] {logging_mixin.py:188} INFO - Downloaded AAPL/1767844129.json -> /tmp/minio_downloads/1767844129.json
[2026-01-09T06:19:20.963+0000] {logging_mixin.py:188} INFO - Downloaded AAPL/1767844138.json -> /tmp/minio_downloads/1767844138.json
[2026-01-09T06:19:21.002+0000] {logging_mixin.py:188} INFO - Downloaded AAPL/1767844147.json -> /tmp/minio_downloads/1767844147.json
[2026-01-09T06:19:21.024+0000] {logging_mixin.py:188} INFO - Downloaded AAPL/1767844156.json -> /tmp/minio_downloads/1767844156.json
[2026-01-09T06:19:21.046+0000] {logging_mixin.py:188} INFO - Downloaded AAPL/1767844165.json -> /tmp/minio_downloads/1767844165.json
[2026-01-09T06:19:21.063+0000] {logging_mixin.py:188} INFO - Downloaded AAPL/1767844174.json -> /tmp/minio_downloads/1767844174.json
[2026-01-09T06:19:21.087+0000] {logging_mixin.py:188} INFO - Downloaded AAPL/1767844183.json -> /tmp/minio_downloads/1767844183.json
[2026-01-09T06:19:21.099+0000] {logging_mixin.py:188} INFO - Downloaded AAPL/1767844192.json -> /tmp/minio_downloads/1767844192.json
[2026-01-09T06:19:21.111+0000] {logging_mixin.py:188} INFO - Downloaded AAPL/1767844201.json -> /tmp/minio_downloads/1767844201.json
[2026-01-09T06:19:21.118+0000] {logging_mixin.py:188} INFO - Downloaded AAPL/1767844210.json -> /tmp/minio_downloads/1767844210.json
[2026-01-09T06:19:21.125+0000] {logging_mixin.py:188} INFO - Downloaded AAPL/1767844219.json -> /tmp/minio_downloads/1767844219.json
[2026-01-09T06:19:21.131+0000] {logging_mixin.py:188} INFO - Downloaded AAPL/1767844228.json -> /tmp/minio_downloads/1767844228.json
[2026-01-09T06:19:21.137+0000] {logging_mixin.py:188} INFO - Downloaded AAPL/1767844237.json -> /tmp/minio_downloads/1767844237.json
[2026-01-09T06:19:21.144+0000] {logging_mixin.py:188} INFO - Downloaded AAPL/1767844246.json -> /tmp/minio_downloads/1767844246.json
[2026-01-09T06:19:21.152+0000] {logging_mixin.py:188} INFO - Downloaded AAPL/1767844256.json -> /tmp/minio_downloads/1767844256.json
[2026-01-09T06:19:21.159+0000] {logging_mixin.py:188} INFO - Downloaded AAPL/1767844265.json -> /tmp/minio_downloads/1767844265.json
[2026-01-09T06:19:21.166+0000] {logging_mixin.py:188} INFO - Downloaded AAPL/1767844274.json -> /tmp/minio_downloads/1767844274.json
[2026-01-09T06:19:21.174+0000] {logging_mixin.py:188} INFO - Downloaded AAPL/1767844283.json -> /tmp/minio_downloads/1767844283.json
[2026-01-09T06:19:21.181+0000] {logging_mixin.py:188} INFO - Downloaded AAPL/1767844292.json -> /tmp/minio_downloads/1767844292.json
[2026-01-09T06:19:21.188+0000] {logging_mixin.py:188} INFO - Downloaded AAPL/1767844301.json -> /tmp/minio_downloads/1767844301.json
[2026-01-09T06:19:21.195+0000] {logging_mixin.py:188} INFO - Downloaded AAPL/1767844310.json -> /tmp/minio_downloads/1767844310.json
[2026-01-09T06:19:21.206+0000] {logging_mixin.py:188} INFO - Downloaded AAPL/1767844319.json -> /tmp/minio_downloads/1767844319.json
[2026-01-09T06:19:21.216+0000] {logging_mixin.py:188} INFO - Downloaded AAPL/1767844329.json -> /tmp/minio_downloads/1767844329.json
[2026-01-09T06:19:21.240+0000] {logging_mixin.py:188} INFO - Downloaded AAPL/1767844339.json -> /tmp/minio_downloads/1767844339.json
[2026-01-09T06:19:21.256+0000] {logging_mixin.py:188} INFO - Downloaded AAPL/1767844348.json -> /tmp/minio_downloads/1767844348.json
[2026-01-09T06:19:21.264+0000] {logging_mixin.py:188} INFO - Downloaded AAPL/1767844357.json -> /tmp/minio_downloads/1767844357.json
[2026-01-09T06:19:21.274+0000] {logging_mixin.py:188} INFO - Downloaded AAPL/1767844366.json -> /tmp/minio_downloads/1767844366.json
[2026-01-09T06:19:21.282+0000] {logging_mixin.py:188} INFO - Downloaded AAPL/1767844375.json -> /tmp/minio_downloads/1767844375.json
[2026-01-09T06:19:21.294+0000] {logging_mixin.py:188} INFO - Downloaded AAPL/1767844384.json -> /tmp/minio_downloads/1767844384.json
[2026-01-09T06:19:21.306+0000] {logging_mixin.py:188} INFO - Downloaded AAPL/1767844393.json -> /tmp/minio_downloads/1767844393.json
[2026-01-09T06:19:21.318+0000] {logging_mixin.py:188} INFO - Downloaded AAPL/1767844402.json -> /tmp/minio_downloads/1767844402.json
[2026-01-09T06:19:21.333+0000] {logging_mixin.py:188} INFO - Downloaded AAPL/1767844411.json -> /tmp/minio_downloads/1767844411.json
[2026-01-09T06:19:21.347+0000] {logging_mixin.py:188} INFO - Downloaded AAPL/1767844420.json -> /tmp/minio_downloads/1767844420.json
[2026-01-09T06:19:21.354+0000] {logging_mixin.py:188} INFO - Downloaded AAPL/1767844429.json -> /tmp/minio_downloads/1767844429.json
[2026-01-09T06:19:21.372+0000] {logging_mixin.py:188} INFO - Downloaded AAPL/1767844438.json -> /tmp/minio_downloads/1767844438.json
[2026-01-09T06:19:21.378+0000] {logging_mixin.py:188} INFO - Downloaded AAPL/1767844447.json -> /tmp/minio_downloads/1767844447.json
[2026-01-09T06:19:21.383+0000] {logging_mixin.py:188} INFO - Downloaded AAPL/1767844456.json -> /tmp/minio_downloads/1767844456.json
[2026-01-09T06:19:21.396+0000] {logging_mixin.py:188} INFO - Downloaded AAPL/1767844465.json -> /tmp/minio_downloads/1767844465.json
[2026-01-09T06:19:21.415+0000] {logging_mixin.py:188} INFO - Downloaded AAPL/1767844474.json -> /tmp/minio_downloads/1767844474.json
[2026-01-09T06:19:21.422+0000] {logging_mixin.py:188} INFO - Downloaded AAPL/1767844483.json -> /tmp/minio_downloads/1767844483.json
[2026-01-09T06:19:21.428+0000] {logging_mixin.py:188} INFO - Downloaded AAPL/1767844492.json -> /tmp/minio_downloads/1767844492.json
[2026-01-09T06:19:21.433+0000] {logging_mixin.py:188} INFO - Downloaded AAPL/1767844501.json -> /tmp/minio_downloads/1767844501.json
[2026-01-09T06:19:21.451+0000] {logging_mixin.py:188} INFO - Downloaded AAPL/1767913110.json -> /tmp/minio_downloads/1767913110.json
[2026-01-09T06:19:21.461+0000] {logging_mixin.py:188} INFO - Downloaded AAPL/1767913119.json -> /tmp/minio_downloads/1767913119.json
[2026-01-09T06:19:21.474+0000] {logging_mixin.py:188} INFO - Downloaded AAPL/1767913128.json -> /tmp/minio_downloads/1767913128.json
[2026-01-09T06:19:21.491+0000] {logging_mixin.py:188} INFO - Downloaded AAPL/1767913137.json -> /tmp/minio_downloads/1767913137.json
[2026-01-09T06:19:21.500+0000] {logging_mixin.py:188} INFO - Downloaded AAPL/1767913146.json -> /tmp/minio_downloads/1767913146.json
[2026-01-09T06:19:21.507+0000] {logging_mixin.py:188} INFO - Downloaded AAPL/1767913155.json -> /tmp/minio_downloads/1767913155.json
[2026-01-09T06:19:21.514+0000] {logging_mixin.py:188} INFO - Downloaded AAPL/1767913166.json -> /tmp/minio_downloads/1767913166.json
[2026-01-09T06:19:21.521+0000] {logging_mixin.py:188} INFO - Downloaded AAPL/1767913176.json -> /tmp/minio_downloads/1767913176.json
[2026-01-09T06:19:21.529+0000] {logging_mixin.py:188} INFO - Downloaded AAPL/1767913188.json -> /tmp/minio_downloads/1767913188.json
[2026-01-09T06:19:21.536+0000] {logging_mixin.py:188} INFO - Downloaded AAPL/1767913200.json -> /tmp/minio_downloads/1767913200.json
[2026-01-09T06:19:21.542+0000] {logging_mixin.py:188} INFO - Downloaded AAPL/1767913210.json -> /tmp/minio_downloads/1767913210.json
[2026-01-09T06:19:21.549+0000] {logging_mixin.py:188} INFO - Downloaded AAPL/1767913219.json -> /tmp/minio_downloads/1767913219.json
[2026-01-09T06:19:21.556+0000] {logging_mixin.py:188} INFO - Downloaded AAPL/1767913229.json -> /tmp/minio_downloads/1767913229.json
[2026-01-09T06:19:21.562+0000] {logging_mixin.py:188} INFO - Downloaded AAPL/1767913238.json -> /tmp/minio_downloads/1767913238.json
[2026-01-09T06:19:21.568+0000] {logging_mixin.py:188} INFO - Downloaded AAPL/1767913248.json -> /tmp/minio_downloads/1767913248.json
[2026-01-09T06:19:21.573+0000] {logging_mixin.py:188} INFO - Downloaded AAPL/1767913259.json -> /tmp/minio_downloads/1767913259.json
[2026-01-09T06:19:21.579+0000] {logging_mixin.py:188} INFO - Downloaded AAPL/1767913270.json -> /tmp/minio_downloads/1767913270.json
[2026-01-09T06:19:21.587+0000] {logging_mixin.py:188} INFO - Downloaded AAPL/1767913280.json -> /tmp/minio_downloads/1767913280.json
[2026-01-09T06:19:21.593+0000] {logging_mixin.py:188} INFO - Downloaded AAPL/1767913292.json -> /tmp/minio_downloads/1767913292.json
[2026-01-09T06:19:21.601+0000] {logging_mixin.py:188} INFO - Downloaded AAPL/1767913302.json -> /tmp/minio_downloads/1767913302.json
[2026-01-09T06:19:21.609+0000] {logging_mixin.py:188} INFO - Downloaded AAPL/1767913311.json -> /tmp/minio_downloads/1767913311.json
[2026-01-09T06:19:21.617+0000] {logging_mixin.py:188} INFO - Downloaded AAPL/1767913320.json -> /tmp/minio_downloads/1767913320.json
[2026-01-09T06:19:21.627+0000] {logging_mixin.py:188} INFO - Downloaded AAPL/1767913329.json -> /tmp/minio_downloads/1767913329.json
[2026-01-09T06:19:21.635+0000] {logging_mixin.py:188} INFO - Downloaded AAPL/1767913338.json -> /tmp/minio_downloads/1767913338.json
[2026-01-09T06:19:21.644+0000] {logging_mixin.py:188} INFO - Downloaded AAPL/1767913349.json -> /tmp/minio_downloads/1767913349.json
[2026-01-09T06:19:21.654+0000] {logging_mixin.py:188} INFO - Downloaded AAPL/1767913360.json -> /tmp/minio_downloads/1767913360.json
[2026-01-09T06:19:21.661+0000] {logging_mixin.py:188} INFO - Downloaded AMZN/1767843764.json -> /tmp/minio_downloads/1767843764.json
[2026-01-09T06:19:21.667+0000] {logging_mixin.py:188} INFO - Downloaded AMZN/1767843774.json -> /tmp/minio_downloads/1767843774.json
[2026-01-09T06:19:21.675+0000] {logging_mixin.py:188} INFO - Downloaded AMZN/1767843783.json -> /tmp/minio_downloads/1767843783.json
[2026-01-09T06:19:21.686+0000] {logging_mixin.py:188} INFO - Downloaded AMZN/1767843792.json -> /tmp/minio_downloads/1767843792.json
[2026-01-09T06:19:21.695+0000] {logging_mixin.py:188} INFO - Downloaded AMZN/1767843801.json -> /tmp/minio_downloads/1767843801.json
[2026-01-09T06:19:21.703+0000] {logging_mixin.py:188} INFO - Downloaded AMZN/1767843810.json -> /tmp/minio_downloads/1767843810.json
[2026-01-09T06:19:21.710+0000] {logging_mixin.py:188} INFO - Downloaded AMZN/1767843820.json -> /tmp/minio_downloads/1767843820.json
[2026-01-09T06:19:21.717+0000] {logging_mixin.py:188} INFO - Downloaded AMZN/1767843829.json -> /tmp/minio_downloads/1767843829.json
[2026-01-09T06:19:21.725+0000] {logging_mixin.py:188} INFO - Downloaded AMZN/1767843838.json -> /tmp/minio_downloads/1767843838.json
[2026-01-09T06:19:21.731+0000] {logging_mixin.py:188} INFO - Downloaded AMZN/1767843847.json -> /tmp/minio_downloads/1767843847.json
[2026-01-09T06:19:21.739+0000] {logging_mixin.py:188} INFO - Downloaded AMZN/1767843856.json -> /tmp/minio_downloads/1767843856.json
[2026-01-09T06:19:21.745+0000] {logging_mixin.py:188} INFO - Downloaded AMZN/1767843865.json -> /tmp/minio_downloads/1767843865.json
[2026-01-09T06:19:21.750+0000] {logging_mixin.py:188} INFO - Downloaded AMZN/1767843875.json -> /tmp/minio_downloads/1767843875.json
[2026-01-09T06:19:21.760+0000] {logging_mixin.py:188} INFO - Downloaded AMZN/1767843884.json -> /tmp/minio_downloads/1767843884.json
[2026-01-09T06:19:21.769+0000] {logging_mixin.py:188} INFO - Downloaded AMZN/1767843893.json -> /tmp/minio_downloads/1767843893.json
[2026-01-09T06:19:21.777+0000] {logging_mixin.py:188} INFO - Downloaded AMZN/1767843902.json -> /tmp/minio_downloads/1767843902.json
[2026-01-09T06:19:21.786+0000] {logging_mixin.py:188} INFO - Downloaded AMZN/1767843911.json -> /tmp/minio_downloads/1767843911.json
[2026-01-09T06:19:21.794+0000] {logging_mixin.py:188} INFO - Downloaded AMZN/1767843921.json -> /tmp/minio_downloads/1767843921.json
[2026-01-09T06:19:21.800+0000] {logging_mixin.py:188} INFO - Downloaded AMZN/1767843930.json -> /tmp/minio_downloads/1767843930.json
[2026-01-09T06:19:21.823+0000] {logging_mixin.py:188} INFO - Downloaded AMZN/1767843939.json -> /tmp/minio_downloads/1767843939.json
[2026-01-09T06:19:21.833+0000] {logging_mixin.py:188} INFO - Downloaded AMZN/1767843948.json -> /tmp/minio_downloads/1767843948.json
[2026-01-09T06:19:21.841+0000] {logging_mixin.py:188} INFO - Downloaded AMZN/1767843958.json -> /tmp/minio_downloads/1767843958.json
[2026-01-09T06:19:21.854+0000] {logging_mixin.py:188} INFO - Downloaded AMZN/1767843967.json -> /tmp/minio_downloads/1767843967.json
[2026-01-09T06:19:21.875+0000] {logging_mixin.py:188} INFO - Downloaded AMZN/1767843976.json -> /tmp/minio_downloads/1767843976.json
[2026-01-09T06:19:21.891+0000] {logging_mixin.py:188} INFO - Downloaded AMZN/1767843984.json -> /tmp/minio_downloads/1767843984.json
[2026-01-09T06:19:21.904+0000] {logging_mixin.py:188} INFO - Downloaded AMZN/1767843993.json -> /tmp/minio_downloads/1767843993.json
[2026-01-09T06:19:21.915+0000] {logging_mixin.py:188} INFO - Downloaded AMZN/1767844003.json -> /tmp/minio_downloads/1767844003.json
[2026-01-09T06:19:21.927+0000] {logging_mixin.py:188} INFO - Downloaded AMZN/1767844012.json -> /tmp/minio_downloads/1767844012.json
[2026-01-09T06:19:21.937+0000] {logging_mixin.py:188} INFO - Downloaded AMZN/1767844021.json -> /tmp/minio_downloads/1767844021.json
[2026-01-09T06:19:21.945+0000] {logging_mixin.py:188} INFO - Downloaded AMZN/1767844030.json -> /tmp/minio_downloads/1767844030.json
[2026-01-09T06:19:21.953+0000] {logging_mixin.py:188} INFO - Downloaded AMZN/1767844039.json -> /tmp/minio_downloads/1767844039.json
[2026-01-09T06:19:21.961+0000] {logging_mixin.py:188} INFO - Downloaded AMZN/1767844048.json -> /tmp/minio_downloads/1767844048.json
[2026-01-09T06:19:21.970+0000] {logging_mixin.py:188} INFO - Downloaded AMZN/1767844057.json -> /tmp/minio_downloads/1767844057.json
[2026-01-09T06:19:21.978+0000] {logging_mixin.py:188} INFO - Downloaded AMZN/1767844066.json -> /tmp/minio_downloads/1767844066.json
[2026-01-09T06:19:21.986+0000] {logging_mixin.py:188} INFO - Downloaded AMZN/1767844075.json -> /tmp/minio_downloads/1767844075.json
[2026-01-09T06:19:21.997+0000] {logging_mixin.py:188} INFO - Downloaded AMZN/1767844085.json -> /tmp/minio_downloads/1767844085.json
[2026-01-09T06:19:22.011+0000] {logging_mixin.py:188} INFO - Downloaded AMZN/1767844094.json -> /tmp/minio_downloads/1767844094.json
[2026-01-09T06:19:22.024+0000] {logging_mixin.py:188} INFO - Downloaded AMZN/1767844103.json -> /tmp/minio_downloads/1767844103.json
[2026-01-09T06:19:22.040+0000] {logging_mixin.py:188} INFO - Downloaded AMZN/1767844112.json -> /tmp/minio_downloads/1767844112.json
[2026-01-09T06:19:22.050+0000] {logging_mixin.py:188} INFO - Downloaded AMZN/1767844121.json -> /tmp/minio_downloads/1767844121.json
[2026-01-09T06:19:22.061+0000] {logging_mixin.py:188} INFO - Downloaded AMZN/1767844130.json -> /tmp/minio_downloads/1767844130.json
[2026-01-09T06:19:22.078+0000] {logging_mixin.py:188} INFO - Downloaded AMZN/1767844139.json -> /tmp/minio_downloads/1767844139.json
[2026-01-09T06:19:22.088+0000] {logging_mixin.py:188} INFO - Downloaded AMZN/1767844148.json -> /tmp/minio_downloads/1767844148.json
[2026-01-09T06:19:22.100+0000] {logging_mixin.py:188} INFO - Downloaded AMZN/1767844157.json -> /tmp/minio_downloads/1767844157.json
[2026-01-09T06:19:22.121+0000] {logging_mixin.py:188} INFO - Downloaded AMZN/1767844166.json -> /tmp/minio_downloads/1767844166.json
[2026-01-09T06:19:22.129+0000] {logging_mixin.py:188} INFO - Downloaded AMZN/1767844175.json -> /tmp/minio_downloads/1767844175.json
[2026-01-09T06:19:22.138+0000] {logging_mixin.py:188} INFO - Downloaded AMZN/1767844184.json -> /tmp/minio_downloads/1767844184.json
[2026-01-09T06:19:22.148+0000] {logging_mixin.py:188} INFO - Downloaded AMZN/1767844194.json -> /tmp/minio_downloads/1767844194.json
[2026-01-09T06:19:22.175+0000] {logging_mixin.py:188} INFO - Downloaded AMZN/1767844203.json -> /tmp/minio_downloads/1767844203.json
[2026-01-09T06:19:22.190+0000] {logging_mixin.py:188} INFO - Downloaded AMZN/1767844212.json -> /tmp/minio_downloads/1767844212.json
[2026-01-09T06:19:22.211+0000] {logging_mixin.py:188} INFO - Downloaded AMZN/1767844221.json -> /tmp/minio_downloads/1767844221.json
[2026-01-09T06:19:22.218+0000] {logging_mixin.py:188} INFO - Downloaded AMZN/1767844230.json -> /tmp/minio_downloads/1767844230.json
[2026-01-09T06:19:22.226+0000] {logging_mixin.py:188} INFO - Downloaded AMZN/1767844239.json -> /tmp/minio_downloads/1767844239.json
[2026-01-09T06:19:22.240+0000] {logging_mixin.py:188} INFO - Downloaded AMZN/1767844248.json -> /tmp/minio_downloads/1767844248.json
[2026-01-09T06:19:22.246+0000] {logging_mixin.py:188} INFO - Downloaded AMZN/1767844257.json -> /tmp/minio_downloads/1767844257.json
[2026-01-09T06:19:22.254+0000] {logging_mixin.py:188} INFO - Downloaded AMZN/1767844266.json -> /tmp/minio_downloads/1767844266.json
[2026-01-09T06:19:22.262+0000] {logging_mixin.py:188} INFO - Downloaded AMZN/1767844275.json -> /tmp/minio_downloads/1767844275.json
[2026-01-09T06:19:22.274+0000] {logging_mixin.py:188} INFO - Downloaded AMZN/1767844284.json -> /tmp/minio_downloads/1767844284.json
[2026-01-09T06:19:22.281+0000] {logging_mixin.py:188} INFO - Downloaded AMZN/1767844293.json -> /tmp/minio_downloads/1767844293.json
[2026-01-09T06:19:22.289+0000] {logging_mixin.py:188} INFO - Downloaded AMZN/1767844303.json -> /tmp/minio_downloads/1767844303.json
[2026-01-09T06:19:22.295+0000] {logging_mixin.py:188} INFO - Downloaded AMZN/1767844312.json -> /tmp/minio_downloads/1767844312.json
[2026-01-09T06:19:22.300+0000] {logging_mixin.py:188} INFO - Downloaded AMZN/1767844322.json -> /tmp/minio_downloads/1767844322.json
[2026-01-09T06:19:22.306+0000] {logging_mixin.py:188} INFO - Downloaded AMZN/1767844331.json -> /tmp/minio_downloads/1767844331.json
[2026-01-09T06:19:22.311+0000] {logging_mixin.py:188} INFO - Downloaded AMZN/1767844341.json -> /tmp/minio_downloads/1767844341.json
[2026-01-09T06:19:22.316+0000] {logging_mixin.py:188} INFO - Downloaded AMZN/1767844350.json -> /tmp/minio_downloads/1767844350.json
[2026-01-09T06:19:22.322+0000] {logging_mixin.py:188} INFO - Downloaded AMZN/1767844359.json -> /tmp/minio_downloads/1767844359.json
[2026-01-09T06:19:22.327+0000] {logging_mixin.py:188} INFO - Downloaded AMZN/1767844368.json -> /tmp/minio_downloads/1767844368.json
[2026-01-09T06:19:22.333+0000] {logging_mixin.py:188} INFO - Downloaded AMZN/1767844377.json -> /tmp/minio_downloads/1767844377.json
[2026-01-09T06:19:22.338+0000] {logging_mixin.py:188} INFO - Downloaded AMZN/1767844386.json -> /tmp/minio_downloads/1767844386.json
[2026-01-09T06:19:22.344+0000] {logging_mixin.py:188} INFO - Downloaded AMZN/1767844395.json -> /tmp/minio_downloads/1767844395.json
[2026-01-09T06:19:22.353+0000] {logging_mixin.py:188} INFO - Downloaded AMZN/1767844404.json -> /tmp/minio_downloads/1767844404.json
[2026-01-09T06:19:22.360+0000] {logging_mixin.py:188} INFO - Downloaded AMZN/1767844413.json -> /tmp/minio_downloads/1767844413.json
[2026-01-09T06:19:22.367+0000] {logging_mixin.py:188} INFO - Downloaded AMZN/1767844422.json -> /tmp/minio_downloads/1767844422.json
[2026-01-09T06:19:22.374+0000] {logging_mixin.py:188} INFO - Downloaded AMZN/1767844431.json -> /tmp/minio_downloads/1767844431.json
[2026-01-09T06:19:22.381+0000] {logging_mixin.py:188} INFO - Downloaded AMZN/1767844440.json -> /tmp/minio_downloads/1767844440.json
[2026-01-09T06:19:22.388+0000] {logging_mixin.py:188} INFO - Downloaded AMZN/1767844449.json -> /tmp/minio_downloads/1767844449.json
[2026-01-09T06:19:22.395+0000] {logging_mixin.py:188} INFO - Downloaded AMZN/1767844458.json -> /tmp/minio_downloads/1767844458.json
[2026-01-09T06:19:22.402+0000] {logging_mixin.py:188} INFO - Downloaded AMZN/1767844467.json -> /tmp/minio_downloads/1767844467.json
[2026-01-09T06:19:22.410+0000] {logging_mixin.py:188} INFO - Downloaded AMZN/1767844476.json -> /tmp/minio_downloads/1767844476.json
[2026-01-09T06:19:22.417+0000] {logging_mixin.py:188} INFO - Downloaded AMZN/1767844485.json -> /tmp/minio_downloads/1767844485.json
[2026-01-09T06:19:22.425+0000] {logging_mixin.py:188} INFO - Downloaded AMZN/1767844494.json -> /tmp/minio_downloads/1767844494.json
[2026-01-09T06:19:22.432+0000] {logging_mixin.py:188} INFO - Downloaded AMZN/1767913112.json -> /tmp/minio_downloads/1767913112.json
[2026-01-09T06:19:22.439+0000] {logging_mixin.py:188} INFO - Downloaded AMZN/1767913121.json -> /tmp/minio_downloads/1767913121.json
[2026-01-09T06:19:22.445+0000] {logging_mixin.py:188} INFO - Downloaded AMZN/1767913129.json -> /tmp/minio_downloads/1767913129.json
[2026-01-09T06:19:22.451+0000] {logging_mixin.py:188} INFO - Downloaded AMZN/1767913138.json -> /tmp/minio_downloads/1767913138.json
[2026-01-09T06:19:22.457+0000] {logging_mixin.py:188} INFO - Downloaded AMZN/1767913147.json -> /tmp/minio_downloads/1767913147.json
[2026-01-09T06:19:22.463+0000] {logging_mixin.py:188} INFO - Downloaded AMZN/1767913158.json -> /tmp/minio_downloads/1767913158.json
[2026-01-09T06:19:22.469+0000] {logging_mixin.py:188} INFO - Downloaded AMZN/1767913168.json -> /tmp/minio_downloads/1767913168.json
[2026-01-09T06:19:22.474+0000] {logging_mixin.py:188} INFO - Downloaded AMZN/1767913180.json -> /tmp/minio_downloads/1767913180.json
[2026-01-09T06:19:22.480+0000] {logging_mixin.py:188} INFO - Downloaded AMZN/1767913191.json -> /tmp/minio_downloads/1767913191.json
[2026-01-09T06:19:22.485+0000] {logging_mixin.py:188} INFO - Downloaded AMZN/1767913203.json -> /tmp/minio_downloads/1767913203.json
[2026-01-09T06:19:22.513+0000] {logging_mixin.py:188} INFO - Downloaded AMZN/1767913212.json -> /tmp/minio_downloads/1767913212.json
[2026-01-09T06:19:22.527+0000] {logging_mixin.py:188} INFO - Downloaded AMZN/1767913221.json -> /tmp/minio_downloads/1767913221.json
[2026-01-09T06:19:22.534+0000] {logging_mixin.py:188} INFO - Downloaded AMZN/1767913231.json -> /tmp/minio_downloads/1767913231.json
[2026-01-09T06:19:22.551+0000] {logging_mixin.py:188} INFO - Downloaded AMZN/1767913241.json -> /tmp/minio_downloads/1767913241.json
[2026-01-09T06:19:22.562+0000] {logging_mixin.py:188} INFO - Downloaded AMZN/1767913251.json -> /tmp/minio_downloads/1767913251.json
[2026-01-09T06:19:22.571+0000] {logging_mixin.py:188} INFO - Downloaded AMZN/1767913262.json -> /tmp/minio_downloads/1767913262.json
[2026-01-09T06:19:22.581+0000] {logging_mixin.py:188} INFO - Downloaded AMZN/1767913272.json -> /tmp/minio_downloads/1767913272.json
[2026-01-09T06:19:22.590+0000] {logging_mixin.py:188} INFO - Downloaded AMZN/1767913284.json -> /tmp/minio_downloads/1767913284.json
[2026-01-09T06:19:22.600+0000] {logging_mixin.py:188} INFO - Downloaded AMZN/1767913294.json -> /tmp/minio_downloads/1767913294.json
[2026-01-09T06:19:22.607+0000] {logging_mixin.py:188} INFO - Downloaded AMZN/1767913303.json -> /tmp/minio_downloads/1767913303.json
[2026-01-09T06:19:22.620+0000] {logging_mixin.py:188} INFO - Downloaded AMZN/1767913312.json -> /tmp/minio_downloads/1767913312.json
[2026-01-09T06:19:22.627+0000] {logging_mixin.py:188} INFO - Downloaded AMZN/1767913321.json -> /tmp/minio_downloads/1767913321.json
[2026-01-09T06:19:22.633+0000] {logging_mixin.py:188} INFO - Downloaded AMZN/1767913330.json -> /tmp/minio_downloads/1767913330.json
[2026-01-09T06:19:22.638+0000] {logging_mixin.py:188} INFO - Downloaded AMZN/1767913342.json -> /tmp/minio_downloads/1767913342.json
[2026-01-09T06:19:22.644+0000] {logging_mixin.py:188} INFO - Downloaded AMZN/1767913352.json -> /tmp/minio_downloads/1767913352.json
[2026-01-09T06:19:22.649+0000] {logging_mixin.py:188} INFO - Downloaded AMZN/1767913364.json -> /tmp/minio_downloads/1767913364.json
[2026-01-09T06:19:22.654+0000] {logging_mixin.py:188} INFO - Downloaded GOOGL/1767843764.json -> /tmp/minio_downloads/1767843764.json
[2026-01-09T06:19:22.670+0000] {logging_mixin.py:188} INFO - Downloaded GOOGL/1767843773.json -> /tmp/minio_downloads/1767843773.json
[2026-01-09T06:19:22.677+0000] {logging_mixin.py:188} INFO - Downloaded GOOGL/1767843782.json -> /tmp/minio_downloads/1767843782.json
[2026-01-09T06:19:22.686+0000] {logging_mixin.py:188} INFO - Downloaded GOOGL/1767843791.json -> /tmp/minio_downloads/1767843791.json
[2026-01-09T06:19:22.705+0000] {logging_mixin.py:188} INFO - Downloaded GOOGL/1767843801.json -> /tmp/minio_downloads/1767843801.json
[2026-01-09T06:19:22.715+0000] {logging_mixin.py:188} INFO - Downloaded GOOGL/1767843810.json -> /tmp/minio_downloads/1767843810.json
[2026-01-09T06:19:22.726+0000] {logging_mixin.py:188} INFO - Downloaded GOOGL/1767843819.json -> /tmp/minio_downloads/1767843819.json
[2026-01-09T06:19:22.736+0000] {logging_mixin.py:188} INFO - Downloaded GOOGL/1767843828.json -> /tmp/minio_downloads/1767843828.json
[2026-01-09T06:19:22.747+0000] {logging_mixin.py:188} INFO - Downloaded GOOGL/1767843837.json -> /tmp/minio_downloads/1767843837.json
[2026-01-09T06:19:22.761+0000] {logging_mixin.py:188} INFO - Downloaded GOOGL/1767843847.json -> /tmp/minio_downloads/1767843847.json
[2026-01-09T06:19:22.776+0000] {logging_mixin.py:188} INFO - Downloaded GOOGL/1767843856.json -> /tmp/minio_downloads/1767843856.json
[2026-01-09T06:19:22.792+0000] {logging_mixin.py:188} INFO - Downloaded GOOGL/1767843865.json -> /tmp/minio_downloads/1767843865.json
[2026-01-09T06:19:22.806+0000] {logging_mixin.py:188} INFO - Downloaded GOOGL/1767843874.json -> /tmp/minio_downloads/1767843874.json
[2026-01-09T06:19:22.818+0000] {logging_mixin.py:188} INFO - Downloaded GOOGL/1767843883.json -> /tmp/minio_downloads/1767843883.json
[2026-01-09T06:19:22.829+0000] {logging_mixin.py:188} INFO - Downloaded GOOGL/1767843892.json -> /tmp/minio_downloads/1767843892.json
[2026-01-09T06:19:22.840+0000] {logging_mixin.py:188} INFO - Downloaded GOOGL/1767843902.json -> /tmp/minio_downloads/1767843902.json
[2026-01-09T06:19:22.850+0000] {logging_mixin.py:188} INFO - Downloaded GOOGL/1767843911.json -> /tmp/minio_downloads/1767843911.json
[2026-01-09T06:19:22.864+0000] {logging_mixin.py:188} INFO - Downloaded GOOGL/1767843920.json -> /tmp/minio_downloads/1767843920.json
[2026-01-09T06:19:22.874+0000] {logging_mixin.py:188} INFO - Downloaded GOOGL/1767843930.json -> /tmp/minio_downloads/1767843930.json
[2026-01-09T06:19:22.881+0000] {logging_mixin.py:188} INFO - Downloaded GOOGL/1767843939.json -> /tmp/minio_downloads/1767843939.json
[2026-01-09T06:19:22.894+0000] {logging_mixin.py:188} INFO - Downloaded GOOGL/1767843948.json -> /tmp/minio_downloads/1767843948.json
[2026-01-09T06:19:22.900+0000] {logging_mixin.py:188} INFO - Downloaded GOOGL/1767843957.json -> /tmp/minio_downloads/1767843957.json
[2026-01-09T06:19:22.914+0000] {logging_mixin.py:188} INFO - Downloaded GOOGL/1767843966.json -> /tmp/minio_downloads/1767843966.json
[2026-01-09T06:19:22.923+0000] {logging_mixin.py:188} INFO - Downloaded GOOGL/1767843975.json -> /tmp/minio_downloads/1767843975.json
[2026-01-09T06:19:22.932+0000] {logging_mixin.py:188} INFO - Downloaded GOOGL/1767843984.json -> /tmp/minio_downloads/1767843984.json
[2026-01-09T06:19:22.948+0000] {logging_mixin.py:188} INFO - Downloaded GOOGL/1767843993.json -> /tmp/minio_downloads/1767843993.json
[2026-01-09T06:19:22.961+0000] {logging_mixin.py:188} INFO - Downloaded GOOGL/1767844002.json -> /tmp/minio_downloads/1767844002.json
[2026-01-09T06:19:22.972+0000] {logging_mixin.py:188} INFO - Downloaded GOOGL/1767844011.json -> /tmp/minio_downloads/1767844011.json
[2026-01-09T06:19:22.979+0000] {logging_mixin.py:188} INFO - Downloaded GOOGL/1767844020.json -> /tmp/minio_downloads/1767844020.json
[2026-01-09T06:19:22.987+0000] {logging_mixin.py:188} INFO - Downloaded GOOGL/1767844029.json -> /tmp/minio_downloads/1767844029.json
[2026-01-09T06:19:23.000+0000] {logging_mixin.py:188} INFO - Downloaded GOOGL/1767844038.json -> /tmp/minio_downloads/1767844038.json
[2026-01-09T06:19:23.007+0000] {logging_mixin.py:188} INFO - Downloaded GOOGL/1767844048.json -> /tmp/minio_downloads/1767844048.json
[2026-01-09T06:19:23.016+0000] {logging_mixin.py:188} INFO - Downloaded GOOGL/1767844057.json -> /tmp/minio_downloads/1767844057.json
[2026-01-09T06:19:23.025+0000] {logging_mixin.py:188} INFO - Downloaded GOOGL/1767844065.json -> /tmp/minio_downloads/1767844065.json
[2026-01-09T06:19:23.031+0000] {logging_mixin.py:188} INFO - Downloaded GOOGL/1767844075.json -> /tmp/minio_downloads/1767844075.json
[2026-01-09T06:19:23.040+0000] {logging_mixin.py:188} INFO - Downloaded GOOGL/1767844085.json -> /tmp/minio_downloads/1767844085.json
[2026-01-09T06:19:23.048+0000] {logging_mixin.py:188} INFO - Downloaded GOOGL/1767844094.json -> /tmp/minio_downloads/1767844094.json
[2026-01-09T06:19:23.056+0000] {logging_mixin.py:188} INFO - Downloaded GOOGL/1767844103.json -> /tmp/minio_downloads/1767844103.json
[2026-01-09T06:19:23.063+0000] {logging_mixin.py:188} INFO - Downloaded GOOGL/1767844112.json -> /tmp/minio_downloads/1767844112.json
[2026-01-09T06:19:23.069+0000] {logging_mixin.py:188} INFO - Downloaded GOOGL/1767844121.json -> /tmp/minio_downloads/1767844121.json
[2026-01-09T06:19:23.076+0000] {logging_mixin.py:188} INFO - Downloaded GOOGL/1767844130.json -> /tmp/minio_downloads/1767844130.json
[2026-01-09T06:19:23.083+0000] {logging_mixin.py:188} INFO - Downloaded GOOGL/1767844139.json -> /tmp/minio_downloads/1767844139.json
[2026-01-09T06:19:23.091+0000] {logging_mixin.py:188} INFO - Downloaded GOOGL/1767844148.json -> /tmp/minio_downloads/1767844148.json
[2026-01-09T06:19:23.097+0000] {logging_mixin.py:188} INFO - Downloaded GOOGL/1767844157.json -> /tmp/minio_downloads/1767844157.json
[2026-01-09T06:19:23.102+0000] {logging_mixin.py:188} INFO - Downloaded GOOGL/1767844166.json -> /tmp/minio_downloads/1767844166.json
[2026-01-09T06:19:23.109+0000] {logging_mixin.py:188} INFO - Downloaded GOOGL/1767844175.json -> /tmp/minio_downloads/1767844175.json
[2026-01-09T06:19:23.114+0000] {logging_mixin.py:188} INFO - Downloaded GOOGL/1767844184.json -> /tmp/minio_downloads/1767844184.json
[2026-01-09T06:19:23.119+0000] {logging_mixin.py:188} INFO - Downloaded GOOGL/1767844193.json -> /tmp/minio_downloads/1767844193.json
[2026-01-09T06:19:23.126+0000] {logging_mixin.py:188} INFO - Downloaded GOOGL/1767844202.json -> /tmp/minio_downloads/1767844202.json
[2026-01-09T06:19:23.132+0000] {logging_mixin.py:188} INFO - Downloaded GOOGL/1767844211.json -> /tmp/minio_downloads/1767844211.json
[2026-01-09T06:19:23.137+0000] {logging_mixin.py:188} INFO - Downloaded GOOGL/1767844220.json -> /tmp/minio_downloads/1767844220.json
[2026-01-09T06:19:23.153+0000] {logging_mixin.py:188} INFO - Downloaded GOOGL/1767844229.json -> /tmp/minio_downloads/1767844229.json
[2026-01-09T06:19:23.161+0000] {logging_mixin.py:188} INFO - Downloaded GOOGL/1767844239.json -> /tmp/minio_downloads/1767844239.json
[2026-01-09T06:19:23.171+0000] {logging_mixin.py:188} INFO - Downloaded GOOGL/1767844248.json -> /tmp/minio_downloads/1767844248.json
[2026-01-09T06:19:23.178+0000] {logging_mixin.py:188} INFO - Downloaded GOOGL/1767844257.json -> /tmp/minio_downloads/1767844257.json
[2026-01-09T06:19:23.186+0000] {logging_mixin.py:188} INFO - Downloaded GOOGL/1767844266.json -> /tmp/minio_downloads/1767844266.json
[2026-01-09T06:19:23.201+0000] {logging_mixin.py:188} INFO - Downloaded GOOGL/1767844275.json -> /tmp/minio_downloads/1767844275.json
[2026-01-09T06:19:23.225+0000] {logging_mixin.py:188} INFO - Downloaded GOOGL/1767844284.json -> /tmp/minio_downloads/1767844284.json
[2026-01-09T06:19:23.240+0000] {logging_mixin.py:188} INFO - Downloaded GOOGL/1767844293.json -> /tmp/minio_downloads/1767844293.json
[2026-01-09T06:19:23.257+0000] {logging_mixin.py:188} INFO - Downloaded GOOGL/1767844302.json -> /tmp/minio_downloads/1767844302.json
[2026-01-09T06:19:23.273+0000] {logging_mixin.py:188} INFO - Downloaded GOOGL/1767844311.json -> /tmp/minio_downloads/1767844311.json
[2026-01-09T06:19:23.283+0000] {logging_mixin.py:188} INFO - Downloaded GOOGL/1767844321.json -> /tmp/minio_downloads/1767844321.json
[2026-01-09T06:19:23.296+0000] {logging_mixin.py:188} INFO - Downloaded GOOGL/1767844331.json -> /tmp/minio_downloads/1767844331.json
[2026-01-09T06:19:23.318+0000] {logging_mixin.py:188} INFO - Downloaded GOOGL/1767844340.json -> /tmp/minio_downloads/1767844340.json
[2026-01-09T06:19:23.334+0000] {logging_mixin.py:188} INFO - Downloaded GOOGL/1767844350.json -> /tmp/minio_downloads/1767844350.json
[2026-01-09T06:19:23.347+0000] {logging_mixin.py:188} INFO - Downloaded GOOGL/1767844359.json -> /tmp/minio_downloads/1767844359.json
[2026-01-09T06:19:23.355+0000] {logging_mixin.py:188} INFO - Downloaded GOOGL/1767844368.json -> /tmp/minio_downloads/1767844368.json
[2026-01-09T06:19:23.365+0000] {logging_mixin.py:188} INFO - Downloaded GOOGL/1767844377.json -> /tmp/minio_downloads/1767844377.json
[2026-01-09T06:19:23.380+0000] {logging_mixin.py:188} INFO - Downloaded GOOGL/1767844386.json -> /tmp/minio_downloads/1767844386.json
[2026-01-09T06:19:23.391+0000] {logging_mixin.py:188} INFO - Downloaded GOOGL/1767844394.json -> /tmp/minio_downloads/1767844394.json
[2026-01-09T06:19:23.398+0000] {logging_mixin.py:188} INFO - Downloaded GOOGL/1767844403.json -> /tmp/minio_downloads/1767844403.json
[2026-01-09T06:19:23.404+0000] {logging_mixin.py:188} INFO - Downloaded GOOGL/1767844412.json -> /tmp/minio_downloads/1767844412.json
[2026-01-09T06:19:23.412+0000] {logging_mixin.py:188} INFO - Downloaded GOOGL/1767844421.json -> /tmp/minio_downloads/1767844421.json
[2026-01-09T06:19:23.419+0000] {logging_mixin.py:188} INFO - Downloaded GOOGL/1767844430.json -> /tmp/minio_downloads/1767844430.json
[2026-01-09T06:19:23.429+0000] {logging_mixin.py:188} INFO - Downloaded GOOGL/1767844439.json -> /tmp/minio_downloads/1767844439.json
[2026-01-09T06:19:23.438+0000] {logging_mixin.py:188} INFO - Downloaded GOOGL/1767844448.json -> /tmp/minio_downloads/1767844448.json
[2026-01-09T06:19:23.446+0000] {logging_mixin.py:188} INFO - Downloaded GOOGL/1767844457.json -> /tmp/minio_downloads/1767844457.json
[2026-01-09T06:19:23.455+0000] {logging_mixin.py:188} INFO - Downloaded GOOGL/1767844466.json -> /tmp/minio_downloads/1767844466.json
[2026-01-09T06:19:23.462+0000] {logging_mixin.py:188} INFO - Downloaded GOOGL/1767844475.json -> /tmp/minio_downloads/1767844475.json
[2026-01-09T06:19:23.469+0000] {logging_mixin.py:188} INFO - Downloaded GOOGL/1767844484.json -> /tmp/minio_downloads/1767844484.json
[2026-01-09T06:19:23.476+0000] {logging_mixin.py:188} INFO - Downloaded GOOGL/1767844493.json -> /tmp/minio_downloads/1767844493.json
[2026-01-09T06:19:23.482+0000] {logging_mixin.py:188} INFO - Downloaded GOOGL/1767844502.json -> /tmp/minio_downloads/1767844502.json
[2026-01-09T06:19:23.490+0000] {logging_mixin.py:188} INFO - Downloaded GOOGL/1767913112.json -> /tmp/minio_downloads/1767913112.json
[2026-01-09T06:19:23.497+0000] {logging_mixin.py:188} INFO - Downloaded GOOGL/1767913120.json -> /tmp/minio_downloads/1767913120.json
[2026-01-09T06:19:23.505+0000] {logging_mixin.py:188} INFO - Downloaded GOOGL/1767913129.json -> /tmp/minio_downloads/1767913129.json
[2026-01-09T06:19:23.513+0000] {logging_mixin.py:188} INFO - Downloaded GOOGL/1767913138.json -> /tmp/minio_downloads/1767913138.json
[2026-01-09T06:19:23.522+0000] {logging_mixin.py:188} INFO - Downloaded GOOGL/1767913147.json -> /tmp/minio_downloads/1767913147.json
[2026-01-09T06:19:23.533+0000] {logging_mixin.py:188} INFO - Downloaded GOOGL/1767913157.json -> /tmp/minio_downloads/1767913157.json
[2026-01-09T06:19:23.543+0000] {logging_mixin.py:188} INFO - Downloaded GOOGL/1767913168.json -> /tmp/minio_downloads/1767913168.json
[2026-01-09T06:19:23.563+0000] {logging_mixin.py:188} INFO - Downloaded GOOGL/1767913179.json -> /tmp/minio_downloads/1767913179.json
[2026-01-09T06:19:23.573+0000] {logging_mixin.py:188} INFO - Downloaded GOOGL/1767913191.json -> /tmp/minio_downloads/1767913191.json
[2026-01-09T06:19:23.584+0000] {logging_mixin.py:188} INFO - Downloaded GOOGL/1767913202.json -> /tmp/minio_downloads/1767913202.json
[2026-01-09T06:19:23.593+0000] {logging_mixin.py:188} INFO - Downloaded GOOGL/1767913211.json -> /tmp/minio_downloads/1767913211.json
[2026-01-09T06:19:23.602+0000] {logging_mixin.py:188} INFO - Downloaded GOOGL/1767913221.json -> /tmp/minio_downloads/1767913221.json
[2026-01-09T06:19:23.611+0000] {logging_mixin.py:188} INFO - Downloaded GOOGL/1767913231.json -> /tmp/minio_downloads/1767913231.json
[2026-01-09T06:19:23.619+0000] {logging_mixin.py:188} INFO - Downloaded GOOGL/1767913240.json -> /tmp/minio_downloads/1767913240.json
[2026-01-09T06:19:23.626+0000] {logging_mixin.py:188} INFO - Downloaded GOOGL/1767913250.json -> /tmp/minio_downloads/1767913250.json
[2026-01-09T06:19:23.632+0000] {logging_mixin.py:188} INFO - Downloaded GOOGL/1767913261.json -> /tmp/minio_downloads/1767913261.json
[2026-01-09T06:19:23.638+0000] {logging_mixin.py:188} INFO - Downloaded GOOGL/1767913272.json -> /tmp/minio_downloads/1767913272.json
[2026-01-09T06:19:23.644+0000] {logging_mixin.py:188} INFO - Downloaded GOOGL/1767913283.json -> /tmp/minio_downloads/1767913283.json
[2026-01-09T06:19:23.650+0000] {logging_mixin.py:188} INFO - Downloaded GOOGL/1767913294.json -> /tmp/minio_downloads/1767913294.json
[2026-01-09T06:19:23.656+0000] {logging_mixin.py:188} INFO - Downloaded GOOGL/1767913303.json -> /tmp/minio_downloads/1767913303.json
[2026-01-09T06:19:23.663+0000] {logging_mixin.py:188} INFO - Downloaded GOOGL/1767913312.json -> /tmp/minio_downloads/1767913312.json
[2026-01-09T06:19:23.669+0000] {logging_mixin.py:188} INFO - Downloaded GOOGL/1767913321.json -> /tmp/minio_downloads/1767913321.json
[2026-01-09T06:19:23.674+0000] {logging_mixin.py:188} INFO - Downloaded GOOGL/1767913330.json -> /tmp/minio_downloads/1767913330.json
[2026-01-09T06:19:23.680+0000] {logging_mixin.py:188} INFO - Downloaded GOOGL/1767913341.json -> /tmp/minio_downloads/1767913341.json
[2026-01-09T06:19:23.692+0000] {logging_mixin.py:188} INFO - Downloaded GOOGL/1767913352.json -> /tmp/minio_downloads/1767913352.json
[2026-01-09T06:19:23.700+0000] {logging_mixin.py:188} INFO - Downloaded GOOGL/1767913363.json -> /tmp/minio_downloads/1767913363.json
[2026-01-09T06:19:23.713+0000] {logging_mixin.py:188} INFO - Downloaded MSFT/1767843763.json -> /tmp/minio_downloads/1767843763.json
[2026-01-09T06:19:23.724+0000] {logging_mixin.py:188} INFO - Downloaded MSFT/1767843772.json -> /tmp/minio_downloads/1767843772.json
[2026-01-09T06:19:23.738+0000] {logging_mixin.py:188} INFO - Downloaded MSFT/1767843782.json -> /tmp/minio_downloads/1767843782.json
[2026-01-09T06:19:23.746+0000] {logging_mixin.py:188} INFO - Downloaded MSFT/1767843791.json -> /tmp/minio_downloads/1767843791.json
[2026-01-09T06:19:23.756+0000] {logging_mixin.py:188} INFO - Downloaded MSFT/1767843800.json -> /tmp/minio_downloads/1767843800.json
[2026-01-09T06:19:23.769+0000] {logging_mixin.py:188} INFO - Downloaded MSFT/1767843809.json -> /tmp/minio_downloads/1767843809.json
[2026-01-09T06:19:23.776+0000] {logging_mixin.py:188} INFO - Downloaded MSFT/1767843818.json -> /tmp/minio_downloads/1767843818.json
[2026-01-09T06:19:23.790+0000] {logging_mixin.py:188} INFO - Downloaded MSFT/1767843827.json -> /tmp/minio_downloads/1767843827.json
[2026-01-09T06:19:23.796+0000] {logging_mixin.py:188} INFO - Downloaded MSFT/1767843837.json -> /tmp/minio_downloads/1767843837.json
[2026-01-09T06:19:23.805+0000] {logging_mixin.py:188} INFO - Downloaded MSFT/1767843846.json -> /tmp/minio_downloads/1767843846.json
[2026-01-09T06:19:23.818+0000] {logging_mixin.py:188} INFO - Downloaded MSFT/1767843855.json -> /tmp/minio_downloads/1767843855.json
[2026-01-09T06:19:23.828+0000] {logging_mixin.py:188} INFO - Downloaded MSFT/1767843864.json -> /tmp/minio_downloads/1767843864.json
[2026-01-09T06:19:23.843+0000] {logging_mixin.py:188} INFO - Downloaded MSFT/1767843873.json -> /tmp/minio_downloads/1767843873.json
[2026-01-09T06:19:23.851+0000] {logging_mixin.py:188} INFO - Downloaded MSFT/1767843883.json -> /tmp/minio_downloads/1767843883.json
[2026-01-09T06:19:23.860+0000] {logging_mixin.py:188} INFO - Downloaded MSFT/1767843892.json -> /tmp/minio_downloads/1767843892.json
[2026-01-09T06:19:23.868+0000] {logging_mixin.py:188} INFO - Downloaded MSFT/1767843901.json -> /tmp/minio_downloads/1767843901.json
[2026-01-09T06:19:23.875+0000] {logging_mixin.py:188} INFO - Downloaded MSFT/1767843910.json -> /tmp/minio_downloads/1767843910.json
[2026-01-09T06:19:23.882+0000] {logging_mixin.py:188} INFO - Downloaded MSFT/1767843919.json -> /tmp/minio_downloads/1767843919.json
[2026-01-09T06:19:23.888+0000] {logging_mixin.py:188} INFO - Downloaded MSFT/1767843929.json -> /tmp/minio_downloads/1767843929.json
[2026-01-09T06:19:23.898+0000] {logging_mixin.py:188} INFO - Downloaded MSFT/1767843938.json -> /tmp/minio_downloads/1767843938.json
[2026-01-09T06:19:23.909+0000] {logging_mixin.py:188} INFO - Downloaded MSFT/1767843947.json -> /tmp/minio_downloads/1767843947.json
[2026-01-09T06:19:23.917+0000] {logging_mixin.py:188} INFO - Downloaded MSFT/1767843956.json -> /tmp/minio_downloads/1767843956.json
[2026-01-09T06:19:23.942+0000] {logging_mixin.py:188} INFO - Downloaded MSFT/1767843965.json -> /tmp/minio_downloads/1767843965.json
[2026-01-09T06:19:23.959+0000] {logging_mixin.py:188} INFO - Downloaded MSFT/1767843974.json -> /tmp/minio_downloads/1767843974.json
[2026-01-09T06:19:23.976+0000] {logging_mixin.py:188} INFO - Downloaded MSFT/1767843983.json -> /tmp/minio_downloads/1767843983.json
[2026-01-09T06:19:23.986+0000] {logging_mixin.py:188} INFO - Downloaded MSFT/1767843992.json -> /tmp/minio_downloads/1767843992.json
[2026-01-09T06:19:23.994+0000] {logging_mixin.py:188} INFO - Downloaded MSFT/1767844001.json -> /tmp/minio_downloads/1767844001.json
[2026-01-09T06:19:24.000+0000] {logging_mixin.py:188} INFO - Downloaded MSFT/1767844010.json -> /tmp/minio_downloads/1767844010.json
[2026-01-09T06:19:24.007+0000] {logging_mixin.py:188} INFO - Downloaded MSFT/1767844019.json -> /tmp/minio_downloads/1767844019.json
[2026-01-09T06:19:24.012+0000] {logging_mixin.py:188} INFO - Downloaded MSFT/1767844028.json -> /tmp/minio_downloads/1767844028.json
[2026-01-09T06:19:24.018+0000] {logging_mixin.py:188} INFO - Downloaded MSFT/1767844038.json -> /tmp/minio_downloads/1767844038.json
[2026-01-09T06:19:24.023+0000] {logging_mixin.py:188} INFO - Downloaded MSFT/1767844047.json -> /tmp/minio_downloads/1767844047.json
[2026-01-09T06:19:24.028+0000] {logging_mixin.py:188} INFO - Downloaded MSFT/1767844056.json -> /tmp/minio_downloads/1767844056.json
[2026-01-09T06:19:24.034+0000] {logging_mixin.py:188} INFO - Downloaded MSFT/1767844065.json -> /tmp/minio_downloads/1767844065.json
[2026-01-09T06:19:24.039+0000] {logging_mixin.py:188} INFO - Downloaded MSFT/1767844074.json -> /tmp/minio_downloads/1767844074.json
[2026-01-09T06:19:24.045+0000] {logging_mixin.py:188} INFO - Downloaded MSFT/1767844084.json -> /tmp/minio_downloads/1767844084.json
[2026-01-09T06:19:24.051+0000] {logging_mixin.py:188} INFO - Downloaded MSFT/1767844093.json -> /tmp/minio_downloads/1767844093.json
[2026-01-09T06:19:24.057+0000] {logging_mixin.py:188} INFO - Downloaded MSFT/1767844102.json -> /tmp/minio_downloads/1767844102.json
[2026-01-09T06:19:24.063+0000] {logging_mixin.py:188} INFO - Downloaded MSFT/1767844111.json -> /tmp/minio_downloads/1767844111.json
[2026-01-09T06:19:24.070+0000] {logging_mixin.py:188} INFO - Downloaded MSFT/1767844120.json -> /tmp/minio_downloads/1767844120.json
[2026-01-09T06:19:24.076+0000] {logging_mixin.py:188} INFO - Downloaded MSFT/1767844129.json -> /tmp/minio_downloads/1767844129.json
[2026-01-09T06:19:24.083+0000] {logging_mixin.py:188} INFO - Downloaded MSFT/1767844138.json -> /tmp/minio_downloads/1767844138.json
[2026-01-09T06:19:24.089+0000] {logging_mixin.py:188} INFO - Downloaded MSFT/1767844147.json -> /tmp/minio_downloads/1767844147.json
[2026-01-09T06:19:24.096+0000] {logging_mixin.py:188} INFO - Downloaded MSFT/1767844156.json -> /tmp/minio_downloads/1767844156.json
[2026-01-09T06:19:24.123+0000] {logging_mixin.py:188} INFO - Downloaded MSFT/1767844165.json -> /tmp/minio_downloads/1767844165.json
[2026-01-09T06:19:24.136+0000] {logging_mixin.py:188} INFO - Downloaded MSFT/1767844174.json -> /tmp/minio_downloads/1767844174.json
[2026-01-09T06:19:24.158+0000] {logging_mixin.py:188} INFO - Downloaded MSFT/1767844183.json -> /tmp/minio_downloads/1767844183.json
[2026-01-09T06:19:24.178+0000] {logging_mixin.py:188} INFO - Downloaded MSFT/1767844192.json -> /tmp/minio_downloads/1767844192.json
[2026-01-09T06:19:24.190+0000] {logging_mixin.py:188} INFO - Downloaded MSFT/1767844202.json -> /tmp/minio_downloads/1767844202.json
[2026-01-09T06:19:24.200+0000] {logging_mixin.py:188} INFO - Downloaded MSFT/1767844211.json -> /tmp/minio_downloads/1767844211.json
[2026-01-09T06:19:24.210+0000] {logging_mixin.py:188} INFO - Downloaded MSFT/1767844220.json -> /tmp/minio_downloads/1767844220.json
[2026-01-09T06:19:24.219+0000] {logging_mixin.py:188} INFO - Downloaded MSFT/1767844229.json -> /tmp/minio_downloads/1767844229.json
[2026-01-09T06:19:24.229+0000] {logging_mixin.py:188} INFO - Downloaded MSFT/1767844238.json -> /tmp/minio_downloads/1767844238.json
[2026-01-09T06:19:24.237+0000] {logging_mixin.py:188} INFO - Downloaded MSFT/1767844247.json -> /tmp/minio_downloads/1767844247.json
[2026-01-09T06:19:24.243+0000] {logging_mixin.py:188} INFO - Downloaded MSFT/1767844256.json -> /tmp/minio_downloads/1767844256.json
[2026-01-09T06:19:24.249+0000] {logging_mixin.py:188} INFO - Downloaded MSFT/1767844265.json -> /tmp/minio_downloads/1767844265.json
[2026-01-09T06:19:24.254+0000] {logging_mixin.py:188} INFO - Downloaded MSFT/1767844274.json -> /tmp/minio_downloads/1767844274.json
[2026-01-09T06:19:24.259+0000] {logging_mixin.py:188} INFO - Downloaded MSFT/1767844283.json -> /tmp/minio_downloads/1767844283.json
[2026-01-09T06:19:24.265+0000] {logging_mixin.py:188} INFO - Downloaded MSFT/1767844292.json -> /tmp/minio_downloads/1767844292.json
[2026-01-09T06:19:24.270+0000] {logging_mixin.py:188} INFO - Downloaded MSFT/1767844301.json -> /tmp/minio_downloads/1767844301.json
[2026-01-09T06:19:24.275+0000] {logging_mixin.py:188} INFO - Downloaded MSFT/1767844310.json -> /tmp/minio_downloads/1767844310.json
[2026-01-09T06:19:24.281+0000] {logging_mixin.py:188} INFO - Downloaded MSFT/1767844320.json -> /tmp/minio_downloads/1767844320.json
[2026-01-09T06:19:24.286+0000] {logging_mixin.py:188} INFO - Downloaded MSFT/1767844330.json -> /tmp/minio_downloads/1767844330.json
[2026-01-09T06:19:24.291+0000] {logging_mixin.py:188} INFO - Downloaded MSFT/1767844339.json -> /tmp/minio_downloads/1767844339.json
[2026-01-09T06:19:24.297+0000] {logging_mixin.py:188} INFO - Downloaded MSFT/1767844349.json -> /tmp/minio_downloads/1767844349.json
[2026-01-09T06:19:24.303+0000] {logging_mixin.py:188} INFO - Downloaded MSFT/1767844358.json -> /tmp/minio_downloads/1767844358.json
[2026-01-09T06:19:24.328+0000] {logging_mixin.py:188} INFO - Downloaded MSFT/1767844367.json -> /tmp/minio_downloads/1767844367.json
[2026-01-09T06:19:24.349+0000] {logging_mixin.py:188} INFO - Downloaded MSFT/1767844376.json -> /tmp/minio_downloads/1767844376.json
[2026-01-09T06:19:24.371+0000] {logging_mixin.py:188} INFO - Downloaded MSFT/1767844385.json -> /tmp/minio_downloads/1767844385.json
[2026-01-09T06:19:24.400+0000] {logging_mixin.py:188} INFO - Downloaded MSFT/1767844394.json -> /tmp/minio_downloads/1767844394.json
[2026-01-09T06:19:24.419+0000] {logging_mixin.py:188} INFO - Downloaded MSFT/1767844403.json -> /tmp/minio_downloads/1767844403.json
[2026-01-09T06:19:24.435+0000] {logging_mixin.py:188} INFO - Downloaded MSFT/1767844412.json -> /tmp/minio_downloads/1767844412.json
[2026-01-09T06:19:24.446+0000] {logging_mixin.py:188} INFO - Downloaded MSFT/1767844421.json -> /tmp/minio_downloads/1767844421.json
[2026-01-09T06:19:24.453+0000] {logging_mixin.py:188} INFO - Downloaded MSFT/1767844430.json -> /tmp/minio_downloads/1767844430.json
[2026-01-09T06:19:24.469+0000] {logging_mixin.py:188} INFO - Downloaded MSFT/1767844439.json -> /tmp/minio_downloads/1767844439.json
[2026-01-09T06:19:24.486+0000] {logging_mixin.py:188} INFO - Downloaded MSFT/1767844448.json -> /tmp/minio_downloads/1767844448.json
[2026-01-09T06:19:24.498+0000] {logging_mixin.py:188} INFO - Downloaded MSFT/1767844457.json -> /tmp/minio_downloads/1767844457.json
[2026-01-09T06:19:24.507+0000] {logging_mixin.py:188} INFO - Downloaded MSFT/1767844466.json -> /tmp/minio_downloads/1767844466.json
[2026-01-09T06:19:24.515+0000] {logging_mixin.py:188} INFO - Downloaded MSFT/1767844475.json -> /tmp/minio_downloads/1767844475.json
[2026-01-09T06:19:24.521+0000] {logging_mixin.py:188} INFO - Downloaded MSFT/1767844483.json -> /tmp/minio_downloads/1767844483.json
[2026-01-09T06:19:24.530+0000] {logging_mixin.py:188} INFO - Downloaded MSFT/1767844492.json -> /tmp/minio_downloads/1767844492.json
[2026-01-09T06:19:24.538+0000] {logging_mixin.py:188} INFO - Downloaded MSFT/1767844501.json -> /tmp/minio_downloads/1767844501.json
[2026-01-09T06:19:24.547+0000] {logging_mixin.py:188} INFO - Downloaded MSFT/1767913111.json -> /tmp/minio_downloads/1767913111.json
[2026-01-09T06:19:24.555+0000] {logging_mixin.py:188} INFO - Downloaded MSFT/1767913120.json -> /tmp/minio_downloads/1767913120.json
[2026-01-09T06:19:24.562+0000] {logging_mixin.py:188} INFO - Downloaded MSFT/1767913128.json -> /tmp/minio_downloads/1767913128.json
[2026-01-09T06:19:24.570+0000] {logging_mixin.py:188} INFO - Downloaded MSFT/1767913137.json -> /tmp/minio_downloads/1767913137.json
[2026-01-09T06:19:24.577+0000] {logging_mixin.py:188} INFO - Downloaded MSFT/1767913146.json -> /tmp/minio_downloads/1767913146.json
[2026-01-09T06:19:24.584+0000] {logging_mixin.py:188} INFO - Downloaded MSFT/1767913156.json -> /tmp/minio_downloads/1767913156.json
[2026-01-09T06:19:24.591+0000] {logging_mixin.py:188} INFO - Downloaded MSFT/1767913166.json -> /tmp/minio_downloads/1767913166.json
[2026-01-09T06:19:24.603+0000] {logging_mixin.py:188} INFO - Downloaded MSFT/1767913177.json -> /tmp/minio_downloads/1767913177.json
[2026-01-09T06:19:24.613+0000] {logging_mixin.py:188} INFO - Downloaded MSFT/1767913189.json -> /tmp/minio_downloads/1767913189.json
[2026-01-09T06:19:24.624+0000] {logging_mixin.py:188} INFO - Downloaded MSFT/1767913200.json -> /tmp/minio_downloads/1767913200.json
[2026-01-09T06:19:24.631+0000] {logging_mixin.py:188} INFO - Downloaded MSFT/1767913211.json -> /tmp/minio_downloads/1767913211.json
[2026-01-09T06:19:24.640+0000] {logging_mixin.py:188} INFO - Downloaded MSFT/1767913219.json -> /tmp/minio_downloads/1767913219.json
[2026-01-09T06:19:24.648+0000] {logging_mixin.py:188} INFO - Downloaded MSFT/1767913230.json -> /tmp/minio_downloads/1767913230.json
[2026-01-09T06:19:24.659+0000] {logging_mixin.py:188} INFO - Downloaded MSFT/1767913239.json -> /tmp/minio_downloads/1767913239.json
[2026-01-09T06:19:24.667+0000] {logging_mixin.py:188} INFO - Downloaded MSFT/1767913249.json -> /tmp/minio_downloads/1767913249.json
[2026-01-09T06:19:24.679+0000] {logging_mixin.py:188} INFO - Downloaded MSFT/1767913260.json -> /tmp/minio_downloads/1767913260.json
[2026-01-09T06:19:24.686+0000] {logging_mixin.py:188} INFO - Downloaded MSFT/1767913270.json -> /tmp/minio_downloads/1767913270.json
[2026-01-09T06:19:24.693+0000] {logging_mixin.py:188} INFO - Downloaded MSFT/1767913281.json -> /tmp/minio_downloads/1767913281.json
[2026-01-09T06:19:24.702+0000] {logging_mixin.py:188} INFO - Downloaded MSFT/1767913292.json -> /tmp/minio_downloads/1767913292.json
[2026-01-09T06:19:24.708+0000] {logging_mixin.py:188} INFO - Downloaded MSFT/1767913302.json -> /tmp/minio_downloads/1767913302.json
[2026-01-09T06:19:24.714+0000] {logging_mixin.py:188} INFO - Downloaded MSFT/1767913311.json -> /tmp/minio_downloads/1767913311.json
[2026-01-09T06:19:24.720+0000] {logging_mixin.py:188} INFO - Downloaded MSFT/1767913320.json -> /tmp/minio_downloads/1767913320.json
[2026-01-09T06:19:24.726+0000] {logging_mixin.py:188} INFO - Downloaded MSFT/1767913329.json -> /tmp/minio_downloads/1767913329.json
[2026-01-09T06:19:24.732+0000] {logging_mixin.py:188} INFO - Downloaded MSFT/1767913339.json -> /tmp/minio_downloads/1767913339.json
[2026-01-09T06:19:24.738+0000] {logging_mixin.py:188} INFO - Downloaded MSFT/1767913350.json -> /tmp/minio_downloads/1767913350.json
[2026-01-09T06:19:24.745+0000] {logging_mixin.py:188} INFO - Downloaded MSFT/1767913361.json -> /tmp/minio_downloads/1767913361.json
[2026-01-09T06:19:24.752+0000] {logging_mixin.py:188} INFO - Downloaded TSLA/1767843764.json -> /tmp/minio_downloads/1767843764.json
[2026-01-09T06:19:24.759+0000] {logging_mixin.py:188} INFO - Downloaded TSLA/1767843773.json -> /tmp/minio_downloads/1767843773.json
[2026-01-09T06:19:24.766+0000] {logging_mixin.py:188} INFO - Downloaded TSLA/1767843782.json -> /tmp/minio_downloads/1767843782.json
[2026-01-09T06:19:24.776+0000] {logging_mixin.py:188} INFO - Downloaded TSLA/1767843791.json -> /tmp/minio_downloads/1767843791.json
[2026-01-09T06:19:24.784+0000] {logging_mixin.py:188} INFO - Downloaded TSLA/1767843800.json -> /tmp/minio_downloads/1767843800.json
[2026-01-09T06:19:24.794+0000] {logging_mixin.py:188} INFO - Downloaded TSLA/1767843810.json -> /tmp/minio_downloads/1767843810.json
[2026-01-09T06:19:24.803+0000] {logging_mixin.py:188} INFO - Downloaded TSLA/1767843819.json -> /tmp/minio_downloads/1767843819.json
[2026-01-09T06:19:24.813+0000] {logging_mixin.py:188} INFO - Downloaded TSLA/1767843828.json -> /tmp/minio_downloads/1767843828.json
[2026-01-09T06:19:24.821+0000] {logging_mixin.py:188} INFO - Downloaded TSLA/1767843837.json -> /tmp/minio_downloads/1767843837.json
[2026-01-09T06:19:24.830+0000] {logging_mixin.py:188} INFO - Downloaded TSLA/1767843846.json -> /tmp/minio_downloads/1767843846.json
[2026-01-09T06:19:24.839+0000] {logging_mixin.py:188} INFO - Downloaded TSLA/1767843855.json -> /tmp/minio_downloads/1767843855.json
[2026-01-09T06:19:24.852+0000] {logging_mixin.py:188} INFO - Downloaded TSLA/1767843865.json -> /tmp/minio_downloads/1767843865.json
[2026-01-09T06:19:24.860+0000] {logging_mixin.py:188} INFO - Downloaded TSLA/1767843874.json -> /tmp/minio_downloads/1767843874.json
[2026-01-09T06:19:24.867+0000] {logging_mixin.py:188} INFO - Downloaded TSLA/1767843883.json -> /tmp/minio_downloads/1767843883.json
[2026-01-09T06:19:24.874+0000] {logging_mixin.py:188} INFO - Downloaded TSLA/1767843892.json -> /tmp/minio_downloads/1767843892.json
[2026-01-09T06:19:24.880+0000] {logging_mixin.py:188} INFO - Downloaded TSLA/1767843901.json -> /tmp/minio_downloads/1767843901.json
[2026-01-09T06:19:24.886+0000] {logging_mixin.py:188} INFO - Downloaded TSLA/1767843910.json -> /tmp/minio_downloads/1767843910.json
[2026-01-09T06:19:24.892+0000] {logging_mixin.py:188} INFO - Downloaded TSLA/1767843920.json -> /tmp/minio_downloads/1767843920.json
[2026-01-09T06:19:24.898+0000] {logging_mixin.py:188} INFO - Downloaded TSLA/1767843929.json -> /tmp/minio_downloads/1767843929.json
[2026-01-09T06:19:24.905+0000] {logging_mixin.py:188} INFO - Downloaded TSLA/1767843939.json -> /tmp/minio_downloads/1767843939.json
[2026-01-09T06:19:24.911+0000] {logging_mixin.py:188} INFO - Downloaded TSLA/1767843948.json -> /tmp/minio_downloads/1767843948.json
[2026-01-09T06:19:24.917+0000] {logging_mixin.py:188} INFO - Downloaded TSLA/1767843957.json -> /tmp/minio_downloads/1767843957.json
[2026-01-09T06:19:24.922+0000] {logging_mixin.py:188} INFO - Downloaded TSLA/1767843966.json -> /tmp/minio_downloads/1767843966.json
[2026-01-09T06:19:24.928+0000] {logging_mixin.py:188} INFO - Downloaded TSLA/1767843975.json -> /tmp/minio_downloads/1767843975.json
[2026-01-09T06:19:24.934+0000] {logging_mixin.py:188} INFO - Downloaded TSLA/1767843984.json -> /tmp/minio_downloads/1767843984.json
[2026-01-09T06:19:24.939+0000] {logging_mixin.py:188} INFO - Downloaded TSLA/1767843993.json -> /tmp/minio_downloads/1767843993.json
[2026-01-09T06:19:24.945+0000] {logging_mixin.py:188} INFO - Downloaded TSLA/1767844002.json -> /tmp/minio_downloads/1767844002.json
[2026-01-09T06:19:24.951+0000] {logging_mixin.py:188} INFO - Downloaded TSLA/1767844011.json -> /tmp/minio_downloads/1767844011.json
[2026-01-09T06:19:24.957+0000] {logging_mixin.py:188} INFO - Downloaded TSLA/1767844020.json -> /tmp/minio_downloads/1767844020.json
[2026-01-09T06:19:24.964+0000] {logging_mixin.py:188} INFO - Downloaded TSLA/1767844029.json -> /tmp/minio_downloads/1767844029.json
[2026-01-09T06:19:24.971+0000] {logging_mixin.py:188} INFO - Downloaded TSLA/1767844038.json -> /tmp/minio_downloads/1767844038.json
[2026-01-09T06:19:24.977+0000] {logging_mixin.py:188} INFO - Downloaded TSLA/1767844047.json -> /tmp/minio_downloads/1767844047.json
[2026-01-09T06:19:24.984+0000] {logging_mixin.py:188} INFO - Downloaded TSLA/1767844056.json -> /tmp/minio_downloads/1767844056.json
[2026-01-09T06:19:24.991+0000] {logging_mixin.py:188} INFO - Downloaded TSLA/1767844065.json -> /tmp/minio_downloads/1767844065.json
[2026-01-09T06:19:24.997+0000] {logging_mixin.py:188} INFO - Downloaded TSLA/1767844074.json -> /tmp/minio_downloads/1767844074.json
[2026-01-09T06:19:25.005+0000] {logging_mixin.py:188} INFO - Downloaded TSLA/1767844084.json -> /tmp/minio_downloads/1767844084.json
[2026-01-09T06:19:25.013+0000] {logging_mixin.py:188} INFO - Downloaded TSLA/1767844093.json -> /tmp/minio_downloads/1767844093.json
[2026-01-09T06:19:25.021+0000] {logging_mixin.py:188} INFO - Downloaded TSLA/1767844102.json -> /tmp/minio_downloads/1767844102.json
[2026-01-09T06:19:25.030+0000] {logging_mixin.py:188} INFO - Downloaded TSLA/1767844112.json -> /tmp/minio_downloads/1767844112.json
[2026-01-09T06:19:25.038+0000] {logging_mixin.py:188} INFO - Downloaded TSLA/1767844121.json -> /tmp/minio_downloads/1767844121.json
[2026-01-09T06:19:25.046+0000] {logging_mixin.py:188} INFO - Downloaded TSLA/1767844130.json -> /tmp/minio_downloads/1767844130.json
[2026-01-09T06:19:25.053+0000] {logging_mixin.py:188} INFO - Downloaded TSLA/1767844138.json -> /tmp/minio_downloads/1767844138.json
[2026-01-09T06:19:25.060+0000] {logging_mixin.py:188} INFO - Downloaded TSLA/1767844147.json -> /tmp/minio_downloads/1767844147.json
[2026-01-09T06:19:25.068+0000] {logging_mixin.py:188} INFO - Downloaded TSLA/1767844157.json -> /tmp/minio_downloads/1767844157.json
[2026-01-09T06:19:25.075+0000] {logging_mixin.py:188} INFO - Downloaded TSLA/1767844165.json -> /tmp/minio_downloads/1767844165.json
[2026-01-09T06:19:25.081+0000] {logging_mixin.py:188} INFO - Downloaded TSLA/1767844175.json -> /tmp/minio_downloads/1767844175.json
[2026-01-09T06:19:25.088+0000] {logging_mixin.py:188} INFO - Downloaded TSLA/1767844184.json -> /tmp/minio_downloads/1767844184.json
[2026-01-09T06:19:25.094+0000] {logging_mixin.py:188} INFO - Downloaded TSLA/1767844193.json -> /tmp/minio_downloads/1767844193.json
[2026-01-09T06:19:25.101+0000] {logging_mixin.py:188} INFO - Downloaded TSLA/1767844202.json -> /tmp/minio_downloads/1767844202.json
[2026-01-09T06:19:25.108+0000] {logging_mixin.py:188} INFO - Downloaded TSLA/1767844211.json -> /tmp/minio_downloads/1767844211.json
[2026-01-09T06:19:25.114+0000] {logging_mixin.py:188} INFO - Downloaded TSLA/1767844220.json -> /tmp/minio_downloads/1767844220.json
[2026-01-09T06:19:25.122+0000] {logging_mixin.py:188} INFO - Downloaded TSLA/1767844229.json -> /tmp/minio_downloads/1767844229.json
[2026-01-09T06:19:25.129+0000] {logging_mixin.py:188} INFO - Downloaded TSLA/1767844238.json -> /tmp/minio_downloads/1767844238.json
[2026-01-09T06:19:25.136+0000] {logging_mixin.py:188} INFO - Downloaded TSLA/1767844247.json -> /tmp/minio_downloads/1767844247.json
[2026-01-09T06:19:25.143+0000] {logging_mixin.py:188} INFO - Downloaded TSLA/1767844256.json -> /tmp/minio_downloads/1767844256.json
[2026-01-09T06:19:25.151+0000] {logging_mixin.py:188} INFO - Downloaded TSLA/1767844265.json -> /tmp/minio_downloads/1767844265.json
[2026-01-09T06:19:25.158+0000] {logging_mixin.py:188} INFO - Downloaded TSLA/1767844274.json -> /tmp/minio_downloads/1767844274.json
[2026-01-09T06:19:25.164+0000] {logging_mixin.py:188} INFO - Downloaded TSLA/1767844284.json -> /tmp/minio_downloads/1767844284.json
[2026-01-09T06:19:25.172+0000] {logging_mixin.py:188} INFO - Downloaded TSLA/1767844293.json -> /tmp/minio_downloads/1767844293.json
[2026-01-09T06:19:25.180+0000] {logging_mixin.py:188} INFO - Downloaded TSLA/1767844302.json -> /tmp/minio_downloads/1767844302.json
[2026-01-09T06:19:25.187+0000] {logging_mixin.py:188} INFO - Downloaded TSLA/1767844311.json -> /tmp/minio_downloads/1767844311.json
[2026-01-09T06:19:25.193+0000] {logging_mixin.py:188} INFO - Downloaded TSLA/1767844320.json -> /tmp/minio_downloads/1767844320.json
[2026-01-09T06:19:25.201+0000] {logging_mixin.py:188} INFO - Downloaded TSLA/1767844330.json -> /tmp/minio_downloads/1767844330.json
[2026-01-09T06:19:25.210+0000] {logging_mixin.py:188} INFO - Downloaded TSLA/1767844340.json -> /tmp/minio_downloads/1767844340.json
[2026-01-09T06:19:25.217+0000] {logging_mixin.py:188} INFO - Downloaded TSLA/1767844349.json -> /tmp/minio_downloads/1767844349.json
[2026-01-09T06:19:25.224+0000] {logging_mixin.py:188} INFO - Downloaded TSLA/1767844358.json -> /tmp/minio_downloads/1767844358.json
[2026-01-09T06:19:25.235+0000] {logging_mixin.py:188} INFO - Downloaded TSLA/1767844367.json -> /tmp/minio_downloads/1767844367.json
[2026-01-09T06:19:25.246+0000] {logging_mixin.py:188} INFO - Downloaded TSLA/1767844376.json -> /tmp/minio_downloads/1767844376.json
[2026-01-09T06:19:25.254+0000] {logging_mixin.py:188} INFO - Downloaded TSLA/1767844385.json -> /tmp/minio_downloads/1767844385.json
[2026-01-09T06:19:25.261+0000] {logging_mixin.py:188} INFO - Downloaded TSLA/1767844394.json -> /tmp/minio_downloads/1767844394.json
[2026-01-09T06:19:25.268+0000] {logging_mixin.py:188} INFO - Downloaded TSLA/1767844403.json -> /tmp/minio_downloads/1767844403.json
[2026-01-09T06:19:25.273+0000] {logging_mixin.py:188} INFO - Downloaded TSLA/1767844412.json -> /tmp/minio_downloads/1767844412.json
[2026-01-09T06:19:25.280+0000] {logging_mixin.py:188} INFO - Downloaded TSLA/1767844421.json -> /tmp/minio_downloads/1767844421.json
[2026-01-09T06:19:25.285+0000] {logging_mixin.py:188} INFO - Downloaded TSLA/1767844430.json -> /tmp/minio_downloads/1767844430.json
[2026-01-09T06:19:25.291+0000] {logging_mixin.py:188} INFO - Downloaded TSLA/1767844439.json -> /tmp/minio_downloads/1767844439.json
[2026-01-09T06:19:25.297+0000] {logging_mixin.py:188} INFO - Downloaded TSLA/1767844448.json -> /tmp/minio_downloads/1767844448.json
[2026-01-09T06:19:25.303+0000] {logging_mixin.py:188} INFO - Downloaded TSLA/1767844457.json -> /tmp/minio_downloads/1767844457.json
[2026-01-09T06:19:25.309+0000] {logging_mixin.py:188} INFO - Downloaded TSLA/1767844466.json -> /tmp/minio_downloads/1767844466.json
[2026-01-09T06:19:25.317+0000] {logging_mixin.py:188} INFO - Downloaded TSLA/1767844475.json -> /tmp/minio_downloads/1767844475.json
[2026-01-09T06:19:25.323+0000] {logging_mixin.py:188} INFO - Downloaded TSLA/1767844484.json -> /tmp/minio_downloads/1767844484.json
[2026-01-09T06:19:25.330+0000] {logging_mixin.py:188} INFO - Downloaded TSLA/1767844493.json -> /tmp/minio_downloads/1767844493.json
[2026-01-09T06:19:25.341+0000] {logging_mixin.py:188} INFO - Downloaded TSLA/1767844502.json -> /tmp/minio_downloads/1767844502.json
[2026-01-09T06:19:25.348+0000] {logging_mixin.py:188} INFO - Downloaded TSLA/1767913111.json -> /tmp/minio_downloads/1767913111.json
[2026-01-09T06:19:25.355+0000] {logging_mixin.py:188} INFO - Downloaded TSLA/1767913120.json -> /tmp/minio_downloads/1767913120.json
[2026-01-09T06:19:25.362+0000] {logging_mixin.py:188} INFO - Downloaded TSLA/1767913129.json -> /tmp/minio_downloads/1767913129.json
[2026-01-09T06:19:25.369+0000] {logging_mixin.py:188} INFO - Downloaded TSLA/1767913138.json -> /tmp/minio_downloads/1767913138.json
[2026-01-09T06:19:25.375+0000] {logging_mixin.py:188} INFO - Downloaded TSLA/1767913146.json -> /tmp/minio_downloads/1767913146.json
[2026-01-09T06:19:25.382+0000] {logging_mixin.py:188} INFO - Downloaded TSLA/1767913156.json -> /tmp/minio_downloads/1767913156.json
[2026-01-09T06:19:25.389+0000] {logging_mixin.py:188} INFO - Downloaded TSLA/1767913167.json -> /tmp/minio_downloads/1767913167.json
[2026-01-09T06:19:25.404+0000] {logging_mixin.py:188} INFO - Downloaded TSLA/1767913178.json -> /tmp/minio_downloads/1767913178.json
[2026-01-09T06:19:25.428+0000] {logging_mixin.py:188} INFO - Downloaded TSLA/1767913190.json -> /tmp/minio_downloads/1767913190.json
[2026-01-09T06:19:25.454+0000] {logging_mixin.py:188} INFO - Downloaded TSLA/1767913201.json -> /tmp/minio_downloads/1767913201.json
[2026-01-09T06:19:25.469+0000] {logging_mixin.py:188} INFO - Downloaded TSLA/1767913211.json -> /tmp/minio_downloads/1767913211.json
[2026-01-09T06:19:25.493+0000] {logging_mixin.py:188} INFO - Downloaded TSLA/1767913220.json -> /tmp/minio_downloads/1767913220.json
[2026-01-09T06:19:25.528+0000] {logging_mixin.py:188} INFO - Downloaded TSLA/1767913230.json -> /tmp/minio_downloads/1767913230.json
[2026-01-09T06:19:25.538+0000] {logging_mixin.py:188} INFO - Downloaded TSLA/1767913239.json -> /tmp/minio_downloads/1767913239.json
[2026-01-09T06:19:25.550+0000] {logging_mixin.py:188} INFO - Downloaded TSLA/1767913250.json -> /tmp/minio_downloads/1767913250.json
[2026-01-09T06:19:25.555+0000] {logging_mixin.py:188} INFO - Downloaded TSLA/1767913260.json -> /tmp/minio_downloads/1767913260.json
[2026-01-09T06:19:25.571+0000] {logging_mixin.py:188} INFO - Downloaded TSLA/1767913271.json -> /tmp/minio_downloads/1767913271.json
[2026-01-09T06:19:25.603+0000] {logging_mixin.py:188} INFO - Downloaded TSLA/1767913282.json -> /tmp/minio_downloads/1767913282.json
[2026-01-09T06:19:25.627+0000] {logging_mixin.py:188} INFO - Downloaded TSLA/1767913294.json -> /tmp/minio_downloads/1767913294.json
[2026-01-09T06:19:25.643+0000] {logging_mixin.py:188} INFO - Downloaded TSLA/1767913303.json -> /tmp/minio_downloads/1767913303.json
[2026-01-09T06:19:25.671+0000] {logging_mixin.py:188} INFO - Downloaded TSLA/1767913312.json -> /tmp/minio_downloads/1767913312.json
[2026-01-09T06:19:25.694+0000] {logging_mixin.py:188} INFO - Downloaded TSLA/1767913321.json -> /tmp/minio_downloads/1767913321.json
[2026-01-09T06:19:25.703+0000] {logging_mixin.py:188} INFO - Downloaded TSLA/1767913330.json -> /tmp/minio_downloads/1767913330.json
[2026-01-09T06:19:25.719+0000] {logging_mixin.py:188} INFO - Downloaded TSLA/1767913340.json -> /tmp/minio_downloads/1767913340.json
[2026-01-09T06:19:25.736+0000] {logging_mixin.py:188} INFO - Downloaded TSLA/1767913351.json -> /tmp/minio_downloads/1767913351.json
[2026-01-09T06:19:25.751+0000] {logging_mixin.py:188} INFO - Downloaded TSLA/1767913362.json -> /tmp/minio_downloads/1767913362.json
[2026-01-09T06:19:25.755+0000] {python.py:237} INFO - Done. Returned value was: ['/tmp/minio_downloads/1767843763.json', '/tmp/minio_downloads/1767843772.json', '/tmp/minio_downloads/1767843781.json', '/tmp/minio_downloads/1767843790.json', '/tmp/minio_downloads/1767843799.json', '/tmp/minio_downloads/1767843809.json', '/tmp/minio_downloads/1767843818.json', '/tmp/minio_downloads/1767843827.json', '/tmp/minio_downloads/1767843836.json', '/tmp/minio_downloads/1767843845.json', '/tmp/minio_downloads/1767843854.json', '/tmp/minio_downloads/1767843864.json', '/tmp/minio_downloads/1767843873.json', '/tmp/minio_downloads/1767843882.json', '/tmp/minio_downloads/1767843891.json', '/tmp/minio_downloads/1767843900.json', '/tmp/minio_downloads/1767843910.json', '/tmp/minio_downloads/1767843919.json', '/tmp/minio_downloads/1767843928.json', '/tmp/minio_downloads/1767843938.json', '/tmp/minio_downloads/1767843947.json', '/tmp/minio_downloads/1767843956.json', '/tmp/minio_downloads/1767843965.json', '/tmp/minio_downloads/1767843974.json', '/tmp/minio_downloads/1767843983.json', '/tmp/minio_downloads/1767843992.json', '/tmp/minio_downloads/1767844001.json', '/tmp/minio_downloads/1767844010.json', '/tmp/minio_downloads/1767844019.json', '/tmp/minio_downloads/1767844028.json', '/tmp/minio_downloads/1767844037.json', '/tmp/minio_downloads/1767844046.json', '/tmp/minio_downloads/1767844055.json', '/tmp/minio_downloads/1767844064.json', '/tmp/minio_downloads/1767844073.json', '/tmp/minio_downloads/1767844083.json', '/tmp/minio_downloads/1767844093.json', '/tmp/minio_downloads/1767844101.json', '/tmp/minio_downloads/1767844111.json', '/tmp/minio_downloads/1767844120.json', '/tmp/minio_downloads/1767844129.json', '/tmp/minio_downloads/1767844138.json', '/tmp/minio_downloads/1767844147.json', '/tmp/minio_downloads/1767844156.json', '/tmp/minio_downloads/1767844165.json', '/tmp/minio_downloads/1767844174.json', '/tmp/minio_downloads/1767844183.json', '/tmp/minio_downloads/1767844192.json', '/tmp/minio_downloads/1767844201.json', '/tmp/minio_downloads/1767844210.json', '/tmp/minio_downloads/1767844219.json', '/tmp/minio_downloads/1767844228.json', '/tmp/minio_downloads/1767844237.json', '/tmp/minio_downloads/1767844246.json', '/tmp/minio_downloads/1767844256.json', '/tmp/minio_downloads/1767844265.json', '/tmp/minio_downloads/1767844274.json', '/tmp/minio_downloads/1767844283.json', '/tmp/minio_downloads/1767844292.json', '/tmp/minio_downloads/1767844301.json', '/tmp/minio_downloads/1767844310.json', '/tmp/minio_downloads/1767844319.json', '/tmp/minio_downloads/1767844329.json', '/tmp/minio_downloads/1767844339.json', '/tmp/minio_downloads/1767844348.json', '/tmp/minio_downloads/1767844357.json', '/tmp/minio_downloads/1767844366.json', '/tmp/minio_downloads/1767844375.json', '/tmp/minio_downloads/1767844384.json', '/tmp/minio_downloads/1767844393.json', '/tmp/minio_downloads/1767844402.json', '/tmp/minio_downloads/1767844411.json', '/tmp/minio_downloads/1767844420.json', '/tmp/minio_downloads/1767844429.json', '/tmp/minio_downloads/1767844438.json', '/tmp/minio_downloads/1767844447.json', '/tmp/minio_downloads/1767844456.json', '/tmp/minio_downloads/1767844465.json', '/tmp/minio_downloads/1767844474.json', '/tmp/minio_downloads/1767844483.json', '/tmp/minio_downloads/1767844492.json', '/tmp/minio_downloads/1767844501.json', '/tmp/minio_downloads/1767913110.json', '/tmp/minio_downloads/1767913119.json', '/tmp/minio_downloads/1767913128.json', '/tmp/minio_downloads/1767913137.json', '/tmp/minio_downloads/1767913146.json', '/tmp/minio_downloads/1767913155.json', '/tmp/minio_downloads/1767913166.json', '/tmp/minio_downloads/1767913176.json', '/tmp/minio_downloads/1767913188.json', '/tmp/minio_downloads/1767913200.json', '/tmp/minio_downloads/1767913210.json', '/tmp/minio_downloads/1767913219.json', '/tmp/minio_downloads/1767913229.json', '/tmp/minio_downloads/1767913238.json', '/tmp/minio_downloads/1767913248.json', '/tmp/minio_downloads/1767913259.json', '/tmp/minio_downloads/1767913270.json', '/tmp/minio_downloads/1767913280.json', '/tmp/minio_downloads/1767913292.json', '/tmp/minio_downloads/1767913302.json', '/tmp/minio_downloads/1767913311.json', '/tmp/minio_downloads/1767913320.json', '/tmp/minio_downloads/1767913329.json', '/tmp/minio_downloads/1767913338.json', '/tmp/minio_downloads/1767913349.json', '/tmp/minio_downloads/1767913360.json', '/tmp/minio_downloads/1767843764.json', '/tmp/minio_downloads/1767843774.json', '/tmp/minio_downloads/1767843783.json', '/tmp/minio_downloads/1767843792.json', '/tmp/minio_downloads/1767843801.json', '/tmp/minio_downloads/1767843810.json', '/tmp/minio_downloads/1767843820.json', '/tmp/minio_downloads/1767843829.json', '/tmp/minio_downloads/1767843838.json', '/tmp/minio_downloads/1767843847.json', '/tmp/minio_downloads/1767843856.json', '/tmp/minio_downloads/1767843865.json', '/tmp/minio_downloads/1767843875.json', '/tmp/minio_downloads/1767843884.json', '/tmp/minio_downloads/1767843893.json', '/tmp/minio_downloads/1767843902.json', '/tmp/minio_downloads/1767843911.json', '/tmp/minio_downloads/1767843921.json', '/tmp/minio_downloads/1767843930.json', '/tmp/minio_downloads/1767843939.json', '/tmp/minio_downloads/1767843948.json', '/tmp/minio_downloads/1767843958.json', '/tmp/minio_downloads/1767843967.json', '/tmp/minio_downloads/1767843976.json', '/tmp/minio_downloads/1767843984.json', '/tmp/minio_downloads/1767843993.json', '/tmp/minio_downloads/1767844003.json', '/tmp/minio_downloads/1767844012.json', '/tmp/minio_downloads/1767844021.json', '/tmp/minio_downloads/1767844030.json', '/tmp/minio_downloads/1767844039.json', '/tmp/minio_downloads/1767844048.json', '/tmp/minio_downloads/1767844057.json', '/tmp/minio_downloads/1767844066.json', '/tmp/minio_downloads/1767844075.json', '/tmp/minio_downloads/1767844085.json', '/tmp/minio_downloads/1767844094.json', '/tmp/minio_downloads/1767844103.json', '/tmp/minio_downloads/1767844112.json', '/tmp/minio_downloads/1767844121.json', '/tmp/minio_downloads/1767844130.json', '/tmp/minio_downloads/1767844139.json', '/tmp/minio_downloads/1767844148.json', '/tmp/minio_downloads/1767844157.json', '/tmp/minio_downloads/1767844166.json', '/tmp/minio_downloads/1767844175.json', '/tmp/minio_downloads/1767844184.json', '/tmp/minio_downloads/1767844194.json', '/tmp/minio_downloads/1767844203.json', '/tmp/minio_downloads/1767844212.json', '/tmp/minio_downloads/1767844221.json', '/tmp/minio_downloads/1767844230.json', '/tmp/minio_downloads/1767844239.json', '/tmp/minio_downloads/1767844248.json', '/tmp/minio_downloads/1767844257.json', '/tmp/minio_downloads/1767844266.json', '/tmp/minio_downloads/1767844275.json', '/tmp/minio_downloads/1767844284.json', '/tmp/minio_downloads/1767844293.json', '/tmp/minio_downloads/1767844303.json', '/tmp/minio_downloads/1767844312.json', '/tmp/minio_downloads/1767844322.json', '/tmp/minio_downloads/1767844331.json', '/tmp/minio_downloads/1767844341.json', '/tmp/minio_downloads/1767844350.json', '/tmp/minio_downloads/1767844359.json', '/tmp/minio_downloads/1767844368.json', '/tmp/minio_downloads/1767844377.json', '/tmp/minio_downloads/1767844386.json', '/tmp/minio_downloads/1767844395.json', '/tmp/minio_downloads/1767844404.json', '/tmp/minio_downloads/1767844413.json', '/tmp/minio_downloads/1767844422.json', '/tmp/minio_downloads/1767844431.json', '/tmp/minio_downloads/1767844440.json', '/tmp/minio_downloads/1767844449.json', '/tmp/minio_downloads/1767844458.json', '/tmp/minio_downloads/1767844467.json', '/tmp/minio_downloads/1767844476.json', '/tmp/minio_downloads/1767844485.json', '/tmp/minio_downloads/1767844494.json', '/tmp/minio_downloads/1767913112.json', '/tmp/minio_downloads/1767913121.json', '/tmp/minio_downloads/1767913129.json', '/tmp/minio_downloads/1767913138.json', '/tmp/minio_downloads/1767913147.json', '/tmp/minio_downloads/1767913158.json', '/tmp/minio_downloads/1767913168.json', '/tmp/minio_downloads/1767913180.json', '/tmp/minio_downloads/1767913191.json', '/tmp/minio_downloads/1767913203.json', '/tmp/minio_downloads/1767913212.json', '/tmp/minio_downloads/1767913221.json', '/tmp/minio_downloads/1767913231.json', '/tmp/minio_downloads/1767913241.json', '/tmp/minio_downloads/1767913251.json', '/tmp/minio_downloads/1767913262.json', '/tmp/minio_downloads/1767913272.json', '/tmp/minio_downloads/1767913284.json', '/tmp/minio_downloads/1767913294.json', '/tmp/minio_downloads/1767913303.json', '/tmp/minio_downloads/1767913312.json', '/tmp/minio_downloads/1767913321.json', '/tmp/minio_downloads/1767913330.json', '/tmp/minio_downloads/1767913342.json', '/tmp/minio_downloads/1767913352.json', '/tmp/minio_downloads/1767913364.json', '/tmp/minio_downloads/1767843764.json', '/tmp/minio_downloads/1767843773.json', '/tmp/minio_downloads/1767843782.json', '/tmp/minio_downloads/1767843791.json', '/tmp/minio_downloads/1767843801.json', '/tmp/minio_downloads/1767843810.json', '/tmp/minio_downloads/1767843819.json', '/tmp/minio_downloads/1767843828.json', '/tmp/minio_downloads/1767843837.json', '/tmp/minio_downloads/1767843847.json', '/tmp/minio_downloads/1767843856.json', '/tmp/minio_downloads/1767843865.json', '/tmp/minio_downloads/1767843874.json', '/tmp/minio_downloads/1767843883.json', '/tmp/minio_downloads/1767843892.json', '/tmp/minio_downloads/1767843902.json', '/tmp/minio_downloads/1767843911.json', '/tmp/minio_downloads/1767843920.json', '/tmp/minio_downloads/1767843930.json', '/tmp/minio_downloads/1767843939.json', '/tmp/minio_downloads/1767843948.json', '/tmp/minio_downloads/1767843957.json', '/tmp/minio_downloads/1767843966.json', '/tmp/minio_downloads/1767843975.json', '/tmp/minio_downloads/1767843984.json', '/tmp/minio_downloads/1767843993.json', '/tmp/minio_downloads/1767844002.json', '/tmp/minio_downloads/1767844011.json', '/tmp/minio_downloads/1767844020.json', '/tmp/minio_downloads/1767844029.json', '/tmp/minio_downloads/1767844038.json', '/tmp/minio_downloads/1767844048.json', '/tmp/minio_downloads/1767844057.json', '/tmp/minio_downloads/1767844065.json', '/tmp/minio_downloads/1767844075.json', '/tmp/minio_downloads/1767844085.json', '/tmp/minio_downloads/1767844094.json', '/tmp/minio_downloads/1767844103.json', '/tmp/minio_downloads/1767844112.json', '/tmp/minio_downloads/1767844121.json', '/tmp/minio_downloads/1767844130.json', '/tmp/minio_downloads/1767844139.json', '/tmp/minio_downloads/1767844148.json', '/tmp/minio_downloads/1767844157.json', '/tmp/minio_downloads/1767844166.json', '/tmp/minio_downloads/1767844175.json', '/tmp/minio_downloads/1767844184.json', '/tmp/minio_downloads/1767844193.json', '/tmp/minio_downloads/1767844202.json', '/tmp/minio_downloads/1767844211.json', '/tmp/minio_downloads/1767844220.json', '/tmp/minio_downloads/1767844229.json', '/tmp/minio_downloads/1767844239.json', '/tmp/minio_downloads/1767844248.json', '/tmp/minio_downloads/1767844257.json', '/tmp/minio_downloads/1767844266.json', '/tmp/minio_downloads/1767844275.json', '/tmp/minio_downloads/1767844284.json', '/tmp/minio_downloads/1767844293.json', '/tmp/minio_downloads/1767844302.json', '/tmp/minio_downloads/1767844311.json', '/tmp/minio_downloads/1767844321.json', '/tmp/minio_downloads/1767844331.json', '/tmp/minio_downloads/1767844340.json', '/tmp/minio_downloads/1767844350.json', '/tmp/minio_downloads/1767844359.json', '/tmp/minio_downloads/1767844368.json', '/tmp/minio_downloads/1767844377.json', '/tmp/minio_downloads/1767844386.json', '/tmp/minio_downloads/1767844394.json', '/tmp/minio_downloads/1767844403.json', '/tmp/minio_downloads/1767844412.json', '/tmp/minio_downloads/1767844421.json', '/tmp/minio_downloads/1767844430.json', '/tmp/minio_downloads/1767844439.json', '/tmp/minio_downloads/1767844448.json', '/tmp/minio_downloads/1767844457.json', '/tmp/minio_downloads/1767844466.json', '/tmp/minio_downloads/1767844475.json', '/tmp/minio_downloads/1767844484.json', '/tmp/minio_downloads/1767844493.json', '/tmp/minio_downloads/1767844502.json', '/tmp/minio_downloads/1767913112.json', '/tmp/minio_downloads/1767913120.json', '/tmp/minio_downloads/1767913129.json', '/tmp/minio_downloads/1767913138.json', '/tmp/minio_downloads/1767913147.json', '/tmp/minio_downloads/1767913157.json', '/tmp/minio_downloads/1767913168.json', '/tmp/minio_downloads/1767913179.json', '/tmp/minio_downloads/1767913191.json', '/tmp/minio_downloads/1767913202.json', '/tmp/minio_downloads/1767913211.json', '/tmp/minio_downloads/1767913221.json', '/tmp/minio_downloads/1767913231.json', '/tmp/minio_downloads/1767913240.json', '/tmp/minio_downloads/1767913250.json', '/tmp/minio_downloads/1767913261.json', '/tmp/minio_downloads/1767913272.json', '/tmp/minio_downloads/1767913283.json', '/tmp/minio_downloads/1767913294.json', '/tmp/minio_downloads/1767913303.json', '/tmp/minio_downloads/1767913312.json', '/tmp/minio_downloads/1767913321.json', '/tmp/minio_downloads/1767913330.json', '/tmp/minio_downloads/1767913341.json', '/tmp/minio_downloads/1767913352.json', '/tmp/minio_downloads/1767913363.json', '/tmp/minio_downloads/1767843763.json', '/tmp/minio_downloads/1767843772.json', '/tmp/minio_downloads/1767843782.json', '/tmp/minio_downloads/1767843791.json', '/tmp/minio_downloads/1767843800.json', '/tmp/minio_downloads/1767843809.json', '/tmp/minio_downloads/1767843818.json', '/tmp/minio_downloads/1767843827.json', '/tmp/minio_downloads/1767843837.json', '/tmp/minio_downloads/1767843846.json', '/tmp/minio_downloads/1767843855.json', '/tmp/minio_downloads/1767843864.json', '/tmp/minio_downloads/1767843873.json', '/tmp/minio_downloads/1767843883.json', '/tmp/minio_downloads/1767843892.json', '/tmp/minio_downloads/1767843901.json', '/tmp/minio_downloads/1767843910.json', '/tmp/minio_downloads/1767843919.json', '/tmp/minio_downloads/1767843929.json', '/tmp/minio_downloads/1767843938.json', '/tmp/minio_downloads/1767843947.json', '/tmp/minio_downloads/1767843956.json', '/tmp/minio_downloads/1767843965.json', '/tmp/minio_downloads/1767843974.json', '/tmp/minio_downloads/1767843983.json', '/tmp/minio_downloads/1767843992.json', '/tmp/minio_downloads/1767844001.json', '/tmp/minio_downloads/1767844010.json', '/tmp/minio_downloads/1767844019.json', '/tmp/minio_downloads/1767844028.json', '/tmp/minio_downloads/1767844038.json', '/tmp/minio_downloads/1767844047.json', '/tmp/minio_downloads/1767844056.json', '/tmp/minio_downloads/1767844065.json', '/tmp/minio_downloads/1767844074.json', '/tmp/minio_downloads/1767844084.json', '/tmp/minio_downloads/1767844093.json', '/tmp/minio_downloads/1767844102.json', '/tmp/minio_downloads/1767844111.json', '/tmp/minio_downloads/1767844120.json', '/tmp/minio_downloads/1767844129.json', '/tmp/minio_downloads/1767844138.json', '/tmp/minio_downloads/1767844147.json', '/tmp/minio_downloads/1767844156.json', '/tmp/minio_downloads/1767844165.json', '/tmp/minio_downloads/1767844174.json', '/tmp/minio_downloads/1767844183.json', '/tmp/minio_downloads/1767844192.json', '/tmp/minio_downloads/1767844202.json', '/tmp/minio_downloads/1767844211.json', '/tmp/minio_downloads/1767844220.json', '/tmp/minio_downloads/1767844229.json', '/tmp/minio_downloads/1767844238.json', '/tmp/minio_downloads/1767844247.json', '/tmp/minio_downloads/1767844256.json', '/tmp/minio_downloads/1767844265.json', '/tmp/minio_downloads/1767844274.json', '/tmp/minio_downloads/1767844283.json', '/tmp/minio_downloads/1767844292.json', '/tmp/minio_downloads/1767844301.json', '/tmp/minio_downloads/1767844310.json', '/tmp/minio_downloads/1767844320.json', '/tmp/minio_downloads/1767844330.json', '/tmp/minio_downloads/1767844339.json', '/tmp/minio_downloads/1767844349.json', '/tmp/minio_downloads/1767844358.json', '/tmp/minio_downloads/1767844367.json', '/tmp/minio_downloads/1767844376.json', '/tmp/minio_downloads/1767844385.json', '/tmp/minio_downloads/1767844394.json', '/tmp/minio_downloads/1767844403.json', '/tmp/minio_downloads/1767844412.json', '/tmp/minio_downloads/1767844421.json', '/tmp/minio_downloads/1767844430.json', '/tmp/minio_downloads/1767844439.json', '/tmp/minio_downloads/1767844448.json', '/tmp/minio_downloads/1767844457.json', '/tmp/minio_downloads/1767844466.json', '/tmp/minio_downloads/1767844475.json', '/tmp/minio_downloads/1767844483.json', '/tmp/minio_downloads/1767844492.json', '/tmp/minio_downloads/1767844501.json', '/tmp/minio_downloads/1767913111.json', '/tmp/minio_downloads/1767913120.json', '/tmp/minio_downloads/1767913128.json', '/tmp/minio_downloads/1767913137.json', '/tmp/minio_downloads/1767913146.json', '/tmp/minio_downloads/1767913156.json', '/tmp/minio_downloads/1767913166.json', '/tmp/minio_downloads/1767913177.json', '/tmp/minio_downloads/1767913189.json', '/tmp/minio_downloads/1767913200.json', '/tmp/minio_downloads/1767913211.json', '/tmp/minio_downloads/1767913219.json', '/tmp/minio_downloads/1767913230.json', '/tmp/minio_downloads/1767913239.json', '/tmp/minio_downloads/1767913249.json', '/tmp/minio_downloads/1767913260.json', '/tmp/minio_downloads/1767913270.json', '/tmp/minio_downloads/1767913281.json', '/tmp/minio_downloads/1767913292.json', '/tmp/minio_downloads/1767913302.json', '/tmp/minio_downloads/1767913311.json', '/tmp/minio_downloads/1767913320.json', '/tmp/minio_downloads/1767913329.json', '/tmp/minio_downloads/1767913339.json', '/tmp/minio_downloads/1767913350.json', '/tmp/minio_downloads/1767913361.json', '/tmp/minio_downloads/1767843764.json', '/tmp/minio_downloads/1767843773.json', '/tmp/minio_downloads/1767843782.json', '/tmp/minio_downloads/1767843791.json', '/tmp/minio_downloads/1767843800.json', '/tmp/minio_downloads/1767843810.json', '/tmp/minio_downloads/1767843819.json', '/tmp/minio_downloads/1767843828.json', '/tmp/minio_downloads/1767843837.json', '/tmp/minio_downloads/1767843846.json', '/tmp/minio_downloads/1767843855.json', '/tmp/minio_downloads/1767843865.json', '/tmp/minio_downloads/1767843874.json', '/tmp/minio_downloads/1767843883.json', '/tmp/minio_downloads/1767843892.json', '/tmp/minio_downloads/1767843901.json', '/tmp/minio_downloads/1767843910.json', '/tmp/minio_downloads/1767843920.json', '/tmp/minio_downloads/1767843929.json', '/tmp/minio_downloads/1767843939.json', '/tmp/minio_downloads/1767843948.json', '/tmp/minio_downloads/1767843957.json', '/tmp/minio_downloads/1767843966.json', '/tmp/minio_downloads/1767843975.json', '/tmp/minio_downloads/1767843984.json', '/tmp/minio_downloads/1767843993.json', '/tmp/minio_downloads/1767844002.json', '/tmp/minio_downloads/1767844011.json', '/tmp/minio_downloads/1767844020.json', '/tmp/minio_downloads/1767844029.json', '/tmp/minio_downloads/1767844038.json', '/tmp/minio_downloads/1767844047.json', '/tmp/minio_downloads/1767844056.json', '/tmp/minio_downloads/1767844065.json', '/tmp/minio_downloads/1767844074.json', '/tmp/minio_downloads/1767844084.json', '/tmp/minio_downloads/1767844093.json', '/tmp/minio_downloads/1767844102.json', '/tmp/minio_downloads/1767844112.json', '/tmp/minio_downloads/1767844121.json', '/tmp/minio_downloads/1767844130.json', '/tmp/minio_downloads/1767844138.json', '/tmp/minio_downloads/1767844147.json', '/tmp/minio_downloads/1767844157.json', '/tmp/minio_downloads/1767844165.json', '/tmp/minio_downloads/1767844175.json', '/tmp/minio_downloads/1767844184.json', '/tmp/minio_downloads/1767844193.json', '/tmp/minio_downloads/1767844202.json', '/tmp/minio_downloads/1767844211.json', '/tmp/minio_downloads/1767844220.json', '/tmp/minio_downloads/1767844229.json', '/tmp/minio_downloads/1767844238.json', '/tmp/minio_downloads/1767844247.json', '/tmp/minio_downloads/1767844256.json', '/tmp/minio_downloads/1767844265.json', '/tmp/minio_downloads/1767844274.json', '/tmp/minio_downloads/1767844284.json', '/tmp/minio_downloads/1767844293.json', '/tmp/minio_downloads/1767844302.json', '/tmp/minio_downloads/1767844311.json', '/tmp/minio_downloads/1767844320.json', '/tmp/minio_downloads/1767844330.json', '/tmp/minio_downloads/1767844340.json', '/tmp/minio_downloads/1767844349.json', '/tmp/minio_downloads/1767844358.json', '/tmp/minio_downloads/1767844367.json', '/tmp/minio_downloads/1767844376.json', '/tmp/minio_downloads/1767844385.json', '/tmp/minio_downloads/1767844394.json', '/tmp/minio_downloads/1767844403.json', '/tmp/minio_downloads/1767844412.json', '/tmp/minio_downloads/1767844421.json', '/tmp/minio_downloads/1767844430.json', '/tmp/minio_downloads/1767844439.json', '/tmp/minio_downloads/1767844448.json', '/tmp/minio_downloads/1767844457.json', '/tmp/minio_downloads/1767844466.json', '/tmp/minio_downloads/1767844475.json', '/tmp/minio_downloads/1767844484.json', '/tmp/minio_downloads/1767844493.json', '/tmp/minio_downloads/1767844502.json', '/tmp/minio_downloads/1767913111.json', '/tmp/minio_downloads/1767913120.json', '/tmp/minio_downloads/1767913129.json', '/tmp/minio_downloads/1767913138.json', '/tmp/minio_downloads/1767913146.json', '/tmp/minio_downloads/1767913156.json', '/tmp/minio_downloads/1767913167.json', '/tmp/minio_downloads/1767913178.json', '/tmp/minio_downloads/1767913190.json', '/tmp/minio_downloads/1767913201.json', '/tmp/minio_downloads/1767913211.json', '/tmp/minio_downloads/1767913220.json', '/tmp/minio_downloads/1767913230.json', '/tmp/minio_downloads/1767913239.json', '/tmp/minio_downloads/1767913250.json', '/tmp/minio_downloads/1767913260.json', '/tmp/minio_downloads/1767913271.json', '/tmp/minio_downloads/1767913282.json', '/tmp/minio_downloads/1767913294.json', '/tmp/minio_downloads/1767913303.json', '/tmp/minio_downloads/1767913312.json', '/tmp/minio_downloads/1767913321.json', '/tmp/minio_downloads/1767913330.json', '/tmp/minio_downloads/1767913340.json', '/tmp/minio_downloads/1767913351.json', '/tmp/minio_downloads/1767913362.json']
[2026-01-09T06:19:25.763+0000] {taskinstance.py:441} INFO - ::group::Post task execution logs
[2026-01-09T06:19:25.800+0000] {taskinstance.py:1206} INFO - Marking task as SUCCESS. dag_id=minio_to_snowflake, task_id=download_minio, run_id=scheduled__2026-01-09T06:17:00+00:00, execution_date=20260109T061700, start_date=20260109T061920, end_date=20260109T061925
[2026-01-09T06:19:25.835+0000] {local_task_job_runner.py:243} INFO - Task exited with return code 0
[2026-01-09T06:19:25.867+0000] {taskinstance.py:3503} INFO - 1 downstream tasks scheduled from follow-on schedule check
[2026-01-09T06:19:25.870+0000] {local_task_job_runner.py:222} INFO - ::endgroup::
