[2026-01-09T10:53:06.127+0000] {local_task_job_runner.py:120} INFO - ::group::Pre task execution logs
[2026-01-09T10:53:06.154+0000] {taskinstance.py:2076} INFO - Dependencies all met for dep_context=non-requeueable deps ti=<TaskInstance: minio_to_snowflake.download_minio scheduled__2026-01-09T10:51:00+00:00 [queued]>
[2026-01-09T10:53:06.169+0000] {taskinstance.py:2076} INFO - Dependencies all met for dep_context=requeueable deps ti=<TaskInstance: minio_to_snowflake.download_minio scheduled__2026-01-09T10:51:00+00:00 [queued]>
[2026-01-09T10:53:06.181+0000] {taskinstance.py:2306} INFO - Starting attempt 1 of 2
[2026-01-09T10:53:06.197+0000] {taskinstance.py:2330} INFO - Executing <Task(PythonOperator): download_minio> on 2026-01-09 10:51:00+00:00
[2026-01-09T10:53:06.206+0000] {standard_task_runner.py:90} INFO - Running: ['***', 'tasks', 'run', 'minio_to_snowflake', 'download_minio', 'scheduled__2026-01-09T10:51:00+00:00', '--job-id', '925', '--raw', '--subdir', 'DAGS_FOLDER/minio_to_snowflake.py', '--cfg-path', '/tmp/tmp6avkzqh8']
[2026-01-09T10:53:06.209+0000] {logging_mixin.py:188} WARNING - /home/***/.local/lib/python3.12/site-packages/***/task/task_runner/standard_task_runner.py:62 DeprecationWarning: This process (pid=726415) is multi-threaded, use of fork() may lead to deadlocks in the child.
[2026-01-09T10:53:06.209+0000] {standard_task_runner.py:91} INFO - Job 925: Subtask download_minio
[2026-01-09T10:53:06.209+0000] {standard_task_runner.py:64} INFO - Started process 726437 to run task
[2026-01-09T10:53:06.278+0000] {task_command.py:426} INFO - Running <TaskInstance: minio_to_snowflake.download_minio scheduled__2026-01-09T10:51:00+00:00 [running]> on host ac09941d8f45
[2026-01-09T10:53:06.351+0000] {taskinstance.py:2648} INFO - Exporting env vars: AIRFLOW_CTX_DAG_OWNER='***' AIRFLOW_CTX_DAG_ID='minio_to_snowflake' AIRFLOW_CTX_TASK_ID='download_minio' AIRFLOW_CTX_EXECUTION_DATE='2026-01-09T10:51:00+00:00' AIRFLOW_CTX_TRY_NUMBER='1' AIRFLOW_CTX_DAG_RUN_ID='scheduled__2026-01-09T10:51:00+00:00'
[2026-01-09T10:53:06.357+0000] {taskinstance.py:430} INFO - ::endgroup::
[2026-01-09T10:53:06.630+0000] {logging_mixin.py:188} INFO - Downloaded AAPL/1767843763.json -> /tmp/minio_downloads/1767843763.json
[2026-01-09T10:53:06.641+0000] {logging_mixin.py:188} INFO - Downloaded AAPL/1767843772.json -> /tmp/minio_downloads/1767843772.json
[2026-01-09T10:53:06.651+0000] {logging_mixin.py:188} INFO - Downloaded AAPL/1767843781.json -> /tmp/minio_downloads/1767843781.json
[2026-01-09T10:53:06.657+0000] {logging_mixin.py:188} INFO - Downloaded AAPL/1767843790.json -> /tmp/minio_downloads/1767843790.json
[2026-01-09T10:53:06.664+0000] {logging_mixin.py:188} INFO - Downloaded AAPL/1767843799.json -> /tmp/minio_downloads/1767843799.json
[2026-01-09T10:53:06.674+0000] {logging_mixin.py:188} INFO - Downloaded AAPL/1767843809.json -> /tmp/minio_downloads/1767843809.json
[2026-01-09T10:53:06.680+0000] {logging_mixin.py:188} INFO - Downloaded AAPL/1767843818.json -> /tmp/minio_downloads/1767843818.json
[2026-01-09T10:53:06.697+0000] {logging_mixin.py:188} INFO - Downloaded AAPL/1767843827.json -> /tmp/minio_downloads/1767843827.json
[2026-01-09T10:53:06.704+0000] {logging_mixin.py:188} INFO - Downloaded AAPL/1767843836.json -> /tmp/minio_downloads/1767843836.json
[2026-01-09T10:53:06.711+0000] {logging_mixin.py:188} INFO - Downloaded AAPL/1767843845.json -> /tmp/minio_downloads/1767843845.json
[2026-01-09T10:53:06.719+0000] {logging_mixin.py:188} INFO - Downloaded AAPL/1767843854.json -> /tmp/minio_downloads/1767843854.json
[2026-01-09T10:53:06.725+0000] {logging_mixin.py:188} INFO - Downloaded AAPL/1767843864.json -> /tmp/minio_downloads/1767843864.json
[2026-01-09T10:53:06.731+0000] {logging_mixin.py:188} INFO - Downloaded AAPL/1767843873.json -> /tmp/minio_downloads/1767843873.json
[2026-01-09T10:53:06.739+0000] {logging_mixin.py:188} INFO - Downloaded AAPL/1767843882.json -> /tmp/minio_downloads/1767843882.json
[2026-01-09T10:53:06.745+0000] {logging_mixin.py:188} INFO - Downloaded AAPL/1767843891.json -> /tmp/minio_downloads/1767843891.json
[2026-01-09T10:53:06.752+0000] {logging_mixin.py:188} INFO - Downloaded AAPL/1767843900.json -> /tmp/minio_downloads/1767843900.json
[2026-01-09T10:53:06.759+0000] {logging_mixin.py:188} INFO - Downloaded AAPL/1767843910.json -> /tmp/minio_downloads/1767843910.json
[2026-01-09T10:53:06.767+0000] {logging_mixin.py:188} INFO - Downloaded AAPL/1767843919.json -> /tmp/minio_downloads/1767843919.json
[2026-01-09T10:53:06.774+0000] {logging_mixin.py:188} INFO - Downloaded AAPL/1767843928.json -> /tmp/minio_downloads/1767843928.json
[2026-01-09T10:53:06.782+0000] {logging_mixin.py:188} INFO - Downloaded AAPL/1767843938.json -> /tmp/minio_downloads/1767843938.json
[2026-01-09T10:53:06.795+0000] {logging_mixin.py:188} INFO - Downloaded AAPL/1767843947.json -> /tmp/minio_downloads/1767843947.json
[2026-01-09T10:53:06.805+0000] {logging_mixin.py:188} INFO - Downloaded AAPL/1767843956.json -> /tmp/minio_downloads/1767843956.json
[2026-01-09T10:53:06.811+0000] {logging_mixin.py:188} INFO - Downloaded AAPL/1767843965.json -> /tmp/minio_downloads/1767843965.json
[2026-01-09T10:53:06.818+0000] {logging_mixin.py:188} INFO - Downloaded AAPL/1767843974.json -> /tmp/minio_downloads/1767843974.json
[2026-01-09T10:53:06.827+0000] {logging_mixin.py:188} INFO - Downloaded AAPL/1767843983.json -> /tmp/minio_downloads/1767843983.json
[2026-01-09T10:53:06.834+0000] {logging_mixin.py:188} INFO - Downloaded AAPL/1767843992.json -> /tmp/minio_downloads/1767843992.json
[2026-01-09T10:53:06.841+0000] {logging_mixin.py:188} INFO - Downloaded AAPL/1767844001.json -> /tmp/minio_downloads/1767844001.json
[2026-01-09T10:53:06.847+0000] {logging_mixin.py:188} INFO - Downloaded AAPL/1767844010.json -> /tmp/minio_downloads/1767844010.json
[2026-01-09T10:53:06.853+0000] {logging_mixin.py:188} INFO - Downloaded AAPL/1767844019.json -> /tmp/minio_downloads/1767844019.json
[2026-01-09T10:53:06.859+0000] {logging_mixin.py:188} INFO - Downloaded AAPL/1767844028.json -> /tmp/minio_downloads/1767844028.json
[2026-01-09T10:53:06.865+0000] {logging_mixin.py:188} INFO - Downloaded AAPL/1767844037.json -> /tmp/minio_downloads/1767844037.json
[2026-01-09T10:53:06.871+0000] {logging_mixin.py:188} INFO - Downloaded AAPL/1767844046.json -> /tmp/minio_downloads/1767844046.json
[2026-01-09T10:53:06.877+0000] {logging_mixin.py:188} INFO - Downloaded AAPL/1767844055.json -> /tmp/minio_downloads/1767844055.json
[2026-01-09T10:53:06.882+0000] {logging_mixin.py:188} INFO - Downloaded AAPL/1767844064.json -> /tmp/minio_downloads/1767844064.json
[2026-01-09T10:53:06.888+0000] {logging_mixin.py:188} INFO - Downloaded AAPL/1767844073.json -> /tmp/minio_downloads/1767844073.json
[2026-01-09T10:53:06.894+0000] {logging_mixin.py:188} INFO - Downloaded AAPL/1767844083.json -> /tmp/minio_downloads/1767844083.json
[2026-01-09T10:53:06.900+0000] {logging_mixin.py:188} INFO - Downloaded AAPL/1767844093.json -> /tmp/minio_downloads/1767844093.json
[2026-01-09T10:53:06.906+0000] {logging_mixin.py:188} INFO - Downloaded AAPL/1767844101.json -> /tmp/minio_downloads/1767844101.json
[2026-01-09T10:53:06.913+0000] {logging_mixin.py:188} INFO - Downloaded AAPL/1767844111.json -> /tmp/minio_downloads/1767844111.json
[2026-01-09T10:53:06.920+0000] {logging_mixin.py:188} INFO - Downloaded AAPL/1767844120.json -> /tmp/minio_downloads/1767844120.json
[2026-01-09T10:53:06.927+0000] {logging_mixin.py:188} INFO - Downloaded AAPL/1767844129.json -> /tmp/minio_downloads/1767844129.json
[2026-01-09T10:53:06.933+0000] {logging_mixin.py:188} INFO - Downloaded AAPL/1767844138.json -> /tmp/minio_downloads/1767844138.json
[2026-01-09T10:53:06.940+0000] {logging_mixin.py:188} INFO - Downloaded AAPL/1767844147.json -> /tmp/minio_downloads/1767844147.json
[2026-01-09T10:53:06.947+0000] {logging_mixin.py:188} INFO - Downloaded AAPL/1767844156.json -> /tmp/minio_downloads/1767844156.json
[2026-01-09T10:53:06.954+0000] {logging_mixin.py:188} INFO - Downloaded AAPL/1767844165.json -> /tmp/minio_downloads/1767844165.json
[2026-01-09T10:53:06.960+0000] {logging_mixin.py:188} INFO - Downloaded AAPL/1767844174.json -> /tmp/minio_downloads/1767844174.json
[2026-01-09T10:53:06.970+0000] {logging_mixin.py:188} INFO - Downloaded AAPL/1767844183.json -> /tmp/minio_downloads/1767844183.json
[2026-01-09T10:53:06.980+0000] {logging_mixin.py:188} INFO - Downloaded AAPL/1767844192.json -> /tmp/minio_downloads/1767844192.json
[2026-01-09T10:53:06.987+0000] {logging_mixin.py:188} INFO - Downloaded AAPL/1767844201.json -> /tmp/minio_downloads/1767844201.json
[2026-01-09T10:53:06.993+0000] {logging_mixin.py:188} INFO - Downloaded AAPL/1767844210.json -> /tmp/minio_downloads/1767844210.json
[2026-01-09T10:53:07.003+0000] {logging_mixin.py:188} INFO - Downloaded AAPL/1767844219.json -> /tmp/minio_downloads/1767844219.json
[2026-01-09T10:53:07.014+0000] {logging_mixin.py:188} INFO - Downloaded AAPL/1767844228.json -> /tmp/minio_downloads/1767844228.json
[2026-01-09T10:53:07.020+0000] {logging_mixin.py:188} INFO - Downloaded AAPL/1767844237.json -> /tmp/minio_downloads/1767844237.json
[2026-01-09T10:53:07.026+0000] {logging_mixin.py:188} INFO - Downloaded AAPL/1767844246.json -> /tmp/minio_downloads/1767844246.json
[2026-01-09T10:53:07.033+0000] {logging_mixin.py:188} INFO - Downloaded AAPL/1767844256.json -> /tmp/minio_downloads/1767844256.json
[2026-01-09T10:53:07.040+0000] {logging_mixin.py:188} INFO - Downloaded AAPL/1767844265.json -> /tmp/minio_downloads/1767844265.json
[2026-01-09T10:53:07.046+0000] {logging_mixin.py:188} INFO - Downloaded AAPL/1767844274.json -> /tmp/minio_downloads/1767844274.json
[2026-01-09T10:53:07.052+0000] {logging_mixin.py:188} INFO - Downloaded AAPL/1767844283.json -> /tmp/minio_downloads/1767844283.json
[2026-01-09T10:53:07.059+0000] {logging_mixin.py:188} INFO - Downloaded AAPL/1767844292.json -> /tmp/minio_downloads/1767844292.json
[2026-01-09T10:53:07.065+0000] {logging_mixin.py:188} INFO - Downloaded AAPL/1767844301.json -> /tmp/minio_downloads/1767844301.json
[2026-01-09T10:53:07.070+0000] {logging_mixin.py:188} INFO - Downloaded AAPL/1767844310.json -> /tmp/minio_downloads/1767844310.json
[2026-01-09T10:53:07.075+0000] {logging_mixin.py:188} INFO - Downloaded AAPL/1767844319.json -> /tmp/minio_downloads/1767844319.json
[2026-01-09T10:53:07.081+0000] {logging_mixin.py:188} INFO - Downloaded AAPL/1767844329.json -> /tmp/minio_downloads/1767844329.json
[2026-01-09T10:53:07.086+0000] {logging_mixin.py:188} INFO - Downloaded AAPL/1767844339.json -> /tmp/minio_downloads/1767844339.json
[2026-01-09T10:53:07.091+0000] {logging_mixin.py:188} INFO - Downloaded AAPL/1767844348.json -> /tmp/minio_downloads/1767844348.json
[2026-01-09T10:53:07.098+0000] {logging_mixin.py:188} INFO - Downloaded AAPL/1767844357.json -> /tmp/minio_downloads/1767844357.json
[2026-01-09T10:53:07.105+0000] {logging_mixin.py:188} INFO - Downloaded AAPL/1767844366.json -> /tmp/minio_downloads/1767844366.json
[2026-01-09T10:53:07.111+0000] {logging_mixin.py:188} INFO - Downloaded AAPL/1767844375.json -> /tmp/minio_downloads/1767844375.json
[2026-01-09T10:53:07.118+0000] {logging_mixin.py:188} INFO - Downloaded AAPL/1767844384.json -> /tmp/minio_downloads/1767844384.json
[2026-01-09T10:53:07.125+0000] {logging_mixin.py:188} INFO - Downloaded AAPL/1767844393.json -> /tmp/minio_downloads/1767844393.json
[2026-01-09T10:53:07.134+0000] {logging_mixin.py:188} INFO - Downloaded AAPL/1767844402.json -> /tmp/minio_downloads/1767844402.json
[2026-01-09T10:53:07.143+0000] {logging_mixin.py:188} INFO - Downloaded AAPL/1767844411.json -> /tmp/minio_downloads/1767844411.json
[2026-01-09T10:53:07.150+0000] {logging_mixin.py:188} INFO - Downloaded AAPL/1767844420.json -> /tmp/minio_downloads/1767844420.json
[2026-01-09T10:53:07.157+0000] {logging_mixin.py:188} INFO - Downloaded AAPL/1767844429.json -> /tmp/minio_downloads/1767844429.json
[2026-01-09T10:53:07.165+0000] {logging_mixin.py:188} INFO - Downloaded AAPL/1767844438.json -> /tmp/minio_downloads/1767844438.json
[2026-01-09T10:53:07.171+0000] {logging_mixin.py:188} INFO - Downloaded AAPL/1767844447.json -> /tmp/minio_downloads/1767844447.json
[2026-01-09T10:53:07.180+0000] {logging_mixin.py:188} INFO - Downloaded AAPL/1767844456.json -> /tmp/minio_downloads/1767844456.json
[2026-01-09T10:53:07.187+0000] {logging_mixin.py:188} INFO - Downloaded AAPL/1767844465.json -> /tmp/minio_downloads/1767844465.json
[2026-01-09T10:53:07.194+0000] {logging_mixin.py:188} INFO - Downloaded AAPL/1767844474.json -> /tmp/minio_downloads/1767844474.json
[2026-01-09T10:53:07.200+0000] {logging_mixin.py:188} INFO - Downloaded AAPL/1767844483.json -> /tmp/minio_downloads/1767844483.json
[2026-01-09T10:53:07.206+0000] {logging_mixin.py:188} INFO - Downloaded AAPL/1767844492.json -> /tmp/minio_downloads/1767844492.json
[2026-01-09T10:53:07.212+0000] {logging_mixin.py:188} INFO - Downloaded AAPL/1767844501.json -> /tmp/minio_downloads/1767844501.json
[2026-01-09T10:53:07.216+0000] {logging_mixin.py:188} INFO - Downloaded AAPL/1767913110.json -> /tmp/minio_downloads/1767913110.json
[2026-01-09T10:53:07.221+0000] {logging_mixin.py:188} INFO - Downloaded AAPL/1767913119.json -> /tmp/minio_downloads/1767913119.json
[2026-01-09T10:53:07.228+0000] {logging_mixin.py:188} INFO - Downloaded AAPL/1767913128.json -> /tmp/minio_downloads/1767913128.json
[2026-01-09T10:53:07.233+0000] {logging_mixin.py:188} INFO - Downloaded AAPL/1767913137.json -> /tmp/minio_downloads/1767913137.json
[2026-01-09T10:53:07.241+0000] {logging_mixin.py:188} INFO - Downloaded AAPL/1767913146.json -> /tmp/minio_downloads/1767913146.json
[2026-01-09T10:53:07.246+0000] {logging_mixin.py:188} INFO - Downloaded AAPL/1767913155.json -> /tmp/minio_downloads/1767913155.json
[2026-01-09T10:53:07.251+0000] {logging_mixin.py:188} INFO - Downloaded AAPL/1767913166.json -> /tmp/minio_downloads/1767913166.json
[2026-01-09T10:53:07.256+0000] {logging_mixin.py:188} INFO - Downloaded AAPL/1767913176.json -> /tmp/minio_downloads/1767913176.json
[2026-01-09T10:53:07.265+0000] {logging_mixin.py:188} INFO - Downloaded AAPL/1767913188.json -> /tmp/minio_downloads/1767913188.json
[2026-01-09T10:53:07.280+0000] {logging_mixin.py:188} INFO - Downloaded AAPL/1767913200.json -> /tmp/minio_downloads/1767913200.json
[2026-01-09T10:53:07.287+0000] {logging_mixin.py:188} INFO - Downloaded AAPL/1767913210.json -> /tmp/minio_downloads/1767913210.json
[2026-01-09T10:53:07.298+0000] {logging_mixin.py:188} INFO - Downloaded AAPL/1767913219.json -> /tmp/minio_downloads/1767913219.json
[2026-01-09T10:53:07.310+0000] {logging_mixin.py:188} INFO - Downloaded AAPL/1767913229.json -> /tmp/minio_downloads/1767913229.json
[2026-01-09T10:53:07.321+0000] {logging_mixin.py:188} INFO - Downloaded AAPL/1767913238.json -> /tmp/minio_downloads/1767913238.json
[2026-01-09T10:53:07.327+0000] {logging_mixin.py:188} INFO - Downloaded AAPL/1767913248.json -> /tmp/minio_downloads/1767913248.json
[2026-01-09T10:53:07.337+0000] {logging_mixin.py:188} INFO - Downloaded AAPL/1767913259.json -> /tmp/minio_downloads/1767913259.json
[2026-01-09T10:53:07.348+0000] {logging_mixin.py:188} INFO - Downloaded AAPL/1767913270.json -> /tmp/minio_downloads/1767913270.json
[2026-01-09T10:53:07.378+0000] {logging_mixin.py:188} INFO - Downloaded AAPL/1767913280.json -> /tmp/minio_downloads/1767913280.json
[2026-01-09T10:53:07.389+0000] {logging_mixin.py:188} INFO - Downloaded AAPL/1767913292.json -> /tmp/minio_downloads/1767913292.json
[2026-01-09T10:53:07.398+0000] {logging_mixin.py:188} INFO - Downloaded AAPL/1767913302.json -> /tmp/minio_downloads/1767913302.json
[2026-01-09T10:53:07.405+0000] {logging_mixin.py:188} INFO - Downloaded AAPL/1767913311.json -> /tmp/minio_downloads/1767913311.json
[2026-01-09T10:53:07.412+0000] {logging_mixin.py:188} INFO - Downloaded AAPL/1767913320.json -> /tmp/minio_downloads/1767913320.json
[2026-01-09T10:53:07.417+0000] {logging_mixin.py:188} INFO - Downloaded AAPL/1767913329.json -> /tmp/minio_downloads/1767913329.json
[2026-01-09T10:53:07.426+0000] {logging_mixin.py:188} INFO - Downloaded AAPL/1767913338.json -> /tmp/minio_downloads/1767913338.json
[2026-01-09T10:53:07.432+0000] {logging_mixin.py:188} INFO - Downloaded AAPL/1767913349.json -> /tmp/minio_downloads/1767913349.json
[2026-01-09T10:53:07.438+0000] {logging_mixin.py:188} INFO - Downloaded AAPL/1767913360.json -> /tmp/minio_downloads/1767913360.json
[2026-01-09T10:53:07.443+0000] {logging_mixin.py:188} INFO - Downloaded AMZN/1767843764.json -> /tmp/minio_downloads/1767843764.json
[2026-01-09T10:53:07.450+0000] {logging_mixin.py:188} INFO - Downloaded AMZN/1767843774.json -> /tmp/minio_downloads/1767843774.json
[2026-01-09T10:53:07.457+0000] {logging_mixin.py:188} INFO - Downloaded AMZN/1767843783.json -> /tmp/minio_downloads/1767843783.json
[2026-01-09T10:53:07.468+0000] {logging_mixin.py:188} INFO - Downloaded AMZN/1767843792.json -> /tmp/minio_downloads/1767843792.json
[2026-01-09T10:53:07.475+0000] {logging_mixin.py:188} INFO - Downloaded AMZN/1767843801.json -> /tmp/minio_downloads/1767843801.json
[2026-01-09T10:53:07.495+0000] {logging_mixin.py:188} INFO - Downloaded AMZN/1767843810.json -> /tmp/minio_downloads/1767843810.json
[2026-01-09T10:53:07.512+0000] {logging_mixin.py:188} INFO - Downloaded AMZN/1767843820.json -> /tmp/minio_downloads/1767843820.json
[2026-01-09T10:53:07.522+0000] {logging_mixin.py:188} INFO - Downloaded AMZN/1767843829.json -> /tmp/minio_downloads/1767843829.json
[2026-01-09T10:53:07.530+0000] {logging_mixin.py:188} INFO - Downloaded AMZN/1767843838.json -> /tmp/minio_downloads/1767843838.json
[2026-01-09T10:53:07.538+0000] {logging_mixin.py:188} INFO - Downloaded AMZN/1767843847.json -> /tmp/minio_downloads/1767843847.json
[2026-01-09T10:53:07.545+0000] {logging_mixin.py:188} INFO - Downloaded AMZN/1767843856.json -> /tmp/minio_downloads/1767843856.json
[2026-01-09T10:53:07.551+0000] {logging_mixin.py:188} INFO - Downloaded AMZN/1767843865.json -> /tmp/minio_downloads/1767843865.json
[2026-01-09T10:53:07.559+0000] {logging_mixin.py:188} INFO - Downloaded AMZN/1767843875.json -> /tmp/minio_downloads/1767843875.json
[2026-01-09T10:53:07.564+0000] {logging_mixin.py:188} INFO - Downloaded AMZN/1767843884.json -> /tmp/minio_downloads/1767843884.json
[2026-01-09T10:53:07.570+0000] {logging_mixin.py:188} INFO - Downloaded AMZN/1767843893.json -> /tmp/minio_downloads/1767843893.json
[2026-01-09T10:53:07.576+0000] {logging_mixin.py:188} INFO - Downloaded AMZN/1767843902.json -> /tmp/minio_downloads/1767843902.json
[2026-01-09T10:53:07.581+0000] {logging_mixin.py:188} INFO - Downloaded AMZN/1767843911.json -> /tmp/minio_downloads/1767843911.json
[2026-01-09T10:53:07.587+0000] {logging_mixin.py:188} INFO - Downloaded AMZN/1767843921.json -> /tmp/minio_downloads/1767843921.json
[2026-01-09T10:53:07.594+0000] {logging_mixin.py:188} INFO - Downloaded AMZN/1767843930.json -> /tmp/minio_downloads/1767843930.json
[2026-01-09T10:53:07.602+0000] {logging_mixin.py:188} INFO - Downloaded AMZN/1767843939.json -> /tmp/minio_downloads/1767843939.json
[2026-01-09T10:53:07.609+0000] {logging_mixin.py:188} INFO - Downloaded AMZN/1767843948.json -> /tmp/minio_downloads/1767843948.json
[2026-01-09T10:53:07.615+0000] {logging_mixin.py:188} INFO - Downloaded AMZN/1767843958.json -> /tmp/minio_downloads/1767843958.json
[2026-01-09T10:53:07.626+0000] {logging_mixin.py:188} INFO - Downloaded AMZN/1767843967.json -> /tmp/minio_downloads/1767843967.json
[2026-01-09T10:53:07.634+0000] {logging_mixin.py:188} INFO - Downloaded AMZN/1767843976.json -> /tmp/minio_downloads/1767843976.json
[2026-01-09T10:53:07.652+0000] {logging_mixin.py:188} INFO - Downloaded AMZN/1767843984.json -> /tmp/minio_downloads/1767843984.json
[2026-01-09T10:53:07.661+0000] {logging_mixin.py:188} INFO - Downloaded AMZN/1767843993.json -> /tmp/minio_downloads/1767843993.json
[2026-01-09T10:53:07.668+0000] {logging_mixin.py:188} INFO - Downloaded AMZN/1767844003.json -> /tmp/minio_downloads/1767844003.json
[2026-01-09T10:53:07.679+0000] {logging_mixin.py:188} INFO - Downloaded AMZN/1767844012.json -> /tmp/minio_downloads/1767844012.json
[2026-01-09T10:53:07.687+0000] {logging_mixin.py:188} INFO - Downloaded AMZN/1767844021.json -> /tmp/minio_downloads/1767844021.json
[2026-01-09T10:53:07.696+0000] {logging_mixin.py:188} INFO - Downloaded AMZN/1767844030.json -> /tmp/minio_downloads/1767844030.json
[2026-01-09T10:53:07.706+0000] {logging_mixin.py:188} INFO - Downloaded AMZN/1767844039.json -> /tmp/minio_downloads/1767844039.json
[2026-01-09T10:53:07.715+0000] {logging_mixin.py:188} INFO - Downloaded AMZN/1767844048.json -> /tmp/minio_downloads/1767844048.json
[2026-01-09T10:53:07.726+0000] {logging_mixin.py:188} INFO - Downloaded AMZN/1767844057.json -> /tmp/minio_downloads/1767844057.json
[2026-01-09T10:53:07.741+0000] {logging_mixin.py:188} INFO - Downloaded AMZN/1767844066.json -> /tmp/minio_downloads/1767844066.json
[2026-01-09T10:53:07.756+0000] {logging_mixin.py:188} INFO - Downloaded AMZN/1767844075.json -> /tmp/minio_downloads/1767844075.json
[2026-01-09T10:53:07.766+0000] {logging_mixin.py:188} INFO - Downloaded AMZN/1767844085.json -> /tmp/minio_downloads/1767844085.json
[2026-01-09T10:53:07.787+0000] {logging_mixin.py:188} INFO - Downloaded AMZN/1767844094.json -> /tmp/minio_downloads/1767844094.json
[2026-01-09T10:53:07.800+0000] {logging_mixin.py:188} INFO - Downloaded AMZN/1767844103.json -> /tmp/minio_downloads/1767844103.json
[2026-01-09T10:53:07.812+0000] {logging_mixin.py:188} INFO - Downloaded AMZN/1767844112.json -> /tmp/minio_downloads/1767844112.json
[2026-01-09T10:53:07.824+0000] {logging_mixin.py:188} INFO - Downloaded AMZN/1767844121.json -> /tmp/minio_downloads/1767844121.json
[2026-01-09T10:53:07.830+0000] {logging_mixin.py:188} INFO - Downloaded AMZN/1767844130.json -> /tmp/minio_downloads/1767844130.json
[2026-01-09T10:53:07.835+0000] {logging_mixin.py:188} INFO - Downloaded AMZN/1767844139.json -> /tmp/minio_downloads/1767844139.json
[2026-01-09T10:53:07.841+0000] {logging_mixin.py:188} INFO - Downloaded AMZN/1767844148.json -> /tmp/minio_downloads/1767844148.json
[2026-01-09T10:53:07.847+0000] {logging_mixin.py:188} INFO - Downloaded AMZN/1767844157.json -> /tmp/minio_downloads/1767844157.json
[2026-01-09T10:53:07.853+0000] {logging_mixin.py:188} INFO - Downloaded AMZN/1767844166.json -> /tmp/minio_downloads/1767844166.json
[2026-01-09T10:53:07.859+0000] {logging_mixin.py:188} INFO - Downloaded AMZN/1767844175.json -> /tmp/minio_downloads/1767844175.json
[2026-01-09T10:53:07.864+0000] {logging_mixin.py:188} INFO - Downloaded AMZN/1767844184.json -> /tmp/minio_downloads/1767844184.json
[2026-01-09T10:53:07.869+0000] {logging_mixin.py:188} INFO - Downloaded AMZN/1767844194.json -> /tmp/minio_downloads/1767844194.json
[2026-01-09T10:53:07.875+0000] {logging_mixin.py:188} INFO - Downloaded AMZN/1767844203.json -> /tmp/minio_downloads/1767844203.json
[2026-01-09T10:53:07.879+0000] {logging_mixin.py:188} INFO - Downloaded AMZN/1767844212.json -> /tmp/minio_downloads/1767844212.json
[2026-01-09T10:53:07.886+0000] {logging_mixin.py:188} INFO - Downloaded AMZN/1767844221.json -> /tmp/minio_downloads/1767844221.json
[2026-01-09T10:53:07.892+0000] {logging_mixin.py:188} INFO - Downloaded AMZN/1767844230.json -> /tmp/minio_downloads/1767844230.json
[2026-01-09T10:53:07.897+0000] {logging_mixin.py:188} INFO - Downloaded AMZN/1767844239.json -> /tmp/minio_downloads/1767844239.json
[2026-01-09T10:53:07.905+0000] {logging_mixin.py:188} INFO - Downloaded AMZN/1767844248.json -> /tmp/minio_downloads/1767844248.json
[2026-01-09T10:53:07.910+0000] {logging_mixin.py:188} INFO - Downloaded AMZN/1767844257.json -> /tmp/minio_downloads/1767844257.json
[2026-01-09T10:53:07.917+0000] {logging_mixin.py:188} INFO - Downloaded AMZN/1767844266.json -> /tmp/minio_downloads/1767844266.json
[2026-01-09T10:53:07.935+0000] {logging_mixin.py:188} INFO - Downloaded AMZN/1767844275.json -> /tmp/minio_downloads/1767844275.json
[2026-01-09T10:53:07.953+0000] {logging_mixin.py:188} INFO - Downloaded AMZN/1767844284.json -> /tmp/minio_downloads/1767844284.json
[2026-01-09T10:53:07.968+0000] {logging_mixin.py:188} INFO - Downloaded AMZN/1767844293.json -> /tmp/minio_downloads/1767844293.json
[2026-01-09T10:53:07.982+0000] {logging_mixin.py:188} INFO - Downloaded AMZN/1767844303.json -> /tmp/minio_downloads/1767844303.json
[2026-01-09T10:53:08.000+0000] {logging_mixin.py:188} INFO - Downloaded AMZN/1767844312.json -> /tmp/minio_downloads/1767844312.json
[2026-01-09T10:53:08.009+0000] {logging_mixin.py:188} INFO - Downloaded AMZN/1767844322.json -> /tmp/minio_downloads/1767844322.json
[2026-01-09T10:53:08.017+0000] {logging_mixin.py:188} INFO - Downloaded AMZN/1767844331.json -> /tmp/minio_downloads/1767844331.json
[2026-01-09T10:53:08.028+0000] {logging_mixin.py:188} INFO - Downloaded AMZN/1767844341.json -> /tmp/minio_downloads/1767844341.json
[2026-01-09T10:53:08.039+0000] {logging_mixin.py:188} INFO - Downloaded AMZN/1767844350.json -> /tmp/minio_downloads/1767844350.json
[2026-01-09T10:53:08.048+0000] {logging_mixin.py:188} INFO - Downloaded AMZN/1767844359.json -> /tmp/minio_downloads/1767844359.json
[2026-01-09T10:53:08.054+0000] {logging_mixin.py:188} INFO - Downloaded AMZN/1767844368.json -> /tmp/minio_downloads/1767844368.json
[2026-01-09T10:53:08.060+0000] {logging_mixin.py:188} INFO - Downloaded AMZN/1767844377.json -> /tmp/minio_downloads/1767844377.json
[2026-01-09T10:53:08.069+0000] {logging_mixin.py:188} INFO - Downloaded AMZN/1767844386.json -> /tmp/minio_downloads/1767844386.json
[2026-01-09T10:53:08.074+0000] {logging_mixin.py:188} INFO - Downloaded AMZN/1767844395.json -> /tmp/minio_downloads/1767844395.json
[2026-01-09T10:53:08.081+0000] {logging_mixin.py:188} INFO - Downloaded AMZN/1767844404.json -> /tmp/minio_downloads/1767844404.json
[2026-01-09T10:53:08.092+0000] {logging_mixin.py:188} INFO - Downloaded AMZN/1767844413.json -> /tmp/minio_downloads/1767844413.json
[2026-01-09T10:53:08.102+0000] {logging_mixin.py:188} INFO - Downloaded AMZN/1767844422.json -> /tmp/minio_downloads/1767844422.json
[2026-01-09T10:53:08.113+0000] {logging_mixin.py:188} INFO - Downloaded AMZN/1767844431.json -> /tmp/minio_downloads/1767844431.json
[2026-01-09T10:53:08.119+0000] {logging_mixin.py:188} INFO - Downloaded AMZN/1767844440.json -> /tmp/minio_downloads/1767844440.json
[2026-01-09T10:53:08.134+0000] {logging_mixin.py:188} INFO - Downloaded AMZN/1767844449.json -> /tmp/minio_downloads/1767844449.json
[2026-01-09T10:53:08.141+0000] {logging_mixin.py:188} INFO - Downloaded AMZN/1767844458.json -> /tmp/minio_downloads/1767844458.json
[2026-01-09T10:53:08.155+0000] {logging_mixin.py:188} INFO - Downloaded AMZN/1767844467.json -> /tmp/minio_downloads/1767844467.json
[2026-01-09T10:53:08.164+0000] {logging_mixin.py:188} INFO - Downloaded AMZN/1767844476.json -> /tmp/minio_downloads/1767844476.json
[2026-01-09T10:53:08.189+0000] {logging_mixin.py:188} INFO - Downloaded AMZN/1767844485.json -> /tmp/minio_downloads/1767844485.json
[2026-01-09T10:53:08.206+0000] {logging_mixin.py:188} INFO - Downloaded AMZN/1767844494.json -> /tmp/minio_downloads/1767844494.json
[2026-01-09T10:53:08.218+0000] {logging_mixin.py:188} INFO - Downloaded AMZN/1767913112.json -> /tmp/minio_downloads/1767913112.json
[2026-01-09T10:53:08.242+0000] {logging_mixin.py:188} INFO - Downloaded AMZN/1767913121.json -> /tmp/minio_downloads/1767913121.json
[2026-01-09T10:53:08.253+0000] {logging_mixin.py:188} INFO - Downloaded AMZN/1767913129.json -> /tmp/minio_downloads/1767913129.json
[2026-01-09T10:53:08.268+0000] {logging_mixin.py:188} INFO - Downloaded AMZN/1767913138.json -> /tmp/minio_downloads/1767913138.json
[2026-01-09T10:53:08.288+0000] {logging_mixin.py:188} INFO - Downloaded AMZN/1767913147.json -> /tmp/minio_downloads/1767913147.json
[2026-01-09T10:53:08.303+0000] {logging_mixin.py:188} INFO - Downloaded AMZN/1767913158.json -> /tmp/minio_downloads/1767913158.json
[2026-01-09T10:53:08.316+0000] {logging_mixin.py:188} INFO - Downloaded AMZN/1767913168.json -> /tmp/minio_downloads/1767913168.json
[2026-01-09T10:53:08.333+0000] {logging_mixin.py:188} INFO - Downloaded AMZN/1767913180.json -> /tmp/minio_downloads/1767913180.json
[2026-01-09T10:53:08.342+0000] {logging_mixin.py:188} INFO - Downloaded AMZN/1767913191.json -> /tmp/minio_downloads/1767913191.json
[2026-01-09T10:53:08.347+0000] {logging_mixin.py:188} INFO - Downloaded AMZN/1767913203.json -> /tmp/minio_downloads/1767913203.json
[2026-01-09T10:53:08.354+0000] {logging_mixin.py:188} INFO - Downloaded AMZN/1767913212.json -> /tmp/minio_downloads/1767913212.json
[2026-01-09T10:53:08.360+0000] {logging_mixin.py:188} INFO - Downloaded AMZN/1767913221.json -> /tmp/minio_downloads/1767913221.json
[2026-01-09T10:53:08.365+0000] {logging_mixin.py:188} INFO - Downloaded AMZN/1767913231.json -> /tmp/minio_downloads/1767913231.json
[2026-01-09T10:53:08.380+0000] {logging_mixin.py:188} INFO - Downloaded AMZN/1767913241.json -> /tmp/minio_downloads/1767913241.json
[2026-01-09T10:53:08.389+0000] {logging_mixin.py:188} INFO - Downloaded AMZN/1767913251.json -> /tmp/minio_downloads/1767913251.json
[2026-01-09T10:53:08.396+0000] {logging_mixin.py:188} INFO - Downloaded AMZN/1767913262.json -> /tmp/minio_downloads/1767913262.json
[2026-01-09T10:53:08.406+0000] {logging_mixin.py:188} INFO - Downloaded AMZN/1767913272.json -> /tmp/minio_downloads/1767913272.json
[2026-01-09T10:53:08.416+0000] {logging_mixin.py:188} INFO - Downloaded AMZN/1767913284.json -> /tmp/minio_downloads/1767913284.json
[2026-01-09T10:53:08.427+0000] {logging_mixin.py:188} INFO - Downloaded AMZN/1767913294.json -> /tmp/minio_downloads/1767913294.json
[2026-01-09T10:53:08.436+0000] {logging_mixin.py:188} INFO - Downloaded AMZN/1767913303.json -> /tmp/minio_downloads/1767913303.json
[2026-01-09T10:53:08.446+0000] {logging_mixin.py:188} INFO - Downloaded AMZN/1767913312.json -> /tmp/minio_downloads/1767913312.json
[2026-01-09T10:53:08.454+0000] {logging_mixin.py:188} INFO - Downloaded AMZN/1767913321.json -> /tmp/minio_downloads/1767913321.json
[2026-01-09T10:53:08.471+0000] {logging_mixin.py:188} INFO - Downloaded AMZN/1767913330.json -> /tmp/minio_downloads/1767913330.json
[2026-01-09T10:53:08.479+0000] {logging_mixin.py:188} INFO - Downloaded AMZN/1767913342.json -> /tmp/minio_downloads/1767913342.json
[2026-01-09T10:53:08.501+0000] {logging_mixin.py:188} INFO - Downloaded AMZN/1767913352.json -> /tmp/minio_downloads/1767913352.json
[2026-01-09T10:53:08.515+0000] {logging_mixin.py:188} INFO - Downloaded AMZN/1767913364.json -> /tmp/minio_downloads/1767913364.json
[2026-01-09T10:53:08.526+0000] {logging_mixin.py:188} INFO - Downloaded GOOGL/1767843764.json -> /tmp/minio_downloads/1767843764.json
[2026-01-09T10:53:08.538+0000] {logging_mixin.py:188} INFO - Downloaded GOOGL/1767843773.json -> /tmp/minio_downloads/1767843773.json
[2026-01-09T10:53:08.554+0000] {logging_mixin.py:188} INFO - Downloaded GOOGL/1767843782.json -> /tmp/minio_downloads/1767843782.json
[2026-01-09T10:53:08.563+0000] {logging_mixin.py:188} INFO - Downloaded GOOGL/1767843791.json -> /tmp/minio_downloads/1767843791.json
[2026-01-09T10:53:08.578+0000] {logging_mixin.py:188} INFO - Downloaded GOOGL/1767843801.json -> /tmp/minio_downloads/1767843801.json
[2026-01-09T10:53:08.594+0000] {logging_mixin.py:188} INFO - Downloaded GOOGL/1767843810.json -> /tmp/minio_downloads/1767843810.json
[2026-01-09T10:53:08.604+0000] {logging_mixin.py:188} INFO - Downloaded GOOGL/1767843819.json -> /tmp/minio_downloads/1767843819.json
[2026-01-09T10:53:08.613+0000] {logging_mixin.py:188} INFO - Downloaded GOOGL/1767843828.json -> /tmp/minio_downloads/1767843828.json
[2026-01-09T10:53:08.625+0000] {logging_mixin.py:188} INFO - Downloaded GOOGL/1767843837.json -> /tmp/minio_downloads/1767843837.json
[2026-01-09T10:53:08.635+0000] {logging_mixin.py:188} INFO - Downloaded GOOGL/1767843847.json -> /tmp/minio_downloads/1767843847.json
[2026-01-09T10:53:08.645+0000] {logging_mixin.py:188} INFO - Downloaded GOOGL/1767843856.json -> /tmp/minio_downloads/1767843856.json
[2026-01-09T10:53:08.655+0000] {logging_mixin.py:188} INFO - Downloaded GOOGL/1767843865.json -> /tmp/minio_downloads/1767843865.json
[2026-01-09T10:53:08.663+0000] {logging_mixin.py:188} INFO - Downloaded GOOGL/1767843874.json -> /tmp/minio_downloads/1767843874.json
[2026-01-09T10:53:08.672+0000] {logging_mixin.py:188} INFO - Downloaded GOOGL/1767843883.json -> /tmp/minio_downloads/1767843883.json
[2026-01-09T10:53:08.680+0000] {logging_mixin.py:188} INFO - Downloaded GOOGL/1767843892.json -> /tmp/minio_downloads/1767843892.json
[2026-01-09T10:53:08.687+0000] {logging_mixin.py:188} INFO - Downloaded GOOGL/1767843902.json -> /tmp/minio_downloads/1767843902.json
[2026-01-09T10:53:08.693+0000] {logging_mixin.py:188} INFO - Downloaded GOOGL/1767843911.json -> /tmp/minio_downloads/1767843911.json
[2026-01-09T10:53:08.699+0000] {logging_mixin.py:188} INFO - Downloaded GOOGL/1767843920.json -> /tmp/minio_downloads/1767843920.json
[2026-01-09T10:53:08.704+0000] {logging_mixin.py:188} INFO - Downloaded GOOGL/1767843930.json -> /tmp/minio_downloads/1767843930.json
[2026-01-09T10:53:08.708+0000] {logging_mixin.py:188} INFO - Downloaded GOOGL/1767843939.json -> /tmp/minio_downloads/1767843939.json
[2026-01-09T10:53:08.713+0000] {logging_mixin.py:188} INFO - Downloaded GOOGL/1767843948.json -> /tmp/minio_downloads/1767843948.json
[2026-01-09T10:53:08.718+0000] {logging_mixin.py:188} INFO - Downloaded GOOGL/1767843957.json -> /tmp/minio_downloads/1767843957.json
[2026-01-09T10:53:08.723+0000] {logging_mixin.py:188} INFO - Downloaded GOOGL/1767843966.json -> /tmp/minio_downloads/1767843966.json
[2026-01-09T10:53:08.727+0000] {logging_mixin.py:188} INFO - Downloaded GOOGL/1767843975.json -> /tmp/minio_downloads/1767843975.json
[2026-01-09T10:53:08.732+0000] {logging_mixin.py:188} INFO - Downloaded GOOGL/1767843984.json -> /tmp/minio_downloads/1767843984.json
[2026-01-09T10:53:08.737+0000] {logging_mixin.py:188} INFO - Downloaded GOOGL/1767843993.json -> /tmp/minio_downloads/1767843993.json
[2026-01-09T10:53:08.742+0000] {logging_mixin.py:188} INFO - Downloaded GOOGL/1767844002.json -> /tmp/minio_downloads/1767844002.json
[2026-01-09T10:53:08.747+0000] {logging_mixin.py:188} INFO - Downloaded GOOGL/1767844011.json -> /tmp/minio_downloads/1767844011.json
[2026-01-09T10:53:08.751+0000] {logging_mixin.py:188} INFO - Downloaded GOOGL/1767844020.json -> /tmp/minio_downloads/1767844020.json
[2026-01-09T10:53:08.756+0000] {logging_mixin.py:188} INFO - Downloaded GOOGL/1767844029.json -> /tmp/minio_downloads/1767844029.json
[2026-01-09T10:53:08.761+0000] {logging_mixin.py:188} INFO - Downloaded GOOGL/1767844038.json -> /tmp/minio_downloads/1767844038.json
[2026-01-09T10:53:08.767+0000] {logging_mixin.py:188} INFO - Downloaded GOOGL/1767844048.json -> /tmp/minio_downloads/1767844048.json
[2026-01-09T10:53:08.772+0000] {logging_mixin.py:188} INFO - Downloaded GOOGL/1767844057.json -> /tmp/minio_downloads/1767844057.json
[2026-01-09T10:53:08.778+0000] {logging_mixin.py:188} INFO - Downloaded GOOGL/1767844065.json -> /tmp/minio_downloads/1767844065.json
[2026-01-09T10:53:08.784+0000] {logging_mixin.py:188} INFO - Downloaded GOOGL/1767844075.json -> /tmp/minio_downloads/1767844075.json
[2026-01-09T10:53:08.791+0000] {logging_mixin.py:188} INFO - Downloaded GOOGL/1767844085.json -> /tmp/minio_downloads/1767844085.json
[2026-01-09T10:53:08.799+0000] {logging_mixin.py:188} INFO - Downloaded GOOGL/1767844094.json -> /tmp/minio_downloads/1767844094.json
[2026-01-09T10:53:08.816+0000] {logging_mixin.py:188} INFO - Downloaded GOOGL/1767844103.json -> /tmp/minio_downloads/1767844103.json
[2026-01-09T10:53:08.823+0000] {logging_mixin.py:188} INFO - Downloaded GOOGL/1767844112.json -> /tmp/minio_downloads/1767844112.json
[2026-01-09T10:53:08.834+0000] {logging_mixin.py:188} INFO - Downloaded GOOGL/1767844121.json -> /tmp/minio_downloads/1767844121.json
[2026-01-09T10:53:08.850+0000] {logging_mixin.py:188} INFO - Downloaded GOOGL/1767844130.json -> /tmp/minio_downloads/1767844130.json
[2026-01-09T10:53:08.864+0000] {logging_mixin.py:188} INFO - Downloaded GOOGL/1767844139.json -> /tmp/minio_downloads/1767844139.json
[2026-01-09T10:53:08.877+0000] {logging_mixin.py:188} INFO - Downloaded GOOGL/1767844148.json -> /tmp/minio_downloads/1767844148.json
[2026-01-09T10:53:08.889+0000] {logging_mixin.py:188} INFO - Downloaded GOOGL/1767844157.json -> /tmp/minio_downloads/1767844157.json
[2026-01-09T10:53:08.907+0000] {logging_mixin.py:188} INFO - Downloaded GOOGL/1767844166.json -> /tmp/minio_downloads/1767844166.json
[2026-01-09T10:53:08.917+0000] {logging_mixin.py:188} INFO - Downloaded GOOGL/1767844175.json -> /tmp/minio_downloads/1767844175.json
[2026-01-09T10:53:08.939+0000] {logging_mixin.py:188} INFO - Downloaded GOOGL/1767844184.json -> /tmp/minio_downloads/1767844184.json
[2026-01-09T10:53:08.949+0000] {logging_mixin.py:188} INFO - Downloaded GOOGL/1767844193.json -> /tmp/minio_downloads/1767844193.json
[2026-01-09T10:53:08.963+0000] {logging_mixin.py:188} INFO - Downloaded GOOGL/1767844202.json -> /tmp/minio_downloads/1767844202.json
[2026-01-09T10:53:08.973+0000] {logging_mixin.py:188} INFO - Downloaded GOOGL/1767844211.json -> /tmp/minio_downloads/1767844211.json
[2026-01-09T10:53:08.985+0000] {logging_mixin.py:188} INFO - Downloaded GOOGL/1767844220.json -> /tmp/minio_downloads/1767844220.json
[2026-01-09T10:53:08.996+0000] {logging_mixin.py:188} INFO - Downloaded GOOGL/1767844229.json -> /tmp/minio_downloads/1767844229.json
[2026-01-09T10:53:09.004+0000] {logging_mixin.py:188} INFO - Downloaded GOOGL/1767844239.json -> /tmp/minio_downloads/1767844239.json
[2026-01-09T10:53:09.014+0000] {logging_mixin.py:188} INFO - Downloaded GOOGL/1767844248.json -> /tmp/minio_downloads/1767844248.json
[2026-01-09T10:53:09.031+0000] {logging_mixin.py:188} INFO - Downloaded GOOGL/1767844257.json -> /tmp/minio_downloads/1767844257.json
[2026-01-09T10:53:09.041+0000] {logging_mixin.py:188} INFO - Downloaded GOOGL/1767844266.json -> /tmp/minio_downloads/1767844266.json
[2026-01-09T10:53:09.049+0000] {logging_mixin.py:188} INFO - Downloaded GOOGL/1767844275.json -> /tmp/minio_downloads/1767844275.json
[2026-01-09T10:53:09.056+0000] {logging_mixin.py:188} INFO - Downloaded GOOGL/1767844284.json -> /tmp/minio_downloads/1767844284.json
[2026-01-09T10:53:09.070+0000] {logging_mixin.py:188} INFO - Downloaded GOOGL/1767844293.json -> /tmp/minio_downloads/1767844293.json
[2026-01-09T10:53:09.078+0000] {logging_mixin.py:188} INFO - Downloaded GOOGL/1767844302.json -> /tmp/minio_downloads/1767844302.json
[2026-01-09T10:53:09.084+0000] {logging_mixin.py:188} INFO - Downloaded GOOGL/1767844311.json -> /tmp/minio_downloads/1767844311.json
[2026-01-09T10:53:09.093+0000] {logging_mixin.py:188} INFO - Downloaded GOOGL/1767844321.json -> /tmp/minio_downloads/1767844321.json
[2026-01-09T10:53:09.099+0000] {logging_mixin.py:188} INFO - Downloaded GOOGL/1767844331.json -> /tmp/minio_downloads/1767844331.json
[2026-01-09T10:53:09.111+0000] {logging_mixin.py:188} INFO - Downloaded GOOGL/1767844340.json -> /tmp/minio_downloads/1767844340.json
[2026-01-09T10:53:09.126+0000] {logging_mixin.py:188} INFO - Downloaded GOOGL/1767844350.json -> /tmp/minio_downloads/1767844350.json
[2026-01-09T10:53:09.133+0000] {logging_mixin.py:188} INFO - Downloaded GOOGL/1767844359.json -> /tmp/minio_downloads/1767844359.json
[2026-01-09T10:53:09.144+0000] {logging_mixin.py:188} INFO - Downloaded GOOGL/1767844368.json -> /tmp/minio_downloads/1767844368.json
[2026-01-09T10:53:09.152+0000] {logging_mixin.py:188} INFO - Downloaded GOOGL/1767844377.json -> /tmp/minio_downloads/1767844377.json
[2026-01-09T10:53:09.167+0000] {logging_mixin.py:188} INFO - Downloaded GOOGL/1767844386.json -> /tmp/minio_downloads/1767844386.json
[2026-01-09T10:53:09.179+0000] {logging_mixin.py:188} INFO - Downloaded GOOGL/1767844394.json -> /tmp/minio_downloads/1767844394.json
[2026-01-09T10:53:09.199+0000] {logging_mixin.py:188} INFO - Downloaded GOOGL/1767844403.json -> /tmp/minio_downloads/1767844403.json
[2026-01-09T10:53:09.207+0000] {logging_mixin.py:188} INFO - Downloaded GOOGL/1767844412.json -> /tmp/minio_downloads/1767844412.json
[2026-01-09T10:53:09.213+0000] {logging_mixin.py:188} INFO - Downloaded GOOGL/1767844421.json -> /tmp/minio_downloads/1767844421.json
[2026-01-09T10:53:09.220+0000] {logging_mixin.py:188} INFO - Downloaded GOOGL/1767844430.json -> /tmp/minio_downloads/1767844430.json
[2026-01-09T10:53:09.233+0000] {logging_mixin.py:188} INFO - Downloaded GOOGL/1767844439.json -> /tmp/minio_downloads/1767844439.json
[2026-01-09T10:53:09.243+0000] {logging_mixin.py:188} INFO - Downloaded GOOGL/1767844448.json -> /tmp/minio_downloads/1767844448.json
[2026-01-09T10:53:09.253+0000] {logging_mixin.py:188} INFO - Downloaded GOOGL/1767844457.json -> /tmp/minio_downloads/1767844457.json
[2026-01-09T10:53:09.259+0000] {logging_mixin.py:188} INFO - Downloaded GOOGL/1767844466.json -> /tmp/minio_downloads/1767844466.json
[2026-01-09T10:53:09.272+0000] {logging_mixin.py:188} INFO - Downloaded GOOGL/1767844475.json -> /tmp/minio_downloads/1767844475.json
[2026-01-09T10:53:09.282+0000] {logging_mixin.py:188} INFO - Downloaded GOOGL/1767844484.json -> /tmp/minio_downloads/1767844484.json
[2026-01-09T10:53:09.290+0000] {logging_mixin.py:188} INFO - Downloaded GOOGL/1767844493.json -> /tmp/minio_downloads/1767844493.json
[2026-01-09T10:53:09.296+0000] {logging_mixin.py:188} INFO - Downloaded GOOGL/1767844502.json -> /tmp/minio_downloads/1767844502.json
[2026-01-09T10:53:09.321+0000] {logging_mixin.py:188} INFO - Downloaded GOOGL/1767913112.json -> /tmp/minio_downloads/1767913112.json
[2026-01-09T10:53:09.327+0000] {logging_mixin.py:188} INFO - Downloaded GOOGL/1767913120.json -> /tmp/minio_downloads/1767913120.json
[2026-01-09T10:53:09.334+0000] {logging_mixin.py:188} INFO - Downloaded GOOGL/1767913129.json -> /tmp/minio_downloads/1767913129.json
[2026-01-09T10:53:09.341+0000] {logging_mixin.py:188} INFO - Downloaded GOOGL/1767913138.json -> /tmp/minio_downloads/1767913138.json
[2026-01-09T10:53:09.350+0000] {logging_mixin.py:188} INFO - Downloaded GOOGL/1767913147.json -> /tmp/minio_downloads/1767913147.json
[2026-01-09T10:53:09.362+0000] {logging_mixin.py:188} INFO - Downloaded GOOGL/1767913157.json -> /tmp/minio_downloads/1767913157.json
[2026-01-09T10:53:09.374+0000] {logging_mixin.py:188} INFO - Downloaded GOOGL/1767913168.json -> /tmp/minio_downloads/1767913168.json
[2026-01-09T10:53:09.387+0000] {logging_mixin.py:188} INFO - Downloaded GOOGL/1767913179.json -> /tmp/minio_downloads/1767913179.json
[2026-01-09T10:53:09.398+0000] {logging_mixin.py:188} INFO - Downloaded GOOGL/1767913191.json -> /tmp/minio_downloads/1767913191.json
[2026-01-09T10:53:09.406+0000] {logging_mixin.py:188} INFO - Downloaded GOOGL/1767913202.json -> /tmp/minio_downloads/1767913202.json
[2026-01-09T10:53:09.415+0000] {logging_mixin.py:188} INFO - Downloaded GOOGL/1767913211.json -> /tmp/minio_downloads/1767913211.json
[2026-01-09T10:53:09.422+0000] {logging_mixin.py:188} INFO - Downloaded GOOGL/1767913221.json -> /tmp/minio_downloads/1767913221.json
[2026-01-09T10:53:09.430+0000] {logging_mixin.py:188} INFO - Downloaded GOOGL/1767913231.json -> /tmp/minio_downloads/1767913231.json
[2026-01-09T10:53:09.444+0000] {logging_mixin.py:188} INFO - Downloaded GOOGL/1767913240.json -> /tmp/minio_downloads/1767913240.json
[2026-01-09T10:53:09.452+0000] {logging_mixin.py:188} INFO - Downloaded GOOGL/1767913250.json -> /tmp/minio_downloads/1767913250.json
[2026-01-09T10:53:09.465+0000] {logging_mixin.py:188} INFO - Downloaded GOOGL/1767913261.json -> /tmp/minio_downloads/1767913261.json
[2026-01-09T10:53:09.472+0000] {logging_mixin.py:188} INFO - Downloaded GOOGL/1767913272.json -> /tmp/minio_downloads/1767913272.json
[2026-01-09T10:53:09.483+0000] {logging_mixin.py:188} INFO - Downloaded GOOGL/1767913283.json -> /tmp/minio_downloads/1767913283.json
[2026-01-09T10:53:09.495+0000] {logging_mixin.py:188} INFO - Downloaded GOOGL/1767913294.json -> /tmp/minio_downloads/1767913294.json
[2026-01-09T10:53:09.503+0000] {logging_mixin.py:188} INFO - Downloaded GOOGL/1767913303.json -> /tmp/minio_downloads/1767913303.json
[2026-01-09T10:53:09.509+0000] {logging_mixin.py:188} INFO - Downloaded GOOGL/1767913312.json -> /tmp/minio_downloads/1767913312.json
[2026-01-09T10:53:09.516+0000] {logging_mixin.py:188} INFO - Downloaded GOOGL/1767913321.json -> /tmp/minio_downloads/1767913321.json
[2026-01-09T10:53:09.521+0000] {logging_mixin.py:188} INFO - Downloaded GOOGL/1767913330.json -> /tmp/minio_downloads/1767913330.json
[2026-01-09T10:53:09.526+0000] {logging_mixin.py:188} INFO - Downloaded GOOGL/1767913341.json -> /tmp/minio_downloads/1767913341.json
[2026-01-09T10:53:09.531+0000] {logging_mixin.py:188} INFO - Downloaded GOOGL/1767913352.json -> /tmp/minio_downloads/1767913352.json
[2026-01-09T10:53:09.536+0000] {logging_mixin.py:188} INFO - Downloaded GOOGL/1767913363.json -> /tmp/minio_downloads/1767913363.json
[2026-01-09T10:53:09.540+0000] {logging_mixin.py:188} INFO - Downloaded MSFT/1767843763.json -> /tmp/minio_downloads/1767843763.json
[2026-01-09T10:53:09.545+0000] {logging_mixin.py:188} INFO - Downloaded MSFT/1767843772.json -> /tmp/minio_downloads/1767843772.json
[2026-01-09T10:53:09.558+0000] {logging_mixin.py:188} INFO - Downloaded MSFT/1767843782.json -> /tmp/minio_downloads/1767843782.json
[2026-01-09T10:53:09.565+0000] {logging_mixin.py:188} INFO - Downloaded MSFT/1767843791.json -> /tmp/minio_downloads/1767843791.json
[2026-01-09T10:53:09.572+0000] {logging_mixin.py:188} INFO - Downloaded MSFT/1767843800.json -> /tmp/minio_downloads/1767843800.json
[2026-01-09T10:53:09.611+0000] {logging_mixin.py:188} INFO - Downloaded MSFT/1767843809.json -> /tmp/minio_downloads/1767843809.json
[2026-01-09T10:53:09.626+0000] {logging_mixin.py:188} INFO - Downloaded MSFT/1767843818.json -> /tmp/minio_downloads/1767843818.json
[2026-01-09T10:53:09.635+0000] {logging_mixin.py:188} INFO - Downloaded MSFT/1767843827.json -> /tmp/minio_downloads/1767843827.json
[2026-01-09T10:53:09.645+0000] {logging_mixin.py:188} INFO - Downloaded MSFT/1767843837.json -> /tmp/minio_downloads/1767843837.json
[2026-01-09T10:53:09.666+0000] {logging_mixin.py:188} INFO - Downloaded MSFT/1767843846.json -> /tmp/minio_downloads/1767843846.json
[2026-01-09T10:53:09.673+0000] {logging_mixin.py:188} INFO - Downloaded MSFT/1767843855.json -> /tmp/minio_downloads/1767843855.json
[2026-01-09T10:53:09.679+0000] {logging_mixin.py:188} INFO - Downloaded MSFT/1767843864.json -> /tmp/minio_downloads/1767843864.json
[2026-01-09T10:53:09.685+0000] {logging_mixin.py:188} INFO - Downloaded MSFT/1767843873.json -> /tmp/minio_downloads/1767843873.json
[2026-01-09T10:53:09.694+0000] {logging_mixin.py:188} INFO - Downloaded MSFT/1767843883.json -> /tmp/minio_downloads/1767843883.json
[2026-01-09T10:53:09.703+0000] {logging_mixin.py:188} INFO - Downloaded MSFT/1767843892.json -> /tmp/minio_downloads/1767843892.json
[2026-01-09T10:53:09.712+0000] {logging_mixin.py:188} INFO - Downloaded MSFT/1767843901.json -> /tmp/minio_downloads/1767843901.json
[2026-01-09T10:53:09.724+0000] {logging_mixin.py:188} INFO - Downloaded MSFT/1767843910.json -> /tmp/minio_downloads/1767843910.json
[2026-01-09T10:53:09.732+0000] {logging_mixin.py:188} INFO - Downloaded MSFT/1767843919.json -> /tmp/minio_downloads/1767843919.json
[2026-01-09T10:53:09.738+0000] {logging_mixin.py:188} INFO - Downloaded MSFT/1767843929.json -> /tmp/minio_downloads/1767843929.json
[2026-01-09T10:53:09.744+0000] {logging_mixin.py:188} INFO - Downloaded MSFT/1767843938.json -> /tmp/minio_downloads/1767843938.json
[2026-01-09T10:53:09.750+0000] {logging_mixin.py:188} INFO - Downloaded MSFT/1767843947.json -> /tmp/minio_downloads/1767843947.json
[2026-01-09T10:53:09.779+0000] {logging_mixin.py:188} INFO - Downloaded MSFT/1767843956.json -> /tmp/minio_downloads/1767843956.json
[2026-01-09T10:53:09.802+0000] {logging_mixin.py:188} INFO - Downloaded MSFT/1767843965.json -> /tmp/minio_downloads/1767843965.json
[2026-01-09T10:53:09.815+0000] {logging_mixin.py:188} INFO - Downloaded MSFT/1767843974.json -> /tmp/minio_downloads/1767843974.json
[2026-01-09T10:53:09.825+0000] {logging_mixin.py:188} INFO - Downloaded MSFT/1767843983.json -> /tmp/minio_downloads/1767843983.json
[2026-01-09T10:53:09.833+0000] {logging_mixin.py:188} INFO - Downloaded MSFT/1767843992.json -> /tmp/minio_downloads/1767843992.json
[2026-01-09T10:53:09.840+0000] {logging_mixin.py:188} INFO - Downloaded MSFT/1767844001.json -> /tmp/minio_downloads/1767844001.json
[2026-01-09T10:53:09.848+0000] {logging_mixin.py:188} INFO - Downloaded MSFT/1767844010.json -> /tmp/minio_downloads/1767844010.json
[2026-01-09T10:53:09.856+0000] {logging_mixin.py:188} INFO - Downloaded MSFT/1767844019.json -> /tmp/minio_downloads/1767844019.json
[2026-01-09T10:53:09.862+0000] {logging_mixin.py:188} INFO - Downloaded MSFT/1767844028.json -> /tmp/minio_downloads/1767844028.json
[2026-01-09T10:53:09.871+0000] {logging_mixin.py:188} INFO - Downloaded MSFT/1767844038.json -> /tmp/minio_downloads/1767844038.json
[2026-01-09T10:53:09.877+0000] {logging_mixin.py:188} INFO - Downloaded MSFT/1767844047.json -> /tmp/minio_downloads/1767844047.json
[2026-01-09T10:53:09.883+0000] {logging_mixin.py:188} INFO - Downloaded MSFT/1767844056.json -> /tmp/minio_downloads/1767844056.json
[2026-01-09T10:53:09.888+0000] {logging_mixin.py:188} INFO - Downloaded MSFT/1767844065.json -> /tmp/minio_downloads/1767844065.json
[2026-01-09T10:53:09.893+0000] {logging_mixin.py:188} INFO - Downloaded MSFT/1767844074.json -> /tmp/minio_downloads/1767844074.json
[2026-01-09T10:53:09.899+0000] {logging_mixin.py:188} INFO - Downloaded MSFT/1767844084.json -> /tmp/minio_downloads/1767844084.json
[2026-01-09T10:53:09.904+0000] {logging_mixin.py:188} INFO - Downloaded MSFT/1767844093.json -> /tmp/minio_downloads/1767844093.json
[2026-01-09T10:53:09.908+0000] {logging_mixin.py:188} INFO - Downloaded MSFT/1767844102.json -> /tmp/minio_downloads/1767844102.json
[2026-01-09T10:53:09.913+0000] {logging_mixin.py:188} INFO - Downloaded MSFT/1767844111.json -> /tmp/minio_downloads/1767844111.json
[2026-01-09T10:53:09.918+0000] {logging_mixin.py:188} INFO - Downloaded MSFT/1767844120.json -> /tmp/minio_downloads/1767844120.json
[2026-01-09T10:53:09.923+0000] {logging_mixin.py:188} INFO - Downloaded MSFT/1767844129.json -> /tmp/minio_downloads/1767844129.json
[2026-01-09T10:53:09.928+0000] {logging_mixin.py:188} INFO - Downloaded MSFT/1767844138.json -> /tmp/minio_downloads/1767844138.json
[2026-01-09T10:53:09.932+0000] {logging_mixin.py:188} INFO - Downloaded MSFT/1767844147.json -> /tmp/minio_downloads/1767844147.json
[2026-01-09T10:53:09.937+0000] {logging_mixin.py:188} INFO - Downloaded MSFT/1767844156.json -> /tmp/minio_downloads/1767844156.json
[2026-01-09T10:53:09.942+0000] {logging_mixin.py:188} INFO - Downloaded MSFT/1767844165.json -> /tmp/minio_downloads/1767844165.json
[2026-01-09T10:53:09.947+0000] {logging_mixin.py:188} INFO - Downloaded MSFT/1767844174.json -> /tmp/minio_downloads/1767844174.json
[2026-01-09T10:53:09.952+0000] {logging_mixin.py:188} INFO - Downloaded MSFT/1767844183.json -> /tmp/minio_downloads/1767844183.json
[2026-01-09T10:53:09.962+0000] {logging_mixin.py:188} INFO - Downloaded MSFT/1767844192.json -> /tmp/minio_downloads/1767844192.json
[2026-01-09T10:53:09.969+0000] {logging_mixin.py:188} INFO - Downloaded MSFT/1767844202.json -> /tmp/minio_downloads/1767844202.json
[2026-01-09T10:53:09.978+0000] {logging_mixin.py:188} INFO - Downloaded MSFT/1767844211.json -> /tmp/minio_downloads/1767844211.json
[2026-01-09T10:53:09.987+0000] {logging_mixin.py:188} INFO - Downloaded MSFT/1767844220.json -> /tmp/minio_downloads/1767844220.json
[2026-01-09T10:53:09.996+0000] {logging_mixin.py:188} INFO - Downloaded MSFT/1767844229.json -> /tmp/minio_downloads/1767844229.json
[2026-01-09T10:53:10.003+0000] {logging_mixin.py:188} INFO - Downloaded MSFT/1767844238.json -> /tmp/minio_downloads/1767844238.json
[2026-01-09T10:53:10.010+0000] {logging_mixin.py:188} INFO - Downloaded MSFT/1767844247.json -> /tmp/minio_downloads/1767844247.json
[2026-01-09T10:53:10.018+0000] {logging_mixin.py:188} INFO - Downloaded MSFT/1767844256.json -> /tmp/minio_downloads/1767844256.json
[2026-01-09T10:53:10.025+0000] {logging_mixin.py:188} INFO - Downloaded MSFT/1767844265.json -> /tmp/minio_downloads/1767844265.json
[2026-01-09T10:53:10.032+0000] {logging_mixin.py:188} INFO - Downloaded MSFT/1767844274.json -> /tmp/minio_downloads/1767844274.json
[2026-01-09T10:53:10.039+0000] {logging_mixin.py:188} INFO - Downloaded MSFT/1767844283.json -> /tmp/minio_downloads/1767844283.json
[2026-01-09T10:53:10.049+0000] {logging_mixin.py:188} INFO - Downloaded MSFT/1767844292.json -> /tmp/minio_downloads/1767844292.json
[2026-01-09T10:53:10.055+0000] {logging_mixin.py:188} INFO - Downloaded MSFT/1767844301.json -> /tmp/minio_downloads/1767844301.json
[2026-01-09T10:53:10.062+0000] {logging_mixin.py:188} INFO - Downloaded MSFT/1767844310.json -> /tmp/minio_downloads/1767844310.json
[2026-01-09T10:53:10.068+0000] {logging_mixin.py:188} INFO - Downloaded MSFT/1767844320.json -> /tmp/minio_downloads/1767844320.json
[2026-01-09T10:53:10.075+0000] {logging_mixin.py:188} INFO - Downloaded MSFT/1767844330.json -> /tmp/minio_downloads/1767844330.json
[2026-01-09T10:53:10.083+0000] {logging_mixin.py:188} INFO - Downloaded MSFT/1767844339.json -> /tmp/minio_downloads/1767844339.json
[2026-01-09T10:53:10.089+0000] {logging_mixin.py:188} INFO - Downloaded MSFT/1767844349.json -> /tmp/minio_downloads/1767844349.json
[2026-01-09T10:53:10.095+0000] {logging_mixin.py:188} INFO - Downloaded MSFT/1767844358.json -> /tmp/minio_downloads/1767844358.json
[2026-01-09T10:53:10.101+0000] {logging_mixin.py:188} INFO - Downloaded MSFT/1767844367.json -> /tmp/minio_downloads/1767844367.json
[2026-01-09T10:53:10.105+0000] {logging_mixin.py:188} INFO - Downloaded MSFT/1767844376.json -> /tmp/minio_downloads/1767844376.json
[2026-01-09T10:53:10.130+0000] {logging_mixin.py:188} INFO - Downloaded MSFT/1767844385.json -> /tmp/minio_downloads/1767844385.json
[2026-01-09T10:53:10.144+0000] {logging_mixin.py:188} INFO - Downloaded MSFT/1767844394.json -> /tmp/minio_downloads/1767844394.json
[2026-01-09T10:53:10.158+0000] {logging_mixin.py:188} INFO - Downloaded MSFT/1767844403.json -> /tmp/minio_downloads/1767844403.json
[2026-01-09T10:53:10.173+0000] {logging_mixin.py:188} INFO - Downloaded MSFT/1767844412.json -> /tmp/minio_downloads/1767844412.json
[2026-01-09T10:53:10.191+0000] {logging_mixin.py:188} INFO - Downloaded MSFT/1767844421.json -> /tmp/minio_downloads/1767844421.json
[2026-01-09T10:53:10.203+0000] {logging_mixin.py:188} INFO - Downloaded MSFT/1767844430.json -> /tmp/minio_downloads/1767844430.json
[2026-01-09T10:53:10.210+0000] {logging_mixin.py:188} INFO - Downloaded MSFT/1767844439.json -> /tmp/minio_downloads/1767844439.json
[2026-01-09T10:53:10.216+0000] {logging_mixin.py:188} INFO - Downloaded MSFT/1767844448.json -> /tmp/minio_downloads/1767844448.json
[2026-01-09T10:53:10.222+0000] {logging_mixin.py:188} INFO - Downloaded MSFT/1767844457.json -> /tmp/minio_downloads/1767844457.json
[2026-01-09T10:53:10.233+0000] {logging_mixin.py:188} INFO - Downloaded MSFT/1767844466.json -> /tmp/minio_downloads/1767844466.json
[2026-01-09T10:53:10.251+0000] {logging_mixin.py:188} INFO - Downloaded MSFT/1767844475.json -> /tmp/minio_downloads/1767844475.json
[2026-01-09T10:53:10.261+0000] {logging_mixin.py:188} INFO - Downloaded MSFT/1767844483.json -> /tmp/minio_downloads/1767844483.json
[2026-01-09T10:53:10.270+0000] {logging_mixin.py:188} INFO - Downloaded MSFT/1767844492.json -> /tmp/minio_downloads/1767844492.json
[2026-01-09T10:53:10.280+0000] {logging_mixin.py:188} INFO - Downloaded MSFT/1767844501.json -> /tmp/minio_downloads/1767844501.json
[2026-01-09T10:53:10.287+0000] {logging_mixin.py:188} INFO - Downloaded MSFT/1767913111.json -> /tmp/minio_downloads/1767913111.json
[2026-01-09T10:53:10.298+0000] {logging_mixin.py:188} INFO - Downloaded MSFT/1767913120.json -> /tmp/minio_downloads/1767913120.json
[2026-01-09T10:53:10.305+0000] {logging_mixin.py:188} INFO - Downloaded MSFT/1767913128.json -> /tmp/minio_downloads/1767913128.json
[2026-01-09T10:53:10.312+0000] {logging_mixin.py:188} INFO - Downloaded MSFT/1767913137.json -> /tmp/minio_downloads/1767913137.json
[2026-01-09T10:53:10.321+0000] {logging_mixin.py:188} INFO - Downloaded MSFT/1767913146.json -> /tmp/minio_downloads/1767913146.json
[2026-01-09T10:53:10.328+0000] {logging_mixin.py:188} INFO - Downloaded MSFT/1767913156.json -> /tmp/minio_downloads/1767913156.json
[2026-01-09T10:53:10.351+0000] {logging_mixin.py:188} INFO - Downloaded MSFT/1767913166.json -> /tmp/minio_downloads/1767913166.json
[2026-01-09T10:53:10.366+0000] {logging_mixin.py:188} INFO - Downloaded MSFT/1767913177.json -> /tmp/minio_downloads/1767913177.json
[2026-01-09T10:53:10.377+0000] {logging_mixin.py:188} INFO - Downloaded MSFT/1767913189.json -> /tmp/minio_downloads/1767913189.json
[2026-01-09T10:53:10.397+0000] {logging_mixin.py:188} INFO - Downloaded MSFT/1767913200.json -> /tmp/minio_downloads/1767913200.json
[2026-01-09T10:53:10.414+0000] {logging_mixin.py:188} INFO - Downloaded MSFT/1767913211.json -> /tmp/minio_downloads/1767913211.json
[2026-01-09T10:53:10.422+0000] {logging_mixin.py:188} INFO - Downloaded MSFT/1767913219.json -> /tmp/minio_downloads/1767913219.json
[2026-01-09T10:53:10.434+0000] {logging_mixin.py:188} INFO - Downloaded MSFT/1767913230.json -> /tmp/minio_downloads/1767913230.json
[2026-01-09T10:53:10.443+0000] {logging_mixin.py:188} INFO - Downloaded MSFT/1767913239.json -> /tmp/minio_downloads/1767913239.json
[2026-01-09T10:53:10.451+0000] {logging_mixin.py:188} INFO - Downloaded MSFT/1767913249.json -> /tmp/minio_downloads/1767913249.json
[2026-01-09T10:53:10.457+0000] {logging_mixin.py:188} INFO - Downloaded MSFT/1767913260.json -> /tmp/minio_downloads/1767913260.json
[2026-01-09T10:53:10.463+0000] {logging_mixin.py:188} INFO - Downloaded MSFT/1767913270.json -> /tmp/minio_downloads/1767913270.json
[2026-01-09T10:53:10.469+0000] {logging_mixin.py:188} INFO - Downloaded MSFT/1767913281.json -> /tmp/minio_downloads/1767913281.json
[2026-01-09T10:53:10.474+0000] {logging_mixin.py:188} INFO - Downloaded MSFT/1767913292.json -> /tmp/minio_downloads/1767913292.json
[2026-01-09T10:53:10.480+0000] {logging_mixin.py:188} INFO - Downloaded MSFT/1767913302.json -> /tmp/minio_downloads/1767913302.json
[2026-01-09T10:53:10.486+0000] {logging_mixin.py:188} INFO - Downloaded MSFT/1767913311.json -> /tmp/minio_downloads/1767913311.json
[2026-01-09T10:53:10.492+0000] {logging_mixin.py:188} INFO - Downloaded MSFT/1767913320.json -> /tmp/minio_downloads/1767913320.json
[2026-01-09T10:53:10.499+0000] {logging_mixin.py:188} INFO - Downloaded MSFT/1767913329.json -> /tmp/minio_downloads/1767913329.json
[2026-01-09T10:53:10.506+0000] {logging_mixin.py:188} INFO - Downloaded MSFT/1767913339.json -> /tmp/minio_downloads/1767913339.json
[2026-01-09T10:53:10.513+0000] {logging_mixin.py:188} INFO - Downloaded MSFT/1767913350.json -> /tmp/minio_downloads/1767913350.json
[2026-01-09T10:53:10.520+0000] {logging_mixin.py:188} INFO - Downloaded MSFT/1767913361.json -> /tmp/minio_downloads/1767913361.json
[2026-01-09T10:53:10.526+0000] {logging_mixin.py:188} INFO - Downloaded TSLA/1767843764.json -> /tmp/minio_downloads/1767843764.json
[2026-01-09T10:53:10.532+0000] {logging_mixin.py:188} INFO - Downloaded TSLA/1767843773.json -> /tmp/minio_downloads/1767843773.json
[2026-01-09T10:53:10.538+0000] {logging_mixin.py:188} INFO - Downloaded TSLA/1767843782.json -> /tmp/minio_downloads/1767843782.json
[2026-01-09T10:53:10.544+0000] {logging_mixin.py:188} INFO - Downloaded TSLA/1767843791.json -> /tmp/minio_downloads/1767843791.json
[2026-01-09T10:53:10.551+0000] {logging_mixin.py:188} INFO - Downloaded TSLA/1767843800.json -> /tmp/minio_downloads/1767843800.json
[2026-01-09T10:53:10.558+0000] {logging_mixin.py:188} INFO - Downloaded TSLA/1767843810.json -> /tmp/minio_downloads/1767843810.json
[2026-01-09T10:53:10.564+0000] {logging_mixin.py:188} INFO - Downloaded TSLA/1767843819.json -> /tmp/minio_downloads/1767843819.json
[2026-01-09T10:53:10.571+0000] {logging_mixin.py:188} INFO - Downloaded TSLA/1767843828.json -> /tmp/minio_downloads/1767843828.json
[2026-01-09T10:53:10.577+0000] {logging_mixin.py:188} INFO - Downloaded TSLA/1767843837.json -> /tmp/minio_downloads/1767843837.json
[2026-01-09T10:53:10.584+0000] {logging_mixin.py:188} INFO - Downloaded TSLA/1767843846.json -> /tmp/minio_downloads/1767843846.json
[2026-01-09T10:53:10.591+0000] {logging_mixin.py:188} INFO - Downloaded TSLA/1767843855.json -> /tmp/minio_downloads/1767843855.json
[2026-01-09T10:53:10.597+0000] {logging_mixin.py:188} INFO - Downloaded TSLA/1767843865.json -> /tmp/minio_downloads/1767843865.json
[2026-01-09T10:53:10.603+0000] {logging_mixin.py:188} INFO - Downloaded TSLA/1767843874.json -> /tmp/minio_downloads/1767843874.json
[2026-01-09T10:53:10.610+0000] {logging_mixin.py:188} INFO - Downloaded TSLA/1767843883.json -> /tmp/minio_downloads/1767843883.json
[2026-01-09T10:53:10.615+0000] {logging_mixin.py:188} INFO - Downloaded TSLA/1767843892.json -> /tmp/minio_downloads/1767843892.json
[2026-01-09T10:53:10.622+0000] {logging_mixin.py:188} INFO - Downloaded TSLA/1767843901.json -> /tmp/minio_downloads/1767843901.json
[2026-01-09T10:53:10.627+0000] {logging_mixin.py:188} INFO - Downloaded TSLA/1767843910.json -> /tmp/minio_downloads/1767843910.json
[2026-01-09T10:53:10.632+0000] {logging_mixin.py:188} INFO - Downloaded TSLA/1767843920.json -> /tmp/minio_downloads/1767843920.json
[2026-01-09T10:53:10.636+0000] {logging_mixin.py:188} INFO - Downloaded TSLA/1767843929.json -> /tmp/minio_downloads/1767843929.json
[2026-01-09T10:53:10.642+0000] {logging_mixin.py:188} INFO - Downloaded TSLA/1767843939.json -> /tmp/minio_downloads/1767843939.json
[2026-01-09T10:53:10.646+0000] {logging_mixin.py:188} INFO - Downloaded TSLA/1767843948.json -> /tmp/minio_downloads/1767843948.json
[2026-01-09T10:53:10.651+0000] {logging_mixin.py:188} INFO - Downloaded TSLA/1767843957.json -> /tmp/minio_downloads/1767843957.json
[2026-01-09T10:53:10.656+0000] {logging_mixin.py:188} INFO - Downloaded TSLA/1767843966.json -> /tmp/minio_downloads/1767843966.json
[2026-01-09T10:53:10.662+0000] {logging_mixin.py:188} INFO - Downloaded TSLA/1767843975.json -> /tmp/minio_downloads/1767843975.json
[2026-01-09T10:53:10.674+0000] {logging_mixin.py:188} INFO - Downloaded TSLA/1767843984.json -> /tmp/minio_downloads/1767843984.json
[2026-01-09T10:53:10.681+0000] {logging_mixin.py:188} INFO - Downloaded TSLA/1767843993.json -> /tmp/minio_downloads/1767843993.json
[2026-01-09T10:53:10.692+0000] {logging_mixin.py:188} INFO - Downloaded TSLA/1767844002.json -> /tmp/minio_downloads/1767844002.json
[2026-01-09T10:53:10.705+0000] {logging_mixin.py:188} INFO - Downloaded TSLA/1767844011.json -> /tmp/minio_downloads/1767844011.json
[2026-01-09T10:53:10.715+0000] {logging_mixin.py:188} INFO - Downloaded TSLA/1767844020.json -> /tmp/minio_downloads/1767844020.json
[2026-01-09T10:53:10.724+0000] {logging_mixin.py:188} INFO - Downloaded TSLA/1767844029.json -> /tmp/minio_downloads/1767844029.json
[2026-01-09T10:53:10.735+0000] {logging_mixin.py:188} INFO - Downloaded TSLA/1767844038.json -> /tmp/minio_downloads/1767844038.json
[2026-01-09T10:53:10.743+0000] {logging_mixin.py:188} INFO - Downloaded TSLA/1767844047.json -> /tmp/minio_downloads/1767844047.json
[2026-01-09T10:53:10.756+0000] {logging_mixin.py:188} INFO - Downloaded TSLA/1767844056.json -> /tmp/minio_downloads/1767844056.json
[2026-01-09T10:53:10.769+0000] {logging_mixin.py:188} INFO - Downloaded TSLA/1767844065.json -> /tmp/minio_downloads/1767844065.json
[2026-01-09T10:53:10.785+0000] {logging_mixin.py:188} INFO - Downloaded TSLA/1767844074.json -> /tmp/minio_downloads/1767844074.json
[2026-01-09T10:53:10.797+0000] {logging_mixin.py:188} INFO - Downloaded TSLA/1767844084.json -> /tmp/minio_downloads/1767844084.json
[2026-01-09T10:53:10.809+0000] {logging_mixin.py:188} INFO - Downloaded TSLA/1767844093.json -> /tmp/minio_downloads/1767844093.json
[2026-01-09T10:53:10.816+0000] {logging_mixin.py:188} INFO - Downloaded TSLA/1767844102.json -> /tmp/minio_downloads/1767844102.json
[2026-01-09T10:53:10.823+0000] {logging_mixin.py:188} INFO - Downloaded TSLA/1767844112.json -> /tmp/minio_downloads/1767844112.json
[2026-01-09T10:53:10.832+0000] {logging_mixin.py:188} INFO - Downloaded TSLA/1767844121.json -> /tmp/minio_downloads/1767844121.json
[2026-01-09T10:53:10.838+0000] {logging_mixin.py:188} INFO - Downloaded TSLA/1767844130.json -> /tmp/minio_downloads/1767844130.json
[2026-01-09T10:53:10.843+0000] {logging_mixin.py:188} INFO - Downloaded TSLA/1767844138.json -> /tmp/minio_downloads/1767844138.json
[2026-01-09T10:53:10.850+0000] {logging_mixin.py:188} INFO - Downloaded TSLA/1767844147.json -> /tmp/minio_downloads/1767844147.json
[2026-01-09T10:53:10.855+0000] {logging_mixin.py:188} INFO - Downloaded TSLA/1767844157.json -> /tmp/minio_downloads/1767844157.json
[2026-01-09T10:53:10.860+0000] {logging_mixin.py:188} INFO - Downloaded TSLA/1767844165.json -> /tmp/minio_downloads/1767844165.json
[2026-01-09T10:53:10.865+0000] {logging_mixin.py:188} INFO - Downloaded TSLA/1767844175.json -> /tmp/minio_downloads/1767844175.json
[2026-01-09T10:53:10.870+0000] {logging_mixin.py:188} INFO - Downloaded TSLA/1767844184.json -> /tmp/minio_downloads/1767844184.json
[2026-01-09T10:53:10.875+0000] {logging_mixin.py:188} INFO - Downloaded TSLA/1767844193.json -> /tmp/minio_downloads/1767844193.json
[2026-01-09T10:53:10.880+0000] {logging_mixin.py:188} INFO - Downloaded TSLA/1767844202.json -> /tmp/minio_downloads/1767844202.json
[2026-01-09T10:53:10.885+0000] {logging_mixin.py:188} INFO - Downloaded TSLA/1767844211.json -> /tmp/minio_downloads/1767844211.json
[2026-01-09T10:53:10.890+0000] {logging_mixin.py:188} INFO - Downloaded TSLA/1767844220.json -> /tmp/minio_downloads/1767844220.json
[2026-01-09T10:53:10.896+0000] {logging_mixin.py:188} INFO - Downloaded TSLA/1767844229.json -> /tmp/minio_downloads/1767844229.json
[2026-01-09T10:53:10.902+0000] {logging_mixin.py:188} INFO - Downloaded TSLA/1767844238.json -> /tmp/minio_downloads/1767844238.json
[2026-01-09T10:53:10.911+0000] {logging_mixin.py:188} INFO - Downloaded TSLA/1767844247.json -> /tmp/minio_downloads/1767844247.json
[2026-01-09T10:53:10.916+0000] {logging_mixin.py:188} INFO - Downloaded TSLA/1767844256.json -> /tmp/minio_downloads/1767844256.json
[2026-01-09T10:53:10.940+0000] {logging_mixin.py:188} INFO - Downloaded TSLA/1767844265.json -> /tmp/minio_downloads/1767844265.json
[2026-01-09T10:53:10.951+0000] {logging_mixin.py:188} INFO - Downloaded TSLA/1767844274.json -> /tmp/minio_downloads/1767844274.json
[2026-01-09T10:53:10.965+0000] {logging_mixin.py:188} INFO - Downloaded TSLA/1767844284.json -> /tmp/minio_downloads/1767844284.json
[2026-01-09T10:53:10.982+0000] {logging_mixin.py:188} INFO - Downloaded TSLA/1767844293.json -> /tmp/minio_downloads/1767844293.json
[2026-01-09T10:53:10.990+0000] {logging_mixin.py:188} INFO - Downloaded TSLA/1767844302.json -> /tmp/minio_downloads/1767844302.json
[2026-01-09T10:53:11.011+0000] {logging_mixin.py:188} INFO - Downloaded TSLA/1767844311.json -> /tmp/minio_downloads/1767844311.json
[2026-01-09T10:53:11.021+0000] {logging_mixin.py:188} INFO - Downloaded TSLA/1767844320.json -> /tmp/minio_downloads/1767844320.json
[2026-01-09T10:53:11.029+0000] {logging_mixin.py:188} INFO - Downloaded TSLA/1767844330.json -> /tmp/minio_downloads/1767844330.json
[2026-01-09T10:53:11.035+0000] {logging_mixin.py:188} INFO - Downloaded TSLA/1767844340.json -> /tmp/minio_downloads/1767844340.json
[2026-01-09T10:53:11.041+0000] {logging_mixin.py:188} INFO - Downloaded TSLA/1767844349.json -> /tmp/minio_downloads/1767844349.json
[2026-01-09T10:53:11.047+0000] {logging_mixin.py:188} INFO - Downloaded TSLA/1767844358.json -> /tmp/minio_downloads/1767844358.json
[2026-01-09T10:53:11.052+0000] {logging_mixin.py:188} INFO - Downloaded TSLA/1767844367.json -> /tmp/minio_downloads/1767844367.json
[2026-01-09T10:53:11.057+0000] {logging_mixin.py:188} INFO - Downloaded TSLA/1767844376.json -> /tmp/minio_downloads/1767844376.json
[2026-01-09T10:53:11.061+0000] {logging_mixin.py:188} INFO - Downloaded TSLA/1767844385.json -> /tmp/minio_downloads/1767844385.json
[2026-01-09T10:53:11.067+0000] {logging_mixin.py:188} INFO - Downloaded TSLA/1767844394.json -> /tmp/minio_downloads/1767844394.json
[2026-01-09T10:53:11.094+0000] {logging_mixin.py:188} INFO - Downloaded TSLA/1767844403.json -> /tmp/minio_downloads/1767844403.json
[2026-01-09T10:53:11.109+0000] {logging_mixin.py:188} INFO - Downloaded TSLA/1767844412.json -> /tmp/minio_downloads/1767844412.json
[2026-01-09T10:53:11.120+0000] {logging_mixin.py:188} INFO - Downloaded TSLA/1767844421.json -> /tmp/minio_downloads/1767844421.json
[2026-01-09T10:53:11.135+0000] {logging_mixin.py:188} INFO - Downloaded TSLA/1767844430.json -> /tmp/minio_downloads/1767844430.json
[2026-01-09T10:53:11.146+0000] {logging_mixin.py:188} INFO - Downloaded TSLA/1767844439.json -> /tmp/minio_downloads/1767844439.json
[2026-01-09T10:53:11.159+0000] {logging_mixin.py:188} INFO - Downloaded TSLA/1767844448.json -> /tmp/minio_downloads/1767844448.json
[2026-01-09T10:53:11.171+0000] {logging_mixin.py:188} INFO - Downloaded TSLA/1767844457.json -> /tmp/minio_downloads/1767844457.json
[2026-01-09T10:53:11.183+0000] {logging_mixin.py:188} INFO - Downloaded TSLA/1767844466.json -> /tmp/minio_downloads/1767844466.json
[2026-01-09T10:53:11.195+0000] {logging_mixin.py:188} INFO - Downloaded TSLA/1767844475.json -> /tmp/minio_downloads/1767844475.json
[2026-01-09T10:53:11.203+0000] {logging_mixin.py:188} INFO - Downloaded TSLA/1767844484.json -> /tmp/minio_downloads/1767844484.json
[2026-01-09T10:53:11.209+0000] {logging_mixin.py:188} INFO - Downloaded TSLA/1767844493.json -> /tmp/minio_downloads/1767844493.json
[2026-01-09T10:53:11.214+0000] {logging_mixin.py:188} INFO - Downloaded TSLA/1767844502.json -> /tmp/minio_downloads/1767844502.json
[2026-01-09T10:53:11.220+0000] {logging_mixin.py:188} INFO - Downloaded TSLA/1767913111.json -> /tmp/minio_downloads/1767913111.json
[2026-01-09T10:53:11.226+0000] {logging_mixin.py:188} INFO - Downloaded TSLA/1767913120.json -> /tmp/minio_downloads/1767913120.json
[2026-01-09T10:53:11.232+0000] {logging_mixin.py:188} INFO - Downloaded TSLA/1767913129.json -> /tmp/minio_downloads/1767913129.json
[2026-01-09T10:53:11.238+0000] {logging_mixin.py:188} INFO - Downloaded TSLA/1767913138.json -> /tmp/minio_downloads/1767913138.json
[2026-01-09T10:53:11.243+0000] {logging_mixin.py:188} INFO - Downloaded TSLA/1767913146.json -> /tmp/minio_downloads/1767913146.json
[2026-01-09T10:53:11.248+0000] {logging_mixin.py:188} INFO - Downloaded TSLA/1767913156.json -> /tmp/minio_downloads/1767913156.json
[2026-01-09T10:53:11.253+0000] {logging_mixin.py:188} INFO - Downloaded TSLA/1767913167.json -> /tmp/minio_downloads/1767913167.json
[2026-01-09T10:53:11.258+0000] {logging_mixin.py:188} INFO - Downloaded TSLA/1767913178.json -> /tmp/minio_downloads/1767913178.json
[2026-01-09T10:53:11.263+0000] {logging_mixin.py:188} INFO - Downloaded TSLA/1767913190.json -> /tmp/minio_downloads/1767913190.json
[2026-01-09T10:53:11.269+0000] {logging_mixin.py:188} INFO - Downloaded TSLA/1767913201.json -> /tmp/minio_downloads/1767913201.json
[2026-01-09T10:53:11.274+0000] {logging_mixin.py:188} INFO - Downloaded TSLA/1767913211.json -> /tmp/minio_downloads/1767913211.json
[2026-01-09T10:53:11.279+0000] {logging_mixin.py:188} INFO - Downloaded TSLA/1767913220.json -> /tmp/minio_downloads/1767913220.json
[2026-01-09T10:53:11.285+0000] {logging_mixin.py:188} INFO - Downloaded TSLA/1767913230.json -> /tmp/minio_downloads/1767913230.json
[2026-01-09T10:53:11.291+0000] {logging_mixin.py:188} INFO - Downloaded TSLA/1767913239.json -> /tmp/minio_downloads/1767913239.json
[2026-01-09T10:53:11.296+0000] {logging_mixin.py:188} INFO - Downloaded TSLA/1767913250.json -> /tmp/minio_downloads/1767913250.json
[2026-01-09T10:53:11.302+0000] {logging_mixin.py:188} INFO - Downloaded TSLA/1767913260.json -> /tmp/minio_downloads/1767913260.json
[2026-01-09T10:53:11.308+0000] {logging_mixin.py:188} INFO - Downloaded TSLA/1767913271.json -> /tmp/minio_downloads/1767913271.json
[2026-01-09T10:53:11.330+0000] {logging_mixin.py:188} INFO - Downloaded TSLA/1767913282.json -> /tmp/minio_downloads/1767913282.json
[2026-01-09T10:53:11.341+0000] {logging_mixin.py:188} INFO - Downloaded TSLA/1767913294.json -> /tmp/minio_downloads/1767913294.json
[2026-01-09T10:53:11.361+0000] {logging_mixin.py:188} INFO - Downloaded TSLA/1767913303.json -> /tmp/minio_downloads/1767913303.json
[2026-01-09T10:53:11.383+0000] {logging_mixin.py:188} INFO - Downloaded TSLA/1767913312.json -> /tmp/minio_downloads/1767913312.json
[2026-01-09T10:53:11.397+0000] {logging_mixin.py:188} INFO - Downloaded TSLA/1767913321.json -> /tmp/minio_downloads/1767913321.json
[2026-01-09T10:53:11.424+0000] {logging_mixin.py:188} INFO - Downloaded TSLA/1767913330.json -> /tmp/minio_downloads/1767913330.json
[2026-01-09T10:53:11.439+0000] {logging_mixin.py:188} INFO - Downloaded TSLA/1767913340.json -> /tmp/minio_downloads/1767913340.json
[2026-01-09T10:53:11.454+0000] {logging_mixin.py:188} INFO - Downloaded TSLA/1767913351.json -> /tmp/minio_downloads/1767913351.json
[2026-01-09T10:53:11.464+0000] {logging_mixin.py:188} INFO - Downloaded TSLA/1767913362.json -> /tmp/minio_downloads/1767913362.json
[2026-01-09T10:53:11.465+0000] {python.py:237} INFO - Done. Returned value was: ['/tmp/minio_downloads/1767843763.json', '/tmp/minio_downloads/1767843772.json', '/tmp/minio_downloads/1767843781.json', '/tmp/minio_downloads/1767843790.json', '/tmp/minio_downloads/1767843799.json', '/tmp/minio_downloads/1767843809.json', '/tmp/minio_downloads/1767843818.json', '/tmp/minio_downloads/1767843827.json', '/tmp/minio_downloads/1767843836.json', '/tmp/minio_downloads/1767843845.json', '/tmp/minio_downloads/1767843854.json', '/tmp/minio_downloads/1767843864.json', '/tmp/minio_downloads/1767843873.json', '/tmp/minio_downloads/1767843882.json', '/tmp/minio_downloads/1767843891.json', '/tmp/minio_downloads/1767843900.json', '/tmp/minio_downloads/1767843910.json', '/tmp/minio_downloads/1767843919.json', '/tmp/minio_downloads/1767843928.json', '/tmp/minio_downloads/1767843938.json', '/tmp/minio_downloads/1767843947.json', '/tmp/minio_downloads/1767843956.json', '/tmp/minio_downloads/1767843965.json', '/tmp/minio_downloads/1767843974.json', '/tmp/minio_downloads/1767843983.json', '/tmp/minio_downloads/1767843992.json', '/tmp/minio_downloads/1767844001.json', '/tmp/minio_downloads/1767844010.json', '/tmp/minio_downloads/1767844019.json', '/tmp/minio_downloads/1767844028.json', '/tmp/minio_downloads/1767844037.json', '/tmp/minio_downloads/1767844046.json', '/tmp/minio_downloads/1767844055.json', '/tmp/minio_downloads/1767844064.json', '/tmp/minio_downloads/1767844073.json', '/tmp/minio_downloads/1767844083.json', '/tmp/minio_downloads/1767844093.json', '/tmp/minio_downloads/1767844101.json', '/tmp/minio_downloads/1767844111.json', '/tmp/minio_downloads/1767844120.json', '/tmp/minio_downloads/1767844129.json', '/tmp/minio_downloads/1767844138.json', '/tmp/minio_downloads/1767844147.json', '/tmp/minio_downloads/1767844156.json', '/tmp/minio_downloads/1767844165.json', '/tmp/minio_downloads/1767844174.json', '/tmp/minio_downloads/1767844183.json', '/tmp/minio_downloads/1767844192.json', '/tmp/minio_downloads/1767844201.json', '/tmp/minio_downloads/1767844210.json', '/tmp/minio_downloads/1767844219.json', '/tmp/minio_downloads/1767844228.json', '/tmp/minio_downloads/1767844237.json', '/tmp/minio_downloads/1767844246.json', '/tmp/minio_downloads/1767844256.json', '/tmp/minio_downloads/1767844265.json', '/tmp/minio_downloads/1767844274.json', '/tmp/minio_downloads/1767844283.json', '/tmp/minio_downloads/1767844292.json', '/tmp/minio_downloads/1767844301.json', '/tmp/minio_downloads/1767844310.json', '/tmp/minio_downloads/1767844319.json', '/tmp/minio_downloads/1767844329.json', '/tmp/minio_downloads/1767844339.json', '/tmp/minio_downloads/1767844348.json', '/tmp/minio_downloads/1767844357.json', '/tmp/minio_downloads/1767844366.json', '/tmp/minio_downloads/1767844375.json', '/tmp/minio_downloads/1767844384.json', '/tmp/minio_downloads/1767844393.json', '/tmp/minio_downloads/1767844402.json', '/tmp/minio_downloads/1767844411.json', '/tmp/minio_downloads/1767844420.json', '/tmp/minio_downloads/1767844429.json', '/tmp/minio_downloads/1767844438.json', '/tmp/minio_downloads/1767844447.json', '/tmp/minio_downloads/1767844456.json', '/tmp/minio_downloads/1767844465.json', '/tmp/minio_downloads/1767844474.json', '/tmp/minio_downloads/1767844483.json', '/tmp/minio_downloads/1767844492.json', '/tmp/minio_downloads/1767844501.json', '/tmp/minio_downloads/1767913110.json', '/tmp/minio_downloads/1767913119.json', '/tmp/minio_downloads/1767913128.json', '/tmp/minio_downloads/1767913137.json', '/tmp/minio_downloads/1767913146.json', '/tmp/minio_downloads/1767913155.json', '/tmp/minio_downloads/1767913166.json', '/tmp/minio_downloads/1767913176.json', '/tmp/minio_downloads/1767913188.json', '/tmp/minio_downloads/1767913200.json', '/tmp/minio_downloads/1767913210.json', '/tmp/minio_downloads/1767913219.json', '/tmp/minio_downloads/1767913229.json', '/tmp/minio_downloads/1767913238.json', '/tmp/minio_downloads/1767913248.json', '/tmp/minio_downloads/1767913259.json', '/tmp/minio_downloads/1767913270.json', '/tmp/minio_downloads/1767913280.json', '/tmp/minio_downloads/1767913292.json', '/tmp/minio_downloads/1767913302.json', '/tmp/minio_downloads/1767913311.json', '/tmp/minio_downloads/1767913320.json', '/tmp/minio_downloads/1767913329.json', '/tmp/minio_downloads/1767913338.json', '/tmp/minio_downloads/1767913349.json', '/tmp/minio_downloads/1767913360.json', '/tmp/minio_downloads/1767843764.json', '/tmp/minio_downloads/1767843774.json', '/tmp/minio_downloads/1767843783.json', '/tmp/minio_downloads/1767843792.json', '/tmp/minio_downloads/1767843801.json', '/tmp/minio_downloads/1767843810.json', '/tmp/minio_downloads/1767843820.json', '/tmp/minio_downloads/1767843829.json', '/tmp/minio_downloads/1767843838.json', '/tmp/minio_downloads/1767843847.json', '/tmp/minio_downloads/1767843856.json', '/tmp/minio_downloads/1767843865.json', '/tmp/minio_downloads/1767843875.json', '/tmp/minio_downloads/1767843884.json', '/tmp/minio_downloads/1767843893.json', '/tmp/minio_downloads/1767843902.json', '/tmp/minio_downloads/1767843911.json', '/tmp/minio_downloads/1767843921.json', '/tmp/minio_downloads/1767843930.json', '/tmp/minio_downloads/1767843939.json', '/tmp/minio_downloads/1767843948.json', '/tmp/minio_downloads/1767843958.json', '/tmp/minio_downloads/1767843967.json', '/tmp/minio_downloads/1767843976.json', '/tmp/minio_downloads/1767843984.json', '/tmp/minio_downloads/1767843993.json', '/tmp/minio_downloads/1767844003.json', '/tmp/minio_downloads/1767844012.json', '/tmp/minio_downloads/1767844021.json', '/tmp/minio_downloads/1767844030.json', '/tmp/minio_downloads/1767844039.json', '/tmp/minio_downloads/1767844048.json', '/tmp/minio_downloads/1767844057.json', '/tmp/minio_downloads/1767844066.json', '/tmp/minio_downloads/1767844075.json', '/tmp/minio_downloads/1767844085.json', '/tmp/minio_downloads/1767844094.json', '/tmp/minio_downloads/1767844103.json', '/tmp/minio_downloads/1767844112.json', '/tmp/minio_downloads/1767844121.json', '/tmp/minio_downloads/1767844130.json', '/tmp/minio_downloads/1767844139.json', '/tmp/minio_downloads/1767844148.json', '/tmp/minio_downloads/1767844157.json', '/tmp/minio_downloads/1767844166.json', '/tmp/minio_downloads/1767844175.json', '/tmp/minio_downloads/1767844184.json', '/tmp/minio_downloads/1767844194.json', '/tmp/minio_downloads/1767844203.json', '/tmp/minio_downloads/1767844212.json', '/tmp/minio_downloads/1767844221.json', '/tmp/minio_downloads/1767844230.json', '/tmp/minio_downloads/1767844239.json', '/tmp/minio_downloads/1767844248.json', '/tmp/minio_downloads/1767844257.json', '/tmp/minio_downloads/1767844266.json', '/tmp/minio_downloads/1767844275.json', '/tmp/minio_downloads/1767844284.json', '/tmp/minio_downloads/1767844293.json', '/tmp/minio_downloads/1767844303.json', '/tmp/minio_downloads/1767844312.json', '/tmp/minio_downloads/1767844322.json', '/tmp/minio_downloads/1767844331.json', '/tmp/minio_downloads/1767844341.json', '/tmp/minio_downloads/1767844350.json', '/tmp/minio_downloads/1767844359.json', '/tmp/minio_downloads/1767844368.json', '/tmp/minio_downloads/1767844377.json', '/tmp/minio_downloads/1767844386.json', '/tmp/minio_downloads/1767844395.json', '/tmp/minio_downloads/1767844404.json', '/tmp/minio_downloads/1767844413.json', '/tmp/minio_downloads/1767844422.json', '/tmp/minio_downloads/1767844431.json', '/tmp/minio_downloads/1767844440.json', '/tmp/minio_downloads/1767844449.json', '/tmp/minio_downloads/1767844458.json', '/tmp/minio_downloads/1767844467.json', '/tmp/minio_downloads/1767844476.json', '/tmp/minio_downloads/1767844485.json', '/tmp/minio_downloads/1767844494.json', '/tmp/minio_downloads/1767913112.json', '/tmp/minio_downloads/1767913121.json', '/tmp/minio_downloads/1767913129.json', '/tmp/minio_downloads/1767913138.json', '/tmp/minio_downloads/1767913147.json', '/tmp/minio_downloads/1767913158.json', '/tmp/minio_downloads/1767913168.json', '/tmp/minio_downloads/1767913180.json', '/tmp/minio_downloads/1767913191.json', '/tmp/minio_downloads/1767913203.json', '/tmp/minio_downloads/1767913212.json', '/tmp/minio_downloads/1767913221.json', '/tmp/minio_downloads/1767913231.json', '/tmp/minio_downloads/1767913241.json', '/tmp/minio_downloads/1767913251.json', '/tmp/minio_downloads/1767913262.json', '/tmp/minio_downloads/1767913272.json', '/tmp/minio_downloads/1767913284.json', '/tmp/minio_downloads/1767913294.json', '/tmp/minio_downloads/1767913303.json', '/tmp/minio_downloads/1767913312.json', '/tmp/minio_downloads/1767913321.json', '/tmp/minio_downloads/1767913330.json', '/tmp/minio_downloads/1767913342.json', '/tmp/minio_downloads/1767913352.json', '/tmp/minio_downloads/1767913364.json', '/tmp/minio_downloads/1767843764.json', '/tmp/minio_downloads/1767843773.json', '/tmp/minio_downloads/1767843782.json', '/tmp/minio_downloads/1767843791.json', '/tmp/minio_downloads/1767843801.json', '/tmp/minio_downloads/1767843810.json', '/tmp/minio_downloads/1767843819.json', '/tmp/minio_downloads/1767843828.json', '/tmp/minio_downloads/1767843837.json', '/tmp/minio_downloads/1767843847.json', '/tmp/minio_downloads/1767843856.json', '/tmp/minio_downloads/1767843865.json', '/tmp/minio_downloads/1767843874.json', '/tmp/minio_downloads/1767843883.json', '/tmp/minio_downloads/1767843892.json', '/tmp/minio_downloads/1767843902.json', '/tmp/minio_downloads/1767843911.json', '/tmp/minio_downloads/1767843920.json', '/tmp/minio_downloads/1767843930.json', '/tmp/minio_downloads/1767843939.json', '/tmp/minio_downloads/1767843948.json', '/tmp/minio_downloads/1767843957.json', '/tmp/minio_downloads/1767843966.json', '/tmp/minio_downloads/1767843975.json', '/tmp/minio_downloads/1767843984.json', '/tmp/minio_downloads/1767843993.json', '/tmp/minio_downloads/1767844002.json', '/tmp/minio_downloads/1767844011.json', '/tmp/minio_downloads/1767844020.json', '/tmp/minio_downloads/1767844029.json', '/tmp/minio_downloads/1767844038.json', '/tmp/minio_downloads/1767844048.json', '/tmp/minio_downloads/1767844057.json', '/tmp/minio_downloads/1767844065.json', '/tmp/minio_downloads/1767844075.json', '/tmp/minio_downloads/1767844085.json', '/tmp/minio_downloads/1767844094.json', '/tmp/minio_downloads/1767844103.json', '/tmp/minio_downloads/1767844112.json', '/tmp/minio_downloads/1767844121.json', '/tmp/minio_downloads/1767844130.json', '/tmp/minio_downloads/1767844139.json', '/tmp/minio_downloads/1767844148.json', '/tmp/minio_downloads/1767844157.json', '/tmp/minio_downloads/1767844166.json', '/tmp/minio_downloads/1767844175.json', '/tmp/minio_downloads/1767844184.json', '/tmp/minio_downloads/1767844193.json', '/tmp/minio_downloads/1767844202.json', '/tmp/minio_downloads/1767844211.json', '/tmp/minio_downloads/1767844220.json', '/tmp/minio_downloads/1767844229.json', '/tmp/minio_downloads/1767844239.json', '/tmp/minio_downloads/1767844248.json', '/tmp/minio_downloads/1767844257.json', '/tmp/minio_downloads/1767844266.json', '/tmp/minio_downloads/1767844275.json', '/tmp/minio_downloads/1767844284.json', '/tmp/minio_downloads/1767844293.json', '/tmp/minio_downloads/1767844302.json', '/tmp/minio_downloads/1767844311.json', '/tmp/minio_downloads/1767844321.json', '/tmp/minio_downloads/1767844331.json', '/tmp/minio_downloads/1767844340.json', '/tmp/minio_downloads/1767844350.json', '/tmp/minio_downloads/1767844359.json', '/tmp/minio_downloads/1767844368.json', '/tmp/minio_downloads/1767844377.json', '/tmp/minio_downloads/1767844386.json', '/tmp/minio_downloads/1767844394.json', '/tmp/minio_downloads/1767844403.json', '/tmp/minio_downloads/1767844412.json', '/tmp/minio_downloads/1767844421.json', '/tmp/minio_downloads/1767844430.json', '/tmp/minio_downloads/1767844439.json', '/tmp/minio_downloads/1767844448.json', '/tmp/minio_downloads/1767844457.json', '/tmp/minio_downloads/1767844466.json', '/tmp/minio_downloads/1767844475.json', '/tmp/minio_downloads/1767844484.json', '/tmp/minio_downloads/1767844493.json', '/tmp/minio_downloads/1767844502.json', '/tmp/minio_downloads/1767913112.json', '/tmp/minio_downloads/1767913120.json', '/tmp/minio_downloads/1767913129.json', '/tmp/minio_downloads/1767913138.json', '/tmp/minio_downloads/1767913147.json', '/tmp/minio_downloads/1767913157.json', '/tmp/minio_downloads/1767913168.json', '/tmp/minio_downloads/1767913179.json', '/tmp/minio_downloads/1767913191.json', '/tmp/minio_downloads/1767913202.json', '/tmp/minio_downloads/1767913211.json', '/tmp/minio_downloads/1767913221.json', '/tmp/minio_downloads/1767913231.json', '/tmp/minio_downloads/1767913240.json', '/tmp/minio_downloads/1767913250.json', '/tmp/minio_downloads/1767913261.json', '/tmp/minio_downloads/1767913272.json', '/tmp/minio_downloads/1767913283.json', '/tmp/minio_downloads/1767913294.json', '/tmp/minio_downloads/1767913303.json', '/tmp/minio_downloads/1767913312.json', '/tmp/minio_downloads/1767913321.json', '/tmp/minio_downloads/1767913330.json', '/tmp/minio_downloads/1767913341.json', '/tmp/minio_downloads/1767913352.json', '/tmp/minio_downloads/1767913363.json', '/tmp/minio_downloads/1767843763.json', '/tmp/minio_downloads/1767843772.json', '/tmp/minio_downloads/1767843782.json', '/tmp/minio_downloads/1767843791.json', '/tmp/minio_downloads/1767843800.json', '/tmp/minio_downloads/1767843809.json', '/tmp/minio_downloads/1767843818.json', '/tmp/minio_downloads/1767843827.json', '/tmp/minio_downloads/1767843837.json', '/tmp/minio_downloads/1767843846.json', '/tmp/minio_downloads/1767843855.json', '/tmp/minio_downloads/1767843864.json', '/tmp/minio_downloads/1767843873.json', '/tmp/minio_downloads/1767843883.json', '/tmp/minio_downloads/1767843892.json', '/tmp/minio_downloads/1767843901.json', '/tmp/minio_downloads/1767843910.json', '/tmp/minio_downloads/1767843919.json', '/tmp/minio_downloads/1767843929.json', '/tmp/minio_downloads/1767843938.json', '/tmp/minio_downloads/1767843947.json', '/tmp/minio_downloads/1767843956.json', '/tmp/minio_downloads/1767843965.json', '/tmp/minio_downloads/1767843974.json', '/tmp/minio_downloads/1767843983.json', '/tmp/minio_downloads/1767843992.json', '/tmp/minio_downloads/1767844001.json', '/tmp/minio_downloads/1767844010.json', '/tmp/minio_downloads/1767844019.json', '/tmp/minio_downloads/1767844028.json', '/tmp/minio_downloads/1767844038.json', '/tmp/minio_downloads/1767844047.json', '/tmp/minio_downloads/1767844056.json', '/tmp/minio_downloads/1767844065.json', '/tmp/minio_downloads/1767844074.json', '/tmp/minio_downloads/1767844084.json', '/tmp/minio_downloads/1767844093.json', '/tmp/minio_downloads/1767844102.json', '/tmp/minio_downloads/1767844111.json', '/tmp/minio_downloads/1767844120.json', '/tmp/minio_downloads/1767844129.json', '/tmp/minio_downloads/1767844138.json', '/tmp/minio_downloads/1767844147.json', '/tmp/minio_downloads/1767844156.json', '/tmp/minio_downloads/1767844165.json', '/tmp/minio_downloads/1767844174.json', '/tmp/minio_downloads/1767844183.json', '/tmp/minio_downloads/1767844192.json', '/tmp/minio_downloads/1767844202.json', '/tmp/minio_downloads/1767844211.json', '/tmp/minio_downloads/1767844220.json', '/tmp/minio_downloads/1767844229.json', '/tmp/minio_downloads/1767844238.json', '/tmp/minio_downloads/1767844247.json', '/tmp/minio_downloads/1767844256.json', '/tmp/minio_downloads/1767844265.json', '/tmp/minio_downloads/1767844274.json', '/tmp/minio_downloads/1767844283.json', '/tmp/minio_downloads/1767844292.json', '/tmp/minio_downloads/1767844301.json', '/tmp/minio_downloads/1767844310.json', '/tmp/minio_downloads/1767844320.json', '/tmp/minio_downloads/1767844330.json', '/tmp/minio_downloads/1767844339.json', '/tmp/minio_downloads/1767844349.json', '/tmp/minio_downloads/1767844358.json', '/tmp/minio_downloads/1767844367.json', '/tmp/minio_downloads/1767844376.json', '/tmp/minio_downloads/1767844385.json', '/tmp/minio_downloads/1767844394.json', '/tmp/minio_downloads/1767844403.json', '/tmp/minio_downloads/1767844412.json', '/tmp/minio_downloads/1767844421.json', '/tmp/minio_downloads/1767844430.json', '/tmp/minio_downloads/1767844439.json', '/tmp/minio_downloads/1767844448.json', '/tmp/minio_downloads/1767844457.json', '/tmp/minio_downloads/1767844466.json', '/tmp/minio_downloads/1767844475.json', '/tmp/minio_downloads/1767844483.json', '/tmp/minio_downloads/1767844492.json', '/tmp/minio_downloads/1767844501.json', '/tmp/minio_downloads/1767913111.json', '/tmp/minio_downloads/1767913120.json', '/tmp/minio_downloads/1767913128.json', '/tmp/minio_downloads/1767913137.json', '/tmp/minio_downloads/1767913146.json', '/tmp/minio_downloads/1767913156.json', '/tmp/minio_downloads/1767913166.json', '/tmp/minio_downloads/1767913177.json', '/tmp/minio_downloads/1767913189.json', '/tmp/minio_downloads/1767913200.json', '/tmp/minio_downloads/1767913211.json', '/tmp/minio_downloads/1767913219.json', '/tmp/minio_downloads/1767913230.json', '/tmp/minio_downloads/1767913239.json', '/tmp/minio_downloads/1767913249.json', '/tmp/minio_downloads/1767913260.json', '/tmp/minio_downloads/1767913270.json', '/tmp/minio_downloads/1767913281.json', '/tmp/minio_downloads/1767913292.json', '/tmp/minio_downloads/1767913302.json', '/tmp/minio_downloads/1767913311.json', '/tmp/minio_downloads/1767913320.json', '/tmp/minio_downloads/1767913329.json', '/tmp/minio_downloads/1767913339.json', '/tmp/minio_downloads/1767913350.json', '/tmp/minio_downloads/1767913361.json', '/tmp/minio_downloads/1767843764.json', '/tmp/minio_downloads/1767843773.json', '/tmp/minio_downloads/1767843782.json', '/tmp/minio_downloads/1767843791.json', '/tmp/minio_downloads/1767843800.json', '/tmp/minio_downloads/1767843810.json', '/tmp/minio_downloads/1767843819.json', '/tmp/minio_downloads/1767843828.json', '/tmp/minio_downloads/1767843837.json', '/tmp/minio_downloads/1767843846.json', '/tmp/minio_downloads/1767843855.json', '/tmp/minio_downloads/1767843865.json', '/tmp/minio_downloads/1767843874.json', '/tmp/minio_downloads/1767843883.json', '/tmp/minio_downloads/1767843892.json', '/tmp/minio_downloads/1767843901.json', '/tmp/minio_downloads/1767843910.json', '/tmp/minio_downloads/1767843920.json', '/tmp/minio_downloads/1767843929.json', '/tmp/minio_downloads/1767843939.json', '/tmp/minio_downloads/1767843948.json', '/tmp/minio_downloads/1767843957.json', '/tmp/minio_downloads/1767843966.json', '/tmp/minio_downloads/1767843975.json', '/tmp/minio_downloads/1767843984.json', '/tmp/minio_downloads/1767843993.json', '/tmp/minio_downloads/1767844002.json', '/tmp/minio_downloads/1767844011.json', '/tmp/minio_downloads/1767844020.json', '/tmp/minio_downloads/1767844029.json', '/tmp/minio_downloads/1767844038.json', '/tmp/minio_downloads/1767844047.json', '/tmp/minio_downloads/1767844056.json', '/tmp/minio_downloads/1767844065.json', '/tmp/minio_downloads/1767844074.json', '/tmp/minio_downloads/1767844084.json', '/tmp/minio_downloads/1767844093.json', '/tmp/minio_downloads/1767844102.json', '/tmp/minio_downloads/1767844112.json', '/tmp/minio_downloads/1767844121.json', '/tmp/minio_downloads/1767844130.json', '/tmp/minio_downloads/1767844138.json', '/tmp/minio_downloads/1767844147.json', '/tmp/minio_downloads/1767844157.json', '/tmp/minio_downloads/1767844165.json', '/tmp/minio_downloads/1767844175.json', '/tmp/minio_downloads/1767844184.json', '/tmp/minio_downloads/1767844193.json', '/tmp/minio_downloads/1767844202.json', '/tmp/minio_downloads/1767844211.json', '/tmp/minio_downloads/1767844220.json', '/tmp/minio_downloads/1767844229.json', '/tmp/minio_downloads/1767844238.json', '/tmp/minio_downloads/1767844247.json', '/tmp/minio_downloads/1767844256.json', '/tmp/minio_downloads/1767844265.json', '/tmp/minio_downloads/1767844274.json', '/tmp/minio_downloads/1767844284.json', '/tmp/minio_downloads/1767844293.json', '/tmp/minio_downloads/1767844302.json', '/tmp/minio_downloads/1767844311.json', '/tmp/minio_downloads/1767844320.json', '/tmp/minio_downloads/1767844330.json', '/tmp/minio_downloads/1767844340.json', '/tmp/minio_downloads/1767844349.json', '/tmp/minio_downloads/1767844358.json', '/tmp/minio_downloads/1767844367.json', '/tmp/minio_downloads/1767844376.json', '/tmp/minio_downloads/1767844385.json', '/tmp/minio_downloads/1767844394.json', '/tmp/minio_downloads/1767844403.json', '/tmp/minio_downloads/1767844412.json', '/tmp/minio_downloads/1767844421.json', '/tmp/minio_downloads/1767844430.json', '/tmp/minio_downloads/1767844439.json', '/tmp/minio_downloads/1767844448.json', '/tmp/minio_downloads/1767844457.json', '/tmp/minio_downloads/1767844466.json', '/tmp/minio_downloads/1767844475.json', '/tmp/minio_downloads/1767844484.json', '/tmp/minio_downloads/1767844493.json', '/tmp/minio_downloads/1767844502.json', '/tmp/minio_downloads/1767913111.json', '/tmp/minio_downloads/1767913120.json', '/tmp/minio_downloads/1767913129.json', '/tmp/minio_downloads/1767913138.json', '/tmp/minio_downloads/1767913146.json', '/tmp/minio_downloads/1767913156.json', '/tmp/minio_downloads/1767913167.json', '/tmp/minio_downloads/1767913178.json', '/tmp/minio_downloads/1767913190.json', '/tmp/minio_downloads/1767913201.json', '/tmp/minio_downloads/1767913211.json', '/tmp/minio_downloads/1767913220.json', '/tmp/minio_downloads/1767913230.json', '/tmp/minio_downloads/1767913239.json', '/tmp/minio_downloads/1767913250.json', '/tmp/minio_downloads/1767913260.json', '/tmp/minio_downloads/1767913271.json', '/tmp/minio_downloads/1767913282.json', '/tmp/minio_downloads/1767913294.json', '/tmp/minio_downloads/1767913303.json', '/tmp/minio_downloads/1767913312.json', '/tmp/minio_downloads/1767913321.json', '/tmp/minio_downloads/1767913330.json', '/tmp/minio_downloads/1767913340.json', '/tmp/minio_downloads/1767913351.json', '/tmp/minio_downloads/1767913362.json']
[2026-01-09T10:53:11.467+0000] {taskinstance.py:441} INFO - ::group::Post task execution logs
[2026-01-09T10:53:11.496+0000] {taskinstance.py:1206} INFO - Marking task as SUCCESS. dag_id=minio_to_snowflake, task_id=download_minio, run_id=scheduled__2026-01-09T10:51:00+00:00, execution_date=20260109T105100, start_date=20260109T105306, end_date=20260109T105311
[2026-01-09T10:53:11.553+0000] {local_task_job_runner.py:243} INFO - Task exited with return code 0
[2026-01-09T10:53:11.596+0000] {taskinstance.py:3503} INFO - 1 downstream tasks scheduled from follow-on schedule check
[2026-01-09T10:53:11.605+0000] {local_task_job_runner.py:222} INFO - ::endgroup::
