[2026-01-09T08:12:55.742+0000] {local_task_job_runner.py:120} INFO - ::group::Pre task execution logs
[2026-01-09T08:12:55.763+0000] {taskinstance.py:2076} INFO - Dependencies all met for dep_context=non-requeueable deps ti=<TaskInstance: minio_to_snowflake.download_minio scheduled__2026-01-09T08:11:00+00:00 [queued]>
[2026-01-09T08:12:55.776+0000] {taskinstance.py:2076} INFO - Dependencies all met for dep_context=requeueable deps ti=<TaskInstance: minio_to_snowflake.download_minio scheduled__2026-01-09T08:11:00+00:00 [queued]>
[2026-01-09T08:12:55.784+0000] {taskinstance.py:2306} INFO - Starting attempt 1 of 2
[2026-01-09T08:12:55.795+0000] {taskinstance.py:2330} INFO - Executing <Task(PythonOperator): download_minio> on 2026-01-09 08:11:00+00:00
[2026-01-09T08:12:55.803+0000] {standard_task_runner.py:90} INFO - Running: ['***', 'tasks', 'run', 'minio_to_snowflake', 'download_minio', 'scheduled__2026-01-09T08:11:00+00:00', '--job-id', '747', '--raw', '--subdir', 'DAGS_FOLDER/minio_to_snowflake.py', '--cfg-path', '/tmp/tmpwibuzuff']
[2026-01-09T08:12:55.805+0000] {logging_mixin.py:188} WARNING - /home/***/.local/lib/python3.12/site-packages/***/task/task_runner/standard_task_runner.py:62 DeprecationWarning: This process (pid=577481) is multi-threaded, use of fork() may lead to deadlocks in the child.
[2026-01-09T08:12:55.809+0000] {standard_task_runner.py:91} INFO - Job 747: Subtask download_minio
[2026-01-09T08:12:55.810+0000] {standard_task_runner.py:64} INFO - Started process 577506 to run task
[2026-01-09T08:12:55.887+0000] {task_command.py:426} INFO - Running <TaskInstance: minio_to_snowflake.download_minio scheduled__2026-01-09T08:11:00+00:00 [running]> on host ac09941d8f45
[2026-01-09T08:12:56.002+0000] {taskinstance.py:2648} INFO - Exporting env vars: AIRFLOW_CTX_DAG_OWNER='***' AIRFLOW_CTX_DAG_ID='minio_to_snowflake' AIRFLOW_CTX_TASK_ID='download_minio' AIRFLOW_CTX_EXECUTION_DATE='2026-01-09T08:11:00+00:00' AIRFLOW_CTX_TRY_NUMBER='1' AIRFLOW_CTX_DAG_RUN_ID='scheduled__2026-01-09T08:11:00+00:00'
[2026-01-09T08:12:56.003+0000] {taskinstance.py:430} INFO - ::endgroup::
[2026-01-09T08:12:56.253+0000] {logging_mixin.py:188} INFO - Downloaded AAPL/1767843763.json -> /tmp/minio_downloads/1767843763.json
[2026-01-09T08:12:56.259+0000] {logging_mixin.py:188} INFO - Downloaded AAPL/1767843772.json -> /tmp/minio_downloads/1767843772.json
[2026-01-09T08:12:56.266+0000] {logging_mixin.py:188} INFO - Downloaded AAPL/1767843781.json -> /tmp/minio_downloads/1767843781.json
[2026-01-09T08:12:56.273+0000] {logging_mixin.py:188} INFO - Downloaded AAPL/1767843790.json -> /tmp/minio_downloads/1767843790.json
[2026-01-09T08:12:56.279+0000] {logging_mixin.py:188} INFO - Downloaded AAPL/1767843799.json -> /tmp/minio_downloads/1767843799.json
[2026-01-09T08:12:56.285+0000] {logging_mixin.py:188} INFO - Downloaded AAPL/1767843809.json -> /tmp/minio_downloads/1767843809.json
[2026-01-09T08:12:56.291+0000] {logging_mixin.py:188} INFO - Downloaded AAPL/1767843818.json -> /tmp/minio_downloads/1767843818.json
[2026-01-09T08:12:56.296+0000] {logging_mixin.py:188} INFO - Downloaded AAPL/1767843827.json -> /tmp/minio_downloads/1767843827.json
[2026-01-09T08:12:56.302+0000] {logging_mixin.py:188} INFO - Downloaded AAPL/1767843836.json -> /tmp/minio_downloads/1767843836.json
[2026-01-09T08:12:56.310+0000] {logging_mixin.py:188} INFO - Downloaded AAPL/1767843845.json -> /tmp/minio_downloads/1767843845.json
[2026-01-09T08:12:56.315+0000] {logging_mixin.py:188} INFO - Downloaded AAPL/1767843854.json -> /tmp/minio_downloads/1767843854.json
[2026-01-09T08:12:56.321+0000] {logging_mixin.py:188} INFO - Downloaded AAPL/1767843864.json -> /tmp/minio_downloads/1767843864.json
[2026-01-09T08:12:56.328+0000] {logging_mixin.py:188} INFO - Downloaded AAPL/1767843873.json -> /tmp/minio_downloads/1767843873.json
[2026-01-09T08:12:56.335+0000] {logging_mixin.py:188} INFO - Downloaded AAPL/1767843882.json -> /tmp/minio_downloads/1767843882.json
[2026-01-09T08:12:56.340+0000] {logging_mixin.py:188} INFO - Downloaded AAPL/1767843891.json -> /tmp/minio_downloads/1767843891.json
[2026-01-09T08:12:56.348+0000] {logging_mixin.py:188} INFO - Downloaded AAPL/1767843900.json -> /tmp/minio_downloads/1767843900.json
[2026-01-09T08:12:56.355+0000] {logging_mixin.py:188} INFO - Downloaded AAPL/1767843910.json -> /tmp/minio_downloads/1767843910.json
[2026-01-09T08:12:56.363+0000] {logging_mixin.py:188} INFO - Downloaded AAPL/1767843919.json -> /tmp/minio_downloads/1767843919.json
[2026-01-09T08:12:56.369+0000] {logging_mixin.py:188} INFO - Downloaded AAPL/1767843928.json -> /tmp/minio_downloads/1767843928.json
[2026-01-09T08:12:56.374+0000] {logging_mixin.py:188} INFO - Downloaded AAPL/1767843938.json -> /tmp/minio_downloads/1767843938.json
[2026-01-09T08:12:56.379+0000] {logging_mixin.py:188} INFO - Downloaded AAPL/1767843947.json -> /tmp/minio_downloads/1767843947.json
[2026-01-09T08:12:56.385+0000] {logging_mixin.py:188} INFO - Downloaded AAPL/1767843956.json -> /tmp/minio_downloads/1767843956.json
[2026-01-09T08:12:56.391+0000] {logging_mixin.py:188} INFO - Downloaded AAPL/1767843965.json -> /tmp/minio_downloads/1767843965.json
[2026-01-09T08:12:56.398+0000] {logging_mixin.py:188} INFO - Downloaded AAPL/1767843974.json -> /tmp/minio_downloads/1767843974.json
[2026-01-09T08:12:56.405+0000] {logging_mixin.py:188} INFO - Downloaded AAPL/1767843983.json -> /tmp/minio_downloads/1767843983.json
[2026-01-09T08:12:56.411+0000] {logging_mixin.py:188} INFO - Downloaded AAPL/1767843992.json -> /tmp/minio_downloads/1767843992.json
[2026-01-09T08:12:56.418+0000] {logging_mixin.py:188} INFO - Downloaded AAPL/1767844001.json -> /tmp/minio_downloads/1767844001.json
[2026-01-09T08:12:56.424+0000] {logging_mixin.py:188} INFO - Downloaded AAPL/1767844010.json -> /tmp/minio_downloads/1767844010.json
[2026-01-09T08:12:56.431+0000] {logging_mixin.py:188} INFO - Downloaded AAPL/1767844019.json -> /tmp/minio_downloads/1767844019.json
[2026-01-09T08:12:56.439+0000] {logging_mixin.py:188} INFO - Downloaded AAPL/1767844028.json -> /tmp/minio_downloads/1767844028.json
[2026-01-09T08:12:56.447+0000] {logging_mixin.py:188} INFO - Downloaded AAPL/1767844037.json -> /tmp/minio_downloads/1767844037.json
[2026-01-09T08:12:56.454+0000] {logging_mixin.py:188} INFO - Downloaded AAPL/1767844046.json -> /tmp/minio_downloads/1767844046.json
[2026-01-09T08:12:56.461+0000] {logging_mixin.py:188} INFO - Downloaded AAPL/1767844055.json -> /tmp/minio_downloads/1767844055.json
[2026-01-09T08:12:56.469+0000] {logging_mixin.py:188} INFO - Downloaded AAPL/1767844064.json -> /tmp/minio_downloads/1767844064.json
[2026-01-09T08:12:56.475+0000] {logging_mixin.py:188} INFO - Downloaded AAPL/1767844073.json -> /tmp/minio_downloads/1767844073.json
[2026-01-09T08:12:56.482+0000] {logging_mixin.py:188} INFO - Downloaded AAPL/1767844083.json -> /tmp/minio_downloads/1767844083.json
[2026-01-09T08:12:56.488+0000] {logging_mixin.py:188} INFO - Downloaded AAPL/1767844093.json -> /tmp/minio_downloads/1767844093.json
[2026-01-09T08:12:56.499+0000] {logging_mixin.py:188} INFO - Downloaded AAPL/1767844101.json -> /tmp/minio_downloads/1767844101.json
[2026-01-09T08:12:56.523+0000] {logging_mixin.py:188} INFO - Downloaded AAPL/1767844111.json -> /tmp/minio_downloads/1767844111.json
[2026-01-09T08:12:56.543+0000] {logging_mixin.py:188} INFO - Downloaded AAPL/1767844120.json -> /tmp/minio_downloads/1767844120.json
[2026-01-09T08:12:56.552+0000] {logging_mixin.py:188} INFO - Downloaded AAPL/1767844129.json -> /tmp/minio_downloads/1767844129.json
[2026-01-09T08:12:56.559+0000] {logging_mixin.py:188} INFO - Downloaded AAPL/1767844138.json -> /tmp/minio_downloads/1767844138.json
[2026-01-09T08:12:56.566+0000] {logging_mixin.py:188} INFO - Downloaded AAPL/1767844147.json -> /tmp/minio_downloads/1767844147.json
[2026-01-09T08:12:56.573+0000] {logging_mixin.py:188} INFO - Downloaded AAPL/1767844156.json -> /tmp/minio_downloads/1767844156.json
[2026-01-09T08:12:56.580+0000] {logging_mixin.py:188} INFO - Downloaded AAPL/1767844165.json -> /tmp/minio_downloads/1767844165.json
[2026-01-09T08:12:56.589+0000] {logging_mixin.py:188} INFO - Downloaded AAPL/1767844174.json -> /tmp/minio_downloads/1767844174.json
[2026-01-09T08:12:56.599+0000] {logging_mixin.py:188} INFO - Downloaded AAPL/1767844183.json -> /tmp/minio_downloads/1767844183.json
[2026-01-09T08:12:56.608+0000] {logging_mixin.py:188} INFO - Downloaded AAPL/1767844192.json -> /tmp/minio_downloads/1767844192.json
[2026-01-09T08:12:56.619+0000] {logging_mixin.py:188} INFO - Downloaded AAPL/1767844201.json -> /tmp/minio_downloads/1767844201.json
[2026-01-09T08:12:56.630+0000] {logging_mixin.py:188} INFO - Downloaded AAPL/1767844210.json -> /tmp/minio_downloads/1767844210.json
[2026-01-09T08:12:56.639+0000] {logging_mixin.py:188} INFO - Downloaded AAPL/1767844219.json -> /tmp/minio_downloads/1767844219.json
[2026-01-09T08:12:56.649+0000] {logging_mixin.py:188} INFO - Downloaded AAPL/1767844228.json -> /tmp/minio_downloads/1767844228.json
[2026-01-09T08:12:56.657+0000] {logging_mixin.py:188} INFO - Downloaded AAPL/1767844237.json -> /tmp/minio_downloads/1767844237.json
[2026-01-09T08:12:56.670+0000] {logging_mixin.py:188} INFO - Downloaded AAPL/1767844246.json -> /tmp/minio_downloads/1767844246.json
[2026-01-09T08:12:56.678+0000] {logging_mixin.py:188} INFO - Downloaded AAPL/1767844256.json -> /tmp/minio_downloads/1767844256.json
[2026-01-09T08:12:56.689+0000] {logging_mixin.py:188} INFO - Downloaded AAPL/1767844265.json -> /tmp/minio_downloads/1767844265.json
[2026-01-09T08:12:56.701+0000] {logging_mixin.py:188} INFO - Downloaded AAPL/1767844274.json -> /tmp/minio_downloads/1767844274.json
[2026-01-09T08:12:56.710+0000] {logging_mixin.py:188} INFO - Downloaded AAPL/1767844283.json -> /tmp/minio_downloads/1767844283.json
[2026-01-09T08:12:56.718+0000] {logging_mixin.py:188} INFO - Downloaded AAPL/1767844292.json -> /tmp/minio_downloads/1767844292.json
[2026-01-09T08:12:56.726+0000] {logging_mixin.py:188} INFO - Downloaded AAPL/1767844301.json -> /tmp/minio_downloads/1767844301.json
[2026-01-09T08:12:56.734+0000] {logging_mixin.py:188} INFO - Downloaded AAPL/1767844310.json -> /tmp/minio_downloads/1767844310.json
[2026-01-09T08:12:56.740+0000] {logging_mixin.py:188} INFO - Downloaded AAPL/1767844319.json -> /tmp/minio_downloads/1767844319.json
[2026-01-09T08:12:56.745+0000] {logging_mixin.py:188} INFO - Downloaded AAPL/1767844329.json -> /tmp/minio_downloads/1767844329.json
[2026-01-09T08:12:56.751+0000] {logging_mixin.py:188} INFO - Downloaded AAPL/1767844339.json -> /tmp/minio_downloads/1767844339.json
[2026-01-09T08:12:56.757+0000] {logging_mixin.py:188} INFO - Downloaded AAPL/1767844348.json -> /tmp/minio_downloads/1767844348.json
[2026-01-09T08:12:56.762+0000] {logging_mixin.py:188} INFO - Downloaded AAPL/1767844357.json -> /tmp/minio_downloads/1767844357.json
[2026-01-09T08:12:56.767+0000] {logging_mixin.py:188} INFO - Downloaded AAPL/1767844366.json -> /tmp/minio_downloads/1767844366.json
[2026-01-09T08:12:56.773+0000] {logging_mixin.py:188} INFO - Downloaded AAPL/1767844375.json -> /tmp/minio_downloads/1767844375.json
[2026-01-09T08:12:56.778+0000] {logging_mixin.py:188} INFO - Downloaded AAPL/1767844384.json -> /tmp/minio_downloads/1767844384.json
[2026-01-09T08:12:56.784+0000] {logging_mixin.py:188} INFO - Downloaded AAPL/1767844393.json -> /tmp/minio_downloads/1767844393.json
[2026-01-09T08:12:56.790+0000] {logging_mixin.py:188} INFO - Downloaded AAPL/1767844402.json -> /tmp/minio_downloads/1767844402.json
[2026-01-09T08:12:56.795+0000] {logging_mixin.py:188} INFO - Downloaded AAPL/1767844411.json -> /tmp/minio_downloads/1767844411.json
[2026-01-09T08:12:56.801+0000] {logging_mixin.py:188} INFO - Downloaded AAPL/1767844420.json -> /tmp/minio_downloads/1767844420.json
[2026-01-09T08:12:56.807+0000] {logging_mixin.py:188} INFO - Downloaded AAPL/1767844429.json -> /tmp/minio_downloads/1767844429.json
[2026-01-09T08:12:56.813+0000] {logging_mixin.py:188} INFO - Downloaded AAPL/1767844438.json -> /tmp/minio_downloads/1767844438.json
[2026-01-09T08:12:56.819+0000] {logging_mixin.py:188} INFO - Downloaded AAPL/1767844447.json -> /tmp/minio_downloads/1767844447.json
[2026-01-09T08:12:56.825+0000] {logging_mixin.py:188} INFO - Downloaded AAPL/1767844456.json -> /tmp/minio_downloads/1767844456.json
[2026-01-09T08:12:56.832+0000] {logging_mixin.py:188} INFO - Downloaded AAPL/1767844465.json -> /tmp/minio_downloads/1767844465.json
[2026-01-09T08:12:56.840+0000] {logging_mixin.py:188} INFO - Downloaded AAPL/1767844474.json -> /tmp/minio_downloads/1767844474.json
[2026-01-09T08:12:56.845+0000] {logging_mixin.py:188} INFO - Downloaded AAPL/1767844483.json -> /tmp/minio_downloads/1767844483.json
[2026-01-09T08:12:56.851+0000] {logging_mixin.py:188} INFO - Downloaded AAPL/1767844492.json -> /tmp/minio_downloads/1767844492.json
[2026-01-09T08:12:56.857+0000] {logging_mixin.py:188} INFO - Downloaded AAPL/1767844501.json -> /tmp/minio_downloads/1767844501.json
[2026-01-09T08:12:56.862+0000] {logging_mixin.py:188} INFO - Downloaded AAPL/1767913110.json -> /tmp/minio_downloads/1767913110.json
[2026-01-09T08:12:56.868+0000] {logging_mixin.py:188} INFO - Downloaded AAPL/1767913119.json -> /tmp/minio_downloads/1767913119.json
[2026-01-09T08:12:56.873+0000] {logging_mixin.py:188} INFO - Downloaded AAPL/1767913128.json -> /tmp/minio_downloads/1767913128.json
[2026-01-09T08:12:56.878+0000] {logging_mixin.py:188} INFO - Downloaded AAPL/1767913137.json -> /tmp/minio_downloads/1767913137.json
[2026-01-09T08:12:56.884+0000] {logging_mixin.py:188} INFO - Downloaded AAPL/1767913146.json -> /tmp/minio_downloads/1767913146.json
[2026-01-09T08:12:56.889+0000] {logging_mixin.py:188} INFO - Downloaded AAPL/1767913155.json -> /tmp/minio_downloads/1767913155.json
[2026-01-09T08:12:56.893+0000] {logging_mixin.py:188} INFO - Downloaded AAPL/1767913166.json -> /tmp/minio_downloads/1767913166.json
[2026-01-09T08:12:56.926+0000] {logging_mixin.py:188} INFO - Downloaded AAPL/1767913176.json -> /tmp/minio_downloads/1767913176.json
[2026-01-09T08:12:56.935+0000] {logging_mixin.py:188} INFO - Downloaded AAPL/1767913188.json -> /tmp/minio_downloads/1767913188.json
[2026-01-09T08:12:56.942+0000] {logging_mixin.py:188} INFO - Downloaded AAPL/1767913200.json -> /tmp/minio_downloads/1767913200.json
[2026-01-09T08:12:56.960+0000] {logging_mixin.py:188} INFO - Downloaded AAPL/1767913210.json -> /tmp/minio_downloads/1767913210.json
[2026-01-09T08:12:56.970+0000] {logging_mixin.py:188} INFO - Downloaded AAPL/1767913219.json -> /tmp/minio_downloads/1767913219.json
[2026-01-09T08:12:56.979+0000] {logging_mixin.py:188} INFO - Downloaded AAPL/1767913229.json -> /tmp/minio_downloads/1767913229.json
[2026-01-09T08:12:56.986+0000] {logging_mixin.py:188} INFO - Downloaded AAPL/1767913238.json -> /tmp/minio_downloads/1767913238.json
[2026-01-09T08:12:57.001+0000] {logging_mixin.py:188} INFO - Downloaded AAPL/1767913248.json -> /tmp/minio_downloads/1767913248.json
[2026-01-09T08:12:57.030+0000] {logging_mixin.py:188} INFO - Downloaded AAPL/1767913259.json -> /tmp/minio_downloads/1767913259.json
[2026-01-09T08:12:57.047+0000] {logging_mixin.py:188} INFO - Downloaded AAPL/1767913270.json -> /tmp/minio_downloads/1767913270.json
[2026-01-09T08:12:57.056+0000] {logging_mixin.py:188} INFO - Downloaded AAPL/1767913280.json -> /tmp/minio_downloads/1767913280.json
[2026-01-09T08:12:57.063+0000] {logging_mixin.py:188} INFO - Downloaded AAPL/1767913292.json -> /tmp/minio_downloads/1767913292.json
[2026-01-09T08:12:57.070+0000] {logging_mixin.py:188} INFO - Downloaded AAPL/1767913302.json -> /tmp/minio_downloads/1767913302.json
[2026-01-09T08:12:57.080+0000] {logging_mixin.py:188} INFO - Downloaded AAPL/1767913311.json -> /tmp/minio_downloads/1767913311.json
[2026-01-09T08:12:57.086+0000] {logging_mixin.py:188} INFO - Downloaded AAPL/1767913320.json -> /tmp/minio_downloads/1767913320.json
[2026-01-09T08:12:57.092+0000] {logging_mixin.py:188} INFO - Downloaded AAPL/1767913329.json -> /tmp/minio_downloads/1767913329.json
[2026-01-09T08:12:57.098+0000] {logging_mixin.py:188} INFO - Downloaded AAPL/1767913338.json -> /tmp/minio_downloads/1767913338.json
[2026-01-09T08:12:57.103+0000] {logging_mixin.py:188} INFO - Downloaded AAPL/1767913349.json -> /tmp/minio_downloads/1767913349.json
[2026-01-09T08:12:57.108+0000] {logging_mixin.py:188} INFO - Downloaded AAPL/1767913360.json -> /tmp/minio_downloads/1767913360.json
[2026-01-09T08:12:57.113+0000] {logging_mixin.py:188} INFO - Downloaded AMZN/1767843764.json -> /tmp/minio_downloads/1767843764.json
[2026-01-09T08:12:57.117+0000] {logging_mixin.py:188} INFO - Downloaded AMZN/1767843774.json -> /tmp/minio_downloads/1767843774.json
[2026-01-09T08:12:57.122+0000] {logging_mixin.py:188} INFO - Downloaded AMZN/1767843783.json -> /tmp/minio_downloads/1767843783.json
[2026-01-09T08:12:57.128+0000] {logging_mixin.py:188} INFO - Downloaded AMZN/1767843792.json -> /tmp/minio_downloads/1767843792.json
[2026-01-09T08:12:57.134+0000] {logging_mixin.py:188} INFO - Downloaded AMZN/1767843801.json -> /tmp/minio_downloads/1767843801.json
[2026-01-09T08:12:57.140+0000] {logging_mixin.py:188} INFO - Downloaded AMZN/1767843810.json -> /tmp/minio_downloads/1767843810.json
[2026-01-09T08:12:57.145+0000] {logging_mixin.py:188} INFO - Downloaded AMZN/1767843820.json -> /tmp/minio_downloads/1767843820.json
[2026-01-09T08:12:57.152+0000] {logging_mixin.py:188} INFO - Downloaded AMZN/1767843829.json -> /tmp/minio_downloads/1767843829.json
[2026-01-09T08:12:57.158+0000] {logging_mixin.py:188} INFO - Downloaded AMZN/1767843838.json -> /tmp/minio_downloads/1767843838.json
[2026-01-09T08:12:57.164+0000] {logging_mixin.py:188} INFO - Downloaded AMZN/1767843847.json -> /tmp/minio_downloads/1767843847.json
[2026-01-09T08:12:57.170+0000] {logging_mixin.py:188} INFO - Downloaded AMZN/1767843856.json -> /tmp/minio_downloads/1767843856.json
[2026-01-09T08:12:57.189+0000] {logging_mixin.py:188} INFO - Downloaded AMZN/1767843865.json -> /tmp/minio_downloads/1767843865.json
[2026-01-09T08:12:57.197+0000] {logging_mixin.py:188} INFO - Downloaded AMZN/1767843875.json -> /tmp/minio_downloads/1767843875.json
[2026-01-09T08:12:57.209+0000] {logging_mixin.py:188} INFO - Downloaded AMZN/1767843884.json -> /tmp/minio_downloads/1767843884.json
[2026-01-09T08:12:57.219+0000] {logging_mixin.py:188} INFO - Downloaded AMZN/1767843893.json -> /tmp/minio_downloads/1767843893.json
[2026-01-09T08:12:57.235+0000] {logging_mixin.py:188} INFO - Downloaded AMZN/1767843902.json -> /tmp/minio_downloads/1767843902.json
[2026-01-09T08:12:57.247+0000] {logging_mixin.py:188} INFO - Downloaded AMZN/1767843911.json -> /tmp/minio_downloads/1767843911.json
[2026-01-09T08:12:57.257+0000] {logging_mixin.py:188} INFO - Downloaded AMZN/1767843921.json -> /tmp/minio_downloads/1767843921.json
[2026-01-09T08:12:57.264+0000] {logging_mixin.py:188} INFO - Downloaded AMZN/1767843930.json -> /tmp/minio_downloads/1767843930.json
[2026-01-09T08:12:57.272+0000] {logging_mixin.py:188} INFO - Downloaded AMZN/1767843939.json -> /tmp/minio_downloads/1767843939.json
[2026-01-09T08:12:57.280+0000] {logging_mixin.py:188} INFO - Downloaded AMZN/1767843948.json -> /tmp/minio_downloads/1767843948.json
[2026-01-09T08:12:57.285+0000] {logging_mixin.py:188} INFO - Downloaded AMZN/1767843958.json -> /tmp/minio_downloads/1767843958.json
[2026-01-09T08:12:57.290+0000] {logging_mixin.py:188} INFO - Downloaded AMZN/1767843967.json -> /tmp/minio_downloads/1767843967.json
[2026-01-09T08:12:57.296+0000] {logging_mixin.py:188} INFO - Downloaded AMZN/1767843976.json -> /tmp/minio_downloads/1767843976.json
[2026-01-09T08:12:57.302+0000] {logging_mixin.py:188} INFO - Downloaded AMZN/1767843984.json -> /tmp/minio_downloads/1767843984.json
[2026-01-09T08:12:57.308+0000] {logging_mixin.py:188} INFO - Downloaded AMZN/1767843993.json -> /tmp/minio_downloads/1767843993.json
[2026-01-09T08:12:57.312+0000] {logging_mixin.py:188} INFO - Downloaded AMZN/1767844003.json -> /tmp/minio_downloads/1767844003.json
[2026-01-09T08:12:57.318+0000] {logging_mixin.py:188} INFO - Downloaded AMZN/1767844012.json -> /tmp/minio_downloads/1767844012.json
[2026-01-09T08:12:57.323+0000] {logging_mixin.py:188} INFO - Downloaded AMZN/1767844021.json -> /tmp/minio_downloads/1767844021.json
[2026-01-09T08:12:57.330+0000] {logging_mixin.py:188} INFO - Downloaded AMZN/1767844030.json -> /tmp/minio_downloads/1767844030.json
[2026-01-09T08:12:57.336+0000] {logging_mixin.py:188} INFO - Downloaded AMZN/1767844039.json -> /tmp/minio_downloads/1767844039.json
[2026-01-09T08:12:57.341+0000] {logging_mixin.py:188} INFO - Downloaded AMZN/1767844048.json -> /tmp/minio_downloads/1767844048.json
[2026-01-09T08:12:57.346+0000] {logging_mixin.py:188} INFO - Downloaded AMZN/1767844057.json -> /tmp/minio_downloads/1767844057.json
[2026-01-09T08:12:57.350+0000] {logging_mixin.py:188} INFO - Downloaded AMZN/1767844066.json -> /tmp/minio_downloads/1767844066.json
[2026-01-09T08:12:57.355+0000] {logging_mixin.py:188} INFO - Downloaded AMZN/1767844075.json -> /tmp/minio_downloads/1767844075.json
[2026-01-09T08:12:57.360+0000] {logging_mixin.py:188} INFO - Downloaded AMZN/1767844085.json -> /tmp/minio_downloads/1767844085.json
[2026-01-09T08:12:57.386+0000] {logging_mixin.py:188} INFO - Downloaded AMZN/1767844094.json -> /tmp/minio_downloads/1767844094.json
[2026-01-09T08:12:57.402+0000] {logging_mixin.py:188} INFO - Downloaded AMZN/1767844103.json -> /tmp/minio_downloads/1767844103.json
[2026-01-09T08:12:57.417+0000] {logging_mixin.py:188} INFO - Downloaded AMZN/1767844112.json -> /tmp/minio_downloads/1767844112.json
[2026-01-09T08:12:57.423+0000] {logging_mixin.py:188} INFO - Downloaded AMZN/1767844121.json -> /tmp/minio_downloads/1767844121.json
[2026-01-09T08:12:57.430+0000] {logging_mixin.py:188} INFO - Downloaded AMZN/1767844130.json -> /tmp/minio_downloads/1767844130.json
[2026-01-09T08:12:57.437+0000] {logging_mixin.py:188} INFO - Downloaded AMZN/1767844139.json -> /tmp/minio_downloads/1767844139.json
[2026-01-09T08:12:57.446+0000] {logging_mixin.py:188} INFO - Downloaded AMZN/1767844148.json -> /tmp/minio_downloads/1767844148.json
[2026-01-09T08:12:57.455+0000] {logging_mixin.py:188} INFO - Downloaded AMZN/1767844157.json -> /tmp/minio_downloads/1767844157.json
[2026-01-09T08:12:57.464+0000] {logging_mixin.py:188} INFO - Downloaded AMZN/1767844166.json -> /tmp/minio_downloads/1767844166.json
[2026-01-09T08:12:57.473+0000] {logging_mixin.py:188} INFO - Downloaded AMZN/1767844175.json -> /tmp/minio_downloads/1767844175.json
[2026-01-09T08:12:57.483+0000] {logging_mixin.py:188} INFO - Downloaded AMZN/1767844184.json -> /tmp/minio_downloads/1767844184.json
[2026-01-09T08:12:57.490+0000] {logging_mixin.py:188} INFO - Downloaded AMZN/1767844194.json -> /tmp/minio_downloads/1767844194.json
[2026-01-09T08:12:57.499+0000] {logging_mixin.py:188} INFO - Downloaded AMZN/1767844203.json -> /tmp/minio_downloads/1767844203.json
[2026-01-09T08:12:57.506+0000] {logging_mixin.py:188} INFO - Downloaded AMZN/1767844212.json -> /tmp/minio_downloads/1767844212.json
[2026-01-09T08:12:57.511+0000] {logging_mixin.py:188} INFO - Downloaded AMZN/1767844221.json -> /tmp/minio_downloads/1767844221.json
[2026-01-09T08:12:57.517+0000] {logging_mixin.py:188} INFO - Downloaded AMZN/1767844230.json -> /tmp/minio_downloads/1767844230.json
[2026-01-09T08:12:57.522+0000] {logging_mixin.py:188} INFO - Downloaded AMZN/1767844239.json -> /tmp/minio_downloads/1767844239.json
[2026-01-09T08:12:57.528+0000] {logging_mixin.py:188} INFO - Downloaded AMZN/1767844248.json -> /tmp/minio_downloads/1767844248.json
[2026-01-09T08:12:57.533+0000] {logging_mixin.py:188} INFO - Downloaded AMZN/1767844257.json -> /tmp/minio_downloads/1767844257.json
[2026-01-09T08:12:57.539+0000] {logging_mixin.py:188} INFO - Downloaded AMZN/1767844266.json -> /tmp/minio_downloads/1767844266.json
[2026-01-09T08:12:57.545+0000] {logging_mixin.py:188} INFO - Downloaded AMZN/1767844275.json -> /tmp/minio_downloads/1767844275.json
[2026-01-09T08:12:57.551+0000] {logging_mixin.py:188} INFO - Downloaded AMZN/1767844284.json -> /tmp/minio_downloads/1767844284.json
[2026-01-09T08:12:57.556+0000] {logging_mixin.py:188} INFO - Downloaded AMZN/1767844293.json -> /tmp/minio_downloads/1767844293.json
[2026-01-09T08:12:57.562+0000] {logging_mixin.py:188} INFO - Downloaded AMZN/1767844303.json -> /tmp/minio_downloads/1767844303.json
[2026-01-09T08:12:57.568+0000] {logging_mixin.py:188} INFO - Downloaded AMZN/1767844312.json -> /tmp/minio_downloads/1767844312.json
[2026-01-09T08:12:57.575+0000] {logging_mixin.py:188} INFO - Downloaded AMZN/1767844322.json -> /tmp/minio_downloads/1767844322.json
[2026-01-09T08:12:57.582+0000] {logging_mixin.py:188} INFO - Downloaded AMZN/1767844331.json -> /tmp/minio_downloads/1767844331.json
[2026-01-09T08:12:57.590+0000] {logging_mixin.py:188} INFO - Downloaded AMZN/1767844341.json -> /tmp/minio_downloads/1767844341.json
[2026-01-09T08:12:57.596+0000] {logging_mixin.py:188} INFO - Downloaded AMZN/1767844350.json -> /tmp/minio_downloads/1767844350.json
[2026-01-09T08:12:57.604+0000] {logging_mixin.py:188} INFO - Downloaded AMZN/1767844359.json -> /tmp/minio_downloads/1767844359.json
[2026-01-09T08:12:57.611+0000] {logging_mixin.py:188} INFO - Downloaded AMZN/1767844368.json -> /tmp/minio_downloads/1767844368.json
[2026-01-09T08:12:57.618+0000] {logging_mixin.py:188} INFO - Downloaded AMZN/1767844377.json -> /tmp/minio_downloads/1767844377.json
[2026-01-09T08:12:57.627+0000] {logging_mixin.py:188} INFO - Downloaded AMZN/1767844386.json -> /tmp/minio_downloads/1767844386.json
[2026-01-09T08:12:57.634+0000] {logging_mixin.py:188} INFO - Downloaded AMZN/1767844395.json -> /tmp/minio_downloads/1767844395.json
[2026-01-09T08:12:57.643+0000] {logging_mixin.py:188} INFO - Downloaded AMZN/1767844404.json -> /tmp/minio_downloads/1767844404.json
[2026-01-09T08:12:57.650+0000] {logging_mixin.py:188} INFO - Downloaded AMZN/1767844413.json -> /tmp/minio_downloads/1767844413.json
[2026-01-09T08:12:57.657+0000] {logging_mixin.py:188} INFO - Downloaded AMZN/1767844422.json -> /tmp/minio_downloads/1767844422.json
[2026-01-09T08:12:57.664+0000] {logging_mixin.py:188} INFO - Downloaded AMZN/1767844431.json -> /tmp/minio_downloads/1767844431.json
[2026-01-09T08:12:57.670+0000] {logging_mixin.py:188} INFO - Downloaded AMZN/1767844440.json -> /tmp/minio_downloads/1767844440.json
[2026-01-09T08:12:57.675+0000] {logging_mixin.py:188} INFO - Downloaded AMZN/1767844449.json -> /tmp/minio_downloads/1767844449.json
[2026-01-09T08:12:57.681+0000] {logging_mixin.py:188} INFO - Downloaded AMZN/1767844458.json -> /tmp/minio_downloads/1767844458.json
[2026-01-09T08:12:57.686+0000] {logging_mixin.py:188} INFO - Downloaded AMZN/1767844467.json -> /tmp/minio_downloads/1767844467.json
[2026-01-09T08:12:57.691+0000] {logging_mixin.py:188} INFO - Downloaded AMZN/1767844476.json -> /tmp/minio_downloads/1767844476.json
[2026-01-09T08:12:57.701+0000] {logging_mixin.py:188} INFO - Downloaded AMZN/1767844485.json -> /tmp/minio_downloads/1767844485.json
[2026-01-09T08:12:57.708+0000] {logging_mixin.py:188} INFO - Downloaded AMZN/1767844494.json -> /tmp/minio_downloads/1767844494.json
[2026-01-09T08:12:57.714+0000] {logging_mixin.py:188} INFO - Downloaded AMZN/1767913112.json -> /tmp/minio_downloads/1767913112.json
[2026-01-09T08:12:57.719+0000] {logging_mixin.py:188} INFO - Downloaded AMZN/1767913121.json -> /tmp/minio_downloads/1767913121.json
[2026-01-09T08:12:57.725+0000] {logging_mixin.py:188} INFO - Downloaded AMZN/1767913129.json -> /tmp/minio_downloads/1767913129.json
[2026-01-09T08:12:57.731+0000] {logging_mixin.py:188} INFO - Downloaded AMZN/1767913138.json -> /tmp/minio_downloads/1767913138.json
[2026-01-09T08:12:57.738+0000] {logging_mixin.py:188} INFO - Downloaded AMZN/1767913147.json -> /tmp/minio_downloads/1767913147.json
[2026-01-09T08:12:57.744+0000] {logging_mixin.py:188} INFO - Downloaded AMZN/1767913158.json -> /tmp/minio_downloads/1767913158.json
[2026-01-09T08:12:57.750+0000] {logging_mixin.py:188} INFO - Downloaded AMZN/1767913168.json -> /tmp/minio_downloads/1767913168.json
[2026-01-09T08:12:57.756+0000] {logging_mixin.py:188} INFO - Downloaded AMZN/1767913180.json -> /tmp/minio_downloads/1767913180.json
[2026-01-09T08:12:57.762+0000] {logging_mixin.py:188} INFO - Downloaded AMZN/1767913191.json -> /tmp/minio_downloads/1767913191.json
[2026-01-09T08:12:57.768+0000] {logging_mixin.py:188} INFO - Downloaded AMZN/1767913203.json -> /tmp/minio_downloads/1767913203.json
[2026-01-09T08:12:57.775+0000] {logging_mixin.py:188} INFO - Downloaded AMZN/1767913212.json -> /tmp/minio_downloads/1767913212.json
[2026-01-09T08:12:57.781+0000] {logging_mixin.py:188} INFO - Downloaded AMZN/1767913221.json -> /tmp/minio_downloads/1767913221.json
[2026-01-09T08:12:57.787+0000] {logging_mixin.py:188} INFO - Downloaded AMZN/1767913231.json -> /tmp/minio_downloads/1767913231.json
[2026-01-09T08:12:57.794+0000] {logging_mixin.py:188} INFO - Downloaded AMZN/1767913241.json -> /tmp/minio_downloads/1767913241.json
[2026-01-09T08:12:57.801+0000] {logging_mixin.py:188} INFO - Downloaded AMZN/1767913251.json -> /tmp/minio_downloads/1767913251.json
[2026-01-09T08:12:57.808+0000] {logging_mixin.py:188} INFO - Downloaded AMZN/1767913262.json -> /tmp/minio_downloads/1767913262.json
[2026-01-09T08:12:57.815+0000] {logging_mixin.py:188} INFO - Downloaded AMZN/1767913272.json -> /tmp/minio_downloads/1767913272.json
[2026-01-09T08:12:57.822+0000] {logging_mixin.py:188} INFO - Downloaded AMZN/1767913284.json -> /tmp/minio_downloads/1767913284.json
[2026-01-09T08:12:57.828+0000] {logging_mixin.py:188} INFO - Downloaded AMZN/1767913294.json -> /tmp/minio_downloads/1767913294.json
[2026-01-09T08:12:57.835+0000] {logging_mixin.py:188} INFO - Downloaded AMZN/1767913303.json -> /tmp/minio_downloads/1767913303.json
[2026-01-09T08:12:57.842+0000] {logging_mixin.py:188} INFO - Downloaded AMZN/1767913312.json -> /tmp/minio_downloads/1767913312.json
[2026-01-09T08:12:57.848+0000] {logging_mixin.py:188} INFO - Downloaded AMZN/1767913321.json -> /tmp/minio_downloads/1767913321.json
[2026-01-09T08:12:57.853+0000] {logging_mixin.py:188} INFO - Downloaded AMZN/1767913330.json -> /tmp/minio_downloads/1767913330.json
[2026-01-09T08:12:57.858+0000] {logging_mixin.py:188} INFO - Downloaded AMZN/1767913342.json -> /tmp/minio_downloads/1767913342.json
[2026-01-09T08:12:57.863+0000] {logging_mixin.py:188} INFO - Downloaded AMZN/1767913352.json -> /tmp/minio_downloads/1767913352.json
[2026-01-09T08:12:57.869+0000] {logging_mixin.py:188} INFO - Downloaded AMZN/1767913364.json -> /tmp/minio_downloads/1767913364.json
[2026-01-09T08:12:57.874+0000] {logging_mixin.py:188} INFO - Downloaded GOOGL/1767843764.json -> /tmp/minio_downloads/1767843764.json
[2026-01-09T08:12:57.880+0000] {logging_mixin.py:188} INFO - Downloaded GOOGL/1767843773.json -> /tmp/minio_downloads/1767843773.json
[2026-01-09T08:12:57.885+0000] {logging_mixin.py:188} INFO - Downloaded GOOGL/1767843782.json -> /tmp/minio_downloads/1767843782.json
[2026-01-09T08:12:57.890+0000] {logging_mixin.py:188} INFO - Downloaded GOOGL/1767843791.json -> /tmp/minio_downloads/1767843791.json
[2026-01-09T08:12:57.895+0000] {logging_mixin.py:188} INFO - Downloaded GOOGL/1767843801.json -> /tmp/minio_downloads/1767843801.json
[2026-01-09T08:12:57.900+0000] {logging_mixin.py:188} INFO - Downloaded GOOGL/1767843810.json -> /tmp/minio_downloads/1767843810.json
[2026-01-09T08:12:57.905+0000] {logging_mixin.py:188} INFO - Downloaded GOOGL/1767843819.json -> /tmp/minio_downloads/1767843819.json
[2026-01-09T08:12:57.911+0000] {logging_mixin.py:188} INFO - Downloaded GOOGL/1767843828.json -> /tmp/minio_downloads/1767843828.json
[2026-01-09T08:12:57.916+0000] {logging_mixin.py:188} INFO - Downloaded GOOGL/1767843837.json -> /tmp/minio_downloads/1767843837.json
[2026-01-09T08:12:57.922+0000] {logging_mixin.py:188} INFO - Downloaded GOOGL/1767843847.json -> /tmp/minio_downloads/1767843847.json
[2026-01-09T08:12:57.928+0000] {logging_mixin.py:188} INFO - Downloaded GOOGL/1767843856.json -> /tmp/minio_downloads/1767843856.json
[2026-01-09T08:12:57.934+0000] {logging_mixin.py:188} INFO - Downloaded GOOGL/1767843865.json -> /tmp/minio_downloads/1767843865.json
[2026-01-09T08:12:57.941+0000] {logging_mixin.py:188} INFO - Downloaded GOOGL/1767843874.json -> /tmp/minio_downloads/1767843874.json
[2026-01-09T08:12:57.947+0000] {logging_mixin.py:188} INFO - Downloaded GOOGL/1767843883.json -> /tmp/minio_downloads/1767843883.json
[2026-01-09T08:12:57.953+0000] {logging_mixin.py:188} INFO - Downloaded GOOGL/1767843892.json -> /tmp/minio_downloads/1767843892.json
[2026-01-09T08:12:57.959+0000] {logging_mixin.py:188} INFO - Downloaded GOOGL/1767843902.json -> /tmp/minio_downloads/1767843902.json
[2026-01-09T08:12:57.967+0000] {logging_mixin.py:188} INFO - Downloaded GOOGL/1767843911.json -> /tmp/minio_downloads/1767843911.json
[2026-01-09T08:12:57.973+0000] {logging_mixin.py:188} INFO - Downloaded GOOGL/1767843920.json -> /tmp/minio_downloads/1767843920.json
[2026-01-09T08:12:57.980+0000] {logging_mixin.py:188} INFO - Downloaded GOOGL/1767843930.json -> /tmp/minio_downloads/1767843930.json
[2026-01-09T08:12:57.989+0000] {logging_mixin.py:188} INFO - Downloaded GOOGL/1767843939.json -> /tmp/minio_downloads/1767843939.json
[2026-01-09T08:12:57.995+0000] {logging_mixin.py:188} INFO - Downloaded GOOGL/1767843948.json -> /tmp/minio_downloads/1767843948.json
[2026-01-09T08:12:58.002+0000] {logging_mixin.py:188} INFO - Downloaded GOOGL/1767843957.json -> /tmp/minio_downloads/1767843957.json
[2026-01-09T08:12:58.011+0000] {logging_mixin.py:188} INFO - Downloaded GOOGL/1767843966.json -> /tmp/minio_downloads/1767843966.json
[2026-01-09T08:12:58.018+0000] {logging_mixin.py:188} INFO - Downloaded GOOGL/1767843975.json -> /tmp/minio_downloads/1767843975.json
[2026-01-09T08:12:58.025+0000] {logging_mixin.py:188} INFO - Downloaded GOOGL/1767843984.json -> /tmp/minio_downloads/1767843984.json
[2026-01-09T08:12:58.032+0000] {logging_mixin.py:188} INFO - Downloaded GOOGL/1767843993.json -> /tmp/minio_downloads/1767843993.json
[2026-01-09T08:12:58.039+0000] {logging_mixin.py:188} INFO - Downloaded GOOGL/1767844002.json -> /tmp/minio_downloads/1767844002.json
[2026-01-09T08:12:58.045+0000] {logging_mixin.py:188} INFO - Downloaded GOOGL/1767844011.json -> /tmp/minio_downloads/1767844011.json
[2026-01-09T08:12:58.050+0000] {logging_mixin.py:188} INFO - Downloaded GOOGL/1767844020.json -> /tmp/minio_downloads/1767844020.json
[2026-01-09T08:12:58.056+0000] {logging_mixin.py:188} INFO - Downloaded GOOGL/1767844029.json -> /tmp/minio_downloads/1767844029.json
[2026-01-09T08:12:58.061+0000] {logging_mixin.py:188} INFO - Downloaded GOOGL/1767844038.json -> /tmp/minio_downloads/1767844038.json
[2026-01-09T08:12:58.069+0000] {logging_mixin.py:188} INFO - Downloaded GOOGL/1767844048.json -> /tmp/minio_downloads/1767844048.json
[2026-01-09T08:12:58.074+0000] {logging_mixin.py:188} INFO - Downloaded GOOGL/1767844057.json -> /tmp/minio_downloads/1767844057.json
[2026-01-09T08:12:58.079+0000] {logging_mixin.py:188} INFO - Downloaded GOOGL/1767844065.json -> /tmp/minio_downloads/1767844065.json
[2026-01-09T08:12:58.085+0000] {logging_mixin.py:188} INFO - Downloaded GOOGL/1767844075.json -> /tmp/minio_downloads/1767844075.json
[2026-01-09T08:12:58.091+0000] {logging_mixin.py:188} INFO - Downloaded GOOGL/1767844085.json -> /tmp/minio_downloads/1767844085.json
[2026-01-09T08:12:58.101+0000] {logging_mixin.py:188} INFO - Downloaded GOOGL/1767844094.json -> /tmp/minio_downloads/1767844094.json
[2026-01-09T08:12:58.108+0000] {logging_mixin.py:188} INFO - Downloaded GOOGL/1767844103.json -> /tmp/minio_downloads/1767844103.json
[2026-01-09T08:12:58.115+0000] {logging_mixin.py:188} INFO - Downloaded GOOGL/1767844112.json -> /tmp/minio_downloads/1767844112.json
[2026-01-09T08:12:58.120+0000] {logging_mixin.py:188} INFO - Downloaded GOOGL/1767844121.json -> /tmp/minio_downloads/1767844121.json
[2026-01-09T08:12:58.127+0000] {logging_mixin.py:188} INFO - Downloaded GOOGL/1767844130.json -> /tmp/minio_downloads/1767844130.json
[2026-01-09T08:12:58.133+0000] {logging_mixin.py:188} INFO - Downloaded GOOGL/1767844139.json -> /tmp/minio_downloads/1767844139.json
[2026-01-09T08:12:58.139+0000] {logging_mixin.py:188} INFO - Downloaded GOOGL/1767844148.json -> /tmp/minio_downloads/1767844148.json
[2026-01-09T08:12:58.147+0000] {logging_mixin.py:188} INFO - Downloaded GOOGL/1767844157.json -> /tmp/minio_downloads/1767844157.json
[2026-01-09T08:12:58.154+0000] {logging_mixin.py:188} INFO - Downloaded GOOGL/1767844166.json -> /tmp/minio_downloads/1767844166.json
[2026-01-09T08:12:58.161+0000] {logging_mixin.py:188} INFO - Downloaded GOOGL/1767844175.json -> /tmp/minio_downloads/1767844175.json
[2026-01-09T08:12:58.169+0000] {logging_mixin.py:188} INFO - Downloaded GOOGL/1767844184.json -> /tmp/minio_downloads/1767844184.json
[2026-01-09T08:12:58.178+0000] {logging_mixin.py:188} INFO - Downloaded GOOGL/1767844193.json -> /tmp/minio_downloads/1767844193.json
[2026-01-09T08:12:58.187+0000] {logging_mixin.py:188} INFO - Downloaded GOOGL/1767844202.json -> /tmp/minio_downloads/1767844202.json
[2026-01-09T08:12:58.197+0000] {logging_mixin.py:188} INFO - Downloaded GOOGL/1767844211.json -> /tmp/minio_downloads/1767844211.json
[2026-01-09T08:12:58.213+0000] {logging_mixin.py:188} INFO - Downloaded GOOGL/1767844220.json -> /tmp/minio_downloads/1767844220.json
[2026-01-09T08:12:58.237+0000] {logging_mixin.py:188} INFO - Downloaded GOOGL/1767844229.json -> /tmp/minio_downloads/1767844229.json
[2026-01-09T08:12:58.248+0000] {logging_mixin.py:188} INFO - Downloaded GOOGL/1767844239.json -> /tmp/minio_downloads/1767844239.json
[2026-01-09T08:12:58.258+0000] {logging_mixin.py:188} INFO - Downloaded GOOGL/1767844248.json -> /tmp/minio_downloads/1767844248.json
[2026-01-09T08:12:58.274+0000] {logging_mixin.py:188} INFO - Downloaded GOOGL/1767844257.json -> /tmp/minio_downloads/1767844257.json
[2026-01-09T08:12:58.284+0000] {logging_mixin.py:188} INFO - Downloaded GOOGL/1767844266.json -> /tmp/minio_downloads/1767844266.json
[2026-01-09T08:12:58.297+0000] {logging_mixin.py:188} INFO - Downloaded GOOGL/1767844275.json -> /tmp/minio_downloads/1767844275.json
[2026-01-09T08:12:58.304+0000] {logging_mixin.py:188} INFO - Downloaded GOOGL/1767844284.json -> /tmp/minio_downloads/1767844284.json
[2026-01-09T08:12:58.312+0000] {logging_mixin.py:188} INFO - Downloaded GOOGL/1767844293.json -> /tmp/minio_downloads/1767844293.json
[2026-01-09T08:12:58.324+0000] {logging_mixin.py:188} INFO - Downloaded GOOGL/1767844302.json -> /tmp/minio_downloads/1767844302.json
[2026-01-09T08:12:58.343+0000] {logging_mixin.py:188} INFO - Downloaded GOOGL/1767844311.json -> /tmp/minio_downloads/1767844311.json
[2026-01-09T08:12:58.353+0000] {logging_mixin.py:188} INFO - Downloaded GOOGL/1767844321.json -> /tmp/minio_downloads/1767844321.json
[2026-01-09T08:12:58.364+0000] {logging_mixin.py:188} INFO - Downloaded GOOGL/1767844331.json -> /tmp/minio_downloads/1767844331.json
[2026-01-09T08:12:58.375+0000] {logging_mixin.py:188} INFO - Downloaded GOOGL/1767844340.json -> /tmp/minio_downloads/1767844340.json
[2026-01-09T08:12:58.388+0000] {logging_mixin.py:188} INFO - Downloaded GOOGL/1767844350.json -> /tmp/minio_downloads/1767844350.json
[2026-01-09T08:12:58.398+0000] {logging_mixin.py:188} INFO - Downloaded GOOGL/1767844359.json -> /tmp/minio_downloads/1767844359.json
[2026-01-09T08:12:58.409+0000] {logging_mixin.py:188} INFO - Downloaded GOOGL/1767844368.json -> /tmp/minio_downloads/1767844368.json
[2026-01-09T08:12:58.419+0000] {logging_mixin.py:188} INFO - Downloaded GOOGL/1767844377.json -> /tmp/minio_downloads/1767844377.json
[2026-01-09T08:12:58.427+0000] {logging_mixin.py:188} INFO - Downloaded GOOGL/1767844386.json -> /tmp/minio_downloads/1767844386.json
[2026-01-09T08:12:58.435+0000] {logging_mixin.py:188} INFO - Downloaded GOOGL/1767844394.json -> /tmp/minio_downloads/1767844394.json
[2026-01-09T08:12:58.444+0000] {logging_mixin.py:188} INFO - Downloaded GOOGL/1767844403.json -> /tmp/minio_downloads/1767844403.json
[2026-01-09T08:12:58.450+0000] {logging_mixin.py:188} INFO - Downloaded GOOGL/1767844412.json -> /tmp/minio_downloads/1767844412.json
[2026-01-09T08:12:58.455+0000] {logging_mixin.py:188} INFO - Downloaded GOOGL/1767844421.json -> /tmp/minio_downloads/1767844421.json
[2026-01-09T08:12:58.460+0000] {logging_mixin.py:188} INFO - Downloaded GOOGL/1767844430.json -> /tmp/minio_downloads/1767844430.json
[2026-01-09T08:12:58.466+0000] {logging_mixin.py:188} INFO - Downloaded GOOGL/1767844439.json -> /tmp/minio_downloads/1767844439.json
[2026-01-09T08:12:58.471+0000] {logging_mixin.py:188} INFO - Downloaded GOOGL/1767844448.json -> /tmp/minio_downloads/1767844448.json
[2026-01-09T08:12:58.475+0000] {logging_mixin.py:188} INFO - Downloaded GOOGL/1767844457.json -> /tmp/minio_downloads/1767844457.json
[2026-01-09T08:12:58.480+0000] {logging_mixin.py:188} INFO - Downloaded GOOGL/1767844466.json -> /tmp/minio_downloads/1767844466.json
[2026-01-09T08:12:58.485+0000] {logging_mixin.py:188} INFO - Downloaded GOOGL/1767844475.json -> /tmp/minio_downloads/1767844475.json
[2026-01-09T08:12:58.490+0000] {logging_mixin.py:188} INFO - Downloaded GOOGL/1767844484.json -> /tmp/minio_downloads/1767844484.json
[2026-01-09T08:12:58.494+0000] {logging_mixin.py:188} INFO - Downloaded GOOGL/1767844493.json -> /tmp/minio_downloads/1767844493.json
[2026-01-09T08:12:58.500+0000] {logging_mixin.py:188} INFO - Downloaded GOOGL/1767844502.json -> /tmp/minio_downloads/1767844502.json
[2026-01-09T08:12:58.505+0000] {logging_mixin.py:188} INFO - Downloaded GOOGL/1767913112.json -> /tmp/minio_downloads/1767913112.json
[2026-01-09T08:12:58.510+0000] {logging_mixin.py:188} INFO - Downloaded GOOGL/1767913120.json -> /tmp/minio_downloads/1767913120.json
[2026-01-09T08:12:58.515+0000] {logging_mixin.py:188} INFO - Downloaded GOOGL/1767913129.json -> /tmp/minio_downloads/1767913129.json
[2026-01-09T08:12:58.519+0000] {logging_mixin.py:188} INFO - Downloaded GOOGL/1767913138.json -> /tmp/minio_downloads/1767913138.json
[2026-01-09T08:12:58.524+0000] {logging_mixin.py:188} INFO - Downloaded GOOGL/1767913147.json -> /tmp/minio_downloads/1767913147.json
[2026-01-09T08:12:58.529+0000] {logging_mixin.py:188} INFO - Downloaded GOOGL/1767913157.json -> /tmp/minio_downloads/1767913157.json
[2026-01-09T08:12:58.534+0000] {logging_mixin.py:188} INFO - Downloaded GOOGL/1767913168.json -> /tmp/minio_downloads/1767913168.json
[2026-01-09T08:12:58.539+0000] {logging_mixin.py:188} INFO - Downloaded GOOGL/1767913179.json -> /tmp/minio_downloads/1767913179.json
[2026-01-09T08:12:58.544+0000] {logging_mixin.py:188} INFO - Downloaded GOOGL/1767913191.json -> /tmp/minio_downloads/1767913191.json
[2026-01-09T08:12:58.550+0000] {logging_mixin.py:188} INFO - Downloaded GOOGL/1767913202.json -> /tmp/minio_downloads/1767913202.json
[2026-01-09T08:12:58.555+0000] {logging_mixin.py:188} INFO - Downloaded GOOGL/1767913211.json -> /tmp/minio_downloads/1767913211.json
[2026-01-09T08:12:58.560+0000] {logging_mixin.py:188} INFO - Downloaded GOOGL/1767913221.json -> /tmp/minio_downloads/1767913221.json
[2026-01-09T08:12:58.566+0000] {logging_mixin.py:188} INFO - Downloaded GOOGL/1767913231.json -> /tmp/minio_downloads/1767913231.json
[2026-01-09T08:12:58.571+0000] {logging_mixin.py:188} INFO - Downloaded GOOGL/1767913240.json -> /tmp/minio_downloads/1767913240.json
[2026-01-09T08:12:58.576+0000] {logging_mixin.py:188} INFO - Downloaded GOOGL/1767913250.json -> /tmp/minio_downloads/1767913250.json
[2026-01-09T08:12:58.581+0000] {logging_mixin.py:188} INFO - Downloaded GOOGL/1767913261.json -> /tmp/minio_downloads/1767913261.json
[2026-01-09T08:12:58.587+0000] {logging_mixin.py:188} INFO - Downloaded GOOGL/1767913272.json -> /tmp/minio_downloads/1767913272.json
[2026-01-09T08:12:58.594+0000] {logging_mixin.py:188} INFO - Downloaded GOOGL/1767913283.json -> /tmp/minio_downloads/1767913283.json
[2026-01-09T08:12:58.600+0000] {logging_mixin.py:188} INFO - Downloaded GOOGL/1767913294.json -> /tmp/minio_downloads/1767913294.json
[2026-01-09T08:12:58.605+0000] {logging_mixin.py:188} INFO - Downloaded GOOGL/1767913303.json -> /tmp/minio_downloads/1767913303.json
[2026-01-09T08:12:58.611+0000] {logging_mixin.py:188} INFO - Downloaded GOOGL/1767913312.json -> /tmp/minio_downloads/1767913312.json
[2026-01-09T08:12:58.616+0000] {logging_mixin.py:188} INFO - Downloaded GOOGL/1767913321.json -> /tmp/minio_downloads/1767913321.json
[2026-01-09T08:12:58.621+0000] {logging_mixin.py:188} INFO - Downloaded GOOGL/1767913330.json -> /tmp/minio_downloads/1767913330.json
[2026-01-09T08:12:58.626+0000] {logging_mixin.py:188} INFO - Downloaded GOOGL/1767913341.json -> /tmp/minio_downloads/1767913341.json
[2026-01-09T08:12:58.630+0000] {logging_mixin.py:188} INFO - Downloaded GOOGL/1767913352.json -> /tmp/minio_downloads/1767913352.json
[2026-01-09T08:12:58.635+0000] {logging_mixin.py:188} INFO - Downloaded GOOGL/1767913363.json -> /tmp/minio_downloads/1767913363.json
[2026-01-09T08:12:58.640+0000] {logging_mixin.py:188} INFO - Downloaded MSFT/1767843763.json -> /tmp/minio_downloads/1767843763.json
[2026-01-09T08:12:58.644+0000] {logging_mixin.py:188} INFO - Downloaded MSFT/1767843772.json -> /tmp/minio_downloads/1767843772.json
[2026-01-09T08:12:58.649+0000] {logging_mixin.py:188} INFO - Downloaded MSFT/1767843782.json -> /tmp/minio_downloads/1767843782.json
[2026-01-09T08:12:58.653+0000] {logging_mixin.py:188} INFO - Downloaded MSFT/1767843791.json -> /tmp/minio_downloads/1767843791.json
[2026-01-09T08:12:58.658+0000] {logging_mixin.py:188} INFO - Downloaded MSFT/1767843800.json -> /tmp/minio_downloads/1767843800.json
[2026-01-09T08:12:58.662+0000] {logging_mixin.py:188} INFO - Downloaded MSFT/1767843809.json -> /tmp/minio_downloads/1767843809.json
[2026-01-09T08:12:58.667+0000] {logging_mixin.py:188} INFO - Downloaded MSFT/1767843818.json -> /tmp/minio_downloads/1767843818.json
[2026-01-09T08:12:58.672+0000] {logging_mixin.py:188} INFO - Downloaded MSFT/1767843827.json -> /tmp/minio_downloads/1767843827.json
[2026-01-09T08:12:58.677+0000] {logging_mixin.py:188} INFO - Downloaded MSFT/1767843837.json -> /tmp/minio_downloads/1767843837.json
[2026-01-09T08:12:58.682+0000] {logging_mixin.py:188} INFO - Downloaded MSFT/1767843846.json -> /tmp/minio_downloads/1767843846.json
[2026-01-09T08:12:58.687+0000] {logging_mixin.py:188} INFO - Downloaded MSFT/1767843855.json -> /tmp/minio_downloads/1767843855.json
[2026-01-09T08:12:58.692+0000] {logging_mixin.py:188} INFO - Downloaded MSFT/1767843864.json -> /tmp/minio_downloads/1767843864.json
[2026-01-09T08:12:58.697+0000] {logging_mixin.py:188} INFO - Downloaded MSFT/1767843873.json -> /tmp/minio_downloads/1767843873.json
[2026-01-09T08:12:58.704+0000] {logging_mixin.py:188} INFO - Downloaded MSFT/1767843883.json -> /tmp/minio_downloads/1767843883.json
[2026-01-09T08:12:58.710+0000] {logging_mixin.py:188} INFO - Downloaded MSFT/1767843892.json -> /tmp/minio_downloads/1767843892.json
[2026-01-09T08:12:58.727+0000] {logging_mixin.py:188} INFO - Downloaded MSFT/1767843901.json -> /tmp/minio_downloads/1767843901.json
[2026-01-09T08:12:58.756+0000] {logging_mixin.py:188} INFO - Downloaded MSFT/1767843910.json -> /tmp/minio_downloads/1767843910.json
[2026-01-09T08:12:58.773+0000] {logging_mixin.py:188} INFO - Downloaded MSFT/1767843919.json -> /tmp/minio_downloads/1767843919.json
[2026-01-09T08:12:58.783+0000] {logging_mixin.py:188} INFO - Downloaded MSFT/1767843929.json -> /tmp/minio_downloads/1767843929.json
[2026-01-09T08:12:58.794+0000] {logging_mixin.py:188} INFO - Downloaded MSFT/1767843938.json -> /tmp/minio_downloads/1767843938.json
[2026-01-09T08:12:58.800+0000] {logging_mixin.py:188} INFO - Downloaded MSFT/1767843947.json -> /tmp/minio_downloads/1767843947.json
[2026-01-09T08:12:58.806+0000] {logging_mixin.py:188} INFO - Downloaded MSFT/1767843956.json -> /tmp/minio_downloads/1767843956.json
[2026-01-09T08:12:58.813+0000] {logging_mixin.py:188} INFO - Downloaded MSFT/1767843965.json -> /tmp/minio_downloads/1767843965.json
[2026-01-09T08:12:58.820+0000] {logging_mixin.py:188} INFO - Downloaded MSFT/1767843974.json -> /tmp/minio_downloads/1767843974.json
[2026-01-09T08:12:58.826+0000] {logging_mixin.py:188} INFO - Downloaded MSFT/1767843983.json -> /tmp/minio_downloads/1767843983.json
[2026-01-09T08:12:58.831+0000] {logging_mixin.py:188} INFO - Downloaded MSFT/1767843992.json -> /tmp/minio_downloads/1767843992.json
[2026-01-09T08:12:58.836+0000] {logging_mixin.py:188} INFO - Downloaded MSFT/1767844001.json -> /tmp/minio_downloads/1767844001.json
[2026-01-09T08:12:58.842+0000] {logging_mixin.py:188} INFO - Downloaded MSFT/1767844010.json -> /tmp/minio_downloads/1767844010.json
[2026-01-09T08:12:58.848+0000] {logging_mixin.py:188} INFO - Downloaded MSFT/1767844019.json -> /tmp/minio_downloads/1767844019.json
[2026-01-09T08:12:58.853+0000] {logging_mixin.py:188} INFO - Downloaded MSFT/1767844028.json -> /tmp/minio_downloads/1767844028.json
[2026-01-09T08:12:58.858+0000] {logging_mixin.py:188} INFO - Downloaded MSFT/1767844038.json -> /tmp/minio_downloads/1767844038.json
[2026-01-09T08:12:58.864+0000] {logging_mixin.py:188} INFO - Downloaded MSFT/1767844047.json -> /tmp/minio_downloads/1767844047.json
[2026-01-09T08:12:58.869+0000] {logging_mixin.py:188} INFO - Downloaded MSFT/1767844056.json -> /tmp/minio_downloads/1767844056.json
[2026-01-09T08:12:58.874+0000] {logging_mixin.py:188} INFO - Downloaded MSFT/1767844065.json -> /tmp/minio_downloads/1767844065.json
[2026-01-09T08:12:58.880+0000] {logging_mixin.py:188} INFO - Downloaded MSFT/1767844074.json -> /tmp/minio_downloads/1767844074.json
[2026-01-09T08:12:58.885+0000] {logging_mixin.py:188} INFO - Downloaded MSFT/1767844084.json -> /tmp/minio_downloads/1767844084.json
[2026-01-09T08:12:58.890+0000] {logging_mixin.py:188} INFO - Downloaded MSFT/1767844093.json -> /tmp/minio_downloads/1767844093.json
[2026-01-09T08:12:58.909+0000] {logging_mixin.py:188} INFO - Downloaded MSFT/1767844102.json -> /tmp/minio_downloads/1767844102.json
[2026-01-09T08:12:58.931+0000] {logging_mixin.py:188} INFO - Downloaded MSFT/1767844111.json -> /tmp/minio_downloads/1767844111.json
[2026-01-09T08:12:58.951+0000] {logging_mixin.py:188} INFO - Downloaded MSFT/1767844120.json -> /tmp/minio_downloads/1767844120.json
[2026-01-09T08:12:58.974+0000] {logging_mixin.py:188} INFO - Downloaded MSFT/1767844129.json -> /tmp/minio_downloads/1767844129.json
[2026-01-09T08:12:58.988+0000] {logging_mixin.py:188} INFO - Downloaded MSFT/1767844138.json -> /tmp/minio_downloads/1767844138.json
[2026-01-09T08:12:58.997+0000] {logging_mixin.py:188} INFO - Downloaded MSFT/1767844147.json -> /tmp/minio_downloads/1767844147.json
[2026-01-09T08:12:59.005+0000] {logging_mixin.py:188} INFO - Downloaded MSFT/1767844156.json -> /tmp/minio_downloads/1767844156.json
[2026-01-09T08:12:59.011+0000] {logging_mixin.py:188} INFO - Downloaded MSFT/1767844165.json -> /tmp/minio_downloads/1767844165.json
[2026-01-09T08:12:59.024+0000] {logging_mixin.py:188} INFO - Downloaded MSFT/1767844174.json -> /tmp/minio_downloads/1767844174.json
[2026-01-09T08:12:59.031+0000] {logging_mixin.py:188} INFO - Downloaded MSFT/1767844183.json -> /tmp/minio_downloads/1767844183.json
[2026-01-09T08:12:59.037+0000] {logging_mixin.py:188} INFO - Downloaded MSFT/1767844192.json -> /tmp/minio_downloads/1767844192.json
[2026-01-09T08:12:59.043+0000] {logging_mixin.py:188} INFO - Downloaded MSFT/1767844202.json -> /tmp/minio_downloads/1767844202.json
[2026-01-09T08:12:59.048+0000] {logging_mixin.py:188} INFO - Downloaded MSFT/1767844211.json -> /tmp/minio_downloads/1767844211.json
[2026-01-09T08:12:59.053+0000] {logging_mixin.py:188} INFO - Downloaded MSFT/1767844220.json -> /tmp/minio_downloads/1767844220.json
[2026-01-09T08:12:59.059+0000] {logging_mixin.py:188} INFO - Downloaded MSFT/1767844229.json -> /tmp/minio_downloads/1767844229.json
[2026-01-09T08:12:59.064+0000] {logging_mixin.py:188} INFO - Downloaded MSFT/1767844238.json -> /tmp/minio_downloads/1767844238.json
[2026-01-09T08:12:59.069+0000] {logging_mixin.py:188} INFO - Downloaded MSFT/1767844247.json -> /tmp/minio_downloads/1767844247.json
[2026-01-09T08:12:59.074+0000] {logging_mixin.py:188} INFO - Downloaded MSFT/1767844256.json -> /tmp/minio_downloads/1767844256.json
[2026-01-09T08:12:59.080+0000] {logging_mixin.py:188} INFO - Downloaded MSFT/1767844265.json -> /tmp/minio_downloads/1767844265.json
[2026-01-09T08:12:59.085+0000] {logging_mixin.py:188} INFO - Downloaded MSFT/1767844274.json -> /tmp/minio_downloads/1767844274.json
[2026-01-09T08:12:59.091+0000] {logging_mixin.py:188} INFO - Downloaded MSFT/1767844283.json -> /tmp/minio_downloads/1767844283.json
[2026-01-09T08:12:59.097+0000] {logging_mixin.py:188} INFO - Downloaded MSFT/1767844292.json -> /tmp/minio_downloads/1767844292.json
[2026-01-09T08:12:59.106+0000] {logging_mixin.py:188} INFO - Downloaded MSFT/1767844301.json -> /tmp/minio_downloads/1767844301.json
[2026-01-09T08:12:59.113+0000] {logging_mixin.py:188} INFO - Downloaded MSFT/1767844310.json -> /tmp/minio_downloads/1767844310.json
[2026-01-09T08:12:59.124+0000] {logging_mixin.py:188} INFO - Downloaded MSFT/1767844320.json -> /tmp/minio_downloads/1767844320.json
[2026-01-09T08:12:59.131+0000] {logging_mixin.py:188} INFO - Downloaded MSFT/1767844330.json -> /tmp/minio_downloads/1767844330.json
[2026-01-09T08:12:59.139+0000] {logging_mixin.py:188} INFO - Downloaded MSFT/1767844339.json -> /tmp/minio_downloads/1767844339.json
[2026-01-09T08:12:59.155+0000] {logging_mixin.py:188} INFO - Downloaded MSFT/1767844349.json -> /tmp/minio_downloads/1767844349.json
[2026-01-09T08:12:59.172+0000] {logging_mixin.py:188} INFO - Downloaded MSFT/1767844358.json -> /tmp/minio_downloads/1767844358.json
[2026-01-09T08:12:59.188+0000] {logging_mixin.py:188} INFO - Downloaded MSFT/1767844367.json -> /tmp/minio_downloads/1767844367.json
[2026-01-09T08:12:59.196+0000] {logging_mixin.py:188} INFO - Downloaded MSFT/1767844376.json -> /tmp/minio_downloads/1767844376.json
[2026-01-09T08:12:59.205+0000] {logging_mixin.py:188} INFO - Downloaded MSFT/1767844385.json -> /tmp/minio_downloads/1767844385.json
[2026-01-09T08:12:59.216+0000] {logging_mixin.py:188} INFO - Downloaded MSFT/1767844394.json -> /tmp/minio_downloads/1767844394.json
[2026-01-09T08:12:59.225+0000] {logging_mixin.py:188} INFO - Downloaded MSFT/1767844403.json -> /tmp/minio_downloads/1767844403.json
[2026-01-09T08:12:59.232+0000] {logging_mixin.py:188} INFO - Downloaded MSFT/1767844412.json -> /tmp/minio_downloads/1767844412.json
[2026-01-09T08:12:59.239+0000] {logging_mixin.py:188} INFO - Downloaded MSFT/1767844421.json -> /tmp/minio_downloads/1767844421.json
[2026-01-09T08:12:59.248+0000] {logging_mixin.py:188} INFO - Downloaded MSFT/1767844430.json -> /tmp/minio_downloads/1767844430.json
[2026-01-09T08:12:59.259+0000] {logging_mixin.py:188} INFO - Downloaded MSFT/1767844439.json -> /tmp/minio_downloads/1767844439.json
[2026-01-09T08:12:59.270+0000] {logging_mixin.py:188} INFO - Downloaded MSFT/1767844448.json -> /tmp/minio_downloads/1767844448.json
[2026-01-09T08:12:59.279+0000] {logging_mixin.py:188} INFO - Downloaded MSFT/1767844457.json -> /tmp/minio_downloads/1767844457.json
[2026-01-09T08:12:59.291+0000] {logging_mixin.py:188} INFO - Downloaded MSFT/1767844466.json -> /tmp/minio_downloads/1767844466.json
[2026-01-09T08:12:59.299+0000] {logging_mixin.py:188} INFO - Downloaded MSFT/1767844475.json -> /tmp/minio_downloads/1767844475.json
[2026-01-09T08:12:59.306+0000] {logging_mixin.py:188} INFO - Downloaded MSFT/1767844483.json -> /tmp/minio_downloads/1767844483.json
[2026-01-09T08:12:59.320+0000] {logging_mixin.py:188} INFO - Downloaded MSFT/1767844492.json -> /tmp/minio_downloads/1767844492.json
[2026-01-09T08:12:59.332+0000] {logging_mixin.py:188} INFO - Downloaded MSFT/1767844501.json -> /tmp/minio_downloads/1767844501.json
[2026-01-09T08:12:59.345+0000] {logging_mixin.py:188} INFO - Downloaded MSFT/1767913111.json -> /tmp/minio_downloads/1767913111.json
[2026-01-09T08:12:59.353+0000] {logging_mixin.py:188} INFO - Downloaded MSFT/1767913120.json -> /tmp/minio_downloads/1767913120.json
[2026-01-09T08:12:59.360+0000] {logging_mixin.py:188} INFO - Downloaded MSFT/1767913128.json -> /tmp/minio_downloads/1767913128.json
[2026-01-09T08:12:59.366+0000] {logging_mixin.py:188} INFO - Downloaded MSFT/1767913137.json -> /tmp/minio_downloads/1767913137.json
[2026-01-09T08:12:59.373+0000] {logging_mixin.py:188} INFO - Downloaded MSFT/1767913146.json -> /tmp/minio_downloads/1767913146.json
[2026-01-09T08:12:59.383+0000] {logging_mixin.py:188} INFO - Downloaded MSFT/1767913156.json -> /tmp/minio_downloads/1767913156.json
[2026-01-09T08:12:59.389+0000] {logging_mixin.py:188} INFO - Downloaded MSFT/1767913166.json -> /tmp/minio_downloads/1767913166.json
[2026-01-09T08:12:59.394+0000] {logging_mixin.py:188} INFO - Downloaded MSFT/1767913177.json -> /tmp/minio_downloads/1767913177.json
[2026-01-09T08:12:59.400+0000] {logging_mixin.py:188} INFO - Downloaded MSFT/1767913189.json -> /tmp/minio_downloads/1767913189.json
[2026-01-09T08:12:59.408+0000] {logging_mixin.py:188} INFO - Downloaded MSFT/1767913200.json -> /tmp/minio_downloads/1767913200.json
[2026-01-09T08:12:59.414+0000] {logging_mixin.py:188} INFO - Downloaded MSFT/1767913211.json -> /tmp/minio_downloads/1767913211.json
[2026-01-09T08:12:59.420+0000] {logging_mixin.py:188} INFO - Downloaded MSFT/1767913219.json -> /tmp/minio_downloads/1767913219.json
[2026-01-09T08:12:59.426+0000] {logging_mixin.py:188} INFO - Downloaded MSFT/1767913230.json -> /tmp/minio_downloads/1767913230.json
[2026-01-09T08:12:59.432+0000] {logging_mixin.py:188} INFO - Downloaded MSFT/1767913239.json -> /tmp/minio_downloads/1767913239.json
[2026-01-09T08:12:59.438+0000] {logging_mixin.py:188} INFO - Downloaded MSFT/1767913249.json -> /tmp/minio_downloads/1767913249.json
[2026-01-09T08:12:59.443+0000] {logging_mixin.py:188} INFO - Downloaded MSFT/1767913260.json -> /tmp/minio_downloads/1767913260.json
[2026-01-09T08:12:59.449+0000] {logging_mixin.py:188} INFO - Downloaded MSFT/1767913270.json -> /tmp/minio_downloads/1767913270.json
[2026-01-09T08:12:59.455+0000] {logging_mixin.py:188} INFO - Downloaded MSFT/1767913281.json -> /tmp/minio_downloads/1767913281.json
[2026-01-09T08:12:59.462+0000] {logging_mixin.py:188} INFO - Downloaded MSFT/1767913292.json -> /tmp/minio_downloads/1767913292.json
[2026-01-09T08:12:59.469+0000] {logging_mixin.py:188} INFO - Downloaded MSFT/1767913302.json -> /tmp/minio_downloads/1767913302.json
[2026-01-09T08:12:59.475+0000] {logging_mixin.py:188} INFO - Downloaded MSFT/1767913311.json -> /tmp/minio_downloads/1767913311.json
[2026-01-09T08:12:59.482+0000] {logging_mixin.py:188} INFO - Downloaded MSFT/1767913320.json -> /tmp/minio_downloads/1767913320.json
[2026-01-09T08:12:59.488+0000] {logging_mixin.py:188} INFO - Downloaded MSFT/1767913329.json -> /tmp/minio_downloads/1767913329.json
[2026-01-09T08:12:59.494+0000] {logging_mixin.py:188} INFO - Downloaded MSFT/1767913339.json -> /tmp/minio_downloads/1767913339.json
[2026-01-09T08:12:59.500+0000] {logging_mixin.py:188} INFO - Downloaded MSFT/1767913350.json -> /tmp/minio_downloads/1767913350.json
[2026-01-09T08:12:59.506+0000] {logging_mixin.py:188} INFO - Downloaded MSFT/1767913361.json -> /tmp/minio_downloads/1767913361.json
[2026-01-09T08:12:59.512+0000] {logging_mixin.py:188} INFO - Downloaded TSLA/1767843764.json -> /tmp/minio_downloads/1767843764.json
[2026-01-09T08:12:59.519+0000] {logging_mixin.py:188} INFO - Downloaded TSLA/1767843773.json -> /tmp/minio_downloads/1767843773.json
[2026-01-09T08:12:59.525+0000] {logging_mixin.py:188} INFO - Downloaded TSLA/1767843782.json -> /tmp/minio_downloads/1767843782.json
[2026-01-09T08:12:59.531+0000] {logging_mixin.py:188} INFO - Downloaded TSLA/1767843791.json -> /tmp/minio_downloads/1767843791.json
[2026-01-09T08:12:59.537+0000] {logging_mixin.py:188} INFO - Downloaded TSLA/1767843800.json -> /tmp/minio_downloads/1767843800.json
[2026-01-09T08:12:59.543+0000] {logging_mixin.py:188} INFO - Downloaded TSLA/1767843810.json -> /tmp/minio_downloads/1767843810.json
[2026-01-09T08:12:59.549+0000] {logging_mixin.py:188} INFO - Downloaded TSLA/1767843819.json -> /tmp/minio_downloads/1767843819.json
[2026-01-09T08:12:59.555+0000] {logging_mixin.py:188} INFO - Downloaded TSLA/1767843828.json -> /tmp/minio_downloads/1767843828.json
[2026-01-09T08:12:59.560+0000] {logging_mixin.py:188} INFO - Downloaded TSLA/1767843837.json -> /tmp/minio_downloads/1767843837.json
[2026-01-09T08:12:59.566+0000] {logging_mixin.py:188} INFO - Downloaded TSLA/1767843846.json -> /tmp/minio_downloads/1767843846.json
[2026-01-09T08:12:59.571+0000] {logging_mixin.py:188} INFO - Downloaded TSLA/1767843855.json -> /tmp/minio_downloads/1767843855.json
[2026-01-09T08:12:59.579+0000] {logging_mixin.py:188} INFO - Downloaded TSLA/1767843865.json -> /tmp/minio_downloads/1767843865.json
[2026-01-09T08:12:59.593+0000] {logging_mixin.py:188} INFO - Downloaded TSLA/1767843874.json -> /tmp/minio_downloads/1767843874.json
[2026-01-09T08:12:59.601+0000] {logging_mixin.py:188} INFO - Downloaded TSLA/1767843883.json -> /tmp/minio_downloads/1767843883.json
[2026-01-09T08:12:59.608+0000] {logging_mixin.py:188} INFO - Downloaded TSLA/1767843892.json -> /tmp/minio_downloads/1767843892.json
[2026-01-09T08:12:59.619+0000] {logging_mixin.py:188} INFO - Downloaded TSLA/1767843901.json -> /tmp/minio_downloads/1767843901.json
[2026-01-09T08:12:59.629+0000] {logging_mixin.py:188} INFO - Downloaded TSLA/1767843910.json -> /tmp/minio_downloads/1767843910.json
[2026-01-09T08:12:59.639+0000] {logging_mixin.py:188} INFO - Downloaded TSLA/1767843920.json -> /tmp/minio_downloads/1767843920.json
[2026-01-09T08:12:59.646+0000] {logging_mixin.py:188} INFO - Downloaded TSLA/1767843929.json -> /tmp/minio_downloads/1767843929.json
[2026-01-09T08:12:59.673+0000] {logging_mixin.py:188} INFO - Downloaded TSLA/1767843939.json -> /tmp/minio_downloads/1767843939.json
[2026-01-09T08:12:59.681+0000] {logging_mixin.py:188} INFO - Downloaded TSLA/1767843948.json -> /tmp/minio_downloads/1767843948.json
[2026-01-09T08:12:59.707+0000] {logging_mixin.py:188} INFO - Downloaded TSLA/1767843957.json -> /tmp/minio_downloads/1767843957.json
[2026-01-09T08:12:59.722+0000] {logging_mixin.py:188} INFO - Downloaded TSLA/1767843966.json -> /tmp/minio_downloads/1767843966.json
[2026-01-09T08:12:59.732+0000] {logging_mixin.py:188} INFO - Downloaded TSLA/1767843975.json -> /tmp/minio_downloads/1767843975.json
[2026-01-09T08:12:59.740+0000] {logging_mixin.py:188} INFO - Downloaded TSLA/1767843984.json -> /tmp/minio_downloads/1767843984.json
[2026-01-09T08:12:59.749+0000] {logging_mixin.py:188} INFO - Downloaded TSLA/1767843993.json -> /tmp/minio_downloads/1767843993.json
[2026-01-09T08:12:59.757+0000] {logging_mixin.py:188} INFO - Downloaded TSLA/1767844002.json -> /tmp/minio_downloads/1767844002.json
[2026-01-09T08:12:59.765+0000] {logging_mixin.py:188} INFO - Downloaded TSLA/1767844011.json -> /tmp/minio_downloads/1767844011.json
[2026-01-09T08:12:59.770+0000] {logging_mixin.py:188} INFO - Downloaded TSLA/1767844020.json -> /tmp/minio_downloads/1767844020.json
[2026-01-09T08:12:59.778+0000] {logging_mixin.py:188} INFO - Downloaded TSLA/1767844029.json -> /tmp/minio_downloads/1767844029.json
[2026-01-09T08:12:59.788+0000] {logging_mixin.py:188} INFO - Downloaded TSLA/1767844038.json -> /tmp/minio_downloads/1767844038.json
[2026-01-09T08:12:59.794+0000] {logging_mixin.py:188} INFO - Downloaded TSLA/1767844047.json -> /tmp/minio_downloads/1767844047.json
[2026-01-09T08:12:59.799+0000] {logging_mixin.py:188} INFO - Downloaded TSLA/1767844056.json -> /tmp/minio_downloads/1767844056.json
[2026-01-09T08:12:59.805+0000] {logging_mixin.py:188} INFO - Downloaded TSLA/1767844065.json -> /tmp/minio_downloads/1767844065.json
[2026-01-09T08:12:59.810+0000] {logging_mixin.py:188} INFO - Downloaded TSLA/1767844074.json -> /tmp/minio_downloads/1767844074.json
[2026-01-09T08:12:59.815+0000] {logging_mixin.py:188} INFO - Downloaded TSLA/1767844084.json -> /tmp/minio_downloads/1767844084.json
[2026-01-09T08:12:59.821+0000] {logging_mixin.py:188} INFO - Downloaded TSLA/1767844093.json -> /tmp/minio_downloads/1767844093.json
[2026-01-09T08:12:59.826+0000] {logging_mixin.py:188} INFO - Downloaded TSLA/1767844102.json -> /tmp/minio_downloads/1767844102.json
[2026-01-09T08:12:59.831+0000] {logging_mixin.py:188} INFO - Downloaded TSLA/1767844112.json -> /tmp/minio_downloads/1767844112.json
[2026-01-09T08:12:59.836+0000] {logging_mixin.py:188} INFO - Downloaded TSLA/1767844121.json -> /tmp/minio_downloads/1767844121.json
[2026-01-09T08:12:59.842+0000] {logging_mixin.py:188} INFO - Downloaded TSLA/1767844130.json -> /tmp/minio_downloads/1767844130.json
[2026-01-09T08:12:59.848+0000] {logging_mixin.py:188} INFO - Downloaded TSLA/1767844138.json -> /tmp/minio_downloads/1767844138.json
[2026-01-09T08:12:59.853+0000] {logging_mixin.py:188} INFO - Downloaded TSLA/1767844147.json -> /tmp/minio_downloads/1767844147.json
[2026-01-09T08:12:59.860+0000] {logging_mixin.py:188} INFO - Downloaded TSLA/1767844157.json -> /tmp/minio_downloads/1767844157.json
[2026-01-09T08:12:59.876+0000] {logging_mixin.py:188} INFO - Downloaded TSLA/1767844165.json -> /tmp/minio_downloads/1767844165.json
[2026-01-09T08:12:59.882+0000] {logging_mixin.py:188} INFO - Downloaded TSLA/1767844175.json -> /tmp/minio_downloads/1767844175.json
[2026-01-09T08:12:59.889+0000] {logging_mixin.py:188} INFO - Downloaded TSLA/1767844184.json -> /tmp/minio_downloads/1767844184.json
[2026-01-09T08:12:59.895+0000] {logging_mixin.py:188} INFO - Downloaded TSLA/1767844193.json -> /tmp/minio_downloads/1767844193.json
[2026-01-09T08:12:59.901+0000] {logging_mixin.py:188} INFO - Downloaded TSLA/1767844202.json -> /tmp/minio_downloads/1767844202.json
[2026-01-09T08:12:59.908+0000] {logging_mixin.py:188} INFO - Downloaded TSLA/1767844211.json -> /tmp/minio_downloads/1767844211.json
[2026-01-09T08:12:59.914+0000] {logging_mixin.py:188} INFO - Downloaded TSLA/1767844220.json -> /tmp/minio_downloads/1767844220.json
[2026-01-09T08:12:59.921+0000] {logging_mixin.py:188} INFO - Downloaded TSLA/1767844229.json -> /tmp/minio_downloads/1767844229.json
[2026-01-09T08:12:59.926+0000] {logging_mixin.py:188} INFO - Downloaded TSLA/1767844238.json -> /tmp/minio_downloads/1767844238.json
[2026-01-09T08:12:59.931+0000] {logging_mixin.py:188} INFO - Downloaded TSLA/1767844247.json -> /tmp/minio_downloads/1767844247.json
[2026-01-09T08:12:59.936+0000] {logging_mixin.py:188} INFO - Downloaded TSLA/1767844256.json -> /tmp/minio_downloads/1767844256.json
[2026-01-09T08:12:59.940+0000] {logging_mixin.py:188} INFO - Downloaded TSLA/1767844265.json -> /tmp/minio_downloads/1767844265.json
[2026-01-09T08:12:59.945+0000] {logging_mixin.py:188} INFO - Downloaded TSLA/1767844274.json -> /tmp/minio_downloads/1767844274.json
[2026-01-09T08:12:59.950+0000] {logging_mixin.py:188} INFO - Downloaded TSLA/1767844284.json -> /tmp/minio_downloads/1767844284.json
[2026-01-09T08:12:59.959+0000] {logging_mixin.py:188} INFO - Downloaded TSLA/1767844293.json -> /tmp/minio_downloads/1767844293.json
[2026-01-09T08:12:59.974+0000] {logging_mixin.py:188} INFO - Downloaded TSLA/1767844302.json -> /tmp/minio_downloads/1767844302.json
[2026-01-09T08:12:59.981+0000] {logging_mixin.py:188} INFO - Downloaded TSLA/1767844311.json -> /tmp/minio_downloads/1767844311.json
[2026-01-09T08:12:59.987+0000] {logging_mixin.py:188} INFO - Downloaded TSLA/1767844320.json -> /tmp/minio_downloads/1767844320.json
[2026-01-09T08:12:59.994+0000] {logging_mixin.py:188} INFO - Downloaded TSLA/1767844330.json -> /tmp/minio_downloads/1767844330.json
[2026-01-09T08:13:00.002+0000] {logging_mixin.py:188} INFO - Downloaded TSLA/1767844340.json -> /tmp/minio_downloads/1767844340.json
[2026-01-09T08:13:00.010+0000] {logging_mixin.py:188} INFO - Downloaded TSLA/1767844349.json -> /tmp/minio_downloads/1767844349.json
[2026-01-09T08:13:00.018+0000] {logging_mixin.py:188} INFO - Downloaded TSLA/1767844358.json -> /tmp/minio_downloads/1767844358.json
[2026-01-09T08:13:00.034+0000] {logging_mixin.py:188} INFO - Downloaded TSLA/1767844367.json -> /tmp/minio_downloads/1767844367.json
[2026-01-09T08:13:00.047+0000] {logging_mixin.py:188} INFO - Downloaded TSLA/1767844376.json -> /tmp/minio_downloads/1767844376.json
[2026-01-09T08:13:00.060+0000] {logging_mixin.py:188} INFO - Downloaded TSLA/1767844385.json -> /tmp/minio_downloads/1767844385.json
[2026-01-09T08:13:00.074+0000] {logging_mixin.py:188} INFO - Downloaded TSLA/1767844394.json -> /tmp/minio_downloads/1767844394.json
[2026-01-09T08:13:00.088+0000] {logging_mixin.py:188} INFO - Downloaded TSLA/1767844403.json -> /tmp/minio_downloads/1767844403.json
[2026-01-09T08:13:00.096+0000] {logging_mixin.py:188} INFO - Downloaded TSLA/1767844412.json -> /tmp/minio_downloads/1767844412.json
[2026-01-09T08:13:00.107+0000] {logging_mixin.py:188} INFO - Downloaded TSLA/1767844421.json -> /tmp/minio_downloads/1767844421.json
[2026-01-09T08:13:00.114+0000] {logging_mixin.py:188} INFO - Downloaded TSLA/1767844430.json -> /tmp/minio_downloads/1767844430.json
[2026-01-09T08:13:00.121+0000] {logging_mixin.py:188} INFO - Downloaded TSLA/1767844439.json -> /tmp/minio_downloads/1767844439.json
[2026-01-09T08:13:00.131+0000] {logging_mixin.py:188} INFO - Downloaded TSLA/1767844448.json -> /tmp/minio_downloads/1767844448.json
[2026-01-09T08:13:00.137+0000] {logging_mixin.py:188} INFO - Downloaded TSLA/1767844457.json -> /tmp/minio_downloads/1767844457.json
[2026-01-09T08:13:00.143+0000] {logging_mixin.py:188} INFO - Downloaded TSLA/1767844466.json -> /tmp/minio_downloads/1767844466.json
[2026-01-09T08:13:00.151+0000] {logging_mixin.py:188} INFO - Downloaded TSLA/1767844475.json -> /tmp/minio_downloads/1767844475.json
[2026-01-09T08:13:00.158+0000] {logging_mixin.py:188} INFO - Downloaded TSLA/1767844484.json -> /tmp/minio_downloads/1767844484.json
[2026-01-09T08:13:00.164+0000] {logging_mixin.py:188} INFO - Downloaded TSLA/1767844493.json -> /tmp/minio_downloads/1767844493.json
[2026-01-09T08:13:00.170+0000] {logging_mixin.py:188} INFO - Downloaded TSLA/1767844502.json -> /tmp/minio_downloads/1767844502.json
[2026-01-09T08:13:00.174+0000] {logging_mixin.py:188} INFO - Downloaded TSLA/1767913111.json -> /tmp/minio_downloads/1767913111.json
[2026-01-09T08:13:00.180+0000] {logging_mixin.py:188} INFO - Downloaded TSLA/1767913120.json -> /tmp/minio_downloads/1767913120.json
[2026-01-09T08:13:00.184+0000] {logging_mixin.py:188} INFO - Downloaded TSLA/1767913129.json -> /tmp/minio_downloads/1767913129.json
[2026-01-09T08:13:00.189+0000] {logging_mixin.py:188} INFO - Downloaded TSLA/1767913138.json -> /tmp/minio_downloads/1767913138.json
[2026-01-09T08:13:00.194+0000] {logging_mixin.py:188} INFO - Downloaded TSLA/1767913146.json -> /tmp/minio_downloads/1767913146.json
[2026-01-09T08:13:00.199+0000] {logging_mixin.py:188} INFO - Downloaded TSLA/1767913156.json -> /tmp/minio_downloads/1767913156.json
[2026-01-09T08:13:00.204+0000] {logging_mixin.py:188} INFO - Downloaded TSLA/1767913167.json -> /tmp/minio_downloads/1767913167.json
[2026-01-09T08:13:00.209+0000] {logging_mixin.py:188} INFO - Downloaded TSLA/1767913178.json -> /tmp/minio_downloads/1767913178.json
[2026-01-09T08:13:00.214+0000] {logging_mixin.py:188} INFO - Downloaded TSLA/1767913190.json -> /tmp/minio_downloads/1767913190.json
[2026-01-09T08:13:00.220+0000] {logging_mixin.py:188} INFO - Downloaded TSLA/1767913201.json -> /tmp/minio_downloads/1767913201.json
[2026-01-09T08:13:00.225+0000] {logging_mixin.py:188} INFO - Downloaded TSLA/1767913211.json -> /tmp/minio_downloads/1767913211.json
[2026-01-09T08:13:00.248+0000] {logging_mixin.py:188} INFO - Downloaded TSLA/1767913220.json -> /tmp/minio_downloads/1767913220.json
[2026-01-09T08:13:00.269+0000] {logging_mixin.py:188} INFO - Downloaded TSLA/1767913230.json -> /tmp/minio_downloads/1767913230.json
[2026-01-09T08:13:00.280+0000] {logging_mixin.py:188} INFO - Downloaded TSLA/1767913239.json -> /tmp/minio_downloads/1767913239.json
[2026-01-09T08:13:00.291+0000] {logging_mixin.py:188} INFO - Downloaded TSLA/1767913250.json -> /tmp/minio_downloads/1767913250.json
[2026-01-09T08:13:00.297+0000] {logging_mixin.py:188} INFO - Downloaded TSLA/1767913260.json -> /tmp/minio_downloads/1767913260.json
[2026-01-09T08:13:00.303+0000] {logging_mixin.py:188} INFO - Downloaded TSLA/1767913271.json -> /tmp/minio_downloads/1767913271.json
[2026-01-09T08:13:00.308+0000] {logging_mixin.py:188} INFO - Downloaded TSLA/1767913282.json -> /tmp/minio_downloads/1767913282.json
[2026-01-09T08:13:00.315+0000] {logging_mixin.py:188} INFO - Downloaded TSLA/1767913294.json -> /tmp/minio_downloads/1767913294.json
[2026-01-09T08:13:00.320+0000] {logging_mixin.py:188} INFO - Downloaded TSLA/1767913303.json -> /tmp/minio_downloads/1767913303.json
[2026-01-09T08:13:00.324+0000] {logging_mixin.py:188} INFO - Downloaded TSLA/1767913312.json -> /tmp/minio_downloads/1767913312.json
[2026-01-09T08:13:00.332+0000] {logging_mixin.py:188} INFO - Downloaded TSLA/1767913321.json -> /tmp/minio_downloads/1767913321.json
[2026-01-09T08:13:00.337+0000] {logging_mixin.py:188} INFO - Downloaded TSLA/1767913330.json -> /tmp/minio_downloads/1767913330.json
[2026-01-09T08:13:00.344+0000] {logging_mixin.py:188} INFO - Downloaded TSLA/1767913340.json -> /tmp/minio_downloads/1767913340.json
[2026-01-09T08:13:00.350+0000] {logging_mixin.py:188} INFO - Downloaded TSLA/1767913351.json -> /tmp/minio_downloads/1767913351.json
[2026-01-09T08:13:00.355+0000] {logging_mixin.py:188} INFO - Downloaded TSLA/1767913362.json -> /tmp/minio_downloads/1767913362.json
[2026-01-09T08:13:00.357+0000] {python.py:237} INFO - Done. Returned value was: ['/tmp/minio_downloads/1767843763.json', '/tmp/minio_downloads/1767843772.json', '/tmp/minio_downloads/1767843781.json', '/tmp/minio_downloads/1767843790.json', '/tmp/minio_downloads/1767843799.json', '/tmp/minio_downloads/1767843809.json', '/tmp/minio_downloads/1767843818.json', '/tmp/minio_downloads/1767843827.json', '/tmp/minio_downloads/1767843836.json', '/tmp/minio_downloads/1767843845.json', '/tmp/minio_downloads/1767843854.json', '/tmp/minio_downloads/1767843864.json', '/tmp/minio_downloads/1767843873.json', '/tmp/minio_downloads/1767843882.json', '/tmp/minio_downloads/1767843891.json', '/tmp/minio_downloads/1767843900.json', '/tmp/minio_downloads/1767843910.json', '/tmp/minio_downloads/1767843919.json', '/tmp/minio_downloads/1767843928.json', '/tmp/minio_downloads/1767843938.json', '/tmp/minio_downloads/1767843947.json', '/tmp/minio_downloads/1767843956.json', '/tmp/minio_downloads/1767843965.json', '/tmp/minio_downloads/1767843974.json', '/tmp/minio_downloads/1767843983.json', '/tmp/minio_downloads/1767843992.json', '/tmp/minio_downloads/1767844001.json', '/tmp/minio_downloads/1767844010.json', '/tmp/minio_downloads/1767844019.json', '/tmp/minio_downloads/1767844028.json', '/tmp/minio_downloads/1767844037.json', '/tmp/minio_downloads/1767844046.json', '/tmp/minio_downloads/1767844055.json', '/tmp/minio_downloads/1767844064.json', '/tmp/minio_downloads/1767844073.json', '/tmp/minio_downloads/1767844083.json', '/tmp/minio_downloads/1767844093.json', '/tmp/minio_downloads/1767844101.json', '/tmp/minio_downloads/1767844111.json', '/tmp/minio_downloads/1767844120.json', '/tmp/minio_downloads/1767844129.json', '/tmp/minio_downloads/1767844138.json', '/tmp/minio_downloads/1767844147.json', '/tmp/minio_downloads/1767844156.json', '/tmp/minio_downloads/1767844165.json', '/tmp/minio_downloads/1767844174.json', '/tmp/minio_downloads/1767844183.json', '/tmp/minio_downloads/1767844192.json', '/tmp/minio_downloads/1767844201.json', '/tmp/minio_downloads/1767844210.json', '/tmp/minio_downloads/1767844219.json', '/tmp/minio_downloads/1767844228.json', '/tmp/minio_downloads/1767844237.json', '/tmp/minio_downloads/1767844246.json', '/tmp/minio_downloads/1767844256.json', '/tmp/minio_downloads/1767844265.json', '/tmp/minio_downloads/1767844274.json', '/tmp/minio_downloads/1767844283.json', '/tmp/minio_downloads/1767844292.json', '/tmp/minio_downloads/1767844301.json', '/tmp/minio_downloads/1767844310.json', '/tmp/minio_downloads/1767844319.json', '/tmp/minio_downloads/1767844329.json', '/tmp/minio_downloads/1767844339.json', '/tmp/minio_downloads/1767844348.json', '/tmp/minio_downloads/1767844357.json', '/tmp/minio_downloads/1767844366.json', '/tmp/minio_downloads/1767844375.json', '/tmp/minio_downloads/1767844384.json', '/tmp/minio_downloads/1767844393.json', '/tmp/minio_downloads/1767844402.json', '/tmp/minio_downloads/1767844411.json', '/tmp/minio_downloads/1767844420.json', '/tmp/minio_downloads/1767844429.json', '/tmp/minio_downloads/1767844438.json', '/tmp/minio_downloads/1767844447.json', '/tmp/minio_downloads/1767844456.json', '/tmp/minio_downloads/1767844465.json', '/tmp/minio_downloads/1767844474.json', '/tmp/minio_downloads/1767844483.json', '/tmp/minio_downloads/1767844492.json', '/tmp/minio_downloads/1767844501.json', '/tmp/minio_downloads/1767913110.json', '/tmp/minio_downloads/1767913119.json', '/tmp/minio_downloads/1767913128.json', '/tmp/minio_downloads/1767913137.json', '/tmp/minio_downloads/1767913146.json', '/tmp/minio_downloads/1767913155.json', '/tmp/minio_downloads/1767913166.json', '/tmp/minio_downloads/1767913176.json', '/tmp/minio_downloads/1767913188.json', '/tmp/minio_downloads/1767913200.json', '/tmp/minio_downloads/1767913210.json', '/tmp/minio_downloads/1767913219.json', '/tmp/minio_downloads/1767913229.json', '/tmp/minio_downloads/1767913238.json', '/tmp/minio_downloads/1767913248.json', '/tmp/minio_downloads/1767913259.json', '/tmp/minio_downloads/1767913270.json', '/tmp/minio_downloads/1767913280.json', '/tmp/minio_downloads/1767913292.json', '/tmp/minio_downloads/1767913302.json', '/tmp/minio_downloads/1767913311.json', '/tmp/minio_downloads/1767913320.json', '/tmp/minio_downloads/1767913329.json', '/tmp/minio_downloads/1767913338.json', '/tmp/minio_downloads/1767913349.json', '/tmp/minio_downloads/1767913360.json', '/tmp/minio_downloads/1767843764.json', '/tmp/minio_downloads/1767843774.json', '/tmp/minio_downloads/1767843783.json', '/tmp/minio_downloads/1767843792.json', '/tmp/minio_downloads/1767843801.json', '/tmp/minio_downloads/1767843810.json', '/tmp/minio_downloads/1767843820.json', '/tmp/minio_downloads/1767843829.json', '/tmp/minio_downloads/1767843838.json', '/tmp/minio_downloads/1767843847.json', '/tmp/minio_downloads/1767843856.json', '/tmp/minio_downloads/1767843865.json', '/tmp/minio_downloads/1767843875.json', '/tmp/minio_downloads/1767843884.json', '/tmp/minio_downloads/1767843893.json', '/tmp/minio_downloads/1767843902.json', '/tmp/minio_downloads/1767843911.json', '/tmp/minio_downloads/1767843921.json', '/tmp/minio_downloads/1767843930.json', '/tmp/minio_downloads/1767843939.json', '/tmp/minio_downloads/1767843948.json', '/tmp/minio_downloads/1767843958.json', '/tmp/minio_downloads/1767843967.json', '/tmp/minio_downloads/1767843976.json', '/tmp/minio_downloads/1767843984.json', '/tmp/minio_downloads/1767843993.json', '/tmp/minio_downloads/1767844003.json', '/tmp/minio_downloads/1767844012.json', '/tmp/minio_downloads/1767844021.json', '/tmp/minio_downloads/1767844030.json', '/tmp/minio_downloads/1767844039.json', '/tmp/minio_downloads/1767844048.json', '/tmp/minio_downloads/1767844057.json', '/tmp/minio_downloads/1767844066.json', '/tmp/minio_downloads/1767844075.json', '/tmp/minio_downloads/1767844085.json', '/tmp/minio_downloads/1767844094.json', '/tmp/minio_downloads/1767844103.json', '/tmp/minio_downloads/1767844112.json', '/tmp/minio_downloads/1767844121.json', '/tmp/minio_downloads/1767844130.json', '/tmp/minio_downloads/1767844139.json', '/tmp/minio_downloads/1767844148.json', '/tmp/minio_downloads/1767844157.json', '/tmp/minio_downloads/1767844166.json', '/tmp/minio_downloads/1767844175.json', '/tmp/minio_downloads/1767844184.json', '/tmp/minio_downloads/1767844194.json', '/tmp/minio_downloads/1767844203.json', '/tmp/minio_downloads/1767844212.json', '/tmp/minio_downloads/1767844221.json', '/tmp/minio_downloads/1767844230.json', '/tmp/minio_downloads/1767844239.json', '/tmp/minio_downloads/1767844248.json', '/tmp/minio_downloads/1767844257.json', '/tmp/minio_downloads/1767844266.json', '/tmp/minio_downloads/1767844275.json', '/tmp/minio_downloads/1767844284.json', '/tmp/minio_downloads/1767844293.json', '/tmp/minio_downloads/1767844303.json', '/tmp/minio_downloads/1767844312.json', '/tmp/minio_downloads/1767844322.json', '/tmp/minio_downloads/1767844331.json', '/tmp/minio_downloads/1767844341.json', '/tmp/minio_downloads/1767844350.json', '/tmp/minio_downloads/1767844359.json', '/tmp/minio_downloads/1767844368.json', '/tmp/minio_downloads/1767844377.json', '/tmp/minio_downloads/1767844386.json', '/tmp/minio_downloads/1767844395.json', '/tmp/minio_downloads/1767844404.json', '/tmp/minio_downloads/1767844413.json', '/tmp/minio_downloads/1767844422.json', '/tmp/minio_downloads/1767844431.json', '/tmp/minio_downloads/1767844440.json', '/tmp/minio_downloads/1767844449.json', '/tmp/minio_downloads/1767844458.json', '/tmp/minio_downloads/1767844467.json', '/tmp/minio_downloads/1767844476.json', '/tmp/minio_downloads/1767844485.json', '/tmp/minio_downloads/1767844494.json', '/tmp/minio_downloads/1767913112.json', '/tmp/minio_downloads/1767913121.json', '/tmp/minio_downloads/1767913129.json', '/tmp/minio_downloads/1767913138.json', '/tmp/minio_downloads/1767913147.json', '/tmp/minio_downloads/1767913158.json', '/tmp/minio_downloads/1767913168.json', '/tmp/minio_downloads/1767913180.json', '/tmp/minio_downloads/1767913191.json', '/tmp/minio_downloads/1767913203.json', '/tmp/minio_downloads/1767913212.json', '/tmp/minio_downloads/1767913221.json', '/tmp/minio_downloads/1767913231.json', '/tmp/minio_downloads/1767913241.json', '/tmp/minio_downloads/1767913251.json', '/tmp/minio_downloads/1767913262.json', '/tmp/minio_downloads/1767913272.json', '/tmp/minio_downloads/1767913284.json', '/tmp/minio_downloads/1767913294.json', '/tmp/minio_downloads/1767913303.json', '/tmp/minio_downloads/1767913312.json', '/tmp/minio_downloads/1767913321.json', '/tmp/minio_downloads/1767913330.json', '/tmp/minio_downloads/1767913342.json', '/tmp/minio_downloads/1767913352.json', '/tmp/minio_downloads/1767913364.json', '/tmp/minio_downloads/1767843764.json', '/tmp/minio_downloads/1767843773.json', '/tmp/minio_downloads/1767843782.json', '/tmp/minio_downloads/1767843791.json', '/tmp/minio_downloads/1767843801.json', '/tmp/minio_downloads/1767843810.json', '/tmp/minio_downloads/1767843819.json', '/tmp/minio_downloads/1767843828.json', '/tmp/minio_downloads/1767843837.json', '/tmp/minio_downloads/1767843847.json', '/tmp/minio_downloads/1767843856.json', '/tmp/minio_downloads/1767843865.json', '/tmp/minio_downloads/1767843874.json', '/tmp/minio_downloads/1767843883.json', '/tmp/minio_downloads/1767843892.json', '/tmp/minio_downloads/1767843902.json', '/tmp/minio_downloads/1767843911.json', '/tmp/minio_downloads/1767843920.json', '/tmp/minio_downloads/1767843930.json', '/tmp/minio_downloads/1767843939.json', '/tmp/minio_downloads/1767843948.json', '/tmp/minio_downloads/1767843957.json', '/tmp/minio_downloads/1767843966.json', '/tmp/minio_downloads/1767843975.json', '/tmp/minio_downloads/1767843984.json', '/tmp/minio_downloads/1767843993.json', '/tmp/minio_downloads/1767844002.json', '/tmp/minio_downloads/1767844011.json', '/tmp/minio_downloads/1767844020.json', '/tmp/minio_downloads/1767844029.json', '/tmp/minio_downloads/1767844038.json', '/tmp/minio_downloads/1767844048.json', '/tmp/minio_downloads/1767844057.json', '/tmp/minio_downloads/1767844065.json', '/tmp/minio_downloads/1767844075.json', '/tmp/minio_downloads/1767844085.json', '/tmp/minio_downloads/1767844094.json', '/tmp/minio_downloads/1767844103.json', '/tmp/minio_downloads/1767844112.json', '/tmp/minio_downloads/1767844121.json', '/tmp/minio_downloads/1767844130.json', '/tmp/minio_downloads/1767844139.json', '/tmp/minio_downloads/1767844148.json', '/tmp/minio_downloads/1767844157.json', '/tmp/minio_downloads/1767844166.json', '/tmp/minio_downloads/1767844175.json', '/tmp/minio_downloads/1767844184.json', '/tmp/minio_downloads/1767844193.json', '/tmp/minio_downloads/1767844202.json', '/tmp/minio_downloads/1767844211.json', '/tmp/minio_downloads/1767844220.json', '/tmp/minio_downloads/1767844229.json', '/tmp/minio_downloads/1767844239.json', '/tmp/minio_downloads/1767844248.json', '/tmp/minio_downloads/1767844257.json', '/tmp/minio_downloads/1767844266.json', '/tmp/minio_downloads/1767844275.json', '/tmp/minio_downloads/1767844284.json', '/tmp/minio_downloads/1767844293.json', '/tmp/minio_downloads/1767844302.json', '/tmp/minio_downloads/1767844311.json', '/tmp/minio_downloads/1767844321.json', '/tmp/minio_downloads/1767844331.json', '/tmp/minio_downloads/1767844340.json', '/tmp/minio_downloads/1767844350.json', '/tmp/minio_downloads/1767844359.json', '/tmp/minio_downloads/1767844368.json', '/tmp/minio_downloads/1767844377.json', '/tmp/minio_downloads/1767844386.json', '/tmp/minio_downloads/1767844394.json', '/tmp/minio_downloads/1767844403.json', '/tmp/minio_downloads/1767844412.json', '/tmp/minio_downloads/1767844421.json', '/tmp/minio_downloads/1767844430.json', '/tmp/minio_downloads/1767844439.json', '/tmp/minio_downloads/1767844448.json', '/tmp/minio_downloads/1767844457.json', '/tmp/minio_downloads/1767844466.json', '/tmp/minio_downloads/1767844475.json', '/tmp/minio_downloads/1767844484.json', '/tmp/minio_downloads/1767844493.json', '/tmp/minio_downloads/1767844502.json', '/tmp/minio_downloads/1767913112.json', '/tmp/minio_downloads/1767913120.json', '/tmp/minio_downloads/1767913129.json', '/tmp/minio_downloads/1767913138.json', '/tmp/minio_downloads/1767913147.json', '/tmp/minio_downloads/1767913157.json', '/tmp/minio_downloads/1767913168.json', '/tmp/minio_downloads/1767913179.json', '/tmp/minio_downloads/1767913191.json', '/tmp/minio_downloads/1767913202.json', '/tmp/minio_downloads/1767913211.json', '/tmp/minio_downloads/1767913221.json', '/tmp/minio_downloads/1767913231.json', '/tmp/minio_downloads/1767913240.json', '/tmp/minio_downloads/1767913250.json', '/tmp/minio_downloads/1767913261.json', '/tmp/minio_downloads/1767913272.json', '/tmp/minio_downloads/1767913283.json', '/tmp/minio_downloads/1767913294.json', '/tmp/minio_downloads/1767913303.json', '/tmp/minio_downloads/1767913312.json', '/tmp/minio_downloads/1767913321.json', '/tmp/minio_downloads/1767913330.json', '/tmp/minio_downloads/1767913341.json', '/tmp/minio_downloads/1767913352.json', '/tmp/minio_downloads/1767913363.json', '/tmp/minio_downloads/1767843763.json', '/tmp/minio_downloads/1767843772.json', '/tmp/minio_downloads/1767843782.json', '/tmp/minio_downloads/1767843791.json', '/tmp/minio_downloads/1767843800.json', '/tmp/minio_downloads/1767843809.json', '/tmp/minio_downloads/1767843818.json', '/tmp/minio_downloads/1767843827.json', '/tmp/minio_downloads/1767843837.json', '/tmp/minio_downloads/1767843846.json', '/tmp/minio_downloads/1767843855.json', '/tmp/minio_downloads/1767843864.json', '/tmp/minio_downloads/1767843873.json', '/tmp/minio_downloads/1767843883.json', '/tmp/minio_downloads/1767843892.json', '/tmp/minio_downloads/1767843901.json', '/tmp/minio_downloads/1767843910.json', '/tmp/minio_downloads/1767843919.json', '/tmp/minio_downloads/1767843929.json', '/tmp/minio_downloads/1767843938.json', '/tmp/minio_downloads/1767843947.json', '/tmp/minio_downloads/1767843956.json', '/tmp/minio_downloads/1767843965.json', '/tmp/minio_downloads/1767843974.json', '/tmp/minio_downloads/1767843983.json', '/tmp/minio_downloads/1767843992.json', '/tmp/minio_downloads/1767844001.json', '/tmp/minio_downloads/1767844010.json', '/tmp/minio_downloads/1767844019.json', '/tmp/minio_downloads/1767844028.json', '/tmp/minio_downloads/1767844038.json', '/tmp/minio_downloads/1767844047.json', '/tmp/minio_downloads/1767844056.json', '/tmp/minio_downloads/1767844065.json', '/tmp/minio_downloads/1767844074.json', '/tmp/minio_downloads/1767844084.json', '/tmp/minio_downloads/1767844093.json', '/tmp/minio_downloads/1767844102.json', '/tmp/minio_downloads/1767844111.json', '/tmp/minio_downloads/1767844120.json', '/tmp/minio_downloads/1767844129.json', '/tmp/minio_downloads/1767844138.json', '/tmp/minio_downloads/1767844147.json', '/tmp/minio_downloads/1767844156.json', '/tmp/minio_downloads/1767844165.json', '/tmp/minio_downloads/1767844174.json', '/tmp/minio_downloads/1767844183.json', '/tmp/minio_downloads/1767844192.json', '/tmp/minio_downloads/1767844202.json', '/tmp/minio_downloads/1767844211.json', '/tmp/minio_downloads/1767844220.json', '/tmp/minio_downloads/1767844229.json', '/tmp/minio_downloads/1767844238.json', '/tmp/minio_downloads/1767844247.json', '/tmp/minio_downloads/1767844256.json', '/tmp/minio_downloads/1767844265.json', '/tmp/minio_downloads/1767844274.json', '/tmp/minio_downloads/1767844283.json', '/tmp/minio_downloads/1767844292.json', '/tmp/minio_downloads/1767844301.json', '/tmp/minio_downloads/1767844310.json', '/tmp/minio_downloads/1767844320.json', '/tmp/minio_downloads/1767844330.json', '/tmp/minio_downloads/1767844339.json', '/tmp/minio_downloads/1767844349.json', '/tmp/minio_downloads/1767844358.json', '/tmp/minio_downloads/1767844367.json', '/tmp/minio_downloads/1767844376.json', '/tmp/minio_downloads/1767844385.json', '/tmp/minio_downloads/1767844394.json', '/tmp/minio_downloads/1767844403.json', '/tmp/minio_downloads/1767844412.json', '/tmp/minio_downloads/1767844421.json', '/tmp/minio_downloads/1767844430.json', '/tmp/minio_downloads/1767844439.json', '/tmp/minio_downloads/1767844448.json', '/tmp/minio_downloads/1767844457.json', '/tmp/minio_downloads/1767844466.json', '/tmp/minio_downloads/1767844475.json', '/tmp/minio_downloads/1767844483.json', '/tmp/minio_downloads/1767844492.json', '/tmp/minio_downloads/1767844501.json', '/tmp/minio_downloads/1767913111.json', '/tmp/minio_downloads/1767913120.json', '/tmp/minio_downloads/1767913128.json', '/tmp/minio_downloads/1767913137.json', '/tmp/minio_downloads/1767913146.json', '/tmp/minio_downloads/1767913156.json', '/tmp/minio_downloads/1767913166.json', '/tmp/minio_downloads/1767913177.json', '/tmp/minio_downloads/1767913189.json', '/tmp/minio_downloads/1767913200.json', '/tmp/minio_downloads/1767913211.json', '/tmp/minio_downloads/1767913219.json', '/tmp/minio_downloads/1767913230.json', '/tmp/minio_downloads/1767913239.json', '/tmp/minio_downloads/1767913249.json', '/tmp/minio_downloads/1767913260.json', '/tmp/minio_downloads/1767913270.json', '/tmp/minio_downloads/1767913281.json', '/tmp/minio_downloads/1767913292.json', '/tmp/minio_downloads/1767913302.json', '/tmp/minio_downloads/1767913311.json', '/tmp/minio_downloads/1767913320.json', '/tmp/minio_downloads/1767913329.json', '/tmp/minio_downloads/1767913339.json', '/tmp/minio_downloads/1767913350.json', '/tmp/minio_downloads/1767913361.json', '/tmp/minio_downloads/1767843764.json', '/tmp/minio_downloads/1767843773.json', '/tmp/minio_downloads/1767843782.json', '/tmp/minio_downloads/1767843791.json', '/tmp/minio_downloads/1767843800.json', '/tmp/minio_downloads/1767843810.json', '/tmp/minio_downloads/1767843819.json', '/tmp/minio_downloads/1767843828.json', '/tmp/minio_downloads/1767843837.json', '/tmp/minio_downloads/1767843846.json', '/tmp/minio_downloads/1767843855.json', '/tmp/minio_downloads/1767843865.json', '/tmp/minio_downloads/1767843874.json', '/tmp/minio_downloads/1767843883.json', '/tmp/minio_downloads/1767843892.json', '/tmp/minio_downloads/1767843901.json', '/tmp/minio_downloads/1767843910.json', '/tmp/minio_downloads/1767843920.json', '/tmp/minio_downloads/1767843929.json', '/tmp/minio_downloads/1767843939.json', '/tmp/minio_downloads/1767843948.json', '/tmp/minio_downloads/1767843957.json', '/tmp/minio_downloads/1767843966.json', '/tmp/minio_downloads/1767843975.json', '/tmp/minio_downloads/1767843984.json', '/tmp/minio_downloads/1767843993.json', '/tmp/minio_downloads/1767844002.json', '/tmp/minio_downloads/1767844011.json', '/tmp/minio_downloads/1767844020.json', '/tmp/minio_downloads/1767844029.json', '/tmp/minio_downloads/1767844038.json', '/tmp/minio_downloads/1767844047.json', '/tmp/minio_downloads/1767844056.json', '/tmp/minio_downloads/1767844065.json', '/tmp/minio_downloads/1767844074.json', '/tmp/minio_downloads/1767844084.json', '/tmp/minio_downloads/1767844093.json', '/tmp/minio_downloads/1767844102.json', '/tmp/minio_downloads/1767844112.json', '/tmp/minio_downloads/1767844121.json', '/tmp/minio_downloads/1767844130.json', '/tmp/minio_downloads/1767844138.json', '/tmp/minio_downloads/1767844147.json', '/tmp/minio_downloads/1767844157.json', '/tmp/minio_downloads/1767844165.json', '/tmp/minio_downloads/1767844175.json', '/tmp/minio_downloads/1767844184.json', '/tmp/minio_downloads/1767844193.json', '/tmp/minio_downloads/1767844202.json', '/tmp/minio_downloads/1767844211.json', '/tmp/minio_downloads/1767844220.json', '/tmp/minio_downloads/1767844229.json', '/tmp/minio_downloads/1767844238.json', '/tmp/minio_downloads/1767844247.json', '/tmp/minio_downloads/1767844256.json', '/tmp/minio_downloads/1767844265.json', '/tmp/minio_downloads/1767844274.json', '/tmp/minio_downloads/1767844284.json', '/tmp/minio_downloads/1767844293.json', '/tmp/minio_downloads/1767844302.json', '/tmp/minio_downloads/1767844311.json', '/tmp/minio_downloads/1767844320.json', '/tmp/minio_downloads/1767844330.json', '/tmp/minio_downloads/1767844340.json', '/tmp/minio_downloads/1767844349.json', '/tmp/minio_downloads/1767844358.json', '/tmp/minio_downloads/1767844367.json', '/tmp/minio_downloads/1767844376.json', '/tmp/minio_downloads/1767844385.json', '/tmp/minio_downloads/1767844394.json', '/tmp/minio_downloads/1767844403.json', '/tmp/minio_downloads/1767844412.json', '/tmp/minio_downloads/1767844421.json', '/tmp/minio_downloads/1767844430.json', '/tmp/minio_downloads/1767844439.json', '/tmp/minio_downloads/1767844448.json', '/tmp/minio_downloads/1767844457.json', '/tmp/minio_downloads/1767844466.json', '/tmp/minio_downloads/1767844475.json', '/tmp/minio_downloads/1767844484.json', '/tmp/minio_downloads/1767844493.json', '/tmp/minio_downloads/1767844502.json', '/tmp/minio_downloads/1767913111.json', '/tmp/minio_downloads/1767913120.json', '/tmp/minio_downloads/1767913129.json', '/tmp/minio_downloads/1767913138.json', '/tmp/minio_downloads/1767913146.json', '/tmp/minio_downloads/1767913156.json', '/tmp/minio_downloads/1767913167.json', '/tmp/minio_downloads/1767913178.json', '/tmp/minio_downloads/1767913190.json', '/tmp/minio_downloads/1767913201.json', '/tmp/minio_downloads/1767913211.json', '/tmp/minio_downloads/1767913220.json', '/tmp/minio_downloads/1767913230.json', '/tmp/minio_downloads/1767913239.json', '/tmp/minio_downloads/1767913250.json', '/tmp/minio_downloads/1767913260.json', '/tmp/minio_downloads/1767913271.json', '/tmp/minio_downloads/1767913282.json', '/tmp/minio_downloads/1767913294.json', '/tmp/minio_downloads/1767913303.json', '/tmp/minio_downloads/1767913312.json', '/tmp/minio_downloads/1767913321.json', '/tmp/minio_downloads/1767913330.json', '/tmp/minio_downloads/1767913340.json', '/tmp/minio_downloads/1767913351.json', '/tmp/minio_downloads/1767913362.json']
[2026-01-09T08:13:00.359+0000] {taskinstance.py:441} INFO - ::group::Post task execution logs
[2026-01-09T08:13:00.381+0000] {taskinstance.py:1206} INFO - Marking task as SUCCESS. dag_id=minio_to_snowflake, task_id=download_minio, run_id=scheduled__2026-01-09T08:11:00+00:00, execution_date=20260109T081100, start_date=20260109T081255, end_date=20260109T081300
[2026-01-09T08:13:00.412+0000] {local_task_job_runner.py:243} INFO - Task exited with return code 0
[2026-01-09T08:13:00.432+0000] {taskinstance.py:3503} INFO - 1 downstream tasks scheduled from follow-on schedule check
[2026-01-09T08:13:00.437+0000] {local_task_job_runner.py:222} INFO - ::endgroup::
